
================ Simulation setup ================
  Run label:         /work/e643/e643/shared/multi_ellip/studies/departing_sphericity_sweep/runs/spheroid_oblate/heterogeneous_sphere/spheroid_oblate_heterogeneous_sphere_eps0p3_rho1_E0p5_sep8_run07_impulse_noproj/
  Started:           2026-06-24 02:50:08
  Input file:        /work/e643/e643/shared/multi_ellip/studies/departing_sphericity_sweep/runs/spheroid_oblate/heterogeneous_sphere/spheroid_oblate_heterogeneous_sphere_eps0p3_rho1_E0p5_sep8_run07_impulse_noproj/input.txt
  Output file:       /work/e643/e643/shared/multi_ellip/studies/departing_sphericity_sweep/runs/spheroid_oblate/heterogeneous_sphere/spheroid_oblate_heterogeneous_sphere_eps0p3_rho1_E0p5_sep8_run07_impulse_noproj/multiple_body_complete.dat
  Bodies:            2
  Fluid density:     1
  Mesh:              ndiv 2 -> 256 triangles / 516 nodes
  Simulated time:    0 -> 100  (dt = 0.05, ~2000 steps)
  Output cadence:    every 1 step(s)
  Output rows:       ~2001
  Progress cadence:  every 100 step(s)
  CPU cores:         256 available, 8 Rayon worker thread(s)
  Strong coupling:   disabled
  Impulse scheme:    enabled
  Hamiltonian step:  disabled
  Hamiltonian midpt: disabled
  Variational step:  disabled
  Energy projection: disabled
  Projection particular metric: Euclidean
  Fluid KE gradient: disabled  (eps = 0.001, scale = 1, linear = 1, angular = 1)
  Fluid KE discrete gradient: disabled
  Impulse pair metric correction: disabled  (mode = pair discrete-gradient, cutoff = all pairs, inner/outer = 0/0, eps = 0.001, linear scale = 1, angular scale = 0)
  Impulse metric correction: disabled  (internal load constraint = disabled)
  Impulse variational defect probe: disabled
  Impulse quadratic pressure: disabled  (scale = 1)
  Added-mass stab:   disabled
  Exact BEM geometry: disabled
  Exact singular BEM: disabled
  Legacy singular SLP diagnostic: disabled
  Phi-dot blend:     0 (off)

  Solver guidance:
    - Strong coupling: use for stiff close-coupled runs; slower but more implicit.
    - Impulse scheme: use when impulse/momentum conservation or KE drift is the focus. Recommended.
    - Added-mass stab: use for higher mesh counts (ndiv > 3) to preserve stability - deprecated.
================================================
Solver starting - good luck!

Initial state:
  Body  1
    density:          1.000000
    shape axes ratio: (1.000000, 1.000000, 0.455166)
    initial KE ratio: 0.500000
    position:         (-4.000000, 0.000000, 0.000000)
    velocity:         (-1.777496, -5.291995, -3.497247)
    angular velocity: (1.659108, 3.983389, -4.567099)
    orientation:      (w=-0.804403, i=-0.383536, j=-0.149345, k=-0.428407)
  Body  2
    density:          1.000000
    shape axes ratio: (1.000000, 1.000000, 1.000000)
    initial KE ratio: 0.500000
    position:         (4.000000, 0.000000, 0.000000)
    velocity:         (-1.516392, -4.514631, -2.983521)
    angular velocity: (0.092507, 2.607248, -5.715953)
    orientation:      (w=-0.215939, i=0.423175, j=-0.803422, k=-0.358897)

Preparing first step: implicit scheme, no bootstrap passes required.
First step may take longer than later steps.

First step completed in 0.351 s.

Step   100/2000    5.0% | t 5.000 | ETA 5m 9s | step 0.17s | KE 316.7635 | drift +2.67% | fluid 93.0337 | solid 223.7299
  Impulse FP iterations last/mean/max 12/11.84/13
Step   200/2000   10.0% | t 10.000 | ETA 4m 52s | step 0.15s | KE 322.3649 | drift +4.49% | fluid 86.4568 | solid 235.9081
  Impulse FP iterations last/mean/max 11/11.79/13
Step   300/2000   15.0% | t 15.000 | ETA 4m 32s | step 0.15s | KE 325.4112 | drift +5.48% | fluid 78.5295 | solid 246.8818
  Impulse FP iterations last/mean/max 11/11.67/13
Step   400/2000   20.0% | t 20.000 | ETA 4m 15s | step 0.14s | KE 326.1478 | drift +5.72% | fluid 76.2699 | solid 249.8779
  Impulse FP iterations last/mean/max 11/11.61/13
Step   500/2000   25.0% | t 25.000 | ETA 3m 59s | step 0.15s | KE 325.9752 | drift +5.66% | fluid 78.0573 | solid 247.9179
  Impulse FP iterations last/mean/max 11/11.57/13
Step   600/2000   30.0% | t 30.000 | ETA 3m 42s | step 0.16s | KE 325.9556 | drift +5.65% | fluid 80.0137 | solid 245.9419
  Impulse FP iterations last/mean/max 11/11.54/13
Step   700/2000   35.0% | t 35.000 | ETA 3m 26s | step 0.15s | KE 325.9081 | drift +5.64% | fluid 79.7793 | solid 246.1288
  Impulse FP iterations last/mean/max 11/11.49/13
Step   800/2000   40.0% | t 40.000 | ETA 3m 9s | step 0.15s | KE 326.2048 | drift +5.73% | fluid 80.5092 | solid 245.6956
  Impulse FP iterations last/mean/max 11/11.44/13
Step   900/2000   45.0% | t 45.000 | ETA 2m 53s | step 0.16s | KE 326.2809 | drift +5.76% | fluid 80.0894 | solid 246.1915
  Impulse FP iterations last/mean/max 11/11.40/13
Step  1000/2000   50.0% | t 50.000 | ETA 2m 37s | step 0.16s | KE 326.5202 | drift +5.84% | fluid 81.6732 | solid 244.8469
  Impulse FP iterations last/mean/max 11/11.37/13
Step  1100/2000   55.0% | t 55.000 | ETA 2m 21s | step 0.15s | KE 326.4469 | drift +5.81% | fluid 81.9420 | solid 244.5049
  Impulse FP iterations last/mean/max 11/11.35/13
Step  1200/2000   60.0% | t 60.000 | ETA 2m 5s | step 0.16s | KE 326.4723 | drift +5.82% | fluid 85.0506 | solid 241.4217
  Impulse FP iterations last/mean/max 12/11.32/13
Step  1300/2000   65.0% | t 65.000 | ETA 1m 49s | step 0.13s | KE 326.2650 | drift +5.75% | fluid 85.1563 | solid 241.1088
  Impulse FP iterations last/mean/max 11/11.30/13
Step  1400/2000   70.0% | t 70.000 | ETA 1m 32s | step 0.14s | KE 326.1003 | drift +5.70% | fluid 89.4127 | solid 236.6876
  Impulse FP iterations last/mean/max 12/11.28/13
Step  1500/2000   75.0% | t 75.000 | ETA 1m 16s | step 0.13s | KE 325.9411 | drift +5.65% | fluid 88.1884 | solid 237.7527
  Impulse FP iterations last/mean/max 12/11.26/13
Step  1600/2000   80.0% | t 80.000 | ETA 1m 0s | step 0.12s | KE 325.7007 | drift +5.57% | fluid 92.9020 | solid 232.7988
  Impulse FP iterations last/mean/max 12/11.25/13
Step  1700/2000   85.0% | t 85.000 | ETA 44s | step 0.12s | KE 325.6962 | drift +5.57% | fluid 90.2588 | solid 235.4373
  Impulse FP iterations last/mean/max 12/11.24/13
Step  1800/2000   90.0% | t 90.000 | ETA 29s | step 0.12s | KE 325.4326 | drift +5.48% | fluid 95.2574 | solid 230.1752
  Impulse FP iterations last/mean/max 12/11.22/13
Step  1900/2000   95.0% | t 95.000 | ETA 14s | step 0.11s | KE 325.5639 | drift +5.53% | fluid 91.6416 | solid 233.9223
  Impulse FP iterations last/mean/max 12/11.22/13
Solver finished successfully - good job!
Results saved successfully.

================== Run summary ==================
  Bodies:            2
  Triangles / nodes: 256 / 516
  Timesteps:         2000  (dt = 0.05)
  Simulated time:    0 -> 100
  First-step setup:  0.351 s
  Mean time/step:    0.1413 s  (excl. first step)
  Total wall time:   4m 42s
  Impulse FP iters last/mean/max: 12 / 11.208 / 13
  Approx impulse solves/step:     11.209
  Impulse start cache hits/direct: 1999 / 1
  Impulse global drift P/H:       9.246658e-9 / 9.660438e-3
  Impulse per-body max drift P/H: 1.625628e-8 / 2.303602e-3
  CPU cores:         256 available, 8 Rayon worker thread(s)
  Started:           2026-06-24 02:50:08
  Finished:          2026-06-24 02:54:51
  Output file:       /work/e643/e643/shared/multi_ellip/studies/departing_sphericity_sweep/runs/spheroid_oblate/heterogeneous_sphere/spheroid_oblate_heterogeneous_sphere_eps0p3_rho1_E0p5_sep8_run07_impulse_noproj/multiple_body_complete.dat
================================================
