
================ Simulation setup ================
  Run label:         /work/e643/e643/shared/multi_ellip/studies/departing_sphericity_sweep/runs/spheroid_oblate/heterogeneous_sphere/spheroid_oblate_heterogeneous_sphere_eps0p3_rho1_E0p5_sep8_run03_impulse_noproj/
  Started:           2026-06-24 02:50:07
  Input file:        /work/e643/e643/shared/multi_ellip/studies/departing_sphericity_sweep/runs/spheroid_oblate/heterogeneous_sphere/spheroid_oblate_heterogeneous_sphere_eps0p3_rho1_E0p5_sep8_run03_impulse_noproj/input.txt
  Output file:       /work/e643/e643/shared/multi_ellip/studies/departing_sphericity_sweep/runs/spheroid_oblate/heterogeneous_sphere/spheroid_oblate_heterogeneous_sphere_eps0p3_rho1_E0p5_sep8_run03_impulse_noproj/multiple_body_complete.dat
  Bodies:            2
  Fluid density:     1
  Mesh:              ndiv 2 -> 256 triangles / 516 nodes
  Simulated time:    0 -> 100  (dt = 0.05, ~2000 steps)
  Output cadence:    every 1 step(s)
  Output rows:       ~2001
  Progress cadence:  every 100 step(s)
  CPU cores:         256 available, 8 Rayon worker thread(s)
  Strong coupling:   disabled
  Impulse scheme:    enabled
  Hamiltonian step:  disabled
  Hamiltonian midpt: disabled
  Variational step:  disabled
  Energy projection: disabled
  Projection particular metric: Euclidean
  Fluid KE gradient: disabled  (eps = 0.001, scale = 1, linear = 1, angular = 1)
  Fluid KE discrete gradient: disabled
  Impulse pair metric correction: disabled  (mode = pair discrete-gradient, cutoff = all pairs, inner/outer = 0/0, eps = 0.001, linear scale = 1, angular scale = 0)
  Impulse metric correction: disabled  (internal load constraint = disabled)
  Impulse variational defect probe: disabled
  Impulse quadratic pressure: disabled  (scale = 1)
  Added-mass stab:   disabled
  Exact BEM geometry: disabled
  Exact singular BEM: disabled
  Legacy singular SLP diagnostic: disabled
  Phi-dot blend:     0 (off)

  Solver guidance:
    - Strong coupling: use for stiff close-coupled runs; slower but more implicit.
    - Impulse scheme: use when impulse/momentum conservation or KE drift is the focus. Recommended.
    - Added-mass stab: use for higher mesh counts (ndiv > 3) to preserve stability - deprecated.
================================================
Solver starting - good luck!

Initial state:
  Body  1
    density:          1.000000
    shape axes ratio: (1.000000, 1.000000, 0.455166)
    initial KE ratio: 0.500000
    position:         (-4.000000, 0.000000, 0.000000)
    velocity:         (-2.725097, -1.061273, -6.608643)
    angular velocity: (-0.513071, -1.370819, -6.110322)
    orientation:      (w=0.863498, i=0.226527, j=-0.367947, k=0.260138)
  Body  2
    density:          1.000000
    shape axes ratio: (1.000000, 1.000000, 1.000000)
    initial KE ratio: 0.500000
    position:         (4.000000, 0.000000, 0.000000)
    velocity:         (-2.119146, -0.825289, -5.139149)
    angular velocity: (5.413129, 0.281789, -3.177585)
    orientation:      (w=0.592111, i=-0.058124, j=-0.738612, k=0.316983)

Preparing first step: implicit scheme, no bootstrap passes required.
First step may take longer than later steps.

First step completed in 0.317 s.

Step   100/2000    5.0% | t 5.000 | ETA 5m 5s | step 0.16s | KE 347.6217 | drift +2.24% | fluid 92.6475 | solid 254.9742
  Impulse FP iterations last/mean/max 11/11.68/12
Step   200/2000   10.0% | t 10.000 | ETA 4m 46s | step 0.16s | KE 356.0561 | drift +4.72% | fluid 92.2979 | solid 263.7583
  Impulse FP iterations last/mean/max 11/11.54/12
Step   300/2000   15.0% | t 15.000 | ETA 4m 27s | step 0.15s | KE 357.9184 | drift +5.27% | fluid 92.0967 | solid 265.8217
  Impulse FP iterations last/mean/max 11/11.42/12
Step   400/2000   20.0% | t 20.000 | ETA 4m 10s | step 0.15s | KE 358.5504 | drift +5.45% | fluid 91.9454 | solid 266.6050
  Impulse FP iterations last/mean/max 11/11.36/12
Step   500/2000   25.0% | t 25.000 | ETA 3m 53s | step 0.15s | KE 358.8212 | drift +5.53% | fluid 91.8507 | solid 266.9705
  Impulse FP iterations last/mean/max 11/11.32/12
Step   600/2000   30.0% | t 30.000 | ETA 3m 37s | step 0.15s | KE 358.9309 | drift +5.57% | fluid 91.8187 | solid 267.1121
  Impulse FP iterations last/mean/max 11/11.28/12
Step   700/2000   35.0% | t 35.000 | ETA 3m 21s | step 0.14s | KE 359.0054 | drift +5.59% | fluid 91.8430 | solid 267.1625
  Impulse FP iterations last/mean/max 11/11.26/12
Step   800/2000   40.0% | t 40.000 | ETA 3m 5s | step 0.14s | KE 359.0445 | drift +5.60% | fluid 91.9261 | solid 267.1184
  Impulse FP iterations last/mean/max 11/11.24/12
Step   900/2000   45.0% | t 45.000 | ETA 2m 49s | step 0.12s | KE 359.0677 | drift +5.61% | fluid 92.0674 | solid 267.0003
  Impulse FP iterations last/mean/max 9/11.23/12
Step  1000/2000   50.0% | t 50.000 | ETA 2m 34s | step 0.13s | KE 359.0848 | drift +5.61% | fluid 92.2684 | solid 266.8164
  Impulse FP iterations last/mean/max 10/11.22/12
Step  1100/2000   55.0% | t 55.000 | ETA 2m 18s | step 0.15s | KE 359.0914 | drift +5.61% | fluid 92.5312 | solid 266.5601
  Impulse FP iterations last/mean/max 11/11.21/12
Step  1200/2000   60.0% | t 60.000 | ETA 2m 3s | step 0.16s | KE 359.0950 | drift +5.61% | fluid 92.8572 | solid 266.2378
  Impulse FP iterations last/mean/max 11/11.21/12
Step  1300/2000   65.0% | t 65.000 | ETA 1m 47s | step 0.14s | KE 359.0933 | drift +5.61% | fluid 93.2495 | solid 265.8438
  Impulse FP iterations last/mean/max 11/11.20/12
Step  1400/2000   70.0% | t 70.000 | ETA 1m 31s | step 0.14s | KE 359.0868 | drift +5.61% | fluid 93.7104 | solid 265.3764
  Impulse FP iterations last/mean/max 11/11.19/12
Step  1500/2000   75.0% | t 75.000 | ETA 1m 15s | step 0.12s | KE 359.0769 | drift +5.61% | fluid 94.2426 | solid 264.8344
  Impulse FP iterations last/mean/max 11/11.19/12
Step  1600/2000   80.0% | t 80.000 | ETA 59s | step 0.11s | KE 359.0614 | drift +5.60% | fluid 94.8489 | solid 264.2125
  Impulse FP iterations last/mean/max 11/11.19/12
Step  1700/2000   85.0% | t 85.000 | ETA 43s | step 0.11s | KE 359.0413 | drift +5.60% | fluid 95.5312 | solid 263.5101
  Impulse FP iterations last/mean/max 11/11.18/12
Step  1800/2000   90.0% | t 90.000 | ETA 28s | step 0.11s | KE 359.0154 | drift +5.59% | fluid 96.2916 | solid 262.7237
  Impulse FP iterations last/mean/max 11/11.18/12
Step  1900/2000   95.0% | t 95.000 | ETA 14s | step 0.10s | KE 358.9829 | drift +5.58% | fluid 97.1308 | solid 261.8520
  Impulse FP iterations last/mean/max 11/11.18/12
Solver finished successfully - good job!
Results saved successfully.

================== Run summary ==================
  Bodies:            2
  Triangles / nodes: 256 / 516
  Timesteps:         2000  (dt = 0.05)
  Simulated time:    0 -> 100
  First-step setup:  0.317 s
  Mean time/step:    0.1408 s  (excl. first step)
  Total wall time:   4m 41s
  Impulse FP iters last/mean/max: 11 / 11.173 / 12
  Approx impulse solves/step:     11.174
  Impulse start cache hits/direct: 1999 / 1
  Impulse global drift P/H:       4.108219e-9 / 2.962948e-3
  Impulse per-body max drift P/H: 6.629642e-9 / 8.822229e-4
  CPU cores:         256 available, 8 Rayon worker thread(s)
  Started:           2026-06-24 02:50:07
  Finished:          2026-06-24 02:54:49
  Output file:       /work/e643/e643/shared/multi_ellip/studies/departing_sphericity_sweep/runs/spheroid_oblate/heterogeneous_sphere/spheroid_oblate_heterogeneous_sphere_eps0p3_rho1_E0p5_sep8_run03_impulse_noproj/multiple_body_complete.dat
================================================
