
================ Simulation setup ================
  Run label:         /work/e643/e643/shared/multi_ellip/studies/departing_sphericity_sweep/runs/spheroid_prolate/heterogeneous_aspherical/spheroid_prolate_heterogeneous_aspherical_eps0p003_rho1_E0p5_sep8_run05_impulse_noproj/
  Started:           2026-06-24 02:57:04
  Input file:        /work/e643/e643/shared/multi_ellip/studies/departing_sphericity_sweep/runs/spheroid_prolate/heterogeneous_aspherical/spheroid_prolate_heterogeneous_aspherical_eps0p003_rho1_E0p5_sep8_run05_impulse_noproj/input.txt
  Output file:       /work/e643/e643/shared/multi_ellip/studies/departing_sphericity_sweep/runs/spheroid_prolate/heterogeneous_aspherical/spheroid_prolate_heterogeneous_aspherical_eps0p003_rho1_E0p5_sep8_run05_impulse_noproj/multiple_body_complete.dat
  Bodies:            2
  Fluid density:     1
  Mesh:              ndiv 2 -> 256 triangles / 516 nodes
  Simulated time:    0 -> 100  (dt = 0.05, ~2000 steps)
  Output cadence:    every 1 step(s)
  Output rows:       ~2001
  Progress cadence:  every 100 step(s)
  CPU cores:         256 available, 8 Rayon worker thread(s)
  Strong coupling:   disabled
  Impulse scheme:    enabled
  Hamiltonian step:  disabled
  Hamiltonian midpt: disabled
  Variational step:  disabled
  Energy projection: disabled
  Projection particular metric: Euclidean
  Fluid KE gradient: disabled  (eps = 0.001, scale = 1, linear = 1, angular = 1)
  Fluid KE discrete gradient: disabled
  Impulse pair metric correction: disabled  (mode = pair discrete-gradient, cutoff = all pairs, inner/outer = 0/0, eps = 0.001, linear scale = 1, angular scale = 0)
  Impulse metric correction: disabled  (internal load constraint = disabled)
  Impulse variational defect probe: disabled
  Impulse quadratic pressure: disabled  (scale = 1)
  Added-mass stab:   disabled
  Exact BEM geometry: disabled
  Exact singular BEM: disabled
  Legacy singular SLP diagnostic: disabled
  Phi-dot blend:     0 (off)

  Solver guidance:
    - Strong coupling: use for stiff close-coupled runs; slower but more implicit.
    - Impulse scheme: use when impulse/momentum conservation or KE drift is the focus. Recommended.
    - Added-mass stab: use for higher mesh counts (ndiv > 3) to preserve stability - deprecated.
================================================
Solver starting - good luck!

Initial state:
  Body  1
    density:          1.000000
    shape axes ratio: (1.000000, 0.991054, 0.991054)
    initial KE ratio: 0.500000
    position:         (-4.000000, 0.000000, 0.000000)
    velocity:         (0.797347, -4.634292, -3.067540)
    angular velocity: (4.659225, 3.785100, 1.855546)
    orientation:      (w=-0.218194, i=-0.707752, j=-0.482462, k=-0.467663)
  Body  2
    density:          1.000000
    shape axes ratio: (1.000000, 0.125000, 0.125000)
    initial KE ratio: 0.500000
    position:         (4.000000, 0.000000, 0.000000)
    velocity:         (2.193217, -12.747284, -8.437707)
    angular velocity: (-1.695529, -5.697749, 2.034515)
    orientation:      (w=-0.647396, i=-0.708800, j=0.227718, k=-0.163176)

Preparing first step: implicit scheme, no bootstrap passes required.
First step may take longer than later steps.

First step completed in 0.364 s.

Step   100/2000    5.0% | t 5.000 | ETA 5m 57s | step 0.18s | KE 1667.5120 | drift +0.12% | fluid 796.8573 | solid 870.6547
  Impulse FP iterations last/mean/max 13/12.88/14
Step   200/2000   10.0% | t 10.000 | ETA 5m 36s | step 0.20s | KE 1667.7198 | drift +0.14% | fluid 793.8376 | solid 873.8822
  Impulse FP iterations last/mean/max 13/12.87/14
Step   300/2000   15.0% | t 15.000 | ETA 5m 11s | step 0.17s | KE 1667.9835 | drift +0.15% | fluid 789.8908 | solid 878.0927
  Impulse FP iterations last/mean/max 13/12.85/14
Step   400/2000   20.0% | t 20.000 | ETA 4m 45s | step 0.17s | KE 1668.2977 | drift +0.17% | fluid 785.0507 | solid 883.2470
  Impulse FP iterations last/mean/max 13/12.85/14
Step   500/2000   25.0% | t 25.000 | ETA 4m 26s | step 0.17s | KE 1668.6594 | drift +0.19% | fluid 779.3578 | solid 889.3016
  Impulse FP iterations last/mean/max 12/12.84/14
Step   600/2000   30.0% | t 30.000 | ETA 4m 9s | step 0.18s | KE 1669.0654 | drift +0.22% | fluid 772.8594 | solid 896.2060
  Impulse FP iterations last/mean/max 12/12.83/14
Step   700/2000   35.0% | t 35.000 | ETA 3m 53s | step 0.18s | KE 1669.5124 | drift +0.24% | fluid 765.6086 | solid 903.9038
  Impulse FP iterations last/mean/max 12/12.83/14
Step   800/2000   40.0% | t 40.000 | ETA 3m 36s | step 0.19s | KE 1669.9967 | drift +0.27% | fluid 757.6640 | solid 912.3327
  Impulse FP iterations last/mean/max 13/12.83/14
Step   900/2000   45.0% | t 45.000 | ETA 3m 18s | step 0.17s | KE 1670.5144 | drift +0.30% | fluid 749.0887 | solid 921.4257
  Impulse FP iterations last/mean/max 12/12.83/14
Step  1000/2000   50.0% | t 50.000 | ETA 3m 1s | step 0.18s | KE 1671.0615 | drift +0.34% | fluid 739.9496 | solid 931.1119
  Impulse FP iterations last/mean/max 12/12.83/14
Step  1100/2000   55.0% | t 55.000 | ETA 2m 43s | step 0.18s | KE 1671.6338 | drift +0.37% | fluid 730.3165 | solid 941.3172
  Impulse FP iterations last/mean/max 12/12.83/14
Step  1200/2000   60.0% | t 60.000 | ETA 2m 25s | step 0.18s | KE 1672.2271 | drift +0.41% | fluid 720.2619 | solid 951.9652
  Impulse FP iterations last/mean/max 12/12.83/14
Step  1300/2000   65.0% | t 65.000 | ETA 2m 7s | step 0.19s | KE 1672.8372 | drift +0.44% | fluid 709.8592 | solid 962.9780
  Impulse FP iterations last/mean/max 13/12.83/14
Step  1400/2000   70.0% | t 70.000 | ETA 1m 49s | step 0.18s | KE 1673.4599 | drift +0.48% | fluid 699.1830 | solid 974.2769
  Impulse FP iterations last/mean/max 13/12.83/14
Step  1500/2000   75.0% | t 75.000 | ETA 1m 31s | step 0.19s | KE 1674.0911 | drift +0.52% | fluid 688.3077 | solid 985.7834
  Impulse FP iterations last/mean/max 13/12.83/14
Step  1600/2000   80.0% | t 80.000 | ETA 1m 13s | step 0.19s | KE 1674.7269 | drift +0.56% | fluid 677.3072 | solid 997.4197
  Impulse FP iterations last/mean/max 13/12.83/14
Step  1700/2000   85.0% | t 85.000 | ETA 54s | step 0.17s | KE 1675.3633 | drift +0.59% | fluid 666.2541 | solid 1009.1092
  Impulse FP iterations last/mean/max 12/12.83/14
Step  1800/2000   90.0% | t 90.000 | ETA 36s | step 0.18s | KE 1675.9967 | drift +0.63% | fluid 655.2192 | solid 1020.7775
  Impulse FP iterations last/mean/max 13/12.84/14
Step  1900/2000   95.0% | t 95.000 | ETA 18s | step 0.14s | KE 1676.6234 | drift +0.67% | fluid 644.2711 | solid 1032.3523
  Impulse FP iterations last/mean/max 13/12.83/14
Solver finished successfully - good job!
Results saved successfully.

================== Run summary ==================
  Bodies:            2
  Triangles / nodes: 256 / 516
  Timesteps:         2000  (dt = 0.05)
  Simulated time:    0 -> 100
  First-step setup:  0.364 s
  Mean time/step:    0.1788 s  (excl. first step)
  Total wall time:   5m 57s
  Impulse FP iters last/mean/max: 13 / 12.838 / 14
  Approx impulse solves/step:     12.838
  Impulse start cache hits/direct: 1999 / 1
  Impulse global drift P/H:       2.344886e-9 / 4.024605e-3
  Impulse per-body max drift P/H: 3.222300e-9 / 2.529964e-3
  CPU cores:         256 available, 8 Rayon worker thread(s)
  Started:           2026-06-24 02:57:04
  Finished:          2026-06-24 03:03:03
  Output file:       /work/e643/e643/shared/multi_ellip/studies/departing_sphericity_sweep/runs/spheroid_prolate/heterogeneous_aspherical/spheroid_prolate_heterogeneous_aspherical_eps0p003_rho1_E0p5_sep8_run05_impulse_noproj/multiple_body_complete.dat
================================================
