
================ Simulation setup ================
  Run label:         /work/e643/e643/shared/multi_ellip/studies/departing_sphericity_sweep/runs/spheroid_oblate/heterogeneous_aspherical/spheroid_oblate_heterogeneous_aspherical_eps0p3_rho1_E0p5_sep8_run03_impulse_noproj/
  Started:           2026-06-24 03:12:18
  Input file:        /work/e643/e643/shared/multi_ellip/studies/departing_sphericity_sweep/runs/spheroid_oblate/heterogeneous_aspherical/spheroid_oblate_heterogeneous_aspherical_eps0p3_rho1_E0p5_sep8_run03_impulse_noproj/input.txt
  Output file:       /work/e643/e643/shared/multi_ellip/studies/departing_sphericity_sweep/runs/spheroid_oblate/heterogeneous_aspherical/spheroid_oblate_heterogeneous_aspherical_eps0p3_rho1_E0p5_sep8_run03_impulse_noproj/multiple_body_complete.dat
  Bodies:            2
  Fluid density:     1
  Mesh:              ndiv 2 -> 256 triangles / 516 nodes
  Simulated time:    0 -> 100  (dt = 0.05, ~2000 steps)
  Output cadence:    every 1 step(s)
  Output rows:       ~2001
  Progress cadence:  every 100 step(s)
  CPU cores:         256 available, 8 Rayon worker thread(s)
  Strong coupling:   disabled
  Impulse scheme:    enabled
  Hamiltonian step:  disabled
  Hamiltonian midpt: disabled
  Variational step:  disabled
  Energy projection: disabled
  Projection particular metric: Euclidean
  Fluid KE gradient: disabled  (eps = 0.001, scale = 1, linear = 1, angular = 1)
  Fluid KE discrete gradient: disabled
  Impulse pair metric correction: disabled  (mode = pair discrete-gradient, cutoff = all pairs, inner/outer = 0/0, eps = 0.001, linear scale = 1, angular scale = 0)
  Impulse metric correction: disabled  (internal load constraint = disabled)
  Impulse variational defect probe: disabled
  Impulse quadratic pressure: disabled  (scale = 1)
  Added-mass stab:   disabled
  Exact BEM geometry: disabled
  Exact singular BEM: disabled
  Legacy singular SLP diagnostic: disabled
  Phi-dot blend:     0 (off)

  Solver guidance:
    - Strong coupling: use for stiff close-coupled runs; slower but more implicit.
    - Impulse scheme: use when impulse/momentum conservation or KE drift is the focus. Recommended.
    - Added-mass stab: use for higher mesh counts (ndiv > 3) to preserve stability - deprecated.
================================================
Solver starting - good luck!

Initial state:
  Body  1
    density:          1.000000
    shape axes ratio: (1.000000, 1.000000, 0.455166)
    initial KE ratio: 0.500000
    position:         (-4.000000, 0.000000, 0.000000)
    velocity:         (-3.485300, -2.421978, 3.797174)
    angular velocity: (2.740450, 5.618399, 0.633994)
    orientation:      (w=-0.880249, i=0.271029, j=-0.193538, k=-0.338007)
  Body  2
    density:          1.000000
    shape axes ratio: (1.000000, 1.000000, 0.125000)
    initial KE ratio: 0.500000
    position:         (4.000000, 0.000000, 0.000000)
    velocity:         (-5.201723, -3.614742, 5.667187)
    angular velocity: (5.457383, -2.135323, -2.266228)
    orientation:      (w=0.723506, i=-0.072733, j=-0.184309, k=0.661271)

Preparing first step: implicit scheme, no bootstrap passes required.
First step may take longer than later steps.

First step completed in 0.447 s.

Step   100/2000    5.0% | t 5.000 | ETA 8m 55s | step 0.29s | KE 1183.9547 | drift +0.24% | fluid 844.3263 | solid 339.6284
  Impulse FP iterations last/mean/max 20/19.67/30
Step   200/2000   10.0% | t 10.000 | ETA 8m 31s | step 0.27s | KE 1184.8883 | drift +0.32% | fluid 846.7654 | solid 338.1229
  Impulse FP iterations last/mean/max 19/19.77/30
Step   300/2000   15.0% | t 15.000 | ETA 8m 3s | step 0.28s | KE 1184.8836 | drift +0.32% | fluid 845.3539 | solid 339.5297
  Impulse FP iterations last/mean/max 19/19.82/30
Step   400/2000   20.0% | t 20.000 | ETA 7m 32s | step 0.27s | KE 1184.9817 | drift +0.33% | fluid 841.2381 | solid 343.7436
  Impulse FP iterations last/mean/max 19/19.73/30
Step   500/2000   25.0% | t 25.000 | ETA 7m 4s | step 0.28s | KE 1185.2029 | drift +0.35% | fluid 821.2678 | solid 363.9351
  Impulse FP iterations last/mean/max 20/19.73/30
Step   600/2000   30.0% | t 30.000 | ETA 6m 37s | step 0.31s | KE 1184.9413 | drift +0.33% | fluid 814.7434 | solid 370.1979
  Impulse FP iterations last/mean/max 21/19.81/30
Step   700/2000   35.0% | t 35.000 | ETA 6m 8s | step 0.27s | KE 1185.8590 | drift +0.40% | fluid 775.8778 | solid 409.9812
  Impulse FP iterations last/mean/max 19/19.79/30
Step   800/2000   40.0% | t 40.000 | ETA 5m 40s | step 0.28s | KE 1185.4785 | drift +0.37% | fluid 764.0625 | solid 421.4160
  Impulse FP iterations last/mean/max 19/19.80/30
Step   900/2000   45.0% | t 45.000 | ETA 5m 11s | step 0.28s | KE 1186.3160 | drift +0.44% | fluid 723.1608 | solid 463.1552
  Impulse FP iterations last/mean/max 20/19.80/30
Step  1000/2000   50.0% | t 50.000 | ETA 4m 42s | step 0.34s | KE 1186.4080 | drift +0.45% | fluid 705.9793 | solid 480.4288
  Impulse FP iterations last/mean/max 24/19.75/30
Step  1100/2000   55.0% | t 55.000 | ETA 4m 12s | step 0.25s | KE 1186.4450 | drift +0.45% | fluid 683.6916 | solid 502.7534
  Impulse FP iterations last/mean/max 19/19.76/30
Step  1200/2000   60.0% | t 60.000 | ETA 3m 41s | step 0.27s | KE 1186.4061 | drift +0.45% | fluid 674.3989 | solid 512.0072
  Impulse FP iterations last/mean/max 21/19.75/30
Step  1300/2000   65.0% | t 65.000 | ETA 3m 12s | step 0.34s | KE 1186.3254 | drift +0.44% | fluid 676.1332 | solid 510.1921
  Impulse FP iterations last/mean/max 26/19.71/30
Step  1400/2000   70.0% | t 70.000 | ETA 2m 44s | step 0.26s | KE 1186.1965 | drift +0.43% | fluid 679.2781 | solid 506.9184
  Impulse FP iterations last/mean/max 19/19.73/30
Step  1500/2000   75.0% | t 75.000 | ETA 2m 17s | step 0.21s | KE 1185.6880 | drift +0.39% | fluid 706.5254 | solid 479.1626
  Impulse FP iterations last/mean/max 17/19.75/30
Step  1600/2000   80.0% | t 80.000 | ETA 1m 49s | step 0.30s | KE 1186.1622 | drift +0.43% | fluid 713.8047 | solid 472.3576
  Impulse FP iterations last/mean/max 25/19.77/30
Step  1700/2000   85.0% | t 85.000 | ETA 1m 21s | step 0.23s | KE 1185.4148 | drift +0.37% | fluid 753.4569 | solid 431.9579
  Impulse FP iterations last/mean/max 22/19.79/30
Step  1800/2000   90.0% | t 90.000 | ETA 53s | step 0.21s | KE 1186.0974 | drift +0.42% | fluid 763.1228 | solid 422.9746
  Impulse FP iterations last/mean/max 20/19.79/30
Step  1900/2000   95.0% | t 95.000 | ETA 26s | step 0.18s | KE 1185.8635 | drift +0.40% | fluid 794.9961 | solid 390.8674
  Impulse FP iterations last/mean/max 20/19.79/30
Solver finished successfully - good job!
Results saved successfully.

================== Run summary ==================
  Bodies:            2
  Triangles / nodes: 256 / 516
  Timesteps:         2000  (dt = 0.05)
  Simulated time:    0 -> 100
  First-step setup:  0.447 s
  Mean time/step:    0.2585 s  (excl. first step)
  Total wall time:   8m 37s
  Impulse FP iters last/mean/max: 19 / 19.802 / 30
  Approx impulse solves/step:     19.802
  Impulse start cache hits/direct: 1999 / 1
  Impulse global drift P/H:       8.078406e-10 / 1.228762e-3
  Impulse per-body max drift P/H: 1.362960e-9 / 6.237770e-3
  CPU cores:         256 available, 8 Rayon worker thread(s)
  Started:           2026-06-24 03:12:18
  Finished:          2026-06-24 03:20:55
  Output file:       /work/e643/e643/shared/multi_ellip/studies/departing_sphericity_sweep/runs/spheroid_oblate/heterogeneous_aspherical/spheroid_oblate_heterogeneous_aspherical_eps0p3_rho1_E0p5_sep8_run03_impulse_noproj/multiple_body_complete.dat
================================================
