
================ Simulation setup ================
  Run label:         /work/e643/e643/shared/multi_ellip/studies/two_body_paper_sweeps/runs/ellipsoid_1_0p8_0p6/ellipsoid_1_0p8_0p6_rho0p03_E1p5_sep3_run03_impulse_noproj/
  Started:           2026-06-24 02:36:26
  Input file:        /work/e643/e643/shared/multi_ellip/studies/two_body_paper_sweeps/runs/ellipsoid_1_0p8_0p6/ellipsoid_1_0p8_0p6_rho0p03_E1p5_sep3_run03_impulse_noproj/input.txt
  Output file:       /work/e643/e643/shared/multi_ellip/studies/two_body_paper_sweeps/runs/ellipsoid_1_0p8_0p6/ellipsoid_1_0p8_0p6_rho0p03_E1p5_sep3_run03_impulse_noproj/multiple_body_complete.dat
  Bodies:            2
  Fluid density:     1
  Mesh:              ndiv 2 -> 256 triangles / 516 nodes
  Simulated time:    0 -> 100  (dt = 0.05, ~2000 steps)
  Output cadence:    every 1 step(s)
  Output rows:       ~2001
  Progress cadence:  every 100 step(s)
  CPU cores:         256 available, 8 Rayon worker thread(s)
  Strong coupling:   disabled
  Impulse scheme:    enabled
  Hamiltonian step:  disabled
  Hamiltonian midpt: disabled
  Variational step:  disabled
  Energy projection: disabled
  Projection particular metric: Euclidean
  Fluid KE gradient: disabled  (eps = 0.001, scale = 1, linear = 1, angular = 1)
  Fluid KE discrete gradient: disabled
  Impulse pair metric correction: disabled  (mode = pair discrete-gradient, cutoff = all pairs, inner/outer = 0/0, eps = 0.001, linear scale = 1, angular scale = 0)
  Impulse metric correction: disabled  (internal load constraint = disabled)
  Impulse variational defect probe: disabled
  Impulse quadratic pressure: disabled  (scale = 1)
  Added-mass stab:   disabled
  Exact BEM geometry: disabled
  Exact singular BEM: disabled
  Legacy singular SLP diagnostic: disabled
  Phi-dot blend:     0 (off)

  Solver guidance:
    - Strong coupling: use for stiff close-coupled runs; slower but more implicit.
    - Impulse scheme: use when impulse/momentum conservation or KE drift is the focus. Recommended.
    - Added-mass stab: use for higher mesh counts (ndiv > 3) to preserve stability - deprecated.
================================================
Solver starting - good luck!

Initial state:
  Body  1
    density:          0.030000
    shape axes ratio: (1.000000, 0.800000, 0.600000)
    initial KE ratio: 1.500000
    position:         (-1.500000, 0.000000, 0.000000)
    velocity:         (-2.561987, -1.117718, -2.054787)
    angular velocity: (2.569441, 4.302442, 3.790169)
    orientation:      (w=-0.084532, i=-0.649821, j=-0.642328, k=0.397495)
  Body  2
    density:          0.030000
    shape axes ratio: (1.000000, 0.800000, 0.600000)
    initial KE ratio: 1.500000
    position:         (1.500000, 0.000000, 0.000000)
    velocity:         (-2.558691, -1.116280, -2.052143)
    angular velocity: (0.016814, -5.840292, -2.317136)
    orientation:      (w=-0.907914, i=-0.104449, j=-0.231619, k=0.333368)

Preparing first step: implicit scheme, no bootstrap passes required.
First step may take longer than later steps.

First step completed in 0.518 s.

Solver stopped with error: Non-finite state detected at x = 1.800000000000001: position[0] = NaN.
