
================ Simulation setup ================
  Run label:         /work/e643/e643/shared/multi_ellip/studies/departing_sphericity_sweep/runs/spheroid_oblate/heterogeneous_sphere/spheroid_oblate_heterogeneous_sphere_eps0p0003_rho1_E0p5_sep8_run06_impulse_noproj/
  Started:           2026-06-24 02:38:58
  Input file:        /work/e643/e643/shared/multi_ellip/studies/departing_sphericity_sweep/runs/spheroid_oblate/heterogeneous_sphere/spheroid_oblate_heterogeneous_sphere_eps0p0003_rho1_E0p5_sep8_run06_impulse_noproj/input.txt
  Output file:       /work/e643/e643/shared/multi_ellip/studies/departing_sphericity_sweep/runs/spheroid_oblate/heterogeneous_sphere/spheroid_oblate_heterogeneous_sphere_eps0p0003_rho1_E0p5_sep8_run06_impulse_noproj/multiple_body_complete.dat
  Bodies:            2
  Fluid density:     1
  Mesh:              ndiv 2 -> 256 triangles / 516 nodes
  Simulated time:    0 -> 100  (dt = 0.05, ~2000 steps)
  Output cadence:    every 1 step(s)
  Output rows:       ~2001
  Progress cadence:  every 100 step(s)
  CPU cores:         256 available, 8 Rayon worker thread(s)
  Strong coupling:   disabled
  Impulse scheme:    enabled
  Hamiltonian step:  disabled
  Hamiltonian midpt: disabled
  Variational step:  disabled
  Energy projection: disabled
  Projection particular metric: Euclidean
  Fluid KE gradient: disabled  (eps = 0.001, scale = 1, linear = 1, angular = 1)
  Fluid KE discrete gradient: disabled
  Impulse pair metric correction: disabled  (mode = pair discrete-gradient, cutoff = all pairs, inner/outer = 0/0, eps = 0.001, linear scale = 1, angular scale = 0)
  Impulse metric correction: disabled  (internal load constraint = disabled)
  Impulse variational defect probe: disabled
  Impulse quadratic pressure: disabled  (scale = 1)
  Added-mass stab:   disabled
  Exact BEM geometry: disabled
  Exact singular BEM: disabled
  Legacy singular SLP diagnostic: disabled
  Phi-dot blend:     0 (off)

  Solver guidance:
    - Strong coupling: use for stiff close-coupled runs; slower but more implicit.
    - Impulse scheme: use when impulse/momentum conservation or KE drift is the focus. Recommended.
    - Added-mass stab: use for higher mesh counts (ndiv > 3) to preserve stability - deprecated.
================================================
Solver starting - good luck!

Initial state:
  Body  1
    density:          1.000000
    shape axes ratio: (1.000000, 1.000000, 0.999101)
    initial KE ratio: 0.500000
    position:         (-4.000000, 0.000000, 0.000000)
    velocity:         (-1.191747, -2.686909, -4.788916)
    angular velocity: (1.089465, -6.167260, -0.506345)
    orientation:      (w=0.094021, i=-0.125001, j=-0.966964, k=0.201283)
  Body  2
    density:          1.000000
    shape axes ratio: (1.000000, 1.000000, 1.000000)
    initial KE ratio: 0.500000
    position:         (4.000000, 0.000000, 0.000000)
    velocity:         (-1.191922, -2.687303, -4.789620)
    angular velocity: (5.670570, -0.927830, -2.542083)
    orientation:      (w=0.562682, i=-0.698758, j=-0.215317, k=-0.385701)

Preparing first step: implicit scheme, no bootstrap passes required.
First step may take longer than later steps.

First step completed in 0.287 s.

Step   100/2000    5.0% | t 5.000 | ETA 2m 54s | step 0.09s | KE 268.0846 | drift -1.09% | fluid 72.6031 | solid 195.4815
  Impulse FP iterations last/mean/max 7/7.00/7
Step   200/2000   10.0% | t 10.000 | ETA 2m 45s | step 0.09s | KE 265.6822 | drift -1.97% | fluid 72.5985 | solid 193.0838
  Impulse FP iterations last/mean/max 7/7.00/7
Step   300/2000   15.0% | t 15.000 | ETA 2m 36s | step 0.10s | KE 263.8244 | drift -2.66% | fluid 72.5999 | solid 191.2244
  Impulse FP iterations last/mean/max 7/6.99/7
Step   400/2000   20.0% | t 20.000 | ETA 2m 27s | step 0.09s | KE 262.5132 | drift -3.14% | fluid 72.6081 | solid 189.9051
  Impulse FP iterations last/mean/max 7/6.97/7
Step   500/2000   25.0% | t 25.000 | ETA 2m 17s | step 0.09s | KE 261.7548 | drift -3.42% | fluid 72.5995 | solid 189.1552
  Impulse FP iterations last/mean/max 7/6.95/7
Step   600/2000   30.0% | t 30.000 | ETA 2m 8s | step 0.08s | KE 261.5514 | drift -3.50% | fluid 72.5956 | solid 188.9557
  Impulse FP iterations last/mean/max 6/6.93/7
Step   700/2000   35.0% | t 35.000 | ETA 1m 58s | step 0.08s | KE 261.9084 | drift -3.36% | fluid 72.6064 | solid 189.3020
  Impulse FP iterations last/mean/max 7/6.89/7
Step   800/2000   40.0% | t 40.000 | ETA 1m 48s | step 0.07s | KE 262.8306 | drift -3.02% | fluid 72.5954 | solid 190.2352
  Impulse FP iterations last/mean/max 6/6.87/7
Step   900/2000   45.0% | t 45.000 | ETA 1m 37s | step 0.07s | KE 264.3226 | drift -2.47% | fluid 72.5930 | solid 191.7296
  Impulse FP iterations last/mean/max 7/6.83/7
Step  1000/2000   50.0% | t 50.000 | ETA 1m 26s | step 0.07s | KE 266.3900 | drift -1.71% | fluid 72.5931 | solid 193.7968
  Impulse FP iterations last/mean/max 6/6.78/7
Step  1100/2000   55.0% | t 55.000 | ETA 1m 16s | step 0.08s | KE 269.0387 | drift -0.73% | fluid 72.5966 | solid 196.4421
  Impulse FP iterations last/mean/max 7/6.74/7
Step  1200/2000   60.0% | t 60.000 | ETA 1m 7s | step 0.06s | KE 272.2758 | drift +0.46% | fluid 72.6018 | solid 199.6740
  Impulse FP iterations last/mean/max 6/6.70/7
Step  1300/2000   65.0% | t 65.000 | ETA 58s | step 0.06s | KE 276.1075 | drift +1.87% | fluid 72.5957 | solid 203.5118
  Impulse FP iterations last/mean/max 6/6.66/7
Step  1400/2000   70.0% | t 70.000 | ETA 49s | step 0.06s | KE 280.5415 | drift +3.51% | fluid 72.5924 | solid 207.9491
  Impulse FP iterations last/mean/max 5/6.64/7
Step  1500/2000   75.0% | t 75.000 | ETA 40s | step 0.07s | KE 285.5860 | drift +5.37% | fluid 72.5925 | solid 212.9935
  Impulse FP iterations last/mean/max 6/6.61/7
Step  1600/2000   80.0% | t 80.000 | ETA 32s | step 0.07s | KE 291.2486 | drift +7.46% | fluid 72.5954 | solid 218.6532
  Impulse FP iterations last/mean/max 7/6.59/7
Step  1700/2000   85.0% | t 85.000 | ETA 24s | step 0.08s | KE 297.5368 | drift +9.78% | fluid 72.5969 | solid 224.9399
  Impulse FP iterations last/mean/max 7/6.58/7
Step  1800/2000   90.0% | t 90.000 | ETA 15s | step 0.08s | KE 304.4581 | drift +12.34% | fluid 72.5925 | solid 231.8655
  Impulse FP iterations last/mean/max 7/6.58/7
Step  1900/2000   95.0% | t 95.000 | ETA 7s | step 0.06s | KE 312.0194 | drift +15.13% | fluid 72.5932 | solid 239.4262
  Impulse FP iterations last/mean/max 6/6.58/7
Solver finished successfully - good job!
Results saved successfully.

================== Run summary ==================
  Bodies:            2
  Triangles / nodes: 256 / 516
  Timesteps:         2000  (dt = 0.05)
  Simulated time:    0 -> 100
  First-step setup:  0.287 s
  Mean time/step:    0.0783 s  (excl. first step)
  Total wall time:   2m 36s
  Impulse FP iters last/mean/max: 7 / 6.587 / 7
  Approx impulse solves/step:     6.587
  Impulse start cache hits/direct: 1999 / 1
  Impulse global drift P/H:       5.213223e-9 / 1.477912e-2
  Impulse per-body max drift P/H: 1.008783e-8 / 1.509306e-3
  CPU cores:         256 available, 8 Rayon worker thread(s)
  Started:           2026-06-24 02:38:58
  Finished:          2026-06-24 02:41:36
  Output file:       /work/e643/e643/shared/multi_ellip/studies/departing_sphericity_sweep/runs/spheroid_oblate/heterogeneous_sphere/spheroid_oblate_heterogeneous_sphere_eps0p0003_rho1_E0p5_sep8_run06_impulse_noproj/multiple_body_complete.dat
================================================
