
================ Simulation setup ================
  Run label:         /work/e643/e643/shared/multi_ellip/studies/departing_sphericity_sweep/runs/spheroid_oblate/heterogeneous_sphere/spheroid_oblate_heterogeneous_sphere_eps0_rho1_E0p5_sep8_run09_impulse_noproj/
  Started:           2026-06-24 02:38:57
  Input file:        /work/e643/e643/shared/multi_ellip/studies/departing_sphericity_sweep/runs/spheroid_oblate/heterogeneous_sphere/spheroid_oblate_heterogeneous_sphere_eps0_rho1_E0p5_sep8_run09_impulse_noproj/input.txt
  Output file:       /work/e643/e643/shared/multi_ellip/studies/departing_sphericity_sweep/runs/spheroid_oblate/heterogeneous_sphere/spheroid_oblate_heterogeneous_sphere_eps0_rho1_E0p5_sep8_run09_impulse_noproj/multiple_body_complete.dat
  Bodies:            2
  Fluid density:     1
  Mesh:              ndiv 2 -> 256 triangles / 516 nodes
  Simulated time:    0 -> 100  (dt = 0.05, ~2000 steps)
  Output cadence:    every 1 step(s)
  Output rows:       ~2001
  Progress cadence:  every 100 step(s)
  CPU cores:         256 available, 8 Rayon worker thread(s)
  Strong coupling:   disabled
  Impulse scheme:    enabled
  Hamiltonian step:  disabled
  Hamiltonian midpt: disabled
  Variational step:  disabled
  Energy projection: disabled
  Projection particular metric: Euclidean
  Fluid KE gradient: disabled  (eps = 0.001, scale = 1, linear = 1, angular = 1)
  Fluid KE discrete gradient: disabled
  Impulse pair metric correction: disabled  (mode = pair discrete-gradient, cutoff = all pairs, inner/outer = 0/0, eps = 0.001, linear scale = 1, angular scale = 0)
  Impulse metric correction: disabled  (internal load constraint = disabled)
  Impulse variational defect probe: disabled
  Impulse quadratic pressure: disabled  (scale = 1)
  Added-mass stab:   disabled
  Exact BEM geometry: disabled
  Exact singular BEM: disabled
  Legacy singular SLP diagnostic: disabled
  Phi-dot blend:     0 (off)

  Solver guidance:
    - Strong coupling: use for stiff close-coupled runs; slower but more implicit.
    - Impulse scheme: use when impulse/momentum conservation or KE drift is the focus. Recommended.
    - Added-mass stab: use for higher mesh counts (ndiv > 3) to preserve stability - deprecated.
================================================
Solver starting - good luck!

Initial state:
  Body  1
    density:          1.000000
    shape axes ratio: (1.000000, 1.000000, 1.000000)
    initial KE ratio: 0.500000
    position:         (-4.000000, 0.000000, 0.000000)
    velocity:         (5.431942, -0.557761, 1.328775)
    angular velocity: (-3.408103, 0.343337, -5.267388)
    orientation:      (w=0.526934, i=0.707047, j=-0.395163, k=-0.257432)
  Body  2
    density:          1.000000
    shape axes ratio: (1.000000, 1.000000, 1.000000)
    initial KE ratio: 0.500000
    position:         (4.000000, 0.000000, 0.000000)
    velocity:         (5.431942, -0.557761, 1.328775)
    angular velocity: (5.037682, 3.503832, 1.350311)
    orientation:      (w=0.628395, i=-0.084256, j=-0.677135, k=0.373510)

Preparing first step: implicit scheme, no bootstrap passes required.
First step may take longer than later steps.

First step completed in 0.203 s.

Step   100/2000    5.0% | t 5.000 | ETA 2m 6s | step 0.06s | KE 272.4934 | drift +0.76% | fluid 71.9962 | solid 200.4972
  Impulse FP iterations last/mean/max 5/5.07/6
Step   200/2000   10.0% | t 10.000 | ETA 2m 1s | step 0.06s | KE 275.3415 | drift +1.81% | fluid 71.9962 | solid 203.3452
  Impulse FP iterations last/mean/max 5/5.08/6
Step   300/2000   15.0% | t 15.000 | ETA 1m 53s | step 0.07s | KE 278.9808 | drift +3.16% | fluid 71.9962 | solid 206.9846
  Impulse FP iterations last/mean/max 5/5.07/6
Step   400/2000   20.0% | t 20.000 | ETA 1m 47s | step 0.09s | KE 283.4113 | drift +4.80% | fluid 71.9962 | solid 211.4150
  Impulse FP iterations last/mean/max 6/5.07/6
Step   500/2000   25.0% | t 25.000 | ETA 1m 40s | step 0.06s | KE 288.6331 | drift +6.73% | fluid 71.9962 | solid 216.6369
  Impulse FP iterations last/mean/max 5/5.06/6
Step   600/2000   30.0% | t 30.000 | ETA 1m 33s | step 0.07s | KE 294.6458 | drift +8.95% | fluid 71.9962 | solid 222.6496
  Impulse FP iterations last/mean/max 5/5.07/6
Step   700/2000   35.0% | t 35.000 | ETA 1m 27s | step 0.06s | KE 301.4497 | drift +11.47% | fluid 71.9962 | solid 229.4535
  Impulse FP iterations last/mean/max 5/5.06/6
Step   800/2000   40.0% | t 40.000 | ETA 1m 20s | step 0.07s | KE 309.0447 | drift +14.28% | fluid 71.9963 | solid 237.0485
  Impulse FP iterations last/mean/max 5/5.06/6
Step   900/2000   45.0% | t 45.000 | ETA 1m 13s | step 0.07s | KE 317.4309 | drift +17.38% | fluid 71.9962 | solid 245.4347
  Impulse FP iterations last/mean/max 5/5.06/6
Step  1000/2000   50.0% | t 50.000 | ETA 1m 6s | step 0.07s | KE 326.6081 | drift +20.77% | fluid 71.9962 | solid 254.6118
  Impulse FP iterations last/mean/max 5/5.05/6
Step  1100/2000   55.0% | t 55.000 | ETA 1m 0s | step 0.06s | KE 336.5763 | drift +24.46% | fluid 71.9963 | solid 264.5800
  Impulse FP iterations last/mean/max 5/5.05/6
Step  1200/2000   60.0% | t 60.000 | ETA 53s | step 0.07s | KE 347.3356 | drift +28.44% | fluid 71.9963 | solid 275.3393
  Impulse FP iterations last/mean/max 5/5.05/6
Step  1300/2000   65.0% | t 65.000 | ETA 46s | step 0.05s | KE 358.8859 | drift +32.71% | fluid 71.9963 | solid 286.8896
  Impulse FP iterations last/mean/max 5/5.05/6
Step  1400/2000   70.0% | t 70.000 | ETA 39s | step 0.06s | KE 371.2274 | drift +37.27% | fluid 71.9963 | solid 299.2311
  Impulse FP iterations last/mean/max 5/5.05/6
Step  1500/2000   75.0% | t 75.000 | ETA 32s | step 0.06s | KE 384.3599 | drift +42.13% | fluid 71.9963 | solid 312.3637
  Impulse FP iterations last/mean/max 5/5.05/6
Step  1600/2000   80.0% | t 80.000 | ETA 26s | step 0.07s | KE 398.2835 | drift +47.27% | fluid 71.9963 | solid 326.2872
  Impulse FP iterations last/mean/max 5/5.05/6
Step  1700/2000   85.0% | t 85.000 | ETA 19s | step 0.07s | KE 412.9981 | drift +52.72% | fluid 71.9963 | solid 341.0018
  Impulse FP iterations last/mean/max 5/5.05/6
Step  1800/2000   90.0% | t 90.000 | ETA 13s | step 0.07s | KE 428.5036 | drift +58.45% | fluid 71.9963 | solid 356.5073
  Impulse FP iterations last/mean/max 5/5.05/6
Step  1900/2000   95.0% | t 95.000 | ETA 6s | step 0.07s | KE 444.8003 | drift +64.48% | fluid 71.9963 | solid 372.8039
  Impulse FP iterations last/mean/max 5/5.04/6
Solver finished successfully - good job!
Results saved successfully.

================== Run summary ==================
  Bodies:            2
  Triangles / nodes: 256 / 516
  Timesteps:         2000  (dt = 0.05)
  Simulated time:    0 -> 100
  First-step setup:  0.203 s
  Mean time/step:    0.0654 s  (excl. first step)
  Total wall time:   2m 10s
  Impulse FP iters last/mean/max: 5 / 5.043 / 6
  Approx impulse solves/step:     5.043
  Impulse start cache hits/direct: 1999 / 1
  Impulse global drift P/H:       1.001460e-9 / 3.860908e-2
  Impulse per-body max drift P/H: 2.903559e-9 / 8.034444e-3
  CPU cores:         256 available, 8 Rayon worker thread(s)
  Started:           2026-06-24 02:38:57
  Finished:          2026-06-24 02:41:08
  Output file:       /work/e643/e643/shared/multi_ellip/studies/departing_sphericity_sweep/runs/spheroid_oblate/heterogeneous_sphere/spheroid_oblate_heterogeneous_sphere_eps0_rho1_E0p5_sep8_run09_impulse_noproj/multiple_body_complete.dat
================================================
