
================ Simulation setup ================
  Run label:         /work/e643/e643/shared/multi_ellip/studies/departing_sphericity_sweep/runs/spheroid_oblate/heterogeneous_aspherical/spheroid_oblate_heterogeneous_aspherical_eps0p003_rho1_E0p5_sep8_run07_impulse_noproj/
  Started:           2026-06-24 03:03:52
  Input file:        /work/e643/e643/shared/multi_ellip/studies/departing_sphericity_sweep/runs/spheroid_oblate/heterogeneous_aspherical/spheroid_oblate_heterogeneous_aspherical_eps0p003_rho1_E0p5_sep8_run07_impulse_noproj/input.txt
  Output file:       /work/e643/e643/shared/multi_ellip/studies/departing_sphericity_sweep/runs/spheroid_oblate/heterogeneous_aspherical/spheroid_oblate_heterogeneous_aspherical_eps0p003_rho1_E0p5_sep8_run07_impulse_noproj/multiple_body_complete.dat
  Bodies:            2
  Fluid density:     1
  Mesh:              ndiv 2 -> 256 triangles / 516 nodes
  Simulated time:    0 -> 100  (dt = 0.05, ~2000 steps)
  Output cadence:    every 1 step(s)
  Output rows:       ~2001
  Progress cadence:  every 100 step(s)
  CPU cores:         256 available, 8 Rayon worker thread(s)
  Strong coupling:   disabled
  Impulse scheme:    enabled
  Hamiltonian step:  disabled
  Hamiltonian midpt: disabled
  Variational step:  disabled
  Energy projection: disabled
  Projection particular metric: Euclidean
  Fluid KE gradient: disabled  (eps = 0.001, scale = 1, linear = 1, angular = 1)
  Fluid KE discrete gradient: disabled
  Impulse pair metric correction: disabled  (mode = pair discrete-gradient, cutoff = all pairs, inner/outer = 0/0, eps = 0.001, linear scale = 1, angular scale = 0)
  Impulse metric correction: disabled  (internal load constraint = disabled)
  Impulse variational defect probe: disabled
  Impulse quadratic pressure: disabled  (scale = 1)
  Added-mass stab:   disabled
  Exact BEM geometry: disabled
  Exact singular BEM: disabled
  Legacy singular SLP diagnostic: disabled
  Phi-dot blend:     0 (off)

  Solver guidance:
    - Strong coupling: use for stiff close-coupled runs; slower but more implicit.
    - Impulse scheme: use when impulse/momentum conservation or KE drift is the focus. Recommended.
    - Added-mass stab: use for higher mesh counts (ndiv > 3) to preserve stability - deprecated.
================================================
Solver starting - good luck!

Initial state:
  Body  1
    density:          1.000000
    shape axes ratio: (1.000000, 1.000000, 0.991054)
    initial KE ratio: 0.500000
    position:         (-4.000000, 0.000000, 0.000000)
    velocity:         (5.263038, 1.703704, -1.061130)
    angular velocity: (-2.408184, 0.622499, -5.769884)
    orientation:      (w=0.239547, i=-0.082989, j=0.351326, k=-0.901277)
  Body  2
    density:          1.000000
    shape axes ratio: (1.000000, 1.000000, 0.125000)
    initial KE ratio: 0.500000
    position:         (4.000000, 0.000000, 0.000000)
    velocity:         (8.344815, 2.701310, -1.682475)
    angular velocity: (4.945451, -2.260307, 3.148324)
    orientation:      (w=-0.947471, i=-0.283988, j=0.134748, k=0.059099)

Preparing first step: implicit scheme, no bootstrap passes required.
First step may take longer than later steps.

First step completed in 0.356 s.

Step   100/2000    5.0% | t 5.000 | ETA 7m 35s | step 0.21s | KE 889.7356 | drift +0.70% | fluid 409.9968 | solid 479.7388
  Impulse FP iterations last/mean/max 15/16.73/30
Step   200/2000   10.0% | t 10.000 | ETA 6m 54s | step 0.20s | KE 887.3985 | drift +0.43% | fluid 535.8878 | solid 351.5106
  Impulse FP iterations last/mean/max 14/16.00/30
Step   300/2000   15.0% | t 15.000 | ETA 6m 25s | step 0.20s | KE 889.6348 | drift +0.69% | fluid 415.3833 | solid 474.2514
  Impulse FP iterations last/mean/max 14/15.68/30
Step   400/2000   20.0% | t 20.000 | ETA 6m 0s | step 0.23s | KE 887.5845 | drift +0.45% | fluid 529.4589 | solid 358.1257
  Impulse FP iterations last/mean/max 17/15.59/30
Step   500/2000   25.0% | t 25.000 | ETA 5m 35s | step 0.23s | KE 889.5755 | drift +0.68% | fluid 422.1038 | solid 467.4717
  Impulse FP iterations last/mean/max 16/15.48/30
Step   600/2000   30.0% | t 30.000 | ETA 5m 13s | step 0.23s | KE 887.7961 | drift +0.48% | fluid 521.8831 | solid 365.9131
  Impulse FP iterations last/mean/max 16/15.48/30
Step   700/2000   35.0% | t 35.000 | ETA 4m 49s | step 0.20s | KE 889.5108 | drift +0.67% | fluid 429.8408 | solid 459.6700
  Impulse FP iterations last/mean/max 15/15.43/30
Step   800/2000   40.0% | t 40.000 | ETA 4m 25s | step 0.23s | KE 888.0261 | drift +0.50% | fluid 513.2781 | solid 374.7480
  Impulse FP iterations last/mean/max 17/15.43/30
Step   900/2000   45.0% | t 45.000 | ETA 3m 59s | step 0.18s | KE 889.4128 | drift +0.66% | fluid 438.6293 | solid 450.7835
  Impulse FP iterations last/mean/max 15/15.39/30
Step  1000/2000   50.0% | t 50.000 | ETA 3m 35s | step 0.22s | KE 888.2647 | drift +0.53% | fluid 503.7770 | solid 384.4877
  Impulse FP iterations last/mean/max 17/15.38/30
Step  1100/2000   55.0% | t 55.000 | ETA 3m 14s | step 0.21s | KE 889.2982 | drift +0.65% | fluid 448.1856 | solid 441.1126
  Impulse FP iterations last/mean/max 14/15.37/30
Step  1200/2000   60.0% | t 60.000 | ETA 2m 52s | step 0.25s | KE 888.4940 | drift +0.56% | fluid 493.6714 | solid 394.8226
  Impulse FP iterations last/mean/max 17/15.36/30
Step  1300/2000   65.0% | t 65.000 | ETA 2m 31s | step 0.22s | KE 889.1510 | drift +0.63% | fluid 458.3644 | solid 430.7866
  Impulse FP iterations last/mean/max 15/15.35/30
Step  1400/2000   70.0% | t 70.000 | ETA 2m 10s | step 0.24s | KE 888.7193 | drift +0.58% | fluid 483.1436 | solid 405.5757
  Impulse FP iterations last/mean/max 17/15.34/30
Step  1500/2000   75.0% | t 75.000 | ETA 1m 48s | step 0.22s | KE 888.9819 | drift +0.61% | fluid 468.8600 | solid 420.1219
  Impulse FP iterations last/mean/max 15/15.33/30
Step  1600/2000   80.0% | t 80.000 | ETA 1m 26s | step 0.23s | KE 888.9152 | drift +0.60% | fluid 472.5305 | solid 416.3848
  Impulse FP iterations last/mean/max 15/15.31/30
Step  1700/2000   85.0% | t 85.000 | ETA 1m 5s | step 0.21s | KE 888.7899 | drift +0.59% | fluid 479.5249 | solid 409.2651
  Impulse FP iterations last/mean/max 15/15.31/30
Step  1800/2000   90.0% | t 90.000 | ETA 43s | step 0.20s | KE 889.1000 | drift +0.63% | fluid 461.8655 | solid 427.2345
  Impulse FP iterations last/mean/max 15/15.30/30
Step  1900/2000   95.0% | t 95.000 | ETA 21s | step 0.18s | KE 888.5699 | drift +0.57% | fluid 490.1776 | solid 398.3922
  Impulse FP iterations last/mean/max 14/15.30/30
Solver finished successfully - good job!
Results saved successfully.

================== Run summary ==================
  Bodies:            2
  Triangles / nodes: 256 / 516
  Timesteps:         2000  (dt = 0.05)
  Simulated time:    0 -> 100
  First-step setup:  0.356 s
  Mean time/step:    0.2128 s  (excl. first step)
  Total wall time:   7m 5s
  Impulse FP iters last/mean/max: 15 / 15.290 / 30
  Approx impulse solves/step:     15.290
  Impulse start cache hits/direct: 1999 / 1
  Impulse global drift P/H:       4.957447e-9 / 7.528771e-4
  Impulse per-body max drift P/H: 6.224963e-9 / 2.408875e-3
  CPU cores:         256 available, 8 Rayon worker thread(s)
  Started:           2026-06-24 03:03:52
  Finished:          2026-06-24 03:10:58
  Output file:       /work/e643/e643/shared/multi_ellip/studies/departing_sphericity_sweep/runs/spheroid_oblate/heterogeneous_aspherical/spheroid_oblate_heterogeneous_aspherical_eps0p003_rho1_E0p5_sep8_run07_impulse_noproj/multiple_body_complete.dat
================================================
