
================ Simulation setup ================
  Run label:         /work/e643/e643/shared/multi_ellip/studies/departing_sphericity_sweep/runs/spheroid_prolate/heterogeneous_sphere/spheroid_prolate_heterogeneous_sphere_eps0p1_rho1_E0p5_sep8_run05_impulse_noproj/
  Started:           2026-06-24 02:45:43
  Input file:        /work/e643/e643/shared/multi_ellip/studies/departing_sphericity_sweep/runs/spheroid_prolate/heterogeneous_sphere/spheroid_prolate_heterogeneous_sphere_eps0p1_rho1_E0p5_sep8_run05_impulse_noproj/input.txt
  Output file:       /work/e643/e643/shared/multi_ellip/studies/departing_sphericity_sweep/runs/spheroid_prolate/heterogeneous_sphere/spheroid_prolate_heterogeneous_sphere_eps0p1_rho1_E0p5_sep8_run05_impulse_noproj/multiple_body_complete.dat
  Bodies:            2
  Fluid density:     1
  Mesh:              ndiv 2 -> 256 triangles / 516 nodes
  Simulated time:    0 -> 100  (dt = 0.05, ~2000 steps)
  Output cadence:    every 1 step(s)
  Output rows:       ~2001
  Progress cadence:  every 100 step(s)
  CPU cores:         256 available, 8 Rayon worker thread(s)
  Strong coupling:   disabled
  Impulse scheme:    enabled
  Hamiltonian step:  disabled
  Hamiltonian midpt: disabled
  Variational step:  disabled
  Energy projection: disabled
  Projection particular metric: Euclidean
  Fluid KE gradient: disabled  (eps = 0.001, scale = 1, linear = 1, angular = 1)
  Fluid KE discrete gradient: disabled
  Impulse pair metric correction: disabled  (mode = pair discrete-gradient, cutoff = all pairs, inner/outer = 0/0, eps = 0.001, linear scale = 1, angular scale = 0)
  Impulse metric correction: disabled  (internal load constraint = disabled)
  Impulse variational defect probe: disabled
  Impulse quadratic pressure: disabled  (scale = 1)
  Added-mass stab:   disabled
  Exact BEM geometry: disabled
  Exact singular BEM: disabled
  Legacy singular SLP diagnostic: disabled
  Phi-dot blend:     0 (off)

  Solver guidance:
    - Strong coupling: use for stiff close-coupled runs; slower but more implicit.
    - Impulse scheme: use when impulse/momentum conservation or KE drift is the focus. Recommended.
    - Added-mass stab: use for higher mesh counts (ndiv > 3) to preserve stability - deprecated.
================================================
Solver starting - good luck!

Initial state:
  Body  1
    density:          1.000000
    shape axes ratio: (1.000000, 0.751315, 0.751315)
    initial KE ratio: 0.500000
    position:         (-4.000000, 0.000000, 0.000000)
    velocity:         (-0.612129, -4.952175, -3.110730)
    angular velocity: (-2.501052, -5.503312, 1.713684)
    orientation:      (w=-0.258090, i=0.171407, j=-0.881456, k=0.356433)
  Body  2
    density:          1.000000
    shape axes ratio: (1.000000, 1.000000, 1.000000)
    initial KE ratio: 0.500000
    position:         (4.000000, 0.000000, 0.000000)
    velocity:         (-0.585038, -4.733010, -2.973060)
    angular velocity: (-2.196697, -5.860382, 0.555759)
    orientation:      (w=-0.358000, i=0.460500, j=-0.757068, k=-0.294320)

Preparing first step: implicit scheme, no bootstrap passes required.
First step may take longer than later steps.

First step completed in 0.299 s.

Step   100/2000    5.0% | t 5.000 | ETA 3m 59s | step 0.12s | KE 272.1223 | drift -3.07% | fluid 71.2577 | solid 200.8646
  Impulse FP iterations last/mean/max 9/9.37/10
Step   200/2000   10.0% | t 10.000 | ETA 3m 56s | step 0.13s | KE 277.0262 | drift -1.32% | fluid 72.2148 | solid 204.8114
  Impulse FP iterations last/mean/max 9/9.38/10
Step   300/2000   15.0% | t 15.000 | ETA 3m 47s | step 0.15s | KE 341.7943 | drift +21.75% | fluid 79.6690 | solid 262.1252
  Impulse FP iterations last/mean/max 10/9.42/10
Step   400/2000   20.0% | t 20.000 | ETA 3m 35s | step 0.14s | KE 346.7715 | drift +23.53% | fluid 75.5385 | solid 271.2330
  Impulse FP iterations last/mean/max 10/9.47/10
Step   500/2000   25.0% | t 25.000 | ETA 3m 24s | step 0.14s | KE 324.6801 | drift +15.66% | fluid 73.1300 | solid 251.5501
  Impulse FP iterations last/mean/max 10/9.53/10
Step   600/2000   30.0% | t 30.000 | ETA 3m 11s | step 0.14s | KE 311.7690 | drift +11.06% | fluid 79.3528 | solid 232.4162
  Impulse FP iterations last/mean/max 10/9.55/10
Step   700/2000   35.0% | t 35.000 | ETA 2m 57s | step 0.14s | KE 306.6270 | drift +9.23% | fluid 72.3570 | solid 234.2701
  Impulse FP iterations last/mean/max 10/9.52/10
Step   800/2000   40.0% | t 40.000 | ETA 2m 42s | step 0.15s | KE 303.3481 | drift +8.06% | fluid 76.1280 | solid 227.2202
  Impulse FP iterations last/mean/max 10/9.48/10
Step   900/2000   45.0% | t 45.000 | ETA 2m 28s | step 0.13s | KE 301.5781 | drift +7.43% | fluid 78.6987 | solid 222.8795
  Impulse FP iterations last/mean/max 9/9.42/10
Step  1000/2000   50.0% | t 50.000 | ETA 2m 14s | step 0.12s | KE 300.7306 | drift +7.13% | fluid 79.1591 | solid 221.5715
  Impulse FP iterations last/mean/max 8/9.37/10
Step  1100/2000   55.0% | t 55.000 | ETA 2m 0s | step 0.12s | KE 300.2617 | drift +6.96% | fluid 79.1703 | solid 221.0914
  Impulse FP iterations last/mean/max 8/9.32/10
Step  1200/2000   60.0% | t 60.000 | ETA 1m 46s | step 0.11s | KE 299.9704 | drift +6.85% | fluid 79.1638 | solid 220.8066
  Impulse FP iterations last/mean/max 8/9.29/10
Step  1300/2000   65.0% | t 65.000 | ETA 1m 32s | step 0.12s | KE 299.7844 | drift +6.79% | fluid 79.1559 | solid 220.6285
  Impulse FP iterations last/mean/max 8/9.25/10
Step  1400/2000   70.0% | t 70.000 | ETA 1m 19s | step 0.13s | KE 299.6722 | drift +6.75% | fluid 79.0981 | solid 220.5741
  Impulse FP iterations last/mean/max 9/9.22/10
Step  1500/2000   75.0% | t 75.000 | ETA 1m 5s | step 0.13s | KE 299.6162 | drift +6.73% | fluid 78.9572 | solid 220.6590
  Impulse FP iterations last/mean/max 9/9.19/10
Step  1600/2000   80.0% | t 80.000 | ETA 52s | step 0.13s | KE 299.6030 | drift +6.72% | fluid 78.7292 | solid 220.8737
  Impulse FP iterations last/mean/max 9/9.17/10
Step  1700/2000   85.0% | t 85.000 | ETA 39s | step 0.10s | KE 299.6206 | drift +6.73% | fluid 78.4329 | solid 221.1877
  Impulse FP iterations last/mean/max 9/9.15/10
Step  1800/2000   90.0% | t 90.000 | ETA 25s | step 0.10s | KE 299.6584 | drift +6.74% | fluid 78.0979 | solid 221.5605
  Impulse FP iterations last/mean/max 9/9.14/10
Step  1900/2000   95.0% | t 95.000 | ETA 12s | step 0.10s | KE 299.7076 | drift +6.76% | fluid 77.7543 | solid 221.9533
  Impulse FP iterations last/mean/max 9/9.12/10
Solver finished successfully - good job!
Results saved successfully.

================== Run summary ==================
  Bodies:            2
  Triangles / nodes: 256 / 516
  Timesteps:         2000  (dt = 0.05)
  Simulated time:    0 -> 100
  First-step setup:  0.299 s
  Mean time/step:    0.1255 s  (excl. first step)
  Total wall time:   4m 11s
  Impulse FP iters last/mean/max: 9 / 9.105 / 10
  Approx impulse solves/step:     9.106
  Impulse start cache hits/direct: 1999 / 1
  Impulse global drift P/H:       3.019867e-8 / 5.964076e-2
  Impulse per-body max drift P/H: 4.219335e-8 / 9.958626e-3
  CPU cores:         256 available, 8 Rayon worker thread(s)
  Started:           2026-06-24 02:45:43
  Finished:          2026-06-24 02:49:54
  Output file:       /work/e643/e643/shared/multi_ellip/studies/departing_sphericity_sweep/runs/spheroid_prolate/heterogeneous_sphere/spheroid_prolate_heterogeneous_sphere_eps0p1_rho1_E0p5_sep8_run05_impulse_noproj/multiple_body_complete.dat
================================================
