
================ Simulation setup ================
  Run label:         /work/e643/e643/shared/multi_ellip/studies/departing_sphericity_sweep/runs/triaxial/heterogeneous_aspherical/triaxial_heterogeneous_aspherical_eps0p003_rho1_E0p5_sep8_run09_impulse_noproj/
  Started:           2026-06-24 02:58:07
  Input file:        /work/e643/e643/shared/multi_ellip/studies/departing_sphericity_sweep/runs/triaxial/heterogeneous_aspherical/triaxial_heterogeneous_aspherical_eps0p003_rho1_E0p5_sep8_run09_impulse_noproj/input.txt
  Output file:       /work/e643/e643/shared/multi_ellip/studies/departing_sphericity_sweep/runs/triaxial/heterogeneous_aspherical/triaxial_heterogeneous_aspherical_eps0p003_rho1_E0p5_sep8_run09_impulse_noproj/multiple_body_complete.dat
  Bodies:            2
  Fluid density:     1
  Mesh:              ndiv 2 -> 256 triangles / 516 nodes
  Simulated time:    0 -> 100  (dt = 0.05, ~2000 steps)
  Output cadence:    every 1 step(s)
  Output rows:       ~2001
  Progress cadence:  every 100 step(s)
  CPU cores:         256 available, 8 Rayon worker thread(s)
  Strong coupling:   disabled
  Impulse scheme:    enabled
  Hamiltonian step:  disabled
  Hamiltonian midpt: disabled
  Variational step:  disabled
  Energy projection: disabled
  Projection particular metric: Euclidean
  Fluid KE gradient: disabled  (eps = 0.001, scale = 1, linear = 1, angular = 1)
  Fluid KE discrete gradient: disabled
  Impulse pair metric correction: disabled  (mode = pair discrete-gradient, cutoff = all pairs, inner/outer = 0/0, eps = 0.001, linear scale = 1, angular scale = 0)
  Impulse metric correction: disabled  (internal load constraint = disabled)
  Impulse variational defect probe: disabled
  Impulse quadratic pressure: disabled  (scale = 1)
  Added-mass stab:   disabled
  Exact BEM geometry: disabled
  Exact singular BEM: disabled
  Legacy singular SLP diagnostic: disabled
  Phi-dot blend:     0 (off)

  Solver guidance:
    - Strong coupling: use for stiff close-coupled runs; slower but more implicit.
    - Impulse scheme: use when impulse/momentum conservation or KE drift is the focus. Recommended.
    - Added-mass stab: use for higher mesh counts (ndiv > 3) to preserve stability - deprecated.
================================================
Solver starting - good luck!

Initial state:
  Body  1
    density:          1.000000
    shape axes ratio: (1.000000, 0.997009, 0.994027)
    initial KE ratio: 0.500000
    position:         (-4.000000, 0.000000, 0.000000)
    velocity:         (-3.575630, 3.190013, -2.937623)
    angular velocity: (3.835121, -2.602999, 4.242011)
    orientation:      (w=-0.741734, i=-0.296000, j=-0.580718, k=-0.158056)
  Body  2
    density:          1.000000
    shape axes ratio: (1.000000, 0.500000, 0.250000)
    initial KE ratio: 0.500000
    position:         (4.000000, 0.000000, 0.000000)
    velocity:         (-3.218535, 2.871429, -2.644245)
    angular velocity: (-5.955905, 0.710688, 1.870971)
    orientation:      (w=0.311856, i=0.454223, j=-0.670895, k=-0.496313)

Preparing first step: implicit scheme, no bootstrap passes required.
First step may take longer than later steps.

First step completed in 0.359 s.

Step   100/2000    5.0% | t 5.000 | ETA 5m 54s | step 0.20s | KE 558.9059 | drift +48.52% | fluid 115.5963 | solid 443.3096
  Impulse FP iterations last/mean/max 12/12.54/14
Step   200/2000   10.0% | t 10.000 | ETA 6m 48s | step 0.20s | KE 2626.1930 | drift +597.85% | fluid 571.7145 | solid 2054.4785
  Impulse FP iterations last/mean/max 14/14.46/30
Step   300/2000   15.0% | t 15.000 | ETA 6m 7s | step 0.19s | KE 2630.6943 | drift +599.04% | fluid 575.0715 | solid 2055.6228
  Impulse FP iterations last/mean/max 13/14.04/30
Step   400/2000   20.0% | t 20.000 | ETA 5m 35s | step 0.17s | KE 2734.2246 | drift +626.55% | fluid 591.6267 | solid 2142.5979
  Impulse FP iterations last/mean/max 12/13.79/30
Step   500/2000   25.0% | t 25.000 | ETA 5m 8s | step 0.17s | KE 2823.4672 | drift +650.27% | fluid 606.3852 | solid 2217.0821
  Impulse FP iterations last/mean/max 12/13.63/30
Step   600/2000   30.0% | t 30.000 | ETA 4m 44s | step 0.18s | KE 2762.7639 | drift +634.14% | fluid 595.3450 | solid 2167.4189
  Impulse FP iterations last/mean/max 12/13.51/30
Step   700/2000   35.0% | t 35.000 | ETA 4m 21s | step 0.20s | KE 2527.1892 | drift +571.54% | fluid 557.0014 | solid 1970.1878
  Impulse FP iterations last/mean/max 14/13.42/30
Step   800/2000   40.0% | t 40.000 | ETA 3m 59s | step 0.20s | KE 2589.6141 | drift +588.13% | fluid 566.2308 | solid 2023.3833
  Impulse FP iterations last/mean/max 13/13.36/30
Step   900/2000   45.0% | t 45.000 | ETA 3m 38s | step 0.17s | KE 2826.0868 | drift +650.96% | fluid 605.8883 | solid 2220.1986
  Impulse FP iterations last/mean/max 12/13.31/30
Step  1000/2000   50.0% | t 50.000 | ETA 3m 17s | step 0.18s | KE 2610.4177 | drift +593.65% | fluid 569.4912 | solid 2040.9264
  Impulse FP iterations last/mean/max 13/13.27/30
Step  1100/2000   55.0% | t 55.000 | ETA 2m 56s | step 0.19s | KE 2538.0101 | drift +574.41% | fluid 558.3198 | solid 1979.6903
  Impulse FP iterations last/mean/max 13/13.23/30
Step  1200/2000   60.0% | t 60.000 | ETA 2m 36s | step 0.16s | KE 2818.8089 | drift +649.03% | fluid 604.5126 | solid 2214.2963
  Impulse FP iterations last/mean/max 11/13.20/30
Step  1300/2000   65.0% | t 65.000 | ETA 2m 16s | step 0.17s | KE 2616.3534 | drift +595.23% | fluid 570.3368 | solid 2046.0166
  Impulse FP iterations last/mean/max 12/13.18/30
Step  1400/2000   70.0% | t 70.000 | ETA 1m 56s | step 0.19s | KE 2545.2525 | drift +576.34% | fluid 559.3473 | solid 1985.9052
  Impulse FP iterations last/mean/max 13/13.15/30
Step  1500/2000   75.0% | t 75.000 | ETA 1m 36s | step 0.18s | KE 2823.8078 | drift +650.36% | fluid 605.4378 | solid 2218.3700
  Impulse FP iterations last/mean/max 12/13.14/30
Step  1600/2000   80.0% | t 80.000 | ETA 1m 17s | step 0.17s | KE 2578.7631 | drift +585.24% | fluid 564.3697 | solid 2014.3934
  Impulse FP iterations last/mean/max 12/13.12/30
Step  1700/2000   85.0% | t 85.000 | ETA 57s | step 0.18s | KE 2586.7011 | drift +587.35% | fluid 565.7057 | solid 2020.9954
  Impulse FP iterations last/mean/max 13/13.10/30
Step  1800/2000   90.0% | t 90.000 | ETA 38s | step 0.15s | KE 2820.8130 | drift +649.56% | fluid 604.7916 | solid 2216.0215
  Impulse FP iterations last/mean/max 12/13.09/30
Step  1900/2000   95.0% | t 95.000 | ETA 18s | step 0.13s | KE 2525.6330 | drift +571.12% | fluid 556.4601 | solid 1969.1728
  Impulse FP iterations last/mean/max 14/13.07/30
Solver finished successfully - good job!
Results saved successfully.

================== Run summary ==================
  Bodies:            2
  Triangles / nodes: 256 / 516
  Timesteps:         2000  (dt = 0.05)
  Simulated time:    0 -> 100
  First-step setup:  0.359 s
  Mean time/step:    0.1848 s  (excl. first step)
  Total wall time:   6m 9s
  Impulse FP iters last/mean/max: 12 / 13.053 / 30
  Approx impulse solves/step:     13.054
  Impulse start cache hits/direct: 1999 / 1
  Impulse global drift P/H:       2.737725e-1 / 1.578537e1
  Impulse per-body max drift P/H: 3.110339e-1 / 3.824453e0
  CPU cores:         256 available, 8 Rayon worker thread(s)
  Started:           2026-06-24 02:58:07
  Finished:          2026-06-24 03:04:17
  Output file:       /work/e643/e643/shared/multi_ellip/studies/departing_sphericity_sweep/runs/triaxial/heterogeneous_aspherical/triaxial_heterogeneous_aspherical_eps0p003_rho1_E0p5_sep8_run09_impulse_noproj/multiple_body_complete.dat
================================================
