
================ Simulation setup ================
  Run label:         /work/e643/e643/shared/multi_ellip/studies/departing_sphericity_sweep/runs/spheroid_oblate/heterogeneous_sphere/spheroid_oblate_heterogeneous_sphere_eps0p0003_rho1_E0p5_sep8_run10_impulse_noproj/
  Started:           2026-06-24 02:46:37
  Input file:        /work/e643/e643/shared/multi_ellip/studies/departing_sphericity_sweep/runs/spheroid_oblate/heterogeneous_sphere/spheroid_oblate_heterogeneous_sphere_eps0p0003_rho1_E0p5_sep8_run10_impulse_noproj/input.txt
  Output file:       /work/e643/e643/shared/multi_ellip/studies/departing_sphericity_sweep/runs/spheroid_oblate/heterogeneous_sphere/spheroid_oblate_heterogeneous_sphere_eps0p0003_rho1_E0p5_sep8_run10_impulse_noproj/multiple_body_complete.dat
  Bodies:            2
  Fluid density:     1
  Mesh:              ndiv 2 -> 256 triangles / 516 nodes
  Simulated time:    0 -> 100  (dt = 0.05, ~2000 steps)
  Output cadence:    every 1 step(s)
  Output rows:       ~2001
  Progress cadence:  every 100 step(s)
  CPU cores:         256 available, 8 Rayon worker thread(s)
  Strong coupling:   disabled
  Impulse scheme:    enabled
  Hamiltonian step:  disabled
  Hamiltonian midpt: disabled
  Variational step:  disabled
  Energy projection: disabled
  Projection particular metric: Euclidean
  Fluid KE gradient: disabled  (eps = 0.001, scale = 1, linear = 1, angular = 1)
  Fluid KE discrete gradient: disabled
  Impulse pair metric correction: disabled  (mode = pair discrete-gradient, cutoff = all pairs, inner/outer = 0/0, eps = 0.001, linear scale = 1, angular scale = 0)
  Impulse metric correction: disabled  (internal load constraint = disabled)
  Impulse variational defect probe: disabled
  Impulse quadratic pressure: disabled  (scale = 1)
  Added-mass stab:   disabled
  Exact BEM geometry: disabled
  Exact singular BEM: disabled
  Legacy singular SLP diagnostic: disabled
  Phi-dot blend:     0 (off)

  Solver guidance:
    - Strong coupling: use for stiff close-coupled runs; slower but more implicit.
    - Impulse scheme: use when impulse/momentum conservation or KE drift is the focus. Recommended.
    - Added-mass stab: use for higher mesh counts (ndiv > 3) to preserve stability - deprecated.
================================================
Solver starting - good luck!

Initial state:
  Body  1
    density:          1.000000
    shape axes ratio: (1.000000, 1.000000, 0.999101)
    initial KE ratio: 0.500000
    position:         (-4.000000, 0.000000, 0.000000)
    velocity:         (1.803514, 4.058340, -3.443477)
    angular velocity: (-1.162271, 5.323356, 3.128805)
    orientation:      (w=-0.448599, i=-0.420040, j=-0.779726, k=-0.119800)
  Body  2
    density:          1.000000
    shape axes ratio: (1.000000, 1.000000, 1.000000)
    initial KE ratio: 0.500000
    position:         (4.000000, 0.000000, 0.000000)
    velocity:         (1.803583, 4.058495, -3.443609)
    angular velocity: (0.178061, -5.974737, 1.936293)
    orientation:      (w=-0.196369, i=0.348442, j=-0.145281, k=0.904942)

Preparing first step: implicit scheme, no bootstrap passes required.
First step may take longer than later steps.

First step completed in 0.190 s.

Step   100/2000    5.0% | t 5.000 | ETA 2m 46s | step 0.10s | KE 268.1127 | drift -1.05% | fluid 72.5359 | solid 195.5768
  Impulse FP iterations last/mean/max 7/7.00/7
Step   200/2000   10.0% | t 10.000 | ETA 2m 41s | step 0.09s | KE 266.4496 | drift -1.67% | fluid 72.5373 | solid 193.9123
  Impulse FP iterations last/mean/max 7/7.00/7
Step   300/2000   15.0% | t 15.000 | ETA 2m 34s | step 0.09s | KE 265.9932 | drift -1.84% | fluid 72.5359 | solid 193.4573
  Impulse FP iterations last/mean/max 6/6.98/7
Step   400/2000   20.0% | t 20.000 | ETA 2m 25s | step 0.10s | KE 266.7536 | drift -1.56% | fluid 72.5461 | solid 194.2076
  Impulse FP iterations last/mean/max 7/6.96/7
Step   500/2000   25.0% | t 25.000 | ETA 2m 15s | step 0.10s | KE 268.7422 | drift -0.82% | fluid 72.5466 | solid 196.1957
  Impulse FP iterations last/mean/max 7/6.93/7
Step   600/2000   30.0% | t 30.000 | ETA 2m 6s | step 0.09s | KE 271.9711 | drift +0.37% | fluid 72.5353 | solid 199.4358
  Impulse FP iterations last/mean/max 7/6.87/7
Step   700/2000   35.0% | t 35.000 | ETA 1m 56s | step 0.08s | KE 276.4494 | drift +2.02% | fluid 72.5360 | solid 203.9135
  Impulse FP iterations last/mean/max 6/6.81/7
Step   800/2000   40.0% | t 40.000 | ETA 1m 46s | step 0.07s | KE 282.1914 | drift +4.14% | fluid 72.5315 | solid 209.6598
  Impulse FP iterations last/mean/max 6/6.74/7
Step   900/2000   45.0% | t 45.000 | ETA 1m 36s | step 0.09s | KE 289.2080 | drift +6.73% | fluid 72.5318 | solid 216.6762
  Impulse FP iterations last/mean/max 6/6.66/7
Step  1000/2000   50.0% | t 50.000 | ETA 1m 26s | step 0.08s | KE 297.5119 | drift +9.79% | fluid 72.5354 | solid 224.9765
  Impulse FP iterations last/mean/max 6/6.59/7
Step  1100/2000   55.0% | t 55.000 | ETA 1m 17s | step 0.07s | KE 307.1142 | drift +13.34% | fluid 72.5388 | solid 234.5754
  Impulse FP iterations last/mean/max 6/6.54/7
Step  1200/2000   60.0% | t 60.000 | ETA 1m 8s | step 0.08s | KE 318.0258 | drift +17.37% | fluid 72.5322 | solid 245.4936
  Impulse FP iterations last/mean/max 6/6.51/7
Step  1300/2000   65.0% | t 65.000 | ETA 1m 0s | step 0.09s | KE 330.2561 | drift +21.88% | fluid 72.5319 | solid 257.7242
  Impulse FP iterations last/mean/max 7/6.50/7
Step  1400/2000   70.0% | t 70.000 | ETA 51s | step 0.08s | KE 343.8173 | drift +26.88% | fluid 72.5317 | solid 271.2856
  Impulse FP iterations last/mean/max 6/6.51/7
Step  1500/2000   75.0% | t 75.000 | ETA 43s | step 0.08s | KE 358.7183 | drift +32.38% | fluid 72.5334 | solid 286.1848
  Impulse FP iterations last/mean/max 6/6.53/7
Step  1600/2000   80.0% | t 80.000 | ETA 34s | step 0.10s | KE 374.9701 | drift +38.38% | fluid 72.5386 | solid 302.4316
  Impulse FP iterations last/mean/max 7/6.55/7
Step  1700/2000   85.0% | t 85.000 | ETA 26s | step 0.10s | KE 392.5853 | drift +44.88% | fluid 72.5319 | solid 320.0533
  Impulse FP iterations last/mean/max 7/6.58/7
Step  1800/2000   90.0% | t 90.000 | ETA 17s | step 0.09s | KE 411.5727 | drift +51.89% | fluid 72.5435 | solid 339.0292
  Impulse FP iterations last/mean/max 7/6.60/7
Step  1900/2000   95.0% | t 95.000 | ETA 8s | step 0.09s | KE 431.9455 | drift +59.41% | fluid 72.5403 | solid 359.4053
  Impulse FP iterations last/mean/max 7/6.62/7
Solver finished successfully - good job!
Results saved successfully.

================== Run summary ==================
  Bodies:            2
  Triangles / nodes: 256 / 516
  Timesteps:         2000  (dt = 0.05)
  Simulated time:    0 -> 100
  First-step setup:  0.190 s
  Mean time/step:    0.0878 s  (excl. first step)
  Total wall time:   2m 55s
  Impulse FP iters last/mean/max: 7 / 6.641 / 7
  Approx impulse solves/step:     6.641
  Impulse start cache hits/direct: 1999 / 1
  Impulse global drift P/H:       3.101105e-9 / 4.659939e-2
  Impulse per-body max drift P/H: 4.516548e-9 / 2.900426e-3
  CPU cores:         256 available, 8 Rayon worker thread(s)
  Started:           2026-06-24 02:46:37
  Finished:          2026-06-24 02:49:33
  Output file:       /work/e643/e643/shared/multi_ellip/studies/departing_sphericity_sweep/runs/spheroid_oblate/heterogeneous_sphere/spheroid_oblate_heterogeneous_sphere_eps0p0003_rho1_E0p5_sep8_run10_impulse_noproj/multiple_body_complete.dat
================================================
