
================ Simulation setup ================
  Run label:         /work/e643/e643/shared/multi_ellip/studies/departing_sphericity_sweep/runs/spheroid_oblate/heterogeneous_aspherical/spheroid_oblate_heterogeneous_aspherical_eps0p0003_rho1_E0p5_sep8_run05_impulse_noproj/
  Started:           2026-06-24 03:03:51
  Input file:        /work/e643/e643/shared/multi_ellip/studies/departing_sphericity_sweep/runs/spheroid_oblate/heterogeneous_aspherical/spheroid_oblate_heterogeneous_aspherical_eps0p0003_rho1_E0p5_sep8_run05_impulse_noproj/input.txt
  Output file:       /work/e643/e643/shared/multi_ellip/studies/departing_sphericity_sweep/runs/spheroid_oblate/heterogeneous_aspherical/spheroid_oblate_heterogeneous_aspherical_eps0p0003_rho1_E0p5_sep8_run05_impulse_noproj/multiple_body_complete.dat
  Bodies:            2
  Fluid density:     1
  Mesh:              ndiv 2 -> 256 triangles / 516 nodes
  Simulated time:    0 -> 100  (dt = 0.05, ~2000 steps)
  Output cadence:    every 1 step(s)
  Output rows:       ~2001
  Progress cadence:  every 100 step(s)
  CPU cores:         256 available, 8 Rayon worker thread(s)
  Strong coupling:   disabled
  Impulse scheme:    enabled
  Hamiltonian step:  disabled
  Hamiltonian midpt: disabled
  Variational step:  disabled
  Energy projection: disabled
  Projection particular metric: Euclidean
  Fluid KE gradient: disabled  (eps = 0.001, scale = 1, linear = 1, angular = 1)
  Fluid KE discrete gradient: disabled
  Impulse pair metric correction: disabled  (mode = pair discrete-gradient, cutoff = all pairs, inner/outer = 0/0, eps = 0.001, linear scale = 1, angular scale = 0)
  Impulse metric correction: disabled  (internal load constraint = disabled)
  Impulse variational defect probe: disabled
  Impulse quadratic pressure: disabled  (scale = 1)
  Added-mass stab:   disabled
  Exact BEM geometry: disabled
  Exact singular BEM: disabled
  Legacy singular SLP diagnostic: disabled
  Phi-dot blend:     0 (off)

  Solver guidance:
    - Strong coupling: use for stiff close-coupled runs; slower but more implicit.
    - Impulse scheme: use when impulse/momentum conservation or KE drift is the focus. Recommended.
    - Added-mass stab: use for higher mesh counts (ndiv > 3) to preserve stability - deprecated.
================================================
Solver starting - good luck!

Initial state:
  Body  1
    density:          1.000000
    shape axes ratio: (1.000000, 1.000000, 0.999101)
    initial KE ratio: 0.500000
    position:         (-4.000000, 0.000000, 0.000000)
    velocity:         (1.294495, 2.598934, -4.811156)
    angular velocity: (1.947100, -5.473601, 2.393097)
    orientation:      (w=0.014924, i=0.713218, j=0.351669, k=-0.606157)
  Body  2
    density:          1.000000
    shape axes ratio: (1.000000, 1.000000, 0.125000)
    initial KE ratio: 0.500000
    position:         (4.000000, 0.000000, 0.000000)
    velocity:         (1.923175, 3.861122, -7.147723)
    angular velocity: (3.364605, -4.963628, 1.876231)
    orientation:      (w=-0.319932, i=-0.946547, j=-0.041114, k=-0.001344)

Preparing first step: implicit scheme, no bootstrap passes required.
First step may take longer than later steps.

First step completed in 0.347 s.

Step   100/2000    5.0% | t 5.000 | ETA 6m 53s | step 0.19s | KE 712.1754 | drift +1.06% | fluid 253.7394 | solid 458.4360
  Impulse FP iterations last/mean/max 13/15.48/30
Step   200/2000   10.0% | t 10.000 | ETA 6m 17s | step 0.21s | KE 710.9183 | drift +0.88% | fluid 325.6030 | solid 385.3153
  Impulse FP iterations last/mean/max 14/14.72/30
Step   300/2000   15.0% | t 15.000 | ETA 5m 47s | step 0.18s | KE 711.1362 | drift +0.91% | fluid 314.8290 | solid 396.3072
  Impulse FP iterations last/mean/max 15/14.45/30
Step   400/2000   20.0% | t 20.000 | ETA 5m 14s | step 0.17s | KE 711.9924 | drift +1.03% | fluid 262.8160 | solid 449.1765
  Impulse FP iterations last/mean/max 14/14.30/30
Step   500/2000   25.0% | t 25.000 | ETA 4m 49s | step 0.18s | KE 709.4031 | drift +0.67% | fluid 379.3134 | solid 330.0897
  Impulse FP iterations last/mean/max 13/14.22/30
Step   600/2000   30.0% | t 30.000 | ETA 4m 31s | step 0.18s | KE 712.3746 | drift +1.09% | fluid 215.5032 | solid 496.8714
  Impulse FP iterations last/mean/max 12/14.17/30
Step   700/2000   35.0% | t 35.000 | ETA 4m 13s | step 0.23s | KE 707.6036 | drift +0.41% | fluid 427.9827 | solid 279.6209
  Impulse FP iterations last/mean/max 15/14.16/30
Step   800/2000   40.0% | t 40.000 | ETA 3m 55s | step 0.18s | KE 712.4280 | drift +1.10% | fluid 191.8027 | solid 520.6253
  Impulse FP iterations last/mean/max 13/14.14/30
Step   900/2000   45.0% | t 45.000 | ETA 3m 36s | step 0.21s | KE 706.9376 | drift +0.32% | fluid 443.4947 | solid 263.4429
  Impulse FP iterations last/mean/max 15/14.10/30
Step  1000/2000   50.0% | t 50.000 | ETA 3m 16s | step 0.18s | KE 712.4252 | drift +1.10% | fluid 194.6962 | solid 517.7290
  Impulse FP iterations last/mean/max 13/14.08/30
Step  1100/2000   55.0% | t 55.000 | ETA 2m 57s | step 0.21s | KE 707.9322 | drift +0.46% | fluid 419.8443 | solid 288.0880
  Impulse FP iterations last/mean/max 14/14.07/30
Step  1200/2000   60.0% | t 60.000 | ETA 2m 37s | step 0.19s | KE 712.3296 | drift +1.08% | fluid 223.8603 | solid 488.4693
  Impulse FP iterations last/mean/max 13/14.05/30
Step  1300/2000   65.0% | t 65.000 | ETA 2m 18s | step 0.21s | KE 709.8107 | drift +0.72% | fluid 366.0973 | solid 343.7134
  Impulse FP iterations last/mean/max 14/14.04/30
Step  1400/2000   70.0% | t 70.000 | ETA 1m 58s | step 0.20s | KE 711.8168 | drift +1.01% | fluid 275.4080 | solid 436.4088
  Impulse FP iterations last/mean/max 14/14.03/30
Step  1500/2000   75.0% | t 75.000 | ETA 1m 39s | step 0.19s | KE 711.3975 | drift +0.95% | fluid 300.8311 | solid 410.5664
  Impulse FP iterations last/mean/max 13/14.02/30
Step  1600/2000   80.0% | t 80.000 | ETA 1m 20s | step 0.21s | KE 710.5410 | drift +0.83% | fluid 339.7985 | solid 370.7425
  Impulse FP iterations last/mean/max 14/14.02/30
Step  1700/2000   85.0% | t 85.000 | ETA 1m 0s | step 0.20s | KE 712.1935 | drift +1.06% | fluid 242.5150 | solid 469.6785
  Impulse FP iterations last/mean/max 15/14.01/30
Step  1800/2000   90.0% | t 90.000 | ETA 40s | step 0.21s | KE 708.6630 | drift +0.56% | fluid 400.6692 | solid 307.9938
  Impulse FP iterations last/mean/max 14/14.00/30
Step  1900/2000   95.0% | t 95.000 | ETA 20s | step 0.18s | KE 712.4084 | drift +1.09% | fluid 203.5171 | solid 508.8913
  Impulse FP iterations last/mean/max 13/13.99/30
Solver finished successfully - good job!
Results saved successfully.

================== Run summary ==================
  Bodies:            2
  Triangles / nodes: 256 / 516
  Timesteps:         2000  (dt = 0.05)
  Simulated time:    0 -> 100
  First-step setup:  0.347 s
  Mean time/step:    0.2016 s  (excl. first step)
  Total wall time:   6m 43s
  Impulse FP iters last/mean/max: 13 / 13.989 / 30
  Approx impulse solves/step:     13.990
  Impulse start cache hits/direct: 1999 / 1
  Impulse global drift P/H:       5.932963e-9 / 1.158427e-3
  Impulse per-body max drift P/H: 7.461884e-9 / 7.626445e-4
  CPU cores:         256 available, 8 Rayon worker thread(s)
  Started:           2026-06-24 03:03:51
  Finished:          2026-06-24 03:10:35
  Output file:       /work/e643/e643/shared/multi_ellip/studies/departing_sphericity_sweep/runs/spheroid_oblate/heterogeneous_aspherical/spheroid_oblate_heterogeneous_aspherical_eps0p0003_rho1_E0p5_sep8_run05_impulse_noproj/multiple_body_complete.dat
================================================
