
================ Simulation setup ================
  Run label:         /work/e643/e643/shared/multi_ellip/studies/departing_sphericity_sweep/runs/spheroid_oblate/heterogeneous_aspherical/spheroid_oblate_heterogeneous_aspherical_eps0_rho1_E0p5_sep8_run02_impulse_noproj/
  Started:           2026-06-24 02:55:33
  Input file:        /work/e643/e643/shared/multi_ellip/studies/departing_sphericity_sweep/runs/spheroid_oblate/heterogeneous_aspherical/spheroid_oblate_heterogeneous_aspherical_eps0_rho1_E0p5_sep8_run02_impulse_noproj/input.txt
  Output file:       /work/e643/e643/shared/multi_ellip/studies/departing_sphericity_sweep/runs/spheroid_oblate/heterogeneous_aspherical/spheroid_oblate_heterogeneous_aspherical_eps0_rho1_E0p5_sep8_run02_impulse_noproj/multiple_body_complete.dat
  Bodies:            2
  Fluid density:     1
  Mesh:              ndiv 2 -> 256 triangles / 516 nodes
  Simulated time:    0 -> 100  (dt = 0.05, ~2000 steps)
  Output cadence:    every 1 step(s)
  Output rows:       ~2001
  Progress cadence:  every 100 step(s)
  CPU cores:         256 available, 8 Rayon worker thread(s)
  Strong coupling:   disabled
  Impulse scheme:    enabled
  Hamiltonian step:  disabled
  Hamiltonian midpt: disabled
  Variational step:  disabled
  Energy projection: disabled
  Projection particular metric: Euclidean
  Fluid KE gradient: disabled  (eps = 0.001, scale = 1, linear = 1, angular = 1)
  Fluid KE discrete gradient: disabled
  Impulse pair metric correction: disabled  (mode = pair discrete-gradient, cutoff = all pairs, inner/outer = 0/0, eps = 0.001, linear scale = 1, angular scale = 0)
  Impulse metric correction: disabled  (internal load constraint = disabled)
  Impulse variational defect probe: disabled
  Impulse quadratic pressure: disabled  (scale = 1)
  Added-mass stab:   disabled
  Exact BEM geometry: disabled
  Exact singular BEM: disabled
  Legacy singular SLP diagnostic: disabled
  Phi-dot blend:     0 (off)

  Solver guidance:
    - Strong coupling: use for stiff close-coupled runs; slower but more implicit.
    - Impulse scheme: use when impulse/momentum conservation or KE drift is the focus. Recommended.
    - Added-mass stab: use for higher mesh counts (ndiv > 3) to preserve stability - deprecated.
================================================
Solver starting - good luck!

Initial state:
  Body  1
    density:          1.000000
    shape axes ratio: (1.000000, 1.000000, 1.000000)
    initial KE ratio: 0.500000
    position:         (-4.000000, 0.000000, 0.000000)
    velocity:         (-0.807983, -5.393685, 1.355750)
    angular velocity: (0.520710, -6.244536, 0.461571)
    orientation:      (w=0.528222, i=-0.043919, j=-0.810397, k=-0.249617)
  Body  2
    density:          1.000000
    shape axes ratio: (1.000000, 1.000000, 0.125000)
    initial KE ratio: 0.500000
    position:         (4.000000, 0.000000, 0.000000)
    velocity:         (-1.519478, -10.143265, 2.549599)
    angular velocity: (-2.180896, 2.129858, 5.494162)
    orientation:      (w=0.021327, i=-0.564537, j=-0.030980, k=-0.824550)

Preparing first step: implicit scheme, no bootstrap passes required.
First step may take longer than later steps.

First step completed in 0.312 s.

Step   100/2000    5.0% | t 5.000 | ETA 6m 45s | step 0.22s | KE 698.5400 | drift -0.47% | fluid 420.8346 | solid 277.7054
  Impulse FP iterations last/mean/max 15/14.90/28
Step   200/2000   10.0% | t 10.000 | ETA 6m 18s | step 0.18s | KE 706.2999 | drift +0.63% | fluid 218.6976 | solid 487.6023
  Impulse FP iterations last/mean/max 13/14.69/30
Step   300/2000   15.0% | t 15.000 | ETA 5m 51s | step 0.23s | KE 702.3339 | drift +0.07% | fluid 344.7078 | solid 357.6261
  Impulse FP iterations last/mean/max 16/14.42/30
Step   400/2000   20.0% | t 20.000 | ETA 5m 28s | step 0.24s | KE 699.1110 | drift -0.39% | fluid 411.6634 | solid 287.4476
  Impulse FP iterations last/mean/max 19/14.39/30
Step   500/2000   25.0% | t 25.000 | ETA 5m 7s | step 0.21s | KE 706.4128 | drift +0.65% | fluid 217.3827 | solid 489.0301
  Impulse FP iterations last/mean/max 14/14.36/30
Step   600/2000   30.0% | t 30.000 | ETA 4m 46s | step 0.20s | KE 702.0076 | drift +0.02% | fluid 354.1119 | solid 347.8957
  Impulse FP iterations last/mean/max 14/14.32/30
Step   700/2000   35.0% | t 35.000 | ETA 4m 25s | step 0.20s | KE 699.6371 | drift -0.32% | fluid 403.0416 | solid 296.5955
  Impulse FP iterations last/mean/max 14/14.32/30
Step   800/2000   40.0% | t 40.000 | ETA 4m 4s | step 0.18s | KE 706.4518 | drift +0.65% | fluid 216.2849 | solid 490.1670
  Impulse FP iterations last/mean/max 13/14.33/30
Step   900/2000   45.0% | t 45.000 | ETA 3m 44s | step 0.23s | KE 701.5379 | drift -0.05% | fluid 363.9601 | solid 337.5778
  Impulse FP iterations last/mean/max 16/14.34/30
Step  1000/2000   50.0% | t 50.000 | ETA 3m 23s | step 0.16s | KE 700.1053 | drift -0.25% | fluid 393.4077 | solid 306.6976
  Impulse FP iterations last/mean/max 12/14.34/30
Step  1100/2000   55.0% | t 55.000 | ETA 3m 3s | step 0.19s | KE 706.4623 | drift +0.66% | fluid 215.6262 | solid 490.8361
  Impulse FP iterations last/mean/max 14/14.36/30
Step  1200/2000   60.0% | t 60.000 | ETA 2m 42s | step 0.20s | KE 701.0984 | drift -0.11% | fluid 373.9834 | solid 327.1150
  Impulse FP iterations last/mean/max 13/14.33/30
Step  1300/2000   65.0% | t 65.000 | ETA 2m 22s | step 0.19s | KE 700.6126 | drift -0.18% | fluid 383.9856 | solid 316.6271
  Impulse FP iterations last/mean/max 14/14.32/30
Step  1400/2000   70.0% | t 70.000 | ETA 2m 2s | step 0.21s | KE 706.4678 | drift +0.66% | fluid 215.4032 | solid 491.0646
  Impulse FP iterations last/mean/max 14/14.32/30
Step  1500/2000   75.0% | t 75.000 | ETA 1m 41s | step 0.21s | KE 700.6003 | drift -0.18% | fluid 383.5877 | solid 317.0126
  Impulse FP iterations last/mean/max 15/14.32/30
Step  1600/2000   80.0% | t 80.000 | ETA 1m 21s | step 0.18s | KE 701.0643 | drift -0.11% | fluid 374.0578 | solid 327.0065
  Impulse FP iterations last/mean/max 12/14.29/30
Step  1700/2000   85.0% | t 85.000 | ETA 1m 0s | step 0.20s | KE 706.4650 | drift +0.66% | fluid 215.6142 | solid 490.8508
  Impulse FP iterations last/mean/max 15/14.27/30
Step  1800/2000   90.0% | t 90.000 | ETA 40s | step 0.20s | KE 700.1408 | drift -0.24% | fluid 393.3871 | solid 306.7537
  Impulse FP iterations last/mean/max 15/14.27/30
Step  1900/2000   95.0% | t 95.000 | ETA 20s | step 0.21s | KE 701.5524 | drift -0.04% | fluid 364.3209 | solid 337.2315
  Impulse FP iterations last/mean/max 16/14.27/30
Solver finished successfully - good job!
Results saved successfully.

================== Run summary ==================
  Bodies:            2
  Triangles / nodes: 256 / 516
  Timesteps:         2000  (dt = 0.05)
  Simulated time:    0 -> 100
  First-step setup:  0.312 s
  Mean time/step:    0.2003 s  (excl. first step)
  Total wall time:   6m 40s
  Impulse FP iters last/mean/max: 14 / 14.271 / 30
  Approx impulse solves/step:     14.271
  Impulse start cache hits/direct: 1999 / 1
  Impulse global drift P/H:       2.269723e-9 / 1.275879e-2
  Impulse per-body max drift P/H: 2.925450e-9 / 6.541617e-3
  CPU cores:         256 available, 8 Rayon worker thread(s)
  Started:           2026-06-24 02:55:33
  Finished:          2026-06-24 03:02:13
  Output file:       /work/e643/e643/shared/multi_ellip/studies/departing_sphericity_sweep/runs/spheroid_oblate/heterogeneous_aspherical/spheroid_oblate_heterogeneous_aspherical_eps0_rho1_E0p5_sep8_run02_impulse_noproj/multiple_body_complete.dat
================================================
