
================ Simulation setup ================
  Run label:         /work/e643/e643/shared/multi_ellip/studies/departing_sphericity_sweep/runs/spheroid_prolate/heterogeneous_aspherical/spheroid_prolate_heterogeneous_aspherical_eps0p3_rho1_E0p5_sep8_run05_impulse_noproj/
  Started:           2026-06-24 03:03:05
  Input file:        /work/e643/e643/shared/multi_ellip/studies/departing_sphericity_sweep/runs/spheroid_prolate/heterogeneous_aspherical/spheroid_prolate_heterogeneous_aspherical_eps0p3_rho1_E0p5_sep8_run05_impulse_noproj/input.txt
  Output file:       /work/e643/e643/shared/multi_ellip/studies/departing_sphericity_sweep/runs/spheroid_prolate/heterogeneous_aspherical/spheroid_prolate_heterogeneous_aspherical_eps0p3_rho1_E0p5_sep8_run05_impulse_noproj/multiple_body_complete.dat
  Bodies:            2
  Fluid density:     1
  Mesh:              ndiv 2 -> 256 triangles / 516 nodes
  Simulated time:    0 -> 100  (dt = 0.05, ~2000 steps)
  Output cadence:    every 1 step(s)
  Output rows:       ~2001
  Progress cadence:  every 100 step(s)
  CPU cores:         256 available, 8 Rayon worker thread(s)
  Strong coupling:   disabled
  Impulse scheme:    enabled
  Hamiltonian step:  disabled
  Hamiltonian midpt: disabled
  Variational step:  disabled
  Energy projection: disabled
  Projection particular metric: Euclidean
  Fluid KE gradient: disabled  (eps = 0.001, scale = 1, linear = 1, angular = 1)
  Fluid KE discrete gradient: disabled
  Impulse pair metric correction: disabled  (mode = pair discrete-gradient, cutoff = all pairs, inner/outer = 0/0, eps = 0.001, linear scale = 1, angular scale = 0)
  Impulse metric correction: disabled  (internal load constraint = disabled)
  Impulse variational defect probe: disabled
  Impulse quadratic pressure: disabled  (scale = 1)
  Added-mass stab:   disabled
  Exact BEM geometry: disabled
  Exact singular BEM: disabled
  Legacy singular SLP diagnostic: disabled
  Phi-dot blend:     0 (off)

  Solver guidance:
    - Strong coupling: use for stiff close-coupled runs; slower but more implicit.
    - Impulse scheme: use when impulse/momentum conservation or KE drift is the focus. Recommended.
    - Added-mass stab: use for higher mesh counts (ndiv > 3) to preserve stability - deprecated.
================================================
Solver starting - good luck!

Initial state:
  Body  1
    density:          1.000000
    shape axes ratio: (1.000000, 0.455166, 0.455166)
    initial KE ratio: 0.500000
    position:         (-4.000000, 0.000000, 0.000000)
    velocity:         (-0.230421, 6.087074, 1.106060)
    angular velocity: (4.218269, 0.168704, 4.653618)
    orientation:      (w=0.801850, i=-0.096689, j=-0.381333, k=-0.449749)
  Body  2
    density:          1.000000
    shape axes ratio: (1.000000, 0.125000, 0.125000)
    initial KE ratio: 0.500000
    position:         (4.000000, 0.000000, 0.000000)
    velocity:         (-0.592168, 15.643420, 2.842507)
    angular velocity: (-0.741365, -0.966220, 6.164026)
    orientation:      (w=0.320182, i=0.250389, j=-0.043424, k=0.912635)

Preparing first step: implicit scheme, no bootstrap passes required.
First step may take longer than later steps.

First step completed in 0.422 s.

Step   100/2000    5.0% | t 5.000 | ETA 6m 27s | step 0.19s | KE 1429.9548 | drift +0.04% | fluid 475.9598 | solid 953.9950
  Impulse FP iterations last/mean/max 13/13.88/15
Step   200/2000   10.0% | t 10.000 | ETA 6m 6s | step 0.21s | KE 1435.5736 | drift +0.43% | fluid 386.6102 | solid 1048.9634
  Impulse FP iterations last/mean/max 14/13.87/15
Step   300/2000   15.0% | t 15.000 | ETA 5m 44s | step 0.20s | KE 1432.7019 | drift +0.23% | fluid 322.9195 | solid 1109.7824
  Impulse FP iterations last/mean/max 14/13.86/15
Step   400/2000   20.0% | t 20.000 | ETA 5m 24s | step 0.20s | KE 1437.7503 | drift +0.58% | fluid 318.3271 | solid 1119.4232
  Impulse FP iterations last/mean/max 13/13.87/15
Step   500/2000   25.0% | t 25.000 | ETA 5m 3s | step 0.19s | KE 1432.8858 | drift +0.24% | fluid 337.0148 | solid 1095.8709
  Impulse FP iterations last/mean/max 14/13.87/15
Step   600/2000   30.0% | t 30.000 | ETA 4m 43s | step 0.20s | KE 1436.6818 | drift +0.51% | fluid 384.3959 | solid 1052.2859
  Impulse FP iterations last/mean/max 14/13.86/15
Step   700/2000   35.0% | t 35.000 | ETA 4m 23s | step 0.20s | KE 1430.8287 | drift +0.10% | fluid 462.7661 | solid 968.0627
  Impulse FP iterations last/mean/max 14/13.87/15
Step   800/2000   40.0% | t 40.000 | ETA 4m 3s | step 0.21s | KE 1429.6549 | drift +0.01% | fluid 565.0668 | solid 864.5882
  Impulse FP iterations last/mean/max 14/13.87/15
Step   900/2000   45.0% | t 45.000 | ETA 3m 43s | step 0.19s | KE 1425.2832 | drift -0.29% | fluid 631.1468 | solid 794.1364
  Impulse FP iterations last/mean/max 13/13.87/15
Step  1000/2000   50.0% | t 50.000 | ETA 3m 22s | step 0.18s | KE 1424.3363 | drift -0.36% | fluid 666.6039 | solid 757.7324
  Impulse FP iterations last/mean/max 13/13.87/15
Step  1100/2000   55.0% | t 55.000 | ETA 3m 2s | step 0.20s | KE 1425.4125 | drift -0.28% | fluid 656.5000 | solid 768.9126
  Impulse FP iterations last/mean/max 14/13.87/15
Step  1200/2000   60.0% | t 60.000 | ETA 2m 42s | step 0.21s | KE 1427.2020 | drift -0.16% | fluid 587.9853 | solid 839.2167
  Impulse FP iterations last/mean/max 14/13.87/15
Step  1300/2000   65.0% | t 65.000 | ETA 2m 21s | step 0.23s | KE 1433.1385 | drift +0.26% | fluid 490.3811 | solid 942.7574
  Impulse FP iterations last/mean/max 15/13.87/15
Step  1400/2000   70.0% | t 70.000 | ETA 2m 1s | step 0.21s | KE 1432.0557 | drift +0.18% | fluid 403.9607 | solid 1028.0950
  Impulse FP iterations last/mean/max 14/13.88/15
Step  1500/2000   75.0% | t 75.000 | ETA 1m 41s | step 0.21s | KE 1436.9425 | drift +0.52% | fluid 351.8797 | solid 1085.0628
  Impulse FP iterations last/mean/max 14/13.88/15
Step  1600/2000   80.0% | t 80.000 | ETA 1m 21s | step 0.20s | KE 1432.9590 | drift +0.25% | fluid 308.3418 | solid 1124.6172
  Impulse FP iterations last/mean/max 14/13.88/15
Step  1700/2000   85.0% | t 85.000 | ETA 1m 0s | step 0.15s | KE 1437.5385 | drift +0.57% | fluid 318.8006 | solid 1118.7380
  Impulse FP iterations last/mean/max 14/13.88/15
Step  1800/2000   90.0% | t 90.000 | ETA 40s | step 0.16s | KE 1432.0015 | drift +0.18% | fluid 369.5622 | solid 1062.4393
  Impulse FP iterations last/mean/max 14/13.88/15
Step  1900/2000   95.0% | t 95.000 | ETA 19s | step 0.13s | KE 1433.9945 | drift +0.32% | fluid 454.5203 | solid 979.4742
  Impulse FP iterations last/mean/max 14/13.88/15
Solver finished successfully - good job!
Results saved successfully.

================== Run summary ==================
  Bodies:            2
  Triangles / nodes: 256 / 516
  Timesteps:         2000  (dt = 0.05)
  Simulated time:    0 -> 100
  First-step setup:  0.422 s
  Mean time/step:    0.1937 s  (excl. first step)
  Total wall time:   6m 27s
  Impulse FP iters last/mean/max: 15 / 13.877 / 15
  Approx impulse solves/step:     13.877
  Impulse start cache hits/direct: 1999 / 1
  Impulse global drift P/H:       6.884919e-9 / 2.666857e-3
  Impulse per-body max drift P/H: 1.967774e-8 / 1.671141e-3
  CPU cores:         256 available, 8 Rayon worker thread(s)
  Started:           2026-06-24 03:03:05
  Finished:          2026-06-24 03:09:33
  Output file:       /work/e643/e643/shared/multi_ellip/studies/departing_sphericity_sweep/runs/spheroid_prolate/heterogeneous_aspherical/spheroid_prolate_heterogeneous_aspherical_eps0p3_rho1_E0p5_sep8_run05_impulse_noproj/multiple_body_complete.dat
================================================
