
================ Simulation setup ================
  Run label:         /work/e643/e643/shared/multi_ellip/studies/departing_sphericity_sweep/runs/spheroid_prolate/heterogeneous_aspherical/spheroid_prolate_heterogeneous_aspherical_eps0_rho1_E0p5_sep8_run07_impulse_noproj/
  Started:           2026-06-24 02:51:07
  Input file:        /work/e643/e643/shared/multi_ellip/studies/departing_sphericity_sweep/runs/spheroid_prolate/heterogeneous_aspherical/spheroid_prolate_heterogeneous_aspherical_eps0_rho1_E0p5_sep8_run07_impulse_noproj/input.txt
  Output file:       /work/e643/e643/shared/multi_ellip/studies/departing_sphericity_sweep/runs/spheroid_prolate/heterogeneous_aspherical/spheroid_prolate_heterogeneous_aspherical_eps0_rho1_E0p5_sep8_run07_impulse_noproj/multiple_body_complete.dat
  Bodies:            2
  Fluid density:     1
  Mesh:              ndiv 2 -> 256 triangles / 516 nodes
  Simulated time:    0 -> 100  (dt = 0.05, ~2000 steps)
  Output cadence:    every 1 step(s)
  Output rows:       ~2001
  Progress cadence:  every 100 step(s)
  CPU cores:         256 available, 8 Rayon worker thread(s)
  Strong coupling:   disabled
  Impulse scheme:    enabled
  Hamiltonian step:  disabled
  Hamiltonian midpt: disabled
  Variational step:  disabled
  Energy projection: disabled
  Projection particular metric: Euclidean
  Fluid KE gradient: disabled  (eps = 0.001, scale = 1, linear = 1, angular = 1)
  Fluid KE discrete gradient: disabled
  Impulse pair metric correction: disabled  (mode = pair discrete-gradient, cutoff = all pairs, inner/outer = 0/0, eps = 0.001, linear scale = 1, angular scale = 0)
  Impulse metric correction: disabled  (internal load constraint = disabled)
  Impulse variational defect probe: disabled
  Impulse quadratic pressure: disabled  (scale = 1)
  Added-mass stab:   disabled
  Exact BEM geometry: disabled
  Exact singular BEM: disabled
  Legacy singular SLP diagnostic: disabled
  Phi-dot blend:     0 (off)

  Solver guidance:
    - Strong coupling: use for stiff close-coupled runs; slower but more implicit.
    - Impulse scheme: use when impulse/momentum conservation or KE drift is the focus. Recommended.
    - Added-mass stab: use for higher mesh counts (ndiv > 3) to preserve stability - deprecated.
================================================
Solver starting - good luck!

Initial state:
  Body  1
    density:          1.000000
    shape axes ratio: (1.000000, 1.000000, 1.000000)
    initial KE ratio: 0.500000
    position:         (-4.000000, 0.000000, 0.000000)
    velocity:         (1.812589, 2.111665, -4.882430)
    angular velocity: (2.904505, 1.144822, -5.452674)
    orientation:      (w=0.871042, i=0.287222, j=0.287984, k=-0.275418)
  Body  2
    density:          1.000000
    shape axes ratio: (1.000000, 0.125000, 0.125000)
    initial KE ratio: 0.500000
    position:         (4.000000, 0.000000, 0.000000)
    velocity:         (4.889972, 5.696815, -13.171740)
    angular velocity: (2.060569, -2.579555, -5.345874)
    orientation:      (w=-0.328165, i=0.887835, j=-0.059207, k=0.317097)

Preparing first step: implicit scheme, no bootstrap passes required.
First step may take longer than later steps.

First step completed in 0.326 s.

Step   100/2000    5.0% | t 5.000 | ETA 5m 48s | step 0.18s | KE 1591.0417 | drift +0.57% | fluid 567.7284 | solid 1023.3132
  Impulse FP iterations last/mean/max 11/12.51/14
Step   200/2000   10.0% | t 10.000 | ETA 5m 29s | step 0.19s | KE 1583.2553 | drift +0.08% | fluid 756.4808 | solid 826.7745
  Impulse FP iterations last/mean/max 13/12.55/14
Step   300/2000   15.0% | t 15.000 | ETA 5m 9s | step 0.19s | KE 1601.6380 | drift +1.24% | fluid 569.7899 | solid 1031.8482
  Impulse FP iterations last/mean/max 13/12.56/14
Step   400/2000   20.0% | t 20.000 | ETA 4m 51s | step 0.18s | KE 1585.3990 | drift +0.21% | fluid 741.8788 | solid 843.5201
  Impulse FP iterations last/mean/max 13/12.53/14
Step   500/2000   25.0% | t 25.000 | ETA 4m 32s | step 0.20s | KE 1589.7780 | drift +0.49% | fluid 592.6604 | solid 997.1176
  Impulse FP iterations last/mean/max 13/12.52/14
Step   600/2000   30.0% | t 30.000 | ETA 4m 14s | step 0.20s | KE 1584.7889 | drift +0.18% | fluid 695.0100 | solid 889.7790
  Impulse FP iterations last/mean/max 13/12.52/14
Step   700/2000   35.0% | t 35.000 | ETA 3m 56s | step 0.19s | KE 1594.5536 | drift +0.79% | fluid 647.1007 | solid 947.4529
  Impulse FP iterations last/mean/max 13/12.54/14
Step   800/2000   40.0% | t 40.000 | ETA 3m 37s | step 0.18s | KE 1595.1809 | drift +0.83% | fluid 640.2515 | solid 954.9294
  Impulse FP iterations last/mean/max 12/12.52/14
Step   900/2000   45.0% | t 45.000 | ETA 3m 19s | step 0.18s | KE 1584.4863 | drift +0.16% | fluid 701.7226 | solid 882.7637
  Impulse FP iterations last/mean/max 12/12.51/14
Step  1000/2000   50.0% | t 50.000 | ETA 3m 1s | step 0.17s | KE 1590.0271 | drift +0.51% | fluid 587.7353 | solid 1002.2918
  Impulse FP iterations last/mean/max 12/12.52/15
Step  1100/2000   55.0% | t 55.000 | ETA 2m 43s | step 0.17s | KE 1584.9709 | drift +0.19% | fluid 745.5597 | solid 839.4112
  Impulse FP iterations last/mean/max 11/12.52/15
Step  1200/2000   60.0% | t 60.000 | ETA 2m 25s | step 0.20s | KE 1601.7603 | drift +1.25% | fluid 568.4698 | solid 1033.2904
  Impulse FP iterations last/mean/max 14/12.52/15
Step  1300/2000   65.0% | t 65.000 | ETA 2m 7s | step 0.18s | KE 1583.4745 | drift +0.09% | fluid 755.7894 | solid 827.6851
  Impulse FP iterations last/mean/max 13/12.52/15
Step  1400/2000   70.0% | t 70.000 | ETA 1m 49s | step 0.18s | KE 1590.9115 | drift +0.56% | fluid 570.3153 | solid 1020.5962
  Impulse FP iterations last/mean/max 13/12.53/15
Step  1500/2000   75.0% | t 75.000 | ETA 1m 30s | step 0.19s | KE 1583.3507 | drift +0.08% | fluid 728.9947 | solid 854.3560
  Impulse FP iterations last/mean/max 13/12.53/15
Step  1600/2000   80.0% | t 80.000 | ETA 1m 12s | step 0.19s | KE 1597.8376 | drift +1.00% | fluid 611.1950 | solid 986.6427
  Impulse FP iterations last/mean/max 13/12.52/15
Step  1700/2000   85.0% | t 85.000 | ETA 54s | step 0.18s | KE 1591.5924 | drift +0.61% | fluid 679.2043 | solid 912.3881
  Impulse FP iterations last/mean/max 13/12.52/15
Step  1800/2000   90.0% | t 90.000 | ETA 36s | step 0.16s | KE 1586.3154 | drift +0.27% | fluid 662.5657 | solid 923.7497
  Impulse FP iterations last/mean/max 13/12.52/15
Step  1900/2000   95.0% | t 95.000 | ETA 17s | step 0.13s | KE 1588.4375 | drift +0.41% | fluid 619.3725 | solid 969.0650
  Impulse FP iterations last/mean/max 13/12.52/15
Solver finished successfully - good job!
Results saved successfully.

================== Run summary ==================
  Bodies:            2
  Triangles / nodes: 256 / 516
  Timesteps:         2000  (dt = 0.05)
  Simulated time:    0 -> 100
  First-step setup:  0.326 s
  Mean time/step:    0.1755 s  (excl. first step)
  Total wall time:   5m 51s
  Impulse FP iters last/mean/max: 10 / 12.518 / 15
  Approx impulse solves/step:     12.518
  Impulse start cache hits/direct: 1999 / 1
  Impulse global drift P/H:       1.328264e-9 / 3.783021e-3
  Impulse per-body max drift P/H: 1.832878e-9 / 2.469037e-3
  CPU cores:         256 available, 8 Rayon worker thread(s)
  Started:           2026-06-24 02:51:07
  Finished:          2026-06-24 02:56:58
  Output file:       /work/e643/e643/shared/multi_ellip/studies/departing_sphericity_sweep/runs/spheroid_prolate/heterogeneous_aspherical/spheroid_prolate_heterogeneous_aspherical_eps0_rho1_E0p5_sep8_run07_impulse_noproj/multiple_body_complete.dat
================================================
