
================ Simulation setup ================
  Run label:         /work/e643/e643/shared/multi_ellip/studies/departing_sphericity_sweep/runs/spheroid_oblate/heterogeneous_aspherical/spheroid_oblate_heterogeneous_aspherical_eps0p03_rho1_E0p5_sep8_run10_impulse_noproj/
  Started:           2026-06-24 03:12:17
  Input file:        /work/e643/e643/shared/multi_ellip/studies/departing_sphericity_sweep/runs/spheroid_oblate/heterogeneous_aspherical/spheroid_oblate_heterogeneous_aspherical_eps0p03_rho1_E0p5_sep8_run10_impulse_noproj/input.txt
  Output file:       /work/e643/e643/shared/multi_ellip/studies/departing_sphericity_sweep/runs/spheroid_oblate/heterogeneous_aspherical/spheroid_oblate_heterogeneous_aspherical_eps0p03_rho1_E0p5_sep8_run10_impulse_noproj/multiple_body_complete.dat
  Bodies:            2
  Fluid density:     1
  Mesh:              ndiv 2 -> 256 triangles / 516 nodes
  Simulated time:    0 -> 100  (dt = 0.05, ~2000 steps)
  Output cadence:    every 1 step(s)
  Output rows:       ~2001
  Progress cadence:  every 100 step(s)
  CPU cores:         256 available, 8 Rayon worker thread(s)
  Strong coupling:   disabled
  Impulse scheme:    enabled
  Hamiltonian step:  disabled
  Hamiltonian midpt: disabled
  Variational step:  disabled
  Energy projection: disabled
  Projection particular metric: Euclidean
  Fluid KE gradient: disabled  (eps = 0.001, scale = 1, linear = 1, angular = 1)
  Fluid KE discrete gradient: disabled
  Impulse pair metric correction: disabled  (mode = pair discrete-gradient, cutoff = all pairs, inner/outer = 0/0, eps = 0.001, linear scale = 1, angular scale = 0)
  Impulse metric correction: disabled  (internal load constraint = disabled)
  Impulse variational defect probe: disabled
  Impulse quadratic pressure: disabled  (scale = 1)
  Added-mass stab:   disabled
  Exact BEM geometry: disabled
  Exact singular BEM: disabled
  Legacy singular SLP diagnostic: disabled
  Phi-dot blend:     0 (off)

  Solver guidance:
    - Strong coupling: use for stiff close-coupled runs; slower but more implicit.
    - Impulse scheme: use when impulse/momentum conservation or KE drift is the focus. Recommended.
    - Added-mass stab: use for higher mesh counts (ndiv > 3) to preserve stability - deprecated.
================================================
Solver starting - good luck!

Initial state:
  Body  1
    density:          1.000000
    shape axes ratio: (1.000000, 1.000000, 0.915142)
    initial KE ratio: 0.500000
    position:         (-4.000000, 0.000000, 0.000000)
    velocity:         (2.996268, -4.859381, 0.842754)
    angular velocity: (0.306268, 1.695301, -6.042398)
    orientation:      (w=0.083600, i=0.956583, j=-0.235353, k=0.150232)
  Body  2
    density:          1.000000
    shape axes ratio: (1.000000, 1.000000, 0.125000)
    initial KE ratio: 0.500000
    position:         (4.000000, 0.000000, 0.000000)
    velocity:         (5.560248, -9.017673, 1.563919)
    angular velocity: (-1.778057, 2.058041, 5.664045)
    orientation:      (w=-0.028849, i=0.162931, j=-0.358557, k=-0.918726)

Preparing first step: implicit scheme, no bootstrap passes required.
First step may take longer than later steps.

First step completed in 0.319 s.

Step   100/2000    5.0% | t 5.000 | ETA 8m 11s | step 0.33s | KE 1018.3833 | drift -0.74% | fluid 643.8229 | solid 374.5605
  Impulse FP iterations last/mean/max 24/18.27/30
Step   200/2000   10.0% | t 10.000 | ETA 7m 44s | step 0.23s | KE 1020.1101 | drift -0.58% | fluid 547.1958 | solid 472.9143
  Impulse FP iterations last/mean/max 17/18.19/30
Step   300/2000   15.0% | t 15.000 | ETA 7m 20s | step 0.24s | KE 1018.8083 | drift -0.70% | fluid 646.3602 | solid 372.4481
  Impulse FP iterations last/mean/max 16/18.28/30
Step   400/2000   20.0% | t 20.000 | ETA 6m 52s | step 0.26s | KE 1020.0667 | drift -0.58% | fluid 554.2866 | solid 465.7802
  Impulse FP iterations last/mean/max 18/18.15/30
Step   500/2000   25.0% | t 25.000 | ETA 6m 27s | step 0.25s | KE 1019.1312 | drift -0.67% | fluid 628.9952 | solid 390.1360
  Impulse FP iterations last/mean/max 17/18.24/30
Step   600/2000   30.0% | t 30.000 | ETA 6m 1s | step 0.39s | KE 1019.8768 | drift -0.60% | fluid 580.6500 | solid 439.2268
  Impulse FP iterations last/mean/max 29/18.23/30
Step   700/2000   35.0% | t 35.000 | ETA 5m 35s | step 0.24s | KE 1019.6847 | drift -0.62% | fluid 596.9615 | solid 422.7231
  Impulse FP iterations last/mean/max 17/18.19/30
Step   800/2000   40.0% | t 40.000 | ETA 5m 9s | step 0.23s | KE 1019.4582 | drift -0.64% | fluid 613.3256 | solid 406.1327
  Impulse FP iterations last/mean/max 16/18.16/30
Step   900/2000   45.0% | t 45.000 | ETA 4m 43s | step 0.26s | KE 1019.9513 | drift -0.59% | fluid 566.7713 | solid 453.1800
  Impulse FP iterations last/mean/max 18/18.18/30
Step  1000/2000   50.0% | t 50.000 | ETA 4m 17s | step 0.38s | KE 1018.9414 | drift -0.69% | fluid 639.5447 | solid 379.3966
  Impulse FP iterations last/mean/max 27/18.16/30
Step  1100/2000   55.0% | t 55.000 | ETA 3m 51s | step 0.24s | KE 1020.0887 | drift -0.58% | fluid 547.7068 | solid 472.3819
  Impulse FP iterations last/mean/max 19/18.15/30
Step  1200/2000   60.0% | t 60.000 | ETA 3m 25s | step 0.24s | KE 1018.7297 | drift -0.71% | fluid 648.2377 | solid 370.4919
  Impulse FP iterations last/mean/max 17/18.14/30
Step  1300/2000   65.0% | t 65.000 | ETA 2m 59s | step 0.25s | KE 1020.0611 | drift -0.58% | fluid 551.0004 | solid 469.0607
  Impulse FP iterations last/mean/max 17/18.14/30
Step  1400/2000   70.0% | t 70.000 | ETA 2m 33s | step 0.24s | KE 1019.0389 | drift -0.68% | fluid 634.5178 | solid 384.5211
  Impulse FP iterations last/mean/max 16/18.12/30
Step  1500/2000   75.0% | t 75.000 | ETA 2m 8s | step 0.25s | KE 1019.9622 | drift -0.59% | fluid 572.4412 | solid 447.5210
  Impulse FP iterations last/mean/max 17/18.11/30
Step  1600/2000   80.0% | t 80.000 | ETA 1m 42s | step 0.23s | KE 1019.5234 | drift -0.63% | fluid 606.3964 | solid 413.1270
  Impulse FP iterations last/mean/max 17/18.12/30
Step  1700/2000   85.0% | t 85.000 | ETA 1m 16s | step 0.20s | KE 1019.5841 | drift -0.63% | fluid 605.1808 | solid 414.4032
  Impulse FP iterations last/mean/max 16/18.16/30
Step  1800/2000   90.0% | t 90.000 | ETA 50s | step 0.19s | KE 1019.9399 | drift -0.59% | fluid 572.8942 | solid 447.0457
  Impulse FP iterations last/mean/max 17/18.13/30
Step  1900/2000   95.0% | t 95.000 | ETA 24s | step 0.18s | KE 1019.0532 | drift -0.68% | fluid 634.4209 | solid 384.6323
  Impulse FP iterations last/mean/max 17/18.14/30
Solver finished successfully - good job!
Results saved successfully.

================== Run summary ==================
  Bodies:            2
  Triangles / nodes: 256 / 516
  Timesteps:         2000  (dt = 0.05)
  Simulated time:    0 -> 100
  First-step setup:  0.319 s
  Mean time/step:    0.2462 s  (excl. first step)
  Total wall time:   8m 12s
  Impulse FP iters last/mean/max: 17 / 18.148 / 30
  Approx impulse solves/step:     18.148
  Impulse start cache hits/direct: 1999 / 1
  Impulse global drift P/H:       3.397793e-9 / 7.549924e-4
  Impulse per-body max drift P/H: 3.991978e-9 / 1.661568e-3
  CPU cores:         256 available, 8 Rayon worker thread(s)
  Started:           2026-06-24 03:12:17
  Finished:          2026-06-24 03:20:30
  Output file:       /work/e643/e643/shared/multi_ellip/studies/departing_sphericity_sweep/runs/spheroid_oblate/heterogeneous_aspherical/spheroid_oblate_heterogeneous_aspherical_eps0p03_rho1_E0p5_sep8_run10_impulse_noproj/multiple_body_complete.dat
================================================
