
================ Simulation setup ================
  Run label:         /work/e643/e643/shared/multi_ellip/studies/departing_sphericity_sweep/runs/spheroid_prolate/heterogeneous_aspherical/spheroid_prolate_heterogeneous_aspherical_eps0p0003_rho1_E0p5_sep8_run01_impulse_noproj/
  Started:           2026-06-24 02:51:08
  Input file:        /work/e643/e643/shared/multi_ellip/studies/departing_sphericity_sweep/runs/spheroid_prolate/heterogeneous_aspherical/spheroid_prolate_heterogeneous_aspherical_eps0p0003_rho1_E0p5_sep8_run01_impulse_noproj/input.txt
  Output file:       /work/e643/e643/shared/multi_ellip/studies/departing_sphericity_sweep/runs/spheroid_prolate/heterogeneous_aspherical/spheroid_prolate_heterogeneous_aspherical_eps0p0003_rho1_E0p5_sep8_run01_impulse_noproj/multiple_body_complete.dat
  Bodies:            2
  Fluid density:     1
  Mesh:              ndiv 2 -> 256 triangles / 516 nodes
  Simulated time:    0 -> 100  (dt = 0.05, ~2000 steps)
  Output cadence:    every 1 step(s)
  Output rows:       ~2001
  Progress cadence:  every 100 step(s)
  CPU cores:         256 available, 8 Rayon worker thread(s)
  Strong coupling:   disabled
  Impulse scheme:    enabled
  Hamiltonian step:  disabled
  Hamiltonian midpt: disabled
  Variational step:  disabled
  Energy projection: disabled
  Projection particular metric: Euclidean
  Fluid KE gradient: disabled  (eps = 0.001, scale = 1, linear = 1, angular = 1)
  Fluid KE discrete gradient: disabled
  Impulse pair metric correction: disabled  (mode = pair discrete-gradient, cutoff = all pairs, inner/outer = 0/0, eps = 0.001, linear scale = 1, angular scale = 0)
  Impulse metric correction: disabled  (internal load constraint = disabled)
  Impulse variational defect probe: disabled
  Impulse quadratic pressure: disabled  (scale = 1)
  Added-mass stab:   disabled
  Exact BEM geometry: disabled
  Exact singular BEM: disabled
  Legacy singular SLP diagnostic: disabled
  Phi-dot blend:     0 (off)

  Solver guidance:
    - Strong coupling: use for stiff close-coupled runs; slower but more implicit.
    - Impulse scheme: use when impulse/momentum conservation or KE drift is the focus. Recommended.
    - Added-mass stab: use for higher mesh counts (ndiv > 3) to preserve stability - deprecated.
================================================
Solver starting - good luck!

Initial state:
  Body  1
    density:          1.000000
    shape axes ratio: (1.000000, 0.999101, 0.999101)
    initial KE ratio: 0.500000
    position:         (-4.000000, 0.000000, 0.000000)
    velocity:         (3.719260, 2.619050, 3.301459)
    angular velocity: (-0.619376, 1.795674, 5.989186)
    orientation:      (w=0.190912, i=-0.722580, j=0.316014, k=0.584437)
  Body  2
    density:          1.000000
    shape axes ratio: (1.000000, 0.125000, 0.125000)
    initial KE ratio: 0.500000
    position:         (4.000000, 0.000000, 0.000000)
    velocity:         (9.164979, 6.453848, 8.135436)
    angular velocity: (3.206526, -2.209552, -4.930972)
    orientation:      (w=-0.859634, i=0.319098, j=-0.241495, k=-0.317626)

Preparing first step: implicit scheme, no bootstrap passes required.
First step may take longer than later steps.

First step completed in 0.408 s.

Step   100/2000    5.0% | t 5.000 | ETA 5m 48s | step 0.18s | KE 1199.4813 | drift +0.43% | fluid 453.4646 | solid 746.0167
  Impulse FP iterations last/mean/max 13/12.53/13
Step   200/2000   10.0% | t 10.000 | ETA 5m 26s | step 0.16s | KE 1190.8465 | drift -0.30% | fluid 552.8686 | solid 637.9779
  Impulse FP iterations last/mean/max 11/12.51/13
Step   300/2000   15.0% | t 15.000 | ETA 5m 7s | step 0.18s | KE 1191.0138 | drift -0.28% | fluid 445.5205 | solid 745.4933
  Impulse FP iterations last/mean/max 13/12.49/13
Step   400/2000   20.0% | t 20.000 | ETA 4m 48s | step 0.15s | KE 1192.8630 | drift -0.13% | fluid 557.3750 | solid 635.4880
  Impulse FP iterations last/mean/max 10/12.45/13
Step   500/2000   25.0% | t 25.000 | ETA 4m 29s | step 0.19s | KE 1199.7808 | drift +0.45% | fluid 447.7103 | solid 752.0704
  Impulse FP iterations last/mean/max 13/12.41/13
Step   600/2000   30.0% | t 30.000 | ETA 4m 11s | step 0.14s | KE 1191.0306 | drift -0.28% | fluid 559.1554 | solid 631.8752
  Impulse FP iterations last/mean/max 10/12.40/14
Step   700/2000   35.0% | t 35.000 | ETA 3m 53s | step 0.19s | KE 1191.0403 | drift -0.28% | fluid 440.6362 | solid 750.4041
  Impulse FP iterations last/mean/max 13/12.39/14
Step   800/2000   40.0% | t 40.000 | ETA 3m 35s | step 0.14s | KE 1192.3056 | drift -0.17% | fluid 562.0785 | solid 630.2271
  Impulse FP iterations last/mean/max 10/12.38/14
Step   900/2000   45.0% | t 45.000 | ETA 3m 16s | step 0.19s | KE 1199.9819 | drift +0.47% | fluid 443.9909 | solid 755.9910
  Impulse FP iterations last/mean/max 13/12.38/14
Step  1000/2000   50.0% | t 50.000 | ETA 2m 58s | step 0.17s | KE 1191.2974 | drift -0.26% | fluid 563.0974 | solid 628.1999
  Impulse FP iterations last/mean/max 11/12.38/14
Step  1100/2000   55.0% | t 55.000 | ETA 2m 41s | step 0.18s | KE 1191.0552 | drift -0.28% | fluid 437.9125 | solid 753.1428
  Impulse FP iterations last/mean/max 13/12.39/14
Step  1200/2000   60.0% | t 60.000 | ETA 2m 23s | step 0.16s | KE 1191.8289 | drift -0.21% | fluid 564.3349 | solid 627.4939
  Impulse FP iterations last/mean/max 11/12.38/14
Step  1300/2000   65.0% | t 65.000 | ETA 2m 5s | step 0.19s | KE 1200.0667 | drift +0.48% | fluid 442.4225 | solid 757.6442
  Impulse FP iterations last/mean/max 13/12.38/14
Step  1400/2000   70.0% | t 70.000 | ETA 1m 47s | step 0.17s | KE 1191.6501 | drift -0.23% | fluid 564.5181 | solid 627.1320
  Impulse FP iterations last/mean/max 12/12.37/14
Step  1500/2000   75.0% | t 75.000 | ETA 1m 29s | step 0.18s | KE 1191.0579 | drift -0.28% | fluid 437.4263 | solid 753.6316
  Impulse FP iterations last/mean/max 12/12.36/14
Step  1600/2000   80.0% | t 80.000 | ETA 1m 11s | step 0.18s | KE 1191.4384 | drift -0.25% | fluid 564.0232 | solid 627.4152
  Impulse FP iterations last/mean/max 12/12.36/14
Step  1700/2000   85.0% | t 85.000 | ETA 53s | step 0.17s | KE 1200.0329 | drift +0.47% | fluid 443.0475 | solid 756.9853
  Impulse FP iterations last/mean/max 13/12.37/14
Step  1800/2000   90.0% | t 90.000 | ETA 35s | step 0.15s | KE 1192.0902 | drift -0.19% | fluid 563.3581 | solid 628.7321
  Impulse FP iterations last/mean/max 12/12.37/14
Step  1900/2000   95.0% | t 95.000 | ETA 17s | step 0.15s | KE 1191.0482 | drift -0.28% | fluid 439.1929 | solid 751.8553
  Impulse FP iterations last/mean/max 13/12.38/14
Solver finished successfully - good job!
Results saved successfully.

================== Run summary ==================
  Bodies:            2
  Triangles / nodes: 256 / 516
  Timesteps:         2000  (dt = 0.05)
  Simulated time:    0 -> 100
  First-step setup:  0.408 s
  Mean time/step:    0.1739 s  (excl. first step)
  Total wall time:   5m 48s
  Impulse FP iters last/mean/max: 12 / 12.374 / 14
  Approx impulse solves/step:     12.375
  Impulse start cache hits/direct: 1999 / 1
  Impulse global drift P/H:       8.065431e-9 / 1.507912e-3
  Impulse per-body max drift P/H: 1.057123e-8 / 1.163325e-3
  CPU cores:         256 available, 8 Rayon worker thread(s)
  Started:           2026-06-24 02:51:08
  Finished:          2026-06-24 02:56:56
  Output file:       /work/e643/e643/shared/multi_ellip/studies/departing_sphericity_sweep/runs/spheroid_prolate/heterogeneous_aspherical/spheroid_prolate_heterogeneous_aspherical_eps0p0003_rho1_E0p5_sep8_run01_impulse_noproj/multiple_body_complete.dat
================================================
