
================ Simulation setup ================
  Run label:         /work/e643/e643/shared/multi_ellip/studies/departing_sphericity_sweep/runs/spheroid_oblate/heterogeneous_aspherical/spheroid_oblate_heterogeneous_aspherical_eps0p0003_rho1_E0p5_sep8_run02_impulse_noproj/
  Started:           2026-06-24 02:55:34
  Input file:        /work/e643/e643/shared/multi_ellip/studies/departing_sphericity_sweep/runs/spheroid_oblate/heterogeneous_aspherical/spheroid_oblate_heterogeneous_aspherical_eps0p0003_rho1_E0p5_sep8_run02_impulse_noproj/input.txt
  Output file:       /work/e643/e643/shared/multi_ellip/studies/departing_sphericity_sweep/runs/spheroid_oblate/heterogeneous_aspherical/spheroid_oblate_heterogeneous_aspherical_eps0p0003_rho1_E0p5_sep8_run02_impulse_noproj/multiple_body_complete.dat
  Bodies:            2
  Fluid density:     1
  Mesh:              ndiv 2 -> 256 triangles / 516 nodes
  Simulated time:    0 -> 100  (dt = 0.05, ~2000 steps)
  Output cadence:    every 1 step(s)
  Output rows:       ~2001
  Progress cadence:  every 100 step(s)
  CPU cores:         256 available, 8 Rayon worker thread(s)
  Strong coupling:   disabled
  Impulse scheme:    enabled
  Hamiltonian step:  disabled
  Hamiltonian midpt: disabled
  Variational step:  disabled
  Energy projection: disabled
  Projection particular metric: Euclidean
  Fluid KE gradient: disabled  (eps = 0.001, scale = 1, linear = 1, angular = 1)
  Fluid KE discrete gradient: disabled
  Impulse pair metric correction: disabled  (mode = pair discrete-gradient, cutoff = all pairs, inner/outer = 0/0, eps = 0.001, linear scale = 1, angular scale = 0)
  Impulse metric correction: disabled  (internal load constraint = disabled)
  Impulse variational defect probe: disabled
  Impulse quadratic pressure: disabled  (scale = 1)
  Added-mass stab:   disabled
  Exact BEM geometry: disabled
  Exact singular BEM: disabled
  Legacy singular SLP diagnostic: disabled
  Phi-dot blend:     0 (off)

  Solver guidance:
    - Strong coupling: use for stiff close-coupled runs; slower but more implicit.
    - Impulse scheme: use when impulse/momentum conservation or KE drift is the focus. Recommended.
    - Added-mass stab: use for higher mesh counts (ndiv > 3) to preserve stability - deprecated.
================================================
Solver starting - good luck!

Initial state:
  Body  1
    density:          1.000000
    shape axes ratio: (1.000000, 1.000000, 0.999101)
    initial KE ratio: 0.500000
    position:         (-4.000000, 0.000000, 0.000000)
    velocity:         (3.959455, 3.872310, 0.963025)
    angular velocity: (-0.921404, 1.488187, -6.034462)
    orientation:      (w=0.586923, i=0.239497, j=-0.638526, k=0.436402)
  Body  2
    density:          1.000000
    shape axes ratio: (1.000000, 1.000000, 0.125000)
    initial KE ratio: 0.500000
    position:         (4.000000, 0.000000, 0.000000)
    velocity:         (7.520062, 7.354551, 1.829042)
    angular velocity: (-2.111429, -1.838431, -5.624985)
    orientation:      (w=-0.784159, i=0.613828, j=-0.027405, k=-0.086942)

Preparing first step: implicit scheme, no bootstrap passes required.
First step may take longer than later steps.

First step completed in 0.469 s.

Step   100/2000    5.0% | t 5.000 | ETA 8m 8s | step 0.24s | KE 1208.6359 | drift +0.28% | fluid 865.6940 | solid 342.9419
  Impulse FP iterations last/mean/max 17/18.05/30
Step   200/2000   10.0% | t 10.000 | ETA 7m 37s | step 0.23s | KE 1211.8598 | drift +0.55% | fluid 698.8844 | solid 512.9754
  Impulse FP iterations last/mean/max 16/17.80/30
Step   300/2000   15.0% | t 15.000 | ETA 7m 12s | step 0.26s | KE 1211.4736 | drift +0.52% | fluid 618.4958 | solid 592.9778
  Impulse FP iterations last/mean/max 19/17.82/30
Step   400/2000   20.0% | t 20.000 | ETA 6m 46s | step 0.24s | KE 1210.4688 | drift +0.43% | fluid 784.0841 | solid 426.3846
  Impulse FP iterations last/mean/max 17/17.82/30
Step   500/2000   25.0% | t 25.000 | ETA 6m 20s | step 0.25s | KE 1207.6428 | drift +0.20% | fluid 865.7056 | solid 341.9372
  Impulse FP iterations last/mean/max 17/17.80/30
Step   600/2000   30.0% | t 30.000 | ETA 5m 54s | step 0.22s | KE 1211.6589 | drift +0.53% | fluid 698.9354 | solid 512.7235
  Impulse FP iterations last/mean/max 16/17.75/30
Step   700/2000   35.0% | t 35.000 | ETA 5m 28s | step 0.26s | KE 1211.3958 | drift +0.51% | fluid 618.4736 | solid 592.9222
  Impulse FP iterations last/mean/max 19/17.74/30
Step   800/2000   40.0% | t 40.000 | ETA 5m 3s | step 0.23s | KE 1210.4304 | drift +0.43% | fluid 784.0339 | solid 426.3965
  Impulse FP iterations last/mean/max 17/17.75/30
Step   900/2000   45.0% | t 45.000 | ETA 4m 38s | step 0.24s | KE 1207.6190 | drift +0.20% | fluid 865.7277 | solid 341.8912
  Impulse FP iterations last/mean/max 17/17.76/30
Step  1000/2000   50.0% | t 50.000 | ETA 4m 12s | step 0.27s | KE 1211.6450 | drift +0.53% | fluid 698.9827 | solid 512.6623
  Impulse FP iterations last/mean/max 20/17.72/30
Step  1100/2000   55.0% | t 55.000 | ETA 3m 47s | step 0.27s | KE 1211.3859 | drift +0.51% | fluid 618.4549 | solid 592.9310
  Impulse FP iterations last/mean/max 19/17.72/30
Step  1200/2000   60.0% | t 60.000 | ETA 3m 21s | step 0.25s | KE 1210.4240 | drift +0.43% | fluid 783.9864 | solid 426.4377
  Impulse FP iterations last/mean/max 17/17.73/30
Step  1300/2000   65.0% | t 65.000 | ETA 2m 56s | step 0.24s | KE 1207.6133 | drift +0.20% | fluid 865.7437 | solid 341.8696
  Impulse FP iterations last/mean/max 16/17.72/30
Step  1400/2000   70.0% | t 70.000 | ETA 2m 31s | step 0.34s | KE 1211.6415 | drift +0.53% | fluid 699.0319 | solid 512.6096
  Impulse FP iterations last/mean/max 27/17.75/30
Step  1500/2000   75.0% | t 75.000 | ETA 2m 5s | step 0.21s | KE 1211.3822 | drift +0.51% | fluid 618.4404 | solid 592.9419
  Impulse FP iterations last/mean/max 18/17.74/30
Step  1600/2000   80.0% | t 80.000 | ETA 1m 39s | step 0.20s | KE 1210.4224 | drift +0.43% | fluid 783.9350 | solid 426.4874
  Impulse FP iterations last/mean/max 17/17.73/30
Step  1700/2000   85.0% | t 85.000 | ETA 1m 13s | step 0.17s | KE 1207.6111 | drift +0.20% | fluid 865.7586 | solid 341.8526
  Impulse FP iterations last/mean/max 16/17.72/30
Step  1800/2000   90.0% | t 90.000 | ETA 48s | step 0.15s | KE 1211.6400 | drift +0.53% | fluid 699.0833 | solid 512.5567
  Impulse FP iterations last/mean/max 16/17.73/30
Step  1900/2000   95.0% | t 95.000 | ETA 23s | step 0.18s | KE 1211.3800 | drift +0.51% | fluid 618.4270 | solid 592.9529
  Impulse FP iterations last/mean/max 19/17.73/30
Solver finished successfully - good job!
Results saved successfully.

================== Run summary ==================
  Bodies:            2
  Triangles / nodes: 256 / 516
  Timesteps:         2000  (dt = 0.05)
  Simulated time:    0 -> 100
  First-step setup:  0.469 s
  Mean time/step:    0.2344 s  (excl. first step)
  Total wall time:   7m 49s
  Impulse FP iters last/mean/max: 17 / 17.731 / 30
  Approx impulse solves/step:     17.732
  Impulse start cache hits/direct: 1999 / 1
  Impulse global drift P/H:       1.927827e-9 / 2.514970e-4
  Impulse per-body max drift P/H: 2.282700e-9 / 2.046093e-4
  CPU cores:         256 available, 8 Rayon worker thread(s)
  Started:           2026-06-24 02:55:34
  Finished:          2026-06-24 03:03:23
  Output file:       /work/e643/e643/shared/multi_ellip/studies/departing_sphericity_sweep/runs/spheroid_oblate/heterogeneous_aspherical/spheroid_oblate_heterogeneous_aspherical_eps0p0003_rho1_E0p5_sep8_run02_impulse_noproj/multiple_body_complete.dat
================================================
