
================ Simulation setup ================
  Run label:         /work/e643/e643/shared/multi_ellip/studies/departing_sphericity_sweep/runs/spheroid_prolate/heterogeneous_aspherical/spheroid_prolate_heterogeneous_aspherical_eps0p01_rho1_E0p5_sep8_run07_impulse_noproj/
  Started:           2026-06-24 03:03:03
  Input file:        /work/e643/e643/shared/multi_ellip/studies/departing_sphericity_sweep/runs/spheroid_prolate/heterogeneous_aspherical/spheroid_prolate_heterogeneous_aspherical_eps0p01_rho1_E0p5_sep8_run07_impulse_noproj/input.txt
  Output file:       /work/e643/e643/shared/multi_ellip/studies/departing_sphericity_sweep/runs/spheroid_prolate/heterogeneous_aspherical/spheroid_prolate_heterogeneous_aspherical_eps0p01_rho1_E0p5_sep8_run07_impulse_noproj/multiple_body_complete.dat
  Bodies:            2
  Fluid density:     1
  Mesh:              ndiv 2 -> 256 triangles / 516 nodes
  Simulated time:    0 -> 100  (dt = 0.05, ~2000 steps)
  Output cadence:    every 1 step(s)
  Output rows:       ~2001
  Progress cadence:  every 100 step(s)
  CPU cores:         256 available, 8 Rayon worker thread(s)
  Strong coupling:   disabled
  Impulse scheme:    enabled
  Hamiltonian step:  disabled
  Hamiltonian midpt: disabled
  Variational step:  disabled
  Energy projection: disabled
  Projection particular metric: Euclidean
  Fluid KE gradient: disabled  (eps = 0.001, scale = 1, linear = 1, angular = 1)
  Fluid KE discrete gradient: disabled
  Impulse pair metric correction: disabled  (mode = pair discrete-gradient, cutoff = all pairs, inner/outer = 0/0, eps = 0.001, linear scale = 1, angular scale = 0)
  Impulse metric correction: disabled  (internal load constraint = disabled)
  Impulse variational defect probe: disabled
  Impulse quadratic pressure: disabled  (scale = 1)
  Added-mass stab:   disabled
  Exact BEM geometry: disabled
  Exact singular BEM: disabled
  Legacy singular SLP diagnostic: disabled
  Phi-dot blend:     0 (off)

  Solver guidance:
    - Strong coupling: use for stiff close-coupled runs; slower but more implicit.
    - Impulse scheme: use when impulse/momentum conservation or KE drift is the focus. Recommended.
    - Added-mass stab: use for higher mesh counts (ndiv > 3) to preserve stability - deprecated.
================================================
Solver starting - good luck!

Initial state:
  Body  1
    density:          1.000000
    shape axes ratio: (1.000000, 0.970590, 0.970590)
    initial KE ratio: 0.500000
    position:         (-4.000000, 0.000000, 0.000000)
    velocity:         (-1.516548, -3.532245, -4.036351)
    angular velocity: (5.914909, -1.109726, 1.805763)
    orientation:      (w=0.484144, i=0.038955, j=-0.078927, k=-0.870550)
  Body  2
    density:          1.000000
    shape axes ratio: (1.000000, 0.125000, 0.125000)
    initial KE ratio: 0.500000
    position:         (4.000000, 0.000000, 0.000000)
    velocity:         (-3.924529, -9.140755, -10.445283)
    angular velocity: (-2.776044, -3.035289, 4.749633)
    orientation:      (w=0.009812, i=0.675051, j=0.584294, k=-0.450344)

Preparing first step: implicit scheme, no bootstrap passes required.
First step may take longer than later steps.

First step completed in 0.272 s.

Step   100/2000    5.0% | t 5.000 | ETA 5m 43s | step 0.17s | KE 1210.1990 | drift +0.34% | fluid 572.3486 | solid 637.8504
  Impulse FP iterations last/mean/max 12/12.74/14
Step   200/2000   10.0% | t 10.000 | ETA 5m 29s | step 0.18s | KE 1210.1967 | drift +0.34% | fluid 572.4626 | solid 637.7341
  Impulse FP iterations last/mean/max 12/12.74/14
Step   300/2000   15.0% | t 15.000 | ETA 5m 11s | step 0.17s | KE 1210.1619 | drift +0.34% | fluid 572.8286 | solid 637.3333
  Impulse FP iterations last/mean/max 12/12.75/14
Step   400/2000   20.0% | t 20.000 | ETA 4m 53s | step 0.17s | KE 1210.1810 | drift +0.34% | fluid 572.7639 | solid 637.4172
  Impulse FP iterations last/mean/max 12/12.76/14
Step   500/2000   25.0% | t 25.000 | ETA 4m 36s | step 0.18s | KE 1210.2173 | drift +0.34% | fluid 572.5243 | solid 637.6930
  Impulse FP iterations last/mean/max 12/12.77/14
Step   600/2000   30.0% | t 30.000 | ETA 4m 12s | step 0.15s | KE 1210.1989 | drift +0.34% | fluid 572.6760 | solid 637.5229
  Impulse FP iterations last/mean/max 12/12.76/14
Step   700/2000   35.0% | t 35.000 | ETA 3m 50s | step 0.17s | KE 1210.1754 | drift +0.34% | fluid 572.8257 | solid 637.3496
  Impulse FP iterations last/mean/max 12/12.77/14
Step   800/2000   40.0% | t 40.000 | ETA 3m 32s | step 0.16s | KE 1210.2107 | drift +0.34% | fluid 572.4979 | solid 637.7128
  Impulse FP iterations last/mean/max 12/12.77/14
Step   900/2000   45.0% | t 45.000 | ETA 3m 14s | step 0.17s | KE 1210.2408 | drift +0.34% | fluid 572.2453 | solid 637.9955
  Impulse FP iterations last/mean/max 12/12.77/14
Step  1000/2000   50.0% | t 50.000 | ETA 2m 57s | step 0.17s | KE 1210.2135 | drift +0.34% | fluid 572.5216 | solid 637.6919
  Impulse FP iterations last/mean/max 12/12.78/14
Step  1100/2000   55.0% | t 55.000 | ETA 2m 40s | step 0.18s | KE 1210.1918 | drift +0.34% | fluid 572.7789 | solid 637.4129
  Impulse FP iterations last/mean/max 12/12.78/14
Step  1200/2000   60.0% | t 60.000 | ETA 2m 22s | step 0.19s | KE 1210.2281 | drift +0.34% | fluid 572.5624 | solid 637.6658
  Impulse FP iterations last/mean/max 12/12.78/14
Step  1300/2000   65.0% | t 65.000 | ETA 2m 5s | step 0.18s | KE 1210.2483 | drift +0.34% | fluid 572.4295 | solid 637.8189
  Impulse FP iterations last/mean/max 12/12.78/14
Step  1400/2000   70.0% | t 70.000 | ETA 1m 47s | step 0.19s | KE 1210.2169 | drift +0.34% | fluid 572.6628 | solid 637.5542
  Impulse FP iterations last/mean/max 12/12.78/14
Step  1500/2000   75.0% | t 75.000 | ETA 1m 29s | step 0.18s | KE 1210.2133 | drift +0.34% | fluid 572.6408 | solid 637.5725
  Impulse FP iterations last/mean/max 12/12.78/14
Step  1600/2000   80.0% | t 80.000 | ETA 1m 12s | step 0.18s | KE 1210.2583 | drift +0.34% | fluid 572.2365 | solid 638.0218
  Impulse FP iterations last/mean/max 12/12.78/14
Step  1700/2000   85.0% | t 85.000 | ETA 54s | step 0.18s | KE 1210.2682 | drift +0.35% | fluid 572.1646 | solid 638.1036
  Impulse FP iterations last/mean/max 12/12.78/14
Step  1800/2000   90.0% | t 90.000 | ETA 36s | step 0.18s | KE 1210.2316 | drift +0.34% | fluid 572.5244 | solid 637.7072
  Impulse FP iterations last/mean/max 12/12.78/14
Step  1900/2000   95.0% | t 95.000 | ETA 18s | step 0.18s | KE 1210.2317 | drift +0.34% | fluid 572.6037 | solid 637.6280
  Impulse FP iterations last/mean/max 12/12.78/14
Solver finished successfully - good job!
Results saved successfully.

================== Run summary ==================
  Bodies:            2
  Triangles / nodes: 256 / 516
  Timesteps:         2000  (dt = 0.05)
  Simulated time:    0 -> 100
  First-step setup:  0.272 s
  Mean time/step:    0.1798 s  (excl. first step)
  Total wall time:   5m 59s
  Impulse FP iters last/mean/max: 12 / 12.780 / 14
  Approx impulse solves/step:     12.780
  Impulse start cache hits/direct: 1999 / 1
  Impulse global drift P/H:       6.152831e-9 / 2.890052e-3
  Impulse per-body max drift P/H: 1.305527e-8 / 2.053771e-3
  CPU cores:         256 available, 8 Rayon worker thread(s)
  Started:           2026-06-24 03:03:03
  Finished:          2026-06-24 03:09:03
  Output file:       /work/e643/e643/shared/multi_ellip/studies/departing_sphericity_sweep/runs/spheroid_prolate/heterogeneous_aspherical/spheroid_prolate_heterogeneous_aspherical_eps0p01_rho1_E0p5_sep8_run07_impulse_noproj/multiple_body_complete.dat
================================================
