
==== packed departing-sphericity job 14162775 started 2026-06-24T02:23:04+01:00 ====
manifest=/work/e643/e643/shared/multi_ellip/studies/departing_sphericity_sweep/manifest_spheroid_prolate_all.csv
range=1-300, max_cases=0, rerun=0
cases_concurrent=32, threads_per_case=8
launch,index=1,name=spheroid_prolate_homogeneous_eps0_rho1_E0p5_sep8_run01_impulse_noproj,time=2026-06-24T02:23:04+01:00
launch,index=2,name=spheroid_prolate_homogeneous_eps0_rho1_E0p5_sep8_run02_impulse_noproj,time=2026-06-24T02:23:04+01:00
launch,index=3,name=spheroid_prolate_homogeneous_eps0_rho1_E0p5_sep8_run03_impulse_noproj,time=2026-06-24T02:23:04+01:00
launch,index=4,name=spheroid_prolate_homogeneous_eps0_rho1_E0p5_sep8_run04_impulse_noproj,time=2026-06-24T02:23:04+01:00
launch,index=5,name=spheroid_prolate_homogeneous_eps0_rho1_E0p5_sep8_run05_impulse_noproj,time=2026-06-24T02:23:04+01:00
launch,index=6,name=spheroid_prolate_homogeneous_eps0_rho1_E0p5_sep8_run06_impulse_noproj,time=2026-06-24T02:23:04+01:00
launch,index=7,name=spheroid_prolate_homogeneous_eps0_rho1_E0p5_sep8_run07_impulse_noproj,time=2026-06-24T02:23:04+01:00
launch,index=8,name=spheroid_prolate_homogeneous_eps0_rho1_E0p5_sep8_run08_impulse_noproj,time=2026-06-24T02:23:04+01:00
launch,index=9,name=spheroid_prolate_homogeneous_eps0_rho1_E0p5_sep8_run09_impulse_noproj,time=2026-06-24T02:23:05+01:00
launch,index=10,name=spheroid_prolate_homogeneous_eps0_rho1_E0p5_sep8_run10_impulse_noproj,time=2026-06-24T02:23:05+01:00
launch,index=11,name=spheroid_prolate_homogeneous_eps0p0001_rho1_E0p5_sep8_run01_impulse_noproj,time=2026-06-24T02:23:05+01:00
launch,index=12,name=spheroid_prolate_homogeneous_eps0p0001_rho1_E0p5_sep8_run02_impulse_noproj,time=2026-06-24T02:23:05+01:00
launch,index=13,name=spheroid_prolate_homogeneous_eps0p0001_rho1_E0p5_sep8_run03_impulse_noproj,time=2026-06-24T02:23:05+01:00
launch,index=14,name=spheroid_prolate_homogeneous_eps0p0001_rho1_E0p5_sep8_run04_impulse_noproj,time=2026-06-24T02:23:05+01:00
launch,index=15,name=spheroid_prolate_homogeneous_eps0p0001_rho1_E0p5_sep8_run05_impulse_noproj,time=2026-06-24T02:23:05+01:00
launch,index=16,name=spheroid_prolate_homogeneous_eps0p0001_rho1_E0p5_sep8_run06_impulse_noproj,time=2026-06-24T02:23:05+01:00
launch,index=17,name=spheroid_prolate_homogeneous_eps0p0001_rho1_E0p5_sep8_run07_impulse_noproj,time=2026-06-24T02:23:05+01:00
launch,index=18,name=spheroid_prolate_homogeneous_eps0p0001_rho1_E0p5_sep8_run08_impulse_noproj,time=2026-06-24T02:23:05+01:00
launch,index=19,name=spheroid_prolate_homogeneous_eps0p0001_rho1_E0p5_sep8_run09_impulse_noproj,time=2026-06-24T02:23:05+01:00
launch,index=20,name=spheroid_prolate_homogeneous_eps0p0001_rho1_E0p5_sep8_run10_impulse_noproj,time=2026-06-24T02:23:05+01:00
launch,index=21,name=spheroid_prolate_homogeneous_eps0p0003_rho1_E0p5_sep8_run01_impulse_noproj,time=2026-06-24T02:23:05+01:00
launch,index=22,name=spheroid_prolate_homogeneous_eps0p0003_rho1_E0p5_sep8_run02_impulse_noproj,time=2026-06-24T02:23:05+01:00
launch,index=23,name=spheroid_prolate_homogeneous_eps0p0003_rho1_E0p5_sep8_run03_impulse_noproj,time=2026-06-24T02:23:05+01:00
launch,index=24,name=spheroid_prolate_homogeneous_eps0p0003_rho1_E0p5_sep8_run04_impulse_noproj,time=2026-06-24T02:23:05+01:00
launch,index=25,name=spheroid_prolate_homogeneous_eps0p0003_rho1_E0p5_sep8_run05_impulse_noproj,time=2026-06-24T02:23:05+01:00
launch,index=26,name=spheroid_prolate_homogeneous_eps0p0003_rho1_E0p5_sep8_run06_impulse_noproj,time=2026-06-24T02:23:06+01:00
launch,index=27,name=spheroid_prolate_homogeneous_eps0p0003_rho1_E0p5_sep8_run07_impulse_noproj,time=2026-06-24T02:23:06+01:00
launch,index=28,name=spheroid_prolate_homogeneous_eps0p0003_rho1_E0p5_sep8_run08_impulse_noproj,time=2026-06-24T02:23:06+01:00
launch,index=29,name=spheroid_prolate_homogeneous_eps0p0003_rho1_E0p5_sep8_run09_impulse_noproj,time=2026-06-24T02:23:06+01:00
launch,index=30,name=spheroid_prolate_homogeneous_eps0p0003_rho1_E0p5_sep8_run10_impulse_noproj,time=2026-06-24T02:23:06+01:00
launch,index=31,name=spheroid_prolate_homogeneous_eps0p001_rho1_E0p5_sep8_run01_impulse_noproj,time=2026-06-24T02:23:06+01:00
launch,index=32,name=spheroid_prolate_homogeneous_eps0p001_rho1_E0p5_sep8_run02_impulse_noproj,time=2026-06-24T02:23:06+01:00
done,index=6,name=spheroid_prolate_homogeneous_eps0_rho1_E0p5_sep8_run06_impulse_noproj,time=2026-06-24T02:25:37+01:00
done,index=8,name=spheroid_prolate_homogeneous_eps0_rho1_E0p5_sep8_run08_impulse_noproj,time=2026-06-24T02:25:41+01:00
done,index=5,name=spheroid_prolate_homogeneous_eps0_rho1_E0p5_sep8_run05_impulse_noproj,time=2026-06-24T02:25:45+01:00
done,index=10,name=spheroid_prolate_homogeneous_eps0_rho1_E0p5_sep8_run10_impulse_noproj,time=2026-06-24T02:25:56+01:00
done,index=4,name=spheroid_prolate_homogeneous_eps0_rho1_E0p5_sep8_run04_impulse_noproj,time=2026-06-24T02:25:56+01:00
done,index=7,name=spheroid_prolate_homogeneous_eps0_rho1_E0p5_sep8_run07_impulse_noproj,time=2026-06-24T02:25:58+01:00
done,index=3,name=spheroid_prolate_homogeneous_eps0_rho1_E0p5_sep8_run03_impulse_noproj,time=2026-06-24T02:25:58+01:00
done,index=9,name=spheroid_prolate_homogeneous_eps0_rho1_E0p5_sep8_run09_impulse_noproj,time=2026-06-24T02:25:59+01:00
done,index=1,name=spheroid_prolate_homogeneous_eps0_rho1_E0p5_sep8_run01_impulse_noproj,time=2026-06-24T02:26:00+01:00
done,index=2,name=spheroid_prolate_homogeneous_eps0_rho1_E0p5_sep8_run02_impulse_noproj,time=2026-06-24T02:26:01+01:00
done,index=17,name=spheroid_prolate_homogeneous_eps0p0001_rho1_E0p5_sep8_run07_impulse_noproj,time=2026-06-24T02:26:08+01:00
done,index=13,name=spheroid_prolate_homogeneous_eps0p0001_rho1_E0p5_sep8_run03_impulse_noproj,time=2026-06-24T02:26:12+01:00
done,index=30,name=spheroid_prolate_homogeneous_eps0p0003_rho1_E0p5_sep8_run10_impulse_noproj,time=2026-06-24T02:26:12+01:00
done,index=27,name=spheroid_prolate_homogeneous_eps0p0003_rho1_E0p5_sep8_run07_impulse_noproj,time=2026-06-24T02:26:14+01:00
done,index=11,name=spheroid_prolate_homogeneous_eps0p0001_rho1_E0p5_sep8_run01_impulse_noproj,time=2026-06-24T02:26:16+01:00
done,index=19,name=spheroid_prolate_homogeneous_eps0p0001_rho1_E0p5_sep8_run09_impulse_noproj,time=2026-06-24T02:26:18+01:00
done,index=15,name=spheroid_prolate_homogeneous_eps0p0001_rho1_E0p5_sep8_run05_impulse_noproj,time=2026-06-24T02:26:18+01:00
done,index=14,name=spheroid_prolate_homogeneous_eps0p0001_rho1_E0p5_sep8_run04_impulse_noproj,time=2026-06-24T02:26:21+01:00
done,index=21,name=spheroid_prolate_homogeneous_eps0p0003_rho1_E0p5_sep8_run01_impulse_noproj,time=2026-06-24T02:26:21+01:00
done,index=12,name=spheroid_prolate_homogeneous_eps0p0001_rho1_E0p5_sep8_run02_impulse_noproj,time=2026-06-24T02:26:22+01:00
done,index=18,name=spheroid_prolate_homogeneous_eps0p0001_rho1_E0p5_sep8_run08_impulse_noproj,time=2026-06-24T02:26:22+01:00
done,index=20,name=spheroid_prolate_homogeneous_eps0p0001_rho1_E0p5_sep8_run10_impulse_noproj,time=2026-06-24T02:26:22+01:00
done,index=16,name=spheroid_prolate_homogeneous_eps0p0001_rho1_E0p5_sep8_run06_impulse_noproj,time=2026-06-24T02:26:23+01:00
done,index=26,name=spheroid_prolate_homogeneous_eps0p0003_rho1_E0p5_sep8_run06_impulse_noproj,time=2026-06-24T02:26:23+01:00
done,index=28,name=spheroid_prolate_homogeneous_eps0p0003_rho1_E0p5_sep8_run08_impulse_noproj,time=2026-06-24T02:26:26+01:00
done,index=25,name=spheroid_prolate_homogeneous_eps0p0003_rho1_E0p5_sep8_run05_impulse_noproj,time=2026-06-24T02:26:27+01:00
done,index=29,name=spheroid_prolate_homogeneous_eps0p0003_rho1_E0p5_sep8_run09_impulse_noproj,time=2026-06-24T02:26:32+01:00
done,index=31,name=spheroid_prolate_homogeneous_eps0p001_rho1_E0p5_sep8_run01_impulse_noproj,time=2026-06-24T02:26:33+01:00
done,index=22,name=spheroid_prolate_homogeneous_eps0p0003_rho1_E0p5_sep8_run02_impulse_noproj,time=2026-06-24T02:26:33+01:00
done,index=23,name=spheroid_prolate_homogeneous_eps0p0003_rho1_E0p5_sep8_run03_impulse_noproj,time=2026-06-24T02:26:35+01:00
done,index=24,name=spheroid_prolate_homogeneous_eps0p0003_rho1_E0p5_sep8_run04_impulse_noproj,time=2026-06-24T02:26:36+01:00
done,index=32,name=spheroid_prolate_homogeneous_eps0p001_rho1_E0p5_sep8_run02_impulse_noproj,time=2026-06-24T02:26:38+01:00
launch,index=33,name=spheroid_prolate_homogeneous_eps0p001_rho1_E0p5_sep8_run03_impulse_noproj,time=2026-06-24T02:26:38+01:00
launch,index=34,name=spheroid_prolate_homogeneous_eps0p001_rho1_E0p5_sep8_run04_impulse_noproj,time=2026-06-24T02:26:38+01:00
launch,index=35,name=spheroid_prolate_homogeneous_eps0p001_rho1_E0p5_sep8_run05_impulse_noproj,time=2026-06-24T02:26:38+01:00
launch,index=36,name=spheroid_prolate_homogeneous_eps0p001_rho1_E0p5_sep8_run06_impulse_noproj,time=2026-06-24T02:26:38+01:00
launch,index=37,name=spheroid_prolate_homogeneous_eps0p001_rho1_E0p5_sep8_run07_impulse_noproj,time=2026-06-24T02:26:38+01:00
launch,index=38,name=spheroid_prolate_homogeneous_eps0p001_rho1_E0p5_sep8_run08_impulse_noproj,time=2026-06-24T02:26:38+01:00
launch,index=39,name=spheroid_prolate_homogeneous_eps0p001_rho1_E0p5_sep8_run09_impulse_noproj,time=2026-06-24T02:26:38+01:00
launch,index=40,name=spheroid_prolate_homogeneous_eps0p001_rho1_E0p5_sep8_run10_impulse_noproj,time=2026-06-24T02:26:39+01:00
launch,index=41,name=spheroid_prolate_homogeneous_eps0p003_rho1_E0p5_sep8_run01_impulse_noproj,time=2026-06-24T02:26:39+01:00
launch,index=42,name=spheroid_prolate_homogeneous_eps0p003_rho1_E0p5_sep8_run02_impulse_noproj,time=2026-06-24T02:26:39+01:00
launch,index=43,name=spheroid_prolate_homogeneous_eps0p003_rho1_E0p5_sep8_run03_impulse_noproj,time=2026-06-24T02:26:39+01:00
launch,index=44,name=spheroid_prolate_homogeneous_eps0p003_rho1_E0p5_sep8_run04_impulse_noproj,time=2026-06-24T02:26:39+01:00
launch,index=45,name=spheroid_prolate_homogeneous_eps0p003_rho1_E0p5_sep8_run05_impulse_noproj,time=2026-06-24T02:26:39+01:00
launch,index=46,name=spheroid_prolate_homogeneous_eps0p003_rho1_E0p5_sep8_run06_impulse_noproj,time=2026-06-24T02:26:39+01:00
launch,index=47,name=spheroid_prolate_homogeneous_eps0p003_rho1_E0p5_sep8_run07_impulse_noproj,time=2026-06-24T02:26:39+01:00
launch,index=48,name=spheroid_prolate_homogeneous_eps0p003_rho1_E0p5_sep8_run08_impulse_noproj,time=2026-06-24T02:26:39+01:00
launch,index=49,name=spheroid_prolate_homogeneous_eps0p003_rho1_E0p5_sep8_run09_impulse_noproj,time=2026-06-24T02:26:39+01:00
launch,index=50,name=spheroid_prolate_homogeneous_eps0p003_rho1_E0p5_sep8_run10_impulse_noproj,time=2026-06-24T02:26:39+01:00
launch,index=51,name=spheroid_prolate_homogeneous_eps0p01_rho1_E0p5_sep8_run01_impulse_noproj,time=2026-06-24T02:26:39+01:00
launch,index=52,name=spheroid_prolate_homogeneous_eps0p01_rho1_E0p5_sep8_run02_impulse_noproj,time=2026-06-24T02:26:39+01:00
launch,index=53,name=spheroid_prolate_homogeneous_eps0p01_rho1_E0p5_sep8_run03_impulse_noproj,time=2026-06-24T02:26:39+01:00
launch,index=54,name=spheroid_prolate_homogeneous_eps0p01_rho1_E0p5_sep8_run04_impulse_noproj,time=2026-06-24T02:26:39+01:00
launch,index=55,name=spheroid_prolate_homogeneous_eps0p01_rho1_E0p5_sep8_run05_impulse_noproj,time=2026-06-24T02:26:39+01:00
launch,index=56,name=spheroid_prolate_homogeneous_eps0p01_rho1_E0p5_sep8_run06_impulse_noproj,time=2026-06-24T02:26:40+01:00
launch,index=57,name=spheroid_prolate_homogeneous_eps0p01_rho1_E0p5_sep8_run07_impulse_noproj,time=2026-06-24T02:26:40+01:00
launch,index=58,name=spheroid_prolate_homogeneous_eps0p01_rho1_E0p5_sep8_run08_impulse_noproj,time=2026-06-24T02:26:40+01:00
launch,index=59,name=spheroid_prolate_homogeneous_eps0p01_rho1_E0p5_sep8_run09_impulse_noproj,time=2026-06-24T02:26:40+01:00
launch,index=60,name=spheroid_prolate_homogeneous_eps0p01_rho1_E0p5_sep8_run10_impulse_noproj,time=2026-06-24T02:26:40+01:00
launch,index=61,name=spheroid_prolate_homogeneous_eps0p03_rho1_E0p5_sep8_run01_impulse_noproj,time=2026-06-24T02:26:40+01:00
launch,index=62,name=spheroid_prolate_homogeneous_eps0p03_rho1_E0p5_sep8_run02_impulse_noproj,time=2026-06-24T02:26:40+01:00
launch,index=63,name=spheroid_prolate_homogeneous_eps0p03_rho1_E0p5_sep8_run03_impulse_noproj,time=2026-06-24T02:26:40+01:00
launch,index=64,name=spheroid_prolate_homogeneous_eps0p03_rho1_E0p5_sep8_run04_impulse_noproj,time=2026-06-24T02:26:40+01:00
done,index=40,name=spheroid_prolate_homogeneous_eps0p001_rho1_E0p5_sep8_run10_impulse_noproj,time=2026-06-24T02:29:55+01:00
done,index=39,name=spheroid_prolate_homogeneous_eps0p001_rho1_E0p5_sep8_run09_impulse_noproj,time=2026-06-24T02:29:58+01:00
done,index=38,name=spheroid_prolate_homogeneous_eps0p001_rho1_E0p5_sep8_run08_impulse_noproj,time=2026-06-24T02:30:00+01:00
done,index=45,name=spheroid_prolate_homogeneous_eps0p003_rho1_E0p5_sep8_run05_impulse_noproj,time=2026-06-24T02:30:02+01:00
done,index=33,name=spheroid_prolate_homogeneous_eps0p001_rho1_E0p5_sep8_run03_impulse_noproj,time=2026-06-24T02:30:07+01:00
done,index=49,name=spheroid_prolate_homogeneous_eps0p003_rho1_E0p5_sep8_run09_impulse_noproj,time=2026-06-24T02:30:08+01:00
done,index=37,name=spheroid_prolate_homogeneous_eps0p001_rho1_E0p5_sep8_run07_impulse_noproj,time=2026-06-24T02:30:09+01:00
done,index=48,name=spheroid_prolate_homogeneous_eps0p003_rho1_E0p5_sep8_run08_impulse_noproj,time=2026-06-24T02:30:10+01:00
done,index=42,name=spheroid_prolate_homogeneous_eps0p003_rho1_E0p5_sep8_run02_impulse_noproj,time=2026-06-24T02:30:10+01:00
done,index=34,name=spheroid_prolate_homogeneous_eps0p001_rho1_E0p5_sep8_run04_impulse_noproj,time=2026-06-24T02:30:11+01:00
done,index=54,name=spheroid_prolate_homogeneous_eps0p01_rho1_E0p5_sep8_run04_impulse_noproj,time=2026-06-24T02:30:13+01:00
done,index=46,name=spheroid_prolate_homogeneous_eps0p003_rho1_E0p5_sep8_run06_impulse_noproj,time=2026-06-24T02:30:13+01:00
done,index=47,name=spheroid_prolate_homogeneous_eps0p003_rho1_E0p5_sep8_run07_impulse_noproj,time=2026-06-24T02:30:13+01:00
done,index=55,name=spheroid_prolate_homogeneous_eps0p01_rho1_E0p5_sep8_run05_impulse_noproj,time=2026-06-24T02:30:14+01:00
done,index=51,name=spheroid_prolate_homogeneous_eps0p01_rho1_E0p5_sep8_run01_impulse_noproj,time=2026-06-24T02:30:14+01:00
done,index=35,name=spheroid_prolate_homogeneous_eps0p001_rho1_E0p5_sep8_run05_impulse_noproj,time=2026-06-24T02:30:14+01:00
done,index=62,name=spheroid_prolate_homogeneous_eps0p03_rho1_E0p5_sep8_run02_impulse_noproj,time=2026-06-24T02:30:14+01:00
done,index=53,name=spheroid_prolate_homogeneous_eps0p01_rho1_E0p5_sep8_run03_impulse_noproj,time=2026-06-24T02:30:14+01:00
done,index=36,name=spheroid_prolate_homogeneous_eps0p001_rho1_E0p5_sep8_run06_impulse_noproj,time=2026-06-24T02:30:15+01:00
done,index=56,name=spheroid_prolate_homogeneous_eps0p01_rho1_E0p5_sep8_run06_impulse_noproj,time=2026-06-24T02:30:15+01:00
done,index=41,name=spheroid_prolate_homogeneous_eps0p003_rho1_E0p5_sep8_run01_impulse_noproj,time=2026-06-24T02:30:15+01:00
done,index=44,name=spheroid_prolate_homogeneous_eps0p003_rho1_E0p5_sep8_run04_impulse_noproj,time=2026-06-24T02:30:16+01:00
done,index=61,name=spheroid_prolate_homogeneous_eps0p03_rho1_E0p5_sep8_run01_impulse_noproj,time=2026-06-24T02:30:16+01:00
done,index=43,name=spheroid_prolate_homogeneous_eps0p003_rho1_E0p5_sep8_run03_impulse_noproj,time=2026-06-24T02:30:16+01:00
done,index=50,name=spheroid_prolate_homogeneous_eps0p003_rho1_E0p5_sep8_run10_impulse_noproj,time=2026-06-24T02:30:16+01:00
done,index=52,name=spheroid_prolate_homogeneous_eps0p01_rho1_E0p5_sep8_run02_impulse_noproj,time=2026-06-24T02:30:18+01:00
done,index=60,name=spheroid_prolate_homogeneous_eps0p01_rho1_E0p5_sep8_run10_impulse_noproj,time=2026-06-24T02:30:18+01:00
done,index=57,name=spheroid_prolate_homogeneous_eps0p01_rho1_E0p5_sep8_run07_impulse_noproj,time=2026-06-24T02:30:19+01:00
done,index=59,name=spheroid_prolate_homogeneous_eps0p01_rho1_E0p5_sep8_run09_impulse_noproj,time=2026-06-24T02:30:23+01:00
done,index=58,name=spheroid_prolate_homogeneous_eps0p01_rho1_E0p5_sep8_run08_impulse_noproj,time=2026-06-24T02:30:24+01:00
done,index=63,name=spheroid_prolate_homogeneous_eps0p03_rho1_E0p5_sep8_run03_impulse_noproj,time=2026-06-24T02:30:28+01:00
done,index=64,name=spheroid_prolate_homogeneous_eps0p03_rho1_E0p5_sep8_run04_impulse_noproj,time=2026-06-24T02:30:36+01:00
launch,index=65,name=spheroid_prolate_homogeneous_eps0p03_rho1_E0p5_sep8_run05_impulse_noproj,time=2026-06-24T02:30:36+01:00
launch,index=66,name=spheroid_prolate_homogeneous_eps0p03_rho1_E0p5_sep8_run06_impulse_noproj,time=2026-06-24T02:30:36+01:00
launch,index=67,name=spheroid_prolate_homogeneous_eps0p03_rho1_E0p5_sep8_run07_impulse_noproj,time=2026-06-24T02:30:36+01:00
launch,index=68,name=spheroid_prolate_homogeneous_eps0p03_rho1_E0p5_sep8_run08_impulse_noproj,time=2026-06-24T02:30:36+01:00
launch,index=69,name=spheroid_prolate_homogeneous_eps0p03_rho1_E0p5_sep8_run09_impulse_noproj,time=2026-06-24T02:30:36+01:00
launch,index=70,name=spheroid_prolate_homogeneous_eps0p03_rho1_E0p5_sep8_run10_impulse_noproj,time=2026-06-24T02:30:36+01:00
launch,index=71,name=spheroid_prolate_homogeneous_eps0p1_rho1_E0p5_sep8_run01_impulse_noproj,time=2026-06-24T02:30:36+01:00
launch,index=72,name=spheroid_prolate_homogeneous_eps0p1_rho1_E0p5_sep8_run02_impulse_noproj,time=2026-06-24T02:30:36+01:00
launch,index=73,name=spheroid_prolate_homogeneous_eps0p1_rho1_E0p5_sep8_run03_impulse_noproj,time=2026-06-24T02:30:36+01:00
launch,index=74,name=spheroid_prolate_homogeneous_eps0p1_rho1_E0p5_sep8_run04_impulse_noproj,time=2026-06-24T02:30:36+01:00
launch,index=75,name=spheroid_prolate_homogeneous_eps0p1_rho1_E0p5_sep8_run05_impulse_noproj,time=2026-06-24T02:30:36+01:00
launch,index=76,name=spheroid_prolate_homogeneous_eps0p1_rho1_E0p5_sep8_run06_impulse_noproj,time=2026-06-24T02:30:36+01:00
launch,index=77,name=spheroid_prolate_homogeneous_eps0p1_rho1_E0p5_sep8_run07_impulse_noproj,time=2026-06-24T02:30:36+01:00
launch,index=78,name=spheroid_prolate_homogeneous_eps0p1_rho1_E0p5_sep8_run08_impulse_noproj,time=2026-06-24T02:30:37+01:00
launch,index=79,name=spheroid_prolate_homogeneous_eps0p1_rho1_E0p5_sep8_run09_impulse_noproj,time=2026-06-24T02:30:37+01:00
launch,index=80,name=spheroid_prolate_homogeneous_eps0p1_rho1_E0p5_sep8_run10_impulse_noproj,time=2026-06-24T02:30:37+01:00
launch,index=81,name=spheroid_prolate_homogeneous_eps0p3_rho1_E0p5_sep8_run01_impulse_noproj,time=2026-06-24T02:30:37+01:00
launch,index=82,name=spheroid_prolate_homogeneous_eps0p3_rho1_E0p5_sep8_run02_impulse_noproj,time=2026-06-24T02:30:37+01:00
launch,index=83,name=spheroid_prolate_homogeneous_eps0p3_rho1_E0p5_sep8_run03_impulse_noproj,time=2026-06-24T02:30:37+01:00
launch,index=84,name=spheroid_prolate_homogeneous_eps0p3_rho1_E0p5_sep8_run04_impulse_noproj,time=2026-06-24T02:30:37+01:00
launch,index=85,name=spheroid_prolate_homogeneous_eps0p3_rho1_E0p5_sep8_run05_impulse_noproj,time=2026-06-24T02:30:37+01:00
launch,index=86,name=spheroid_prolate_homogeneous_eps0p3_rho1_E0p5_sep8_run06_impulse_noproj,time=2026-06-24T02:30:37+01:00
launch,index=87,name=spheroid_prolate_homogeneous_eps0p3_rho1_E0p5_sep8_run07_impulse_noproj,time=2026-06-24T02:30:37+01:00
launch,index=88,name=spheroid_prolate_homogeneous_eps0p3_rho1_E0p5_sep8_run08_impulse_noproj,time=2026-06-24T02:30:37+01:00
launch,index=89,name=spheroid_prolate_homogeneous_eps0p3_rho1_E0p5_sep8_run09_impulse_noproj,time=2026-06-24T02:30:37+01:00
launch,index=90,name=spheroid_prolate_homogeneous_eps0p3_rho1_E0p5_sep8_run10_impulse_noproj,time=2026-06-24T02:30:37+01:00
launch,index=91,name=spheroid_prolate_homogeneous_eps1_rho1_E0p5_sep8_run01_impulse_noproj,time=2026-06-24T02:30:37+01:00
launch,index=92,name=spheroid_prolate_homogeneous_eps1_rho1_E0p5_sep8_run02_impulse_noproj,time=2026-06-24T02:30:37+01:00
launch,index=93,name=spheroid_prolate_homogeneous_eps1_rho1_E0p5_sep8_run03_impulse_noproj,time=2026-06-24T02:30:38+01:00
launch,index=94,name=spheroid_prolate_homogeneous_eps1_rho1_E0p5_sep8_run04_impulse_noproj,time=2026-06-24T02:30:38+01:00
launch,index=95,name=spheroid_prolate_homogeneous_eps1_rho1_E0p5_sep8_run05_impulse_noproj,time=2026-06-24T02:30:38+01:00
launch,index=96,name=spheroid_prolate_homogeneous_eps1_rho1_E0p5_sep8_run06_impulse_noproj,time=2026-06-24T02:30:38+01:00
done,index=65,name=spheroid_prolate_homogeneous_eps0p03_rho1_E0p5_sep8_run05_impulse_noproj,time=2026-06-24T02:34:09+01:00
done,index=66,name=spheroid_prolate_homogeneous_eps0p03_rho1_E0p5_sep8_run06_impulse_noproj,time=2026-06-24T02:34:14+01:00
done,index=68,name=spheroid_prolate_homogeneous_eps0p03_rho1_E0p5_sep8_run08_impulse_noproj,time=2026-06-24T02:34:20+01:00
done,index=67,name=spheroid_prolate_homogeneous_eps0p03_rho1_E0p5_sep8_run07_impulse_noproj,time=2026-06-24T02:34:21+01:00
done,index=70,name=spheroid_prolate_homogeneous_eps0p03_rho1_E0p5_sep8_run10_impulse_noproj,time=2026-06-24T02:34:21+01:00
done,index=69,name=spheroid_prolate_homogeneous_eps0p03_rho1_E0p5_sep8_run09_impulse_noproj,time=2026-06-24T02:34:32+01:00
done,index=79,name=spheroid_prolate_homogeneous_eps0p1_rho1_E0p5_sep8_run09_impulse_noproj,time=2026-06-24T02:34:47+01:00
done,index=72,name=spheroid_prolate_homogeneous_eps0p1_rho1_E0p5_sep8_run02_impulse_noproj,time=2026-06-24T02:35:00+01:00
done,index=77,name=spheroid_prolate_homogeneous_eps0p1_rho1_E0p5_sep8_run07_impulse_noproj,time=2026-06-24T02:35:01+01:00
done,index=74,name=spheroid_prolate_homogeneous_eps0p1_rho1_E0p5_sep8_run04_impulse_noproj,time=2026-06-24T02:35:06+01:00
done,index=71,name=spheroid_prolate_homogeneous_eps0p1_rho1_E0p5_sep8_run01_impulse_noproj,time=2026-06-24T02:35:07+01:00
done,index=80,name=spheroid_prolate_homogeneous_eps0p1_rho1_E0p5_sep8_run10_impulse_noproj,time=2026-06-24T02:35:07+01:00
done,index=76,name=spheroid_prolate_homogeneous_eps0p1_rho1_E0p5_sep8_run06_impulse_noproj,time=2026-06-24T02:35:07+01:00
done,index=73,name=spheroid_prolate_homogeneous_eps0p1_rho1_E0p5_sep8_run03_impulse_noproj,time=2026-06-24T02:35:10+01:00
done,index=75,name=spheroid_prolate_homogeneous_eps0p1_rho1_E0p5_sep8_run05_impulse_noproj,time=2026-06-24T02:35:10+01:00
done,index=78,name=spheroid_prolate_homogeneous_eps0p1_rho1_E0p5_sep8_run08_impulse_noproj,time=2026-06-24T02:35:10+01:00
done,index=89,name=spheroid_prolate_homogeneous_eps0p3_rho1_E0p5_sep8_run09_impulse_noproj,time=2026-06-24T02:35:31+01:00
done,index=90,name=spheroid_prolate_homogeneous_eps0p3_rho1_E0p5_sep8_run10_impulse_noproj,time=2026-06-24T02:35:45+01:00
done,index=82,name=spheroid_prolate_homogeneous_eps0p3_rho1_E0p5_sep8_run02_impulse_noproj,time=2026-06-24T02:35:49+01:00
done,index=85,name=spheroid_prolate_homogeneous_eps0p3_rho1_E0p5_sep8_run05_impulse_noproj,time=2026-06-24T02:35:49+01:00
done,index=81,name=spheroid_prolate_homogeneous_eps0p3_rho1_E0p5_sep8_run01_impulse_noproj,time=2026-06-24T02:35:53+01:00
done,index=84,name=spheroid_prolate_homogeneous_eps0p3_rho1_E0p5_sep8_run04_impulse_noproj,time=2026-06-24T02:35:54+01:00
done,index=86,name=spheroid_prolate_homogeneous_eps0p3_rho1_E0p5_sep8_run06_impulse_noproj,time=2026-06-24T02:35:58+01:00
done,index=83,name=spheroid_prolate_homogeneous_eps0p3_rho1_E0p5_sep8_run03_impulse_noproj,time=2026-06-24T02:36:00+01:00
done,index=88,name=spheroid_prolate_homogeneous_eps0p3_rho1_E0p5_sep8_run08_impulse_noproj,time=2026-06-24T02:36:00+01:00
done,index=87,name=spheroid_prolate_homogeneous_eps0p3_rho1_E0p5_sep8_run07_impulse_noproj,time=2026-06-24T02:36:02+01:00
done,index=96,name=spheroid_prolate_homogeneous_eps1_rho1_E0p5_sep8_run06_impulse_noproj,time=2026-06-24T02:36:23+01:00
done,index=91,name=spheroid_prolate_homogeneous_eps1_rho1_E0p5_sep8_run01_impulse_noproj,time=2026-06-24T02:36:23+01:00
done,index=95,name=spheroid_prolate_homogeneous_eps1_rho1_E0p5_sep8_run05_impulse_noproj,time=2026-06-24T02:36:30+01:00
done,index=94,name=spheroid_prolate_homogeneous_eps1_rho1_E0p5_sep8_run04_impulse_noproj,time=2026-06-24T02:36:32+01:00
done,index=93,name=spheroid_prolate_homogeneous_eps1_rho1_E0p5_sep8_run03_impulse_noproj,time=2026-06-24T02:36:36+01:00
done,index=92,name=spheroid_prolate_homogeneous_eps1_rho1_E0p5_sep8_run02_impulse_noproj,time=2026-06-24T02:36:39+01:00
launch,index=97,name=spheroid_prolate_homogeneous_eps1_rho1_E0p5_sep8_run07_impulse_noproj,time=2026-06-24T02:36:39+01:00
launch,index=98,name=spheroid_prolate_homogeneous_eps1_rho1_E0p5_sep8_run08_impulse_noproj,time=2026-06-24T02:36:39+01:00
launch,index=99,name=spheroid_prolate_homogeneous_eps1_rho1_E0p5_sep8_run09_impulse_noproj,time=2026-06-24T02:36:39+01:00
launch,index=100,name=spheroid_prolate_homogeneous_eps1_rho1_E0p5_sep8_run10_impulse_noproj,time=2026-06-24T02:36:39+01:00
launch,index=101,name=spheroid_prolate_heterogeneous_sphere_eps0_rho1_E0p5_sep8_run01_impulse_noproj,time=2026-06-24T02:36:39+01:00
launch,index=102,name=spheroid_prolate_heterogeneous_sphere_eps0_rho1_E0p5_sep8_run02_impulse_noproj,time=2026-06-24T02:36:39+01:00
launch,index=103,name=spheroid_prolate_heterogeneous_sphere_eps0_rho1_E0p5_sep8_run03_impulse_noproj,time=2026-06-24T02:36:39+01:00
launch,index=104,name=spheroid_prolate_heterogeneous_sphere_eps0_rho1_E0p5_sep8_run04_impulse_noproj,time=2026-06-24T02:36:39+01:00
launch,index=105,name=spheroid_prolate_heterogeneous_sphere_eps0_rho1_E0p5_sep8_run05_impulse_noproj,time=2026-06-24T02:36:39+01:00
launch,index=106,name=spheroid_prolate_heterogeneous_sphere_eps0_rho1_E0p5_sep8_run06_impulse_noproj,time=2026-06-24T02:36:39+01:00
launch,index=107,name=spheroid_prolate_heterogeneous_sphere_eps0_rho1_E0p5_sep8_run07_impulse_noproj,time=2026-06-24T02:36:39+01:00
launch,index=108,name=spheroid_prolate_heterogeneous_sphere_eps0_rho1_E0p5_sep8_run08_impulse_noproj,time=2026-06-24T02:36:39+01:00
launch,index=109,name=spheroid_prolate_heterogeneous_sphere_eps0_rho1_E0p5_sep8_run09_impulse_noproj,time=2026-06-24T02:36:40+01:00
launch,index=110,name=spheroid_prolate_heterogeneous_sphere_eps0_rho1_E0p5_sep8_run10_impulse_noproj,time=2026-06-24T02:36:40+01:00
launch,index=111,name=spheroid_prolate_heterogeneous_sphere_eps0p0001_rho1_E0p5_sep8_run01_impulse_noproj,time=2026-06-24T02:36:40+01:00
launch,index=112,name=spheroid_prolate_heterogeneous_sphere_eps0p0001_rho1_E0p5_sep8_run02_impulse_noproj,time=2026-06-24T02:36:40+01:00
launch,index=113,name=spheroid_prolate_heterogeneous_sphere_eps0p0001_rho1_E0p5_sep8_run03_impulse_noproj,time=2026-06-24T02:36:40+01:00
launch,index=114,name=spheroid_prolate_heterogeneous_sphere_eps0p0001_rho1_E0p5_sep8_run04_impulse_noproj,time=2026-06-24T02:36:40+01:00
launch,index=115,name=spheroid_prolate_heterogeneous_sphere_eps0p0001_rho1_E0p5_sep8_run05_impulse_noproj,time=2026-06-24T02:36:40+01:00
launch,index=116,name=spheroid_prolate_heterogeneous_sphere_eps0p0001_rho1_E0p5_sep8_run06_impulse_noproj,time=2026-06-24T02:36:40+01:00
launch,index=117,name=spheroid_prolate_heterogeneous_sphere_eps0p0001_rho1_E0p5_sep8_run07_impulse_noproj,time=2026-06-24T02:36:40+01:00
launch,index=118,name=spheroid_prolate_heterogeneous_sphere_eps0p0001_rho1_E0p5_sep8_run08_impulse_noproj,time=2026-06-24T02:36:40+01:00
launch,index=119,name=spheroid_prolate_heterogeneous_sphere_eps0p0001_rho1_E0p5_sep8_run09_impulse_noproj,time=2026-06-24T02:36:40+01:00
launch,index=120,name=spheroid_prolate_heterogeneous_sphere_eps0p0001_rho1_E0p5_sep8_run10_impulse_noproj,time=2026-06-24T02:36:40+01:00
launch,index=121,name=spheroid_prolate_heterogeneous_sphere_eps0p0003_rho1_E0p5_sep8_run01_impulse_noproj,time=2026-06-24T02:36:40+01:00
launch,index=122,name=spheroid_prolate_heterogeneous_sphere_eps0p0003_rho1_E0p5_sep8_run02_impulse_noproj,time=2026-06-24T02:36:40+01:00
launch,index=123,name=spheroid_prolate_heterogeneous_sphere_eps0p0003_rho1_E0p5_sep8_run03_impulse_noproj,time=2026-06-24T02:36:40+01:00
launch,index=124,name=spheroid_prolate_heterogeneous_sphere_eps0p0003_rho1_E0p5_sep8_run04_impulse_noproj,time=2026-06-24T02:36:41+01:00
launch,index=125,name=spheroid_prolate_heterogeneous_sphere_eps0p0003_rho1_E0p5_sep8_run05_impulse_noproj,time=2026-06-24T02:36:41+01:00
launch,index=126,name=spheroid_prolate_heterogeneous_sphere_eps0p0003_rho1_E0p5_sep8_run06_impulse_noproj,time=2026-06-24T02:36:41+01:00
launch,index=127,name=spheroid_prolate_heterogeneous_sphere_eps0p0003_rho1_E0p5_sep8_run07_impulse_noproj,time=2026-06-24T02:36:41+01:00
launch,index=128,name=spheroid_prolate_heterogeneous_sphere_eps0p0003_rho1_E0p5_sep8_run08_impulse_noproj,time=2026-06-24T02:36:41+01:00
done,index=102,name=spheroid_prolate_heterogeneous_sphere_eps0_rho1_E0p5_sep8_run02_impulse_noproj,time=2026-06-24T02:39:00+01:00
done,index=115,name=spheroid_prolate_heterogeneous_sphere_eps0p0001_rho1_E0p5_sep8_run05_impulse_noproj,time=2026-06-24T02:39:07+01:00
done,index=104,name=spheroid_prolate_heterogeneous_sphere_eps0_rho1_E0p5_sep8_run04_impulse_noproj,time=2026-06-24T02:39:08+01:00
done,index=120,name=spheroid_prolate_heterogeneous_sphere_eps0p0001_rho1_E0p5_sep8_run10_impulse_noproj,time=2026-06-24T02:39:12+01:00
done,index=105,name=spheroid_prolate_heterogeneous_sphere_eps0_rho1_E0p5_sep8_run05_impulse_noproj,time=2026-06-24T02:39:16+01:00
done,index=103,name=spheroid_prolate_heterogeneous_sphere_eps0_rho1_E0p5_sep8_run03_impulse_noproj,time=2026-06-24T02:39:16+01:00
done,index=101,name=spheroid_prolate_heterogeneous_sphere_eps0_rho1_E0p5_sep8_run01_impulse_noproj,time=2026-06-24T02:39:17+01:00
done,index=106,name=spheroid_prolate_heterogeneous_sphere_eps0_rho1_E0p5_sep8_run06_impulse_noproj,time=2026-06-24T02:39:17+01:00
done,index=107,name=spheroid_prolate_heterogeneous_sphere_eps0_rho1_E0p5_sep8_run07_impulse_noproj,time=2026-06-24T02:39:17+01:00
done,index=110,name=spheroid_prolate_heterogeneous_sphere_eps0_rho1_E0p5_sep8_run10_impulse_noproj,time=2026-06-24T02:39:17+01:00
done,index=108,name=spheroid_prolate_heterogeneous_sphere_eps0_rho1_E0p5_sep8_run08_impulse_noproj,time=2026-06-24T02:39:19+01:00
done,index=117,name=spheroid_prolate_heterogeneous_sphere_eps0p0001_rho1_E0p5_sep8_run07_impulse_noproj,time=2026-06-24T02:39:20+01:00
done,index=109,name=spheroid_prolate_heterogeneous_sphere_eps0_rho1_E0p5_sep8_run09_impulse_noproj,time=2026-06-24T02:39:20+01:00
done,index=116,name=spheroid_prolate_heterogeneous_sphere_eps0p0001_rho1_E0p5_sep8_run06_impulse_noproj,time=2026-06-24T02:39:22+01:00
done,index=113,name=spheroid_prolate_heterogeneous_sphere_eps0p0001_rho1_E0p5_sep8_run03_impulse_noproj,time=2026-06-24T02:39:23+01:00
done,index=118,name=spheroid_prolate_heterogeneous_sphere_eps0p0001_rho1_E0p5_sep8_run08_impulse_noproj,time=2026-06-24T02:39:23+01:00
done,index=123,name=spheroid_prolate_heterogeneous_sphere_eps0p0003_rho1_E0p5_sep8_run03_impulse_noproj,time=2026-06-24T02:39:24+01:00
done,index=112,name=spheroid_prolate_heterogeneous_sphere_eps0p0001_rho1_E0p5_sep8_run02_impulse_noproj,time=2026-06-24T02:39:26+01:00
done,index=121,name=spheroid_prolate_heterogeneous_sphere_eps0p0003_rho1_E0p5_sep8_run01_impulse_noproj,time=2026-06-24T02:39:26+01:00
done,index=127,name=spheroid_prolate_heterogeneous_sphere_eps0p0003_rho1_E0p5_sep8_run07_impulse_noproj,time=2026-06-24T02:39:26+01:00
done,index=119,name=spheroid_prolate_heterogeneous_sphere_eps0p0001_rho1_E0p5_sep8_run09_impulse_noproj,time=2026-06-24T02:39:27+01:00
done,index=126,name=spheroid_prolate_heterogeneous_sphere_eps0p0003_rho1_E0p5_sep8_run06_impulse_noproj,time=2026-06-24T02:39:32+01:00
done,index=125,name=spheroid_prolate_heterogeneous_sphere_eps0p0003_rho1_E0p5_sep8_run05_impulse_noproj,time=2026-06-24T02:39:38+01:00
done,index=122,name=spheroid_prolate_heterogeneous_sphere_eps0p0003_rho1_E0p5_sep8_run02_impulse_noproj,time=2026-06-24T02:39:40+01:00
done,index=111,name=spheroid_prolate_heterogeneous_sphere_eps0p0001_rho1_E0p5_sep8_run01_impulse_noproj,time=2026-06-24T02:39:41+01:00
done,index=114,name=spheroid_prolate_heterogeneous_sphere_eps0p0001_rho1_E0p5_sep8_run04_impulse_noproj,time=2026-06-24T02:39:41+01:00
done,index=124,name=spheroid_prolate_heterogeneous_sphere_eps0p0003_rho1_E0p5_sep8_run04_impulse_noproj,time=2026-06-24T02:39:43+01:00
done,index=128,name=spheroid_prolate_heterogeneous_sphere_eps0p0003_rho1_E0p5_sep8_run08_impulse_noproj,time=2026-06-24T02:39:54+01:00
done,index=97,name=spheroid_prolate_homogeneous_eps1_rho1_E0p5_sep8_run07_impulse_noproj,time=2026-06-24T02:41:23+01:00
done,index=98,name=spheroid_prolate_homogeneous_eps1_rho1_E0p5_sep8_run08_impulse_noproj,time=2026-06-24T02:41:42+01:00
done,index=100,name=spheroid_prolate_homogeneous_eps1_rho1_E0p5_sep8_run10_impulse_noproj,time=2026-06-24T02:41:47+01:00
done,index=99,name=spheroid_prolate_homogeneous_eps1_rho1_E0p5_sep8_run09_impulse_noproj,time=2026-06-24T02:42:05+01:00
launch,index=129,name=spheroid_prolate_heterogeneous_sphere_eps0p0003_rho1_E0p5_sep8_run09_impulse_noproj,time=2026-06-24T02:42:05+01:00
launch,index=130,name=spheroid_prolate_heterogeneous_sphere_eps0p0003_rho1_E0p5_sep8_run10_impulse_noproj,time=2026-06-24T02:42:05+01:00
launch,index=131,name=spheroid_prolate_heterogeneous_sphere_eps0p001_rho1_E0p5_sep8_run01_impulse_noproj,time=2026-06-24T02:42:05+01:00
launch,index=132,name=spheroid_prolate_heterogeneous_sphere_eps0p001_rho1_E0p5_sep8_run02_impulse_noproj,time=2026-06-24T02:42:05+01:00
launch,index=133,name=spheroid_prolate_heterogeneous_sphere_eps0p001_rho1_E0p5_sep8_run03_impulse_noproj,time=2026-06-24T02:42:05+01:00
launch,index=134,name=spheroid_prolate_heterogeneous_sphere_eps0p001_rho1_E0p5_sep8_run04_impulse_noproj,time=2026-06-24T02:42:05+01:00
launch,index=135,name=spheroid_prolate_heterogeneous_sphere_eps0p001_rho1_E0p5_sep8_run05_impulse_noproj,time=2026-06-24T02:42:05+01:00
launch,index=136,name=spheroid_prolate_heterogeneous_sphere_eps0p001_rho1_E0p5_sep8_run06_impulse_noproj,time=2026-06-24T02:42:05+01:00
launch,index=137,name=spheroid_prolate_heterogeneous_sphere_eps0p001_rho1_E0p5_sep8_run07_impulse_noproj,time=2026-06-24T02:42:05+01:00
launch,index=138,name=spheroid_prolate_heterogeneous_sphere_eps0p001_rho1_E0p5_sep8_run08_impulse_noproj,time=2026-06-24T02:42:05+01:00
launch,index=139,name=spheroid_prolate_heterogeneous_sphere_eps0p001_rho1_E0p5_sep8_run09_impulse_noproj,time=2026-06-24T02:42:05+01:00
launch,index=140,name=spheroid_prolate_heterogeneous_sphere_eps0p001_rho1_E0p5_sep8_run10_impulse_noproj,time=2026-06-24T02:42:05+01:00
launch,index=141,name=spheroid_prolate_heterogeneous_sphere_eps0p003_rho1_E0p5_sep8_run01_impulse_noproj,time=2026-06-24T02:42:05+01:00
launch,index=142,name=spheroid_prolate_heterogeneous_sphere_eps0p003_rho1_E0p5_sep8_run02_impulse_noproj,time=2026-06-24T02:42:05+01:00
launch,index=143,name=spheroid_prolate_heterogeneous_sphere_eps0p003_rho1_E0p5_sep8_run03_impulse_noproj,time=2026-06-24T02:42:06+01:00
launch,index=144,name=spheroid_prolate_heterogeneous_sphere_eps0p003_rho1_E0p5_sep8_run04_impulse_noproj,time=2026-06-24T02:42:06+01:00
launch,index=145,name=spheroid_prolate_heterogeneous_sphere_eps0p003_rho1_E0p5_sep8_run05_impulse_noproj,time=2026-06-24T02:42:06+01:00
launch,index=146,name=spheroid_prolate_heterogeneous_sphere_eps0p003_rho1_E0p5_sep8_run06_impulse_noproj,time=2026-06-24T02:42:06+01:00
launch,index=147,name=spheroid_prolate_heterogeneous_sphere_eps0p003_rho1_E0p5_sep8_run07_impulse_noproj,time=2026-06-24T02:42:06+01:00
launch,index=148,name=spheroid_prolate_heterogeneous_sphere_eps0p003_rho1_E0p5_sep8_run08_impulse_noproj,time=2026-06-24T02:42:06+01:00
launch,index=149,name=spheroid_prolate_heterogeneous_sphere_eps0p003_rho1_E0p5_sep8_run09_impulse_noproj,time=2026-06-24T02:42:06+01:00
launch,index=150,name=spheroid_prolate_heterogeneous_sphere_eps0p003_rho1_E0p5_sep8_run10_impulse_noproj,time=2026-06-24T02:42:06+01:00
launch,index=151,name=spheroid_prolate_heterogeneous_sphere_eps0p01_rho1_E0p5_sep8_run01_impulse_noproj,time=2026-06-24T02:42:06+01:00
launch,index=152,name=spheroid_prolate_heterogeneous_sphere_eps0p01_rho1_E0p5_sep8_run02_impulse_noproj,time=2026-06-24T02:42:06+01:00
launch,index=153,name=spheroid_prolate_heterogeneous_sphere_eps0p01_rho1_E0p5_sep8_run03_impulse_noproj,time=2026-06-24T02:42:06+01:00
launch,index=154,name=spheroid_prolate_heterogeneous_sphere_eps0p01_rho1_E0p5_sep8_run04_impulse_noproj,time=2026-06-24T02:42:06+01:00
launch,index=155,name=spheroid_prolate_heterogeneous_sphere_eps0p01_rho1_E0p5_sep8_run05_impulse_noproj,time=2026-06-24T02:42:06+01:00
launch,index=156,name=spheroid_prolate_heterogeneous_sphere_eps0p01_rho1_E0p5_sep8_run06_impulse_noproj,time=2026-06-24T02:42:06+01:00
launch,index=157,name=spheroid_prolate_heterogeneous_sphere_eps0p01_rho1_E0p5_sep8_run07_impulse_noproj,time=2026-06-24T02:42:06+01:00
launch,index=158,name=spheroid_prolate_heterogeneous_sphere_eps0p01_rho1_E0p5_sep8_run08_impulse_noproj,time=2026-06-24T02:42:07+01:00
launch,index=159,name=spheroid_prolate_heterogeneous_sphere_eps0p01_rho1_E0p5_sep8_run09_impulse_noproj,time=2026-06-24T02:42:07+01:00
launch,index=160,name=spheroid_prolate_heterogeneous_sphere_eps0p01_rho1_E0p5_sep8_run10_impulse_noproj,time=2026-06-24T02:42:07+01:00
done,index=129,name=spheroid_prolate_heterogeneous_sphere_eps0p0003_rho1_E0p5_sep8_run09_impulse_noproj,time=2026-06-24T02:45:12+01:00
done,index=132,name=spheroid_prolate_heterogeneous_sphere_eps0p001_rho1_E0p5_sep8_run02_impulse_noproj,time=2026-06-24T02:45:19+01:00
done,index=139,name=spheroid_prolate_heterogeneous_sphere_eps0p001_rho1_E0p5_sep8_run09_impulse_noproj,time=2026-06-24T02:45:20+01:00
done,index=135,name=spheroid_prolate_heterogeneous_sphere_eps0p001_rho1_E0p5_sep8_run05_impulse_noproj,time=2026-06-24T02:45:20+01:00
done,index=133,name=spheroid_prolate_heterogeneous_sphere_eps0p001_rho1_E0p5_sep8_run03_impulse_noproj,time=2026-06-24T02:45:20+01:00
done,index=137,name=spheroid_prolate_heterogeneous_sphere_eps0p001_rho1_E0p5_sep8_run07_impulse_noproj,time=2026-06-24T02:45:24+01:00
done,index=138,name=spheroid_prolate_heterogeneous_sphere_eps0p001_rho1_E0p5_sep8_run08_impulse_noproj,time=2026-06-24T02:45:27+01:00
done,index=130,name=spheroid_prolate_heterogeneous_sphere_eps0p0003_rho1_E0p5_sep8_run10_impulse_noproj,time=2026-06-24T02:45:28+01:00
done,index=146,name=spheroid_prolate_heterogeneous_sphere_eps0p003_rho1_E0p5_sep8_run06_impulse_noproj,time=2026-06-24T02:45:30+01:00
done,index=152,name=spheroid_prolate_heterogeneous_sphere_eps0p01_rho1_E0p5_sep8_run02_impulse_noproj,time=2026-06-24T02:45:31+01:00
done,index=149,name=spheroid_prolate_heterogeneous_sphere_eps0p003_rho1_E0p5_sep8_run09_impulse_noproj,time=2026-06-24T02:45:32+01:00
done,index=134,name=spheroid_prolate_heterogeneous_sphere_eps0p001_rho1_E0p5_sep8_run04_impulse_noproj,time=2026-06-24T02:45:32+01:00
done,index=160,name=spheroid_prolate_heterogeneous_sphere_eps0p01_rho1_E0p5_sep8_run10_impulse_noproj,time=2026-06-24T02:45:32+01:00
done,index=131,name=spheroid_prolate_heterogeneous_sphere_eps0p001_rho1_E0p5_sep8_run01_impulse_noproj,time=2026-06-24T02:45:32+01:00
done,index=150,name=spheroid_prolate_heterogeneous_sphere_eps0p003_rho1_E0p5_sep8_run10_impulse_noproj,time=2026-06-24T02:45:34+01:00
done,index=153,name=spheroid_prolate_heterogeneous_sphere_eps0p01_rho1_E0p5_sep8_run03_impulse_noproj,time=2026-06-24T02:45:35+01:00
done,index=140,name=spheroid_prolate_heterogeneous_sphere_eps0p001_rho1_E0p5_sep8_run10_impulse_noproj,time=2026-06-24T02:45:36+01:00
done,index=148,name=spheroid_prolate_heterogeneous_sphere_eps0p003_rho1_E0p5_sep8_run08_impulse_noproj,time=2026-06-24T02:45:36+01:00
done,index=157,name=spheroid_prolate_heterogeneous_sphere_eps0p01_rho1_E0p5_sep8_run07_impulse_noproj,time=2026-06-24T02:45:36+01:00
done,index=147,name=spheroid_prolate_heterogeneous_sphere_eps0p003_rho1_E0p5_sep8_run07_impulse_noproj,time=2026-06-24T02:45:37+01:00
done,index=145,name=spheroid_prolate_heterogeneous_sphere_eps0p003_rho1_E0p5_sep8_run05_impulse_noproj,time=2026-06-24T02:45:38+01:00
done,index=136,name=spheroid_prolate_heterogeneous_sphere_eps0p001_rho1_E0p5_sep8_run06_impulse_noproj,time=2026-06-24T02:45:38+01:00
done,index=143,name=spheroid_prolate_heterogeneous_sphere_eps0p003_rho1_E0p5_sep8_run03_impulse_noproj,time=2026-06-24T02:45:39+01:00
done,index=141,name=spheroid_prolate_heterogeneous_sphere_eps0p003_rho1_E0p5_sep8_run01_impulse_noproj,time=2026-06-24T02:45:39+01:00
done,index=142,name=spheroid_prolate_heterogeneous_sphere_eps0p003_rho1_E0p5_sep8_run02_impulse_noproj,time=2026-06-24T02:45:39+01:00
done,index=156,name=spheroid_prolate_heterogeneous_sphere_eps0p01_rho1_E0p5_sep8_run06_impulse_noproj,time=2026-06-24T02:45:39+01:00
done,index=151,name=spheroid_prolate_heterogeneous_sphere_eps0p01_rho1_E0p5_sep8_run01_impulse_noproj,time=2026-06-24T02:45:39+01:00
done,index=154,name=spheroid_prolate_heterogeneous_sphere_eps0p01_rho1_E0p5_sep8_run04_impulse_noproj,time=2026-06-24T02:45:39+01:00
done,index=155,name=spheroid_prolate_heterogeneous_sphere_eps0p01_rho1_E0p5_sep8_run05_impulse_noproj,time=2026-06-24T02:45:39+01:00
done,index=159,name=spheroid_prolate_heterogeneous_sphere_eps0p01_rho1_E0p5_sep8_run09_impulse_noproj,time=2026-06-24T02:45:41+01:00
done,index=144,name=spheroid_prolate_heterogeneous_sphere_eps0p003_rho1_E0p5_sep8_run04_impulse_noproj,time=2026-06-24T02:45:42+01:00
done,index=158,name=spheroid_prolate_heterogeneous_sphere_eps0p01_rho1_E0p5_sep8_run08_impulse_noproj,time=2026-06-24T02:45:42+01:00
launch,index=161,name=spheroid_prolate_heterogeneous_sphere_eps0p03_rho1_E0p5_sep8_run01_impulse_noproj,time=2026-06-24T02:45:42+01:00
launch,index=162,name=spheroid_prolate_heterogeneous_sphere_eps0p03_rho1_E0p5_sep8_run02_impulse_noproj,time=2026-06-24T02:45:42+01:00
launch,index=163,name=spheroid_prolate_heterogeneous_sphere_eps0p03_rho1_E0p5_sep8_run03_impulse_noproj,time=2026-06-24T02:45:42+01:00
launch,index=164,name=spheroid_prolate_heterogeneous_sphere_eps0p03_rho1_E0p5_sep8_run04_impulse_noproj,time=2026-06-24T02:45:42+01:00
launch,index=165,name=spheroid_prolate_heterogeneous_sphere_eps0p03_rho1_E0p5_sep8_run05_impulse_noproj,time=2026-06-24T02:45:42+01:00
launch,index=166,name=spheroid_prolate_heterogeneous_sphere_eps0p03_rho1_E0p5_sep8_run06_impulse_noproj,time=2026-06-24T02:45:42+01:00
launch,index=167,name=spheroid_prolate_heterogeneous_sphere_eps0p03_rho1_E0p5_sep8_run07_impulse_noproj,time=2026-06-24T02:45:42+01:00
launch,index=168,name=spheroid_prolate_heterogeneous_sphere_eps0p03_rho1_E0p5_sep8_run08_impulse_noproj,time=2026-06-24T02:45:42+01:00
launch,index=169,name=spheroid_prolate_heterogeneous_sphere_eps0p03_rho1_E0p5_sep8_run09_impulse_noproj,time=2026-06-24T02:45:43+01:00
launch,index=170,name=spheroid_prolate_heterogeneous_sphere_eps0p03_rho1_E0p5_sep8_run10_impulse_noproj,time=2026-06-24T02:45:43+01:00
launch,index=171,name=spheroid_prolate_heterogeneous_sphere_eps0p1_rho1_E0p5_sep8_run01_impulse_noproj,time=2026-06-24T02:45:43+01:00
launch,index=172,name=spheroid_prolate_heterogeneous_sphere_eps0p1_rho1_E0p5_sep8_run02_impulse_noproj,time=2026-06-24T02:45:43+01:00
launch,index=173,name=spheroid_prolate_heterogeneous_sphere_eps0p1_rho1_E0p5_sep8_run03_impulse_noproj,time=2026-06-24T02:45:43+01:00
launch,index=174,name=spheroid_prolate_heterogeneous_sphere_eps0p1_rho1_E0p5_sep8_run04_impulse_noproj,time=2026-06-24T02:45:43+01:00
launch,index=175,name=spheroid_prolate_heterogeneous_sphere_eps0p1_rho1_E0p5_sep8_run05_impulse_noproj,time=2026-06-24T02:45:43+01:00
launch,index=176,name=spheroid_prolate_heterogeneous_sphere_eps0p1_rho1_E0p5_sep8_run06_impulse_noproj,time=2026-06-24T02:45:43+01:00
launch,index=177,name=spheroid_prolate_heterogeneous_sphere_eps0p1_rho1_E0p5_sep8_run07_impulse_noproj,time=2026-06-24T02:45:43+01:00
launch,index=178,name=spheroid_prolate_heterogeneous_sphere_eps0p1_rho1_E0p5_sep8_run08_impulse_noproj,time=2026-06-24T02:45:43+01:00
launch,index=179,name=spheroid_prolate_heterogeneous_sphere_eps0p1_rho1_E0p5_sep8_run09_impulse_noproj,time=2026-06-24T02:45:43+01:00
launch,index=180,name=spheroid_prolate_heterogeneous_sphere_eps0p1_rho1_E0p5_sep8_run10_impulse_noproj,time=2026-06-24T02:45:43+01:00
launch,index=181,name=spheroid_prolate_heterogeneous_sphere_eps0p3_rho1_E0p5_sep8_run01_impulse_noproj,time=2026-06-24T02:45:43+01:00
launch,index=182,name=spheroid_prolate_heterogeneous_sphere_eps0p3_rho1_E0p5_sep8_run02_impulse_noproj,time=2026-06-24T02:45:43+01:00
launch,index=183,name=spheroid_prolate_heterogeneous_sphere_eps0p3_rho1_E0p5_sep8_run03_impulse_noproj,time=2026-06-24T02:45:43+01:00
launch,index=184,name=spheroid_prolate_heterogeneous_sphere_eps0p3_rho1_E0p5_sep8_run04_impulse_noproj,time=2026-06-24T02:45:43+01:00
launch,index=185,name=spheroid_prolate_heterogeneous_sphere_eps0p3_rho1_E0p5_sep8_run05_impulse_noproj,time=2026-06-24T02:45:44+01:00
launch,index=186,name=spheroid_prolate_heterogeneous_sphere_eps0p3_rho1_E0p5_sep8_run06_impulse_noproj,time=2026-06-24T02:45:44+01:00
launch,index=187,name=spheroid_prolate_heterogeneous_sphere_eps0p3_rho1_E0p5_sep8_run07_impulse_noproj,time=2026-06-24T02:45:44+01:00
launch,index=188,name=spheroid_prolate_heterogeneous_sphere_eps0p3_rho1_E0p5_sep8_run08_impulse_noproj,time=2026-06-24T02:45:44+01:00
launch,index=189,name=spheroid_prolate_heterogeneous_sphere_eps0p3_rho1_E0p5_sep8_run09_impulse_noproj,time=2026-06-24T02:45:44+01:00
launch,index=190,name=spheroid_prolate_heterogeneous_sphere_eps0p3_rho1_E0p5_sep8_run10_impulse_noproj,time=2026-06-24T02:45:44+01:00
launch,index=191,name=spheroid_prolate_heterogeneous_sphere_eps1_rho1_E0p5_sep8_run01_impulse_noproj,time=2026-06-24T02:45:44+01:00
launch,index=192,name=spheroid_prolate_heterogeneous_sphere_eps1_rho1_E0p5_sep8_run02_impulse_noproj,time=2026-06-24T02:45:44+01:00
done,index=161,name=spheroid_prolate_heterogeneous_sphere_eps0p03_rho1_E0p5_sep8_run01_impulse_noproj,time=2026-06-24T02:49:14+01:00
done,index=166,name=spheroid_prolate_heterogeneous_sphere_eps0p03_rho1_E0p5_sep8_run06_impulse_noproj,time=2026-06-24T02:49:15+01:00
done,index=162,name=spheroid_prolate_heterogeneous_sphere_eps0p03_rho1_E0p5_sep8_run02_impulse_noproj,time=2026-06-24T02:49:15+01:00
done,index=167,name=spheroid_prolate_heterogeneous_sphere_eps0p03_rho1_E0p5_sep8_run07_impulse_noproj,time=2026-06-24T02:49:17+01:00
done,index=165,name=spheroid_prolate_heterogeneous_sphere_eps0p03_rho1_E0p5_sep8_run05_impulse_noproj,time=2026-06-24T02:49:18+01:00
done,index=163,name=spheroid_prolate_heterogeneous_sphere_eps0p03_rho1_E0p5_sep8_run03_impulse_noproj,time=2026-06-24T02:49:19+01:00
done,index=170,name=spheroid_prolate_heterogeneous_sphere_eps0p03_rho1_E0p5_sep8_run10_impulse_noproj,time=2026-06-24T02:49:21+01:00
done,index=169,name=spheroid_prolate_heterogeneous_sphere_eps0p03_rho1_E0p5_sep8_run09_impulse_noproj,time=2026-06-24T02:49:24+01:00
done,index=164,name=spheroid_prolate_heterogeneous_sphere_eps0p03_rho1_E0p5_sep8_run04_impulse_noproj,time=2026-06-24T02:49:25+01:00
done,index=174,name=spheroid_prolate_heterogeneous_sphere_eps0p1_rho1_E0p5_sep8_run04_impulse_noproj,time=2026-06-24T02:49:34+01:00
done,index=171,name=spheroid_prolate_heterogeneous_sphere_eps0p1_rho1_E0p5_sep8_run01_impulse_noproj,time=2026-06-24T02:49:36+01:00
done,index=168,name=spheroid_prolate_heterogeneous_sphere_eps0p03_rho1_E0p5_sep8_run08_impulse_noproj,time=2026-06-24T02:49:38+01:00
done,index=172,name=spheroid_prolate_heterogeneous_sphere_eps0p1_rho1_E0p5_sep8_run02_impulse_noproj,time=2026-06-24T02:49:40+01:00
done,index=178,name=spheroid_prolate_heterogeneous_sphere_eps0p1_rho1_E0p5_sep8_run08_impulse_noproj,time=2026-06-24T02:49:40+01:00
done,index=177,name=spheroid_prolate_heterogeneous_sphere_eps0p1_rho1_E0p5_sep8_run07_impulse_noproj,time=2026-06-24T02:49:43+01:00
done,index=173,name=spheroid_prolate_heterogeneous_sphere_eps0p1_rho1_E0p5_sep8_run03_impulse_noproj,time=2026-06-24T02:49:44+01:00
done,index=179,name=spheroid_prolate_heterogeneous_sphere_eps0p1_rho1_E0p5_sep8_run09_impulse_noproj,time=2026-06-24T02:49:45+01:00
done,index=176,name=spheroid_prolate_heterogeneous_sphere_eps0p1_rho1_E0p5_sep8_run06_impulse_noproj,time=2026-06-24T02:49:47+01:00
done,index=184,name=spheroid_prolate_heterogeneous_sphere_eps0p3_rho1_E0p5_sep8_run04_impulse_noproj,time=2026-06-24T02:49:47+01:00
done,index=180,name=spheroid_prolate_heterogeneous_sphere_eps0p1_rho1_E0p5_sep8_run10_impulse_noproj,time=2026-06-24T02:49:49+01:00
done,index=175,name=spheroid_prolate_heterogeneous_sphere_eps0p1_rho1_E0p5_sep8_run05_impulse_noproj,time=2026-06-24T02:49:54+01:00
done,index=186,name=spheroid_prolate_heterogeneous_sphere_eps0p3_rho1_E0p5_sep8_run06_impulse_noproj,time=2026-06-24T02:50:01+01:00
done,index=182,name=spheroid_prolate_heterogeneous_sphere_eps0p3_rho1_E0p5_sep8_run02_impulse_noproj,time=2026-06-24T02:50:12+01:00
done,index=188,name=spheroid_prolate_heterogeneous_sphere_eps0p3_rho1_E0p5_sep8_run08_impulse_noproj,time=2026-06-24T02:50:14+01:00
done,index=187,name=spheroid_prolate_heterogeneous_sphere_eps0p3_rho1_E0p5_sep8_run07_impulse_noproj,time=2026-06-24T02:50:18+01:00
done,index=181,name=spheroid_prolate_heterogeneous_sphere_eps0p3_rho1_E0p5_sep8_run01_impulse_noproj,time=2026-06-24T02:50:19+01:00
done,index=189,name=spheroid_prolate_heterogeneous_sphere_eps0p3_rho1_E0p5_sep8_run09_impulse_noproj,time=2026-06-24T02:50:19+01:00
done,index=185,name=spheroid_prolate_heterogeneous_sphere_eps0p3_rho1_E0p5_sep8_run05_impulse_noproj,time=2026-06-24T02:50:22+01:00
done,index=183,name=spheroid_prolate_heterogeneous_sphere_eps0p3_rho1_E0p5_sep8_run03_impulse_noproj,time=2026-06-24T02:50:23+01:00
done,index=190,name=spheroid_prolate_heterogeneous_sphere_eps0p3_rho1_E0p5_sep8_run10_impulse_noproj,time=2026-06-24T02:50:25+01:00
done,index=191,name=spheroid_prolate_heterogeneous_sphere_eps1_rho1_E0p5_sep8_run01_impulse_noproj,time=2026-06-24T02:50:49+01:00
done,index=192,name=spheroid_prolate_heterogeneous_sphere_eps1_rho1_E0p5_sep8_run02_impulse_noproj,time=2026-06-24T02:51:06+01:00
launch,index=193,name=spheroid_prolate_heterogeneous_sphere_eps1_rho1_E0p5_sep8_run03_impulse_noproj,time=2026-06-24T02:51:06+01:00
launch,index=194,name=spheroid_prolate_heterogeneous_sphere_eps1_rho1_E0p5_sep8_run04_impulse_noproj,time=2026-06-24T02:51:06+01:00
launch,index=195,name=spheroid_prolate_heterogeneous_sphere_eps1_rho1_E0p5_sep8_run05_impulse_noproj,time=2026-06-24T02:51:06+01:00
launch,index=196,name=spheroid_prolate_heterogeneous_sphere_eps1_rho1_E0p5_sep8_run06_impulse_noproj,time=2026-06-24T02:51:06+01:00
launch,index=197,name=spheroid_prolate_heterogeneous_sphere_eps1_rho1_E0p5_sep8_run07_impulse_noproj,time=2026-06-24T02:51:06+01:00
launch,index=198,name=spheroid_prolate_heterogeneous_sphere_eps1_rho1_E0p5_sep8_run08_impulse_noproj,time=2026-06-24T02:51:06+01:00
launch,index=199,name=spheroid_prolate_heterogeneous_sphere_eps1_rho1_E0p5_sep8_run09_impulse_noproj,time=2026-06-24T02:51:06+01:00
launch,index=200,name=spheroid_prolate_heterogeneous_sphere_eps1_rho1_E0p5_sep8_run10_impulse_noproj,time=2026-06-24T02:51:07+01:00
launch,index=201,name=spheroid_prolate_heterogeneous_aspherical_eps0_rho1_E0p5_sep8_run01_impulse_noproj,time=2026-06-24T02:51:07+01:00
launch,index=202,name=spheroid_prolate_heterogeneous_aspherical_eps0_rho1_E0p5_sep8_run02_impulse_noproj,time=2026-06-24T02:51:07+01:00
launch,index=203,name=spheroid_prolate_heterogeneous_aspherical_eps0_rho1_E0p5_sep8_run03_impulse_noproj,time=2026-06-24T02:51:07+01:00
launch,index=204,name=spheroid_prolate_heterogeneous_aspherical_eps0_rho1_E0p5_sep8_run04_impulse_noproj,time=2026-06-24T02:51:07+01:00
launch,index=205,name=spheroid_prolate_heterogeneous_aspherical_eps0_rho1_E0p5_sep8_run05_impulse_noproj,time=2026-06-24T02:51:07+01:00
launch,index=206,name=spheroid_prolate_heterogeneous_aspherical_eps0_rho1_E0p5_sep8_run06_impulse_noproj,time=2026-06-24T02:51:07+01:00
launch,index=207,name=spheroid_prolate_heterogeneous_aspherical_eps0_rho1_E0p5_sep8_run07_impulse_noproj,time=2026-06-24T02:51:07+01:00
launch,index=208,name=spheroid_prolate_heterogeneous_aspherical_eps0_rho1_E0p5_sep8_run08_impulse_noproj,time=2026-06-24T02:51:07+01:00
launch,index=209,name=spheroid_prolate_heterogeneous_aspherical_eps0_rho1_E0p5_sep8_run09_impulse_noproj,time=2026-06-24T02:51:07+01:00
launch,index=210,name=spheroid_prolate_heterogeneous_aspherical_eps0_rho1_E0p5_sep8_run10_impulse_noproj,time=2026-06-24T02:51:07+01:00
launch,index=211,name=spheroid_prolate_heterogeneous_aspherical_eps0p0001_rho1_E0p5_sep8_run01_impulse_noproj,time=2026-06-24T02:51:07+01:00
launch,index=212,name=spheroid_prolate_heterogeneous_aspherical_eps0p0001_rho1_E0p5_sep8_run02_impulse_noproj,time=2026-06-24T02:51:07+01:00
launch,index=213,name=spheroid_prolate_heterogeneous_aspherical_eps0p0001_rho1_E0p5_sep8_run03_impulse_noproj,time=2026-06-24T02:51:07+01:00
launch,index=214,name=spheroid_prolate_heterogeneous_aspherical_eps0p0001_rho1_E0p5_sep8_run04_impulse_noproj,time=2026-06-24T02:51:07+01:00
launch,index=215,name=spheroid_prolate_heterogeneous_aspherical_eps0p0001_rho1_E0p5_sep8_run05_impulse_noproj,time=2026-06-24T02:51:07+01:00
launch,index=216,name=spheroid_prolate_heterogeneous_aspherical_eps0p0001_rho1_E0p5_sep8_run06_impulse_noproj,time=2026-06-24T02:51:08+01:00
launch,index=217,name=spheroid_prolate_heterogeneous_aspherical_eps0p0001_rho1_E0p5_sep8_run07_impulse_noproj,time=2026-06-24T02:51:08+01:00
launch,index=218,name=spheroid_prolate_heterogeneous_aspherical_eps0p0001_rho1_E0p5_sep8_run08_impulse_noproj,time=2026-06-24T02:51:08+01:00
launch,index=219,name=spheroid_prolate_heterogeneous_aspherical_eps0p0001_rho1_E0p5_sep8_run09_impulse_noproj,time=2026-06-24T02:51:08+01:00
launch,index=220,name=spheroid_prolate_heterogeneous_aspherical_eps0p0001_rho1_E0p5_sep8_run10_impulse_noproj,time=2026-06-24T02:51:08+01:00
launch,index=221,name=spheroid_prolate_heterogeneous_aspherical_eps0p0003_rho1_E0p5_sep8_run01_impulse_noproj,time=2026-06-24T02:51:08+01:00
launch,index=222,name=spheroid_prolate_heterogeneous_aspherical_eps0p0003_rho1_E0p5_sep8_run02_impulse_noproj,time=2026-06-24T02:51:08+01:00
launch,index=223,name=spheroid_prolate_heterogeneous_aspherical_eps0p0003_rho1_E0p5_sep8_run03_impulse_noproj,time=2026-06-24T02:51:08+01:00
launch,index=224,name=spheroid_prolate_heterogeneous_aspherical_eps0p0003_rho1_E0p5_sep8_run04_impulse_noproj,time=2026-06-24T02:51:08+01:00
done,index=202,name=spheroid_prolate_heterogeneous_aspherical_eps0_rho1_E0p5_sep8_run02_impulse_noproj,time=2026-06-24T02:56:06+01:00
done,index=218,name=spheroid_prolate_heterogeneous_aspherical_eps0p0001_rho1_E0p5_sep8_run08_impulse_noproj,time=2026-06-24T02:56:07+01:00
done,index=203,name=spheroid_prolate_heterogeneous_aspherical_eps0_rho1_E0p5_sep8_run03_impulse_noproj,time=2026-06-24T02:56:11+01:00
done,index=216,name=spheroid_prolate_heterogeneous_aspherical_eps0p0001_rho1_E0p5_sep8_run06_impulse_noproj,time=2026-06-24T02:56:17+01:00
done,index=200,name=spheroid_prolate_heterogeneous_sphere_eps1_rho1_E0p5_sep8_run10_impulse_noproj,time=2026-06-24T02:56:24+01:00
done,index=219,name=spheroid_prolate_heterogeneous_aspherical_eps0p0001_rho1_E0p5_sep8_run09_impulse_noproj,time=2026-06-24T02:56:29+01:00
done,index=205,name=spheroid_prolate_heterogeneous_aspherical_eps0_rho1_E0p5_sep8_run05_impulse_noproj,time=2026-06-24T02:56:29+01:00
done,index=214,name=spheroid_prolate_heterogeneous_aspherical_eps0p0001_rho1_E0p5_sep8_run04_impulse_noproj,time=2026-06-24T02:56:31+01:00
done,index=199,name=spheroid_prolate_heterogeneous_sphere_eps1_rho1_E0p5_sep8_run09_impulse_noproj,time=2026-06-24T02:56:37+01:00
done,index=194,name=spheroid_prolate_heterogeneous_sphere_eps1_rho1_E0p5_sep8_run04_impulse_noproj,time=2026-06-24T02:56:39+01:00
done,index=196,name=spheroid_prolate_heterogeneous_sphere_eps1_rho1_E0p5_sep8_run06_impulse_noproj,time=2026-06-24T02:56:40+01:00
done,index=209,name=spheroid_prolate_heterogeneous_aspherical_eps0_rho1_E0p5_sep8_run09_impulse_noproj,time=2026-06-24T02:56:42+01:00
done,index=220,name=spheroid_prolate_heterogeneous_aspherical_eps0p0001_rho1_E0p5_sep8_run10_impulse_noproj,time=2026-06-24T02:56:42+01:00
done,index=208,name=spheroid_prolate_heterogeneous_aspherical_eps0_rho1_E0p5_sep8_run08_impulse_noproj,time=2026-06-24T02:56:43+01:00
done,index=195,name=spheroid_prolate_heterogeneous_sphere_eps1_rho1_E0p5_sep8_run05_impulse_noproj,time=2026-06-24T02:56:44+01:00
done,index=210,name=spheroid_prolate_heterogeneous_aspherical_eps0_rho1_E0p5_sep8_run10_impulse_noproj,time=2026-06-24T02:56:44+01:00
done,index=198,name=spheroid_prolate_heterogeneous_sphere_eps1_rho1_E0p5_sep8_run08_impulse_noproj,time=2026-06-24T02:56:45+01:00
done,index=224,name=spheroid_prolate_heterogeneous_aspherical_eps0p0003_rho1_E0p5_sep8_run04_impulse_noproj,time=2026-06-24T02:56:46+01:00
done,index=217,name=spheroid_prolate_heterogeneous_aspherical_eps0p0001_rho1_E0p5_sep8_run07_impulse_noproj,time=2026-06-24T02:56:49+01:00
done,index=206,name=spheroid_prolate_heterogeneous_aspherical_eps0_rho1_E0p5_sep8_run06_impulse_noproj,time=2026-06-24T02:56:51+01:00
done,index=201,name=spheroid_prolate_heterogeneous_aspherical_eps0_rho1_E0p5_sep8_run01_impulse_noproj,time=2026-06-24T02:56:52+01:00
done,index=197,name=spheroid_prolate_heterogeneous_sphere_eps1_rho1_E0p5_sep8_run07_impulse_noproj,time=2026-06-24T02:56:52+01:00
done,index=193,name=spheroid_prolate_heterogeneous_sphere_eps1_rho1_E0p5_sep8_run03_impulse_noproj,time=2026-06-24T02:56:53+01:00
done,index=212,name=spheroid_prolate_heterogeneous_aspherical_eps0p0001_rho1_E0p5_sep8_run02_impulse_noproj,time=2026-06-24T02:56:55+01:00
done,index=223,name=spheroid_prolate_heterogeneous_aspherical_eps0p0003_rho1_E0p5_sep8_run03_impulse_noproj,time=2026-06-24T02:56:56+01:00
done,index=213,name=spheroid_prolate_heterogeneous_aspherical_eps0p0001_rho1_E0p5_sep8_run03_impulse_noproj,time=2026-06-24T02:56:56+01:00
done,index=221,name=spheroid_prolate_heterogeneous_aspherical_eps0p0003_rho1_E0p5_sep8_run01_impulse_noproj,time=2026-06-24T02:56:56+01:00
done,index=207,name=spheroid_prolate_heterogeneous_aspherical_eps0_rho1_E0p5_sep8_run07_impulse_noproj,time=2026-06-24T02:56:58+01:00
done,index=222,name=spheroid_prolate_heterogeneous_aspherical_eps0p0003_rho1_E0p5_sep8_run02_impulse_noproj,time=2026-06-24T02:56:59+01:00
done,index=204,name=spheroid_prolate_heterogeneous_aspherical_eps0_rho1_E0p5_sep8_run04_impulse_noproj,time=2026-06-24T02:57:00+01:00
done,index=211,name=spheroid_prolate_heterogeneous_aspherical_eps0p0001_rho1_E0p5_sep8_run01_impulse_noproj,time=2026-06-24T02:57:00+01:00
done,index=215,name=spheroid_prolate_heterogeneous_aspherical_eps0p0001_rho1_E0p5_sep8_run05_impulse_noproj,time=2026-06-24T02:57:03+01:00
launch,index=225,name=spheroid_prolate_heterogeneous_aspherical_eps0p0003_rho1_E0p5_sep8_run05_impulse_noproj,time=2026-06-24T02:57:03+01:00
launch,index=226,name=spheroid_prolate_heterogeneous_aspherical_eps0p0003_rho1_E0p5_sep8_run06_impulse_noproj,time=2026-06-24T02:57:03+01:00
launch,index=227,name=spheroid_prolate_heterogeneous_aspherical_eps0p0003_rho1_E0p5_sep8_run07_impulse_noproj,time=2026-06-24T02:57:03+01:00
launch,index=228,name=spheroid_prolate_heterogeneous_aspherical_eps0p0003_rho1_E0p5_sep8_run08_impulse_noproj,time=2026-06-24T02:57:03+01:00
launch,index=229,name=spheroid_prolate_heterogeneous_aspherical_eps0p0003_rho1_E0p5_sep8_run09_impulse_noproj,time=2026-06-24T02:57:03+01:00
launch,index=230,name=spheroid_prolate_heterogeneous_aspherical_eps0p0003_rho1_E0p5_sep8_run10_impulse_noproj,time=2026-06-24T02:57:03+01:00
launch,index=231,name=spheroid_prolate_heterogeneous_aspherical_eps0p001_rho1_E0p5_sep8_run01_impulse_noproj,time=2026-06-24T02:57:03+01:00
launch,index=232,name=spheroid_prolate_heterogeneous_aspherical_eps0p001_rho1_E0p5_sep8_run02_impulse_noproj,time=2026-06-24T02:57:03+01:00
launch,index=233,name=spheroid_prolate_heterogeneous_aspherical_eps0p001_rho1_E0p5_sep8_run03_impulse_noproj,time=2026-06-24T02:57:04+01:00
launch,index=234,name=spheroid_prolate_heterogeneous_aspherical_eps0p001_rho1_E0p5_sep8_run04_impulse_noproj,time=2026-06-24T02:57:04+01:00
launch,index=235,name=spheroid_prolate_heterogeneous_aspherical_eps0p001_rho1_E0p5_sep8_run05_impulse_noproj,time=2026-06-24T02:57:04+01:00
launch,index=236,name=spheroid_prolate_heterogeneous_aspherical_eps0p001_rho1_E0p5_sep8_run06_impulse_noproj,time=2026-06-24T02:57:04+01:00
launch,index=237,name=spheroid_prolate_heterogeneous_aspherical_eps0p001_rho1_E0p5_sep8_run07_impulse_noproj,time=2026-06-24T02:57:04+01:00
launch,index=238,name=spheroid_prolate_heterogeneous_aspherical_eps0p001_rho1_E0p5_sep8_run08_impulse_noproj,time=2026-06-24T02:57:04+01:00
launch,index=239,name=spheroid_prolate_heterogeneous_aspherical_eps0p001_rho1_E0p5_sep8_run09_impulse_noproj,time=2026-06-24T02:57:04+01:00
launch,index=240,name=spheroid_prolate_heterogeneous_aspherical_eps0p001_rho1_E0p5_sep8_run10_impulse_noproj,time=2026-06-24T02:57:04+01:00
launch,index=241,name=spheroid_prolate_heterogeneous_aspherical_eps0p003_rho1_E0p5_sep8_run01_impulse_noproj,time=2026-06-24T02:57:04+01:00
launch,index=242,name=spheroid_prolate_heterogeneous_aspherical_eps0p003_rho1_E0p5_sep8_run02_impulse_noproj,time=2026-06-24T02:57:04+01:00
launch,index=243,name=spheroid_prolate_heterogeneous_aspherical_eps0p003_rho1_E0p5_sep8_run03_impulse_noproj,time=2026-06-24T02:57:04+01:00
launch,index=244,name=spheroid_prolate_heterogeneous_aspherical_eps0p003_rho1_E0p5_sep8_run04_impulse_noproj,time=2026-06-24T02:57:04+01:00
launch,index=245,name=spheroid_prolate_heterogeneous_aspherical_eps0p003_rho1_E0p5_sep8_run05_impulse_noproj,time=2026-06-24T02:57:04+01:00
launch,index=246,name=spheroid_prolate_heterogeneous_aspherical_eps0p003_rho1_E0p5_sep8_run06_impulse_noproj,time=2026-06-24T02:57:04+01:00
launch,index=247,name=spheroid_prolate_heterogeneous_aspherical_eps0p003_rho1_E0p5_sep8_run07_impulse_noproj,time=2026-06-24T02:57:04+01:00
launch,index=248,name=spheroid_prolate_heterogeneous_aspherical_eps0p003_rho1_E0p5_sep8_run08_impulse_noproj,time=2026-06-24T02:57:05+01:00
launch,index=249,name=spheroid_prolate_heterogeneous_aspherical_eps0p003_rho1_E0p5_sep8_run09_impulse_noproj,time=2026-06-24T02:57:05+01:00
launch,index=250,name=spheroid_prolate_heterogeneous_aspherical_eps0p003_rho1_E0p5_sep8_run10_impulse_noproj,time=2026-06-24T02:57:05+01:00
launch,index=251,name=spheroid_prolate_heterogeneous_aspherical_eps0p01_rho1_E0p5_sep8_run01_impulse_noproj,time=2026-06-24T02:57:05+01:00
launch,index=252,name=spheroid_prolate_heterogeneous_aspherical_eps0p01_rho1_E0p5_sep8_run02_impulse_noproj,time=2026-06-24T02:57:05+01:00
launch,index=253,name=spheroid_prolate_heterogeneous_aspherical_eps0p01_rho1_E0p5_sep8_run03_impulse_noproj,time=2026-06-24T02:57:05+01:00
launch,index=254,name=spheroid_prolate_heterogeneous_aspherical_eps0p01_rho1_E0p5_sep8_run04_impulse_noproj,time=2026-06-24T02:57:05+01:00
launch,index=255,name=spheroid_prolate_heterogeneous_aspherical_eps0p01_rho1_E0p5_sep8_run05_impulse_noproj,time=2026-06-24T02:57:05+01:00
launch,index=256,name=spheroid_prolate_heterogeneous_aspherical_eps0p01_rho1_E0p5_sep8_run06_impulse_noproj,time=2026-06-24T02:57:05+01:00
done,index=234,name=spheroid_prolate_heterogeneous_aspherical_eps0p001_rho1_E0p5_sep8_run04_impulse_noproj,time=2026-06-24T03:02:14+01:00
done,index=253,name=spheroid_prolate_heterogeneous_aspherical_eps0p01_rho1_E0p5_sep8_run03_impulse_noproj,time=2026-06-24T03:02:21+01:00
done,index=251,name=spheroid_prolate_heterogeneous_aspherical_eps0p01_rho1_E0p5_sep8_run01_impulse_noproj,time=2026-06-24T03:02:26+01:00
done,index=250,name=spheroid_prolate_heterogeneous_aspherical_eps0p003_rho1_E0p5_sep8_run10_impulse_noproj,time=2026-06-24T03:02:30+01:00
done,index=230,name=spheroid_prolate_heterogeneous_aspherical_eps0p0003_rho1_E0p5_sep8_run10_impulse_noproj,time=2026-06-24T03:02:34+01:00
done,index=231,name=spheroid_prolate_heterogeneous_aspherical_eps0p001_rho1_E0p5_sep8_run01_impulse_noproj,time=2026-06-24T03:02:35+01:00
done,index=233,name=spheroid_prolate_heterogeneous_aspherical_eps0p001_rho1_E0p5_sep8_run03_impulse_noproj,time=2026-06-24T03:02:41+01:00
done,index=226,name=spheroid_prolate_heterogeneous_aspherical_eps0p0003_rho1_E0p5_sep8_run06_impulse_noproj,time=2026-06-24T03:02:46+01:00
done,index=248,name=spheroid_prolate_heterogeneous_aspherical_eps0p003_rho1_E0p5_sep8_run08_impulse_noproj,time=2026-06-24T03:02:46+01:00
done,index=237,name=spheroid_prolate_heterogeneous_aspherical_eps0p001_rho1_E0p5_sep8_run07_impulse_noproj,time=2026-06-24T03:02:47+01:00
done,index=228,name=spheroid_prolate_heterogeneous_aspherical_eps0p0003_rho1_E0p5_sep8_run08_impulse_noproj,time=2026-06-24T03:02:47+01:00
done,index=243,name=spheroid_prolate_heterogeneous_aspherical_eps0p003_rho1_E0p5_sep8_run03_impulse_noproj,time=2026-06-24T03:02:49+01:00
done,index=236,name=spheroid_prolate_heterogeneous_aspherical_eps0p001_rho1_E0p5_sep8_run06_impulse_noproj,time=2026-06-24T03:02:49+01:00
done,index=241,name=spheroid_prolate_heterogeneous_aspherical_eps0p003_rho1_E0p5_sep8_run01_impulse_noproj,time=2026-06-24T03:02:50+01:00
done,index=238,name=spheroid_prolate_heterogeneous_aspherical_eps0p001_rho1_E0p5_sep8_run08_impulse_noproj,time=2026-06-24T03:02:51+01:00
done,index=225,name=spheroid_prolate_heterogeneous_aspherical_eps0p0003_rho1_E0p5_sep8_run05_impulse_noproj,time=2026-06-24T03:02:52+01:00
done,index=244,name=spheroid_prolate_heterogeneous_aspherical_eps0p003_rho1_E0p5_sep8_run04_impulse_noproj,time=2026-06-24T03:02:53+01:00
done,index=249,name=spheroid_prolate_heterogeneous_aspherical_eps0p003_rho1_E0p5_sep8_run09_impulse_noproj,time=2026-06-24T03:02:54+01:00
done,index=254,name=spheroid_prolate_heterogeneous_aspherical_eps0p01_rho1_E0p5_sep8_run04_impulse_noproj,time=2026-06-24T03:02:54+01:00
done,index=239,name=spheroid_prolate_heterogeneous_aspherical_eps0p001_rho1_E0p5_sep8_run09_impulse_noproj,time=2026-06-24T03:02:55+01:00
done,index=227,name=spheroid_prolate_heterogeneous_aspherical_eps0p0003_rho1_E0p5_sep8_run07_impulse_noproj,time=2026-06-24T03:02:55+01:00
done,index=235,name=spheroid_prolate_heterogeneous_aspherical_eps0p001_rho1_E0p5_sep8_run05_impulse_noproj,time=2026-06-24T03:02:56+01:00
done,index=240,name=spheroid_prolate_heterogeneous_aspherical_eps0p001_rho1_E0p5_sep8_run10_impulse_noproj,time=2026-06-24T03:02:56+01:00
done,index=242,name=spheroid_prolate_heterogeneous_aspherical_eps0p003_rho1_E0p5_sep8_run02_impulse_noproj,time=2026-06-24T03:02:56+01:00
done,index=229,name=spheroid_prolate_heterogeneous_aspherical_eps0p0003_rho1_E0p5_sep8_run09_impulse_noproj,time=2026-06-24T03:02:57+01:00
done,index=255,name=spheroid_prolate_heterogeneous_aspherical_eps0p01_rho1_E0p5_sep8_run05_impulse_noproj,time=2026-06-24T03:02:57+01:00
done,index=232,name=spheroid_prolate_heterogeneous_aspherical_eps0p001_rho1_E0p5_sep8_run02_impulse_noproj,time=2026-06-24T03:02:58+01:00
done,index=247,name=spheroid_prolate_heterogeneous_aspherical_eps0p003_rho1_E0p5_sep8_run07_impulse_noproj,time=2026-06-24T03:03:01+01:00
done,index=245,name=spheroid_prolate_heterogeneous_aspherical_eps0p003_rho1_E0p5_sep8_run05_impulse_noproj,time=2026-06-24T03:03:03+01:00
done,index=246,name=spheroid_prolate_heterogeneous_aspherical_eps0p003_rho1_E0p5_sep8_run06_impulse_noproj,time=2026-06-24T03:03:03+01:00
done,index=252,name=spheroid_prolate_heterogeneous_aspherical_eps0p01_rho1_E0p5_sep8_run02_impulse_noproj,time=2026-06-24T03:03:03+01:00
done,index=256,name=spheroid_prolate_heterogeneous_aspherical_eps0p01_rho1_E0p5_sep8_run06_impulse_noproj,time=2026-06-24T03:03:03+01:00
launch,index=257,name=spheroid_prolate_heterogeneous_aspherical_eps0p01_rho1_E0p5_sep8_run07_impulse_noproj,time=2026-06-24T03:03:03+01:00
launch,index=258,name=spheroid_prolate_heterogeneous_aspherical_eps0p01_rho1_E0p5_sep8_run08_impulse_noproj,time=2026-06-24T03:03:03+01:00
launch,index=259,name=spheroid_prolate_heterogeneous_aspherical_eps0p01_rho1_E0p5_sep8_run09_impulse_noproj,time=2026-06-24T03:03:04+01:00
launch,index=260,name=spheroid_prolate_heterogeneous_aspherical_eps0p01_rho1_E0p5_sep8_run10_impulse_noproj,time=2026-06-24T03:03:04+01:00
launch,index=261,name=spheroid_prolate_heterogeneous_aspherical_eps0p03_rho1_E0p5_sep8_run01_impulse_noproj,time=2026-06-24T03:03:04+01:00
launch,index=262,name=spheroid_prolate_heterogeneous_aspherical_eps0p03_rho1_E0p5_sep8_run02_impulse_noproj,time=2026-06-24T03:03:04+01:00
launch,index=263,name=spheroid_prolate_heterogeneous_aspherical_eps0p03_rho1_E0p5_sep8_run03_impulse_noproj,time=2026-06-24T03:03:04+01:00
launch,index=264,name=spheroid_prolate_heterogeneous_aspherical_eps0p03_rho1_E0p5_sep8_run04_impulse_noproj,time=2026-06-24T03:03:04+01:00
launch,index=265,name=spheroid_prolate_heterogeneous_aspherical_eps0p03_rho1_E0p5_sep8_run05_impulse_noproj,time=2026-06-24T03:03:04+01:00
launch,index=266,name=spheroid_prolate_heterogeneous_aspherical_eps0p03_rho1_E0p5_sep8_run06_impulse_noproj,time=2026-06-24T03:03:04+01:00
launch,index=267,name=spheroid_prolate_heterogeneous_aspherical_eps0p03_rho1_E0p5_sep8_run07_impulse_noproj,time=2026-06-24T03:03:04+01:00
launch,index=268,name=spheroid_prolate_heterogeneous_aspherical_eps0p03_rho1_E0p5_sep8_run08_impulse_noproj,time=2026-06-24T03:03:04+01:00
launch,index=269,name=spheroid_prolate_heterogeneous_aspherical_eps0p03_rho1_E0p5_sep8_run09_impulse_noproj,time=2026-06-24T03:03:04+01:00
launch,index=270,name=spheroid_prolate_heterogeneous_aspherical_eps0p03_rho1_E0p5_sep8_run10_impulse_noproj,time=2026-06-24T03:03:04+01:00
launch,index=271,name=spheroid_prolate_heterogeneous_aspherical_eps0p1_rho1_E0p5_sep8_run01_impulse_noproj,time=2026-06-24T03:03:04+01:00
launch,index=272,name=spheroid_prolate_heterogeneous_aspherical_eps0p1_rho1_E0p5_sep8_run02_impulse_noproj,time=2026-06-24T03:03:04+01:00
launch,index=273,name=spheroid_prolate_heterogeneous_aspherical_eps0p1_rho1_E0p5_sep8_run03_impulse_noproj,time=2026-06-24T03:03:04+01:00
launch,index=274,name=spheroid_prolate_heterogeneous_aspherical_eps0p1_rho1_E0p5_sep8_run04_impulse_noproj,time=2026-06-24T03:03:04+01:00
launch,index=275,name=spheroid_prolate_heterogeneous_aspherical_eps0p1_rho1_E0p5_sep8_run05_impulse_noproj,time=2026-06-24T03:03:05+01:00
launch,index=276,name=spheroid_prolate_heterogeneous_aspherical_eps0p1_rho1_E0p5_sep8_run06_impulse_noproj,time=2026-06-24T03:03:05+01:00
launch,index=277,name=spheroid_prolate_heterogeneous_aspherical_eps0p1_rho1_E0p5_sep8_run07_impulse_noproj,time=2026-06-24T03:03:05+01:00
launch,index=278,name=spheroid_prolate_heterogeneous_aspherical_eps0p1_rho1_E0p5_sep8_run08_impulse_noproj,time=2026-06-24T03:03:05+01:00
launch,index=279,name=spheroid_prolate_heterogeneous_aspherical_eps0p1_rho1_E0p5_sep8_run09_impulse_noproj,time=2026-06-24T03:03:05+01:00
launch,index=280,name=spheroid_prolate_heterogeneous_aspherical_eps0p1_rho1_E0p5_sep8_run10_impulse_noproj,time=2026-06-24T03:03:05+01:00
launch,index=281,name=spheroid_prolate_heterogeneous_aspherical_eps0p3_rho1_E0p5_sep8_run01_impulse_noproj,time=2026-06-24T03:03:05+01:00
launch,index=282,name=spheroid_prolate_heterogeneous_aspherical_eps0p3_rho1_E0p5_sep8_run02_impulse_noproj,time=2026-06-24T03:03:05+01:00
launch,index=283,name=spheroid_prolate_heterogeneous_aspherical_eps0p3_rho1_E0p5_sep8_run03_impulse_noproj,time=2026-06-24T03:03:05+01:00
launch,index=284,name=spheroid_prolate_heterogeneous_aspherical_eps0p3_rho1_E0p5_sep8_run04_impulse_noproj,time=2026-06-24T03:03:05+01:00
launch,index=285,name=spheroid_prolate_heterogeneous_aspherical_eps0p3_rho1_E0p5_sep8_run05_impulse_noproj,time=2026-06-24T03:03:05+01:00
launch,index=286,name=spheroid_prolate_heterogeneous_aspherical_eps0p3_rho1_E0p5_sep8_run06_impulse_noproj,time=2026-06-24T03:03:05+01:00
launch,index=287,name=spheroid_prolate_heterogeneous_aspherical_eps0p3_rho1_E0p5_sep8_run07_impulse_noproj,time=2026-06-24T03:03:05+01:00
launch,index=288,name=spheroid_prolate_heterogeneous_aspherical_eps0p3_rho1_E0p5_sep8_run08_impulse_noproj,time=2026-06-24T03:03:05+01:00
done,index=265,name=spheroid_prolate_heterogeneous_aspherical_eps0p03_rho1_E0p5_sep8_run05_impulse_noproj,time=2026-06-24T03:08:19+01:00
done,index=266,name=spheroid_prolate_heterogeneous_aspherical_eps0p03_rho1_E0p5_sep8_run06_impulse_noproj,time=2026-06-24T03:08:40+01:00
done,index=279,name=spheroid_prolate_heterogeneous_aspherical_eps0p1_rho1_E0p5_sep8_run09_impulse_noproj,time=2026-06-24T03:08:46+01:00
done,index=263,name=spheroid_prolate_heterogeneous_aspherical_eps0p03_rho1_E0p5_sep8_run03_impulse_noproj,time=2026-06-24T03:08:53+01:00
done,index=272,name=spheroid_prolate_heterogeneous_aspherical_eps0p1_rho1_E0p5_sep8_run02_impulse_noproj,time=2026-06-24T03:08:54+01:00
done,index=267,name=spheroid_prolate_heterogeneous_aspherical_eps0p03_rho1_E0p5_sep8_run07_impulse_noproj,time=2026-06-24T03:08:54+01:00
done,index=259,name=spheroid_prolate_heterogeneous_aspherical_eps0p01_rho1_E0p5_sep8_run09_impulse_noproj,time=2026-06-24T03:08:58+01:00
done,index=258,name=spheroid_prolate_heterogeneous_aspherical_eps0p01_rho1_E0p5_sep8_run08_impulse_noproj,time=2026-06-24T03:09:00+01:00
done,index=264,name=spheroid_prolate_heterogeneous_aspherical_eps0p03_rho1_E0p5_sep8_run04_impulse_noproj,time=2026-06-24T03:09:01+01:00
done,index=275,name=spheroid_prolate_heterogeneous_aspherical_eps0p1_rho1_E0p5_sep8_run05_impulse_noproj,time=2026-06-24T03:09:03+01:00
done,index=257,name=spheroid_prolate_heterogeneous_aspherical_eps0p01_rho1_E0p5_sep8_run07_impulse_noproj,time=2026-06-24T03:09:03+01:00
done,index=262,name=spheroid_prolate_heterogeneous_aspherical_eps0p03_rho1_E0p5_sep8_run02_impulse_noproj,time=2026-06-24T03:09:04+01:00
done,index=271,name=spheroid_prolate_heterogeneous_aspherical_eps0p1_rho1_E0p5_sep8_run01_impulse_noproj,time=2026-06-24T03:09:05+01:00
done,index=270,name=spheroid_prolate_heterogeneous_aspherical_eps0p03_rho1_E0p5_sep8_run10_impulse_noproj,time=2026-06-24T03:09:06+01:00
done,index=261,name=spheroid_prolate_heterogeneous_aspherical_eps0p03_rho1_E0p5_sep8_run01_impulse_noproj,time=2026-06-24T03:09:06+01:00
done,index=260,name=spheroid_prolate_heterogeneous_aspherical_eps0p01_rho1_E0p5_sep8_run10_impulse_noproj,time=2026-06-24T03:09:12+01:00
done,index=277,name=spheroid_prolate_heterogeneous_aspherical_eps0p1_rho1_E0p5_sep8_run07_impulse_noproj,time=2026-06-24T03:09:12+01:00
done,index=276,name=spheroid_prolate_heterogeneous_aspherical_eps0p1_rho1_E0p5_sep8_run06_impulse_noproj,time=2026-06-24T03:09:15+01:00
done,index=269,name=spheroid_prolate_heterogeneous_aspherical_eps0p03_rho1_E0p5_sep8_run09_impulse_noproj,time=2026-06-24T03:09:16+01:00
done,index=278,name=spheroid_prolate_heterogeneous_aspherical_eps0p1_rho1_E0p5_sep8_run08_impulse_noproj,time=2026-06-24T03:09:16+01:00
done,index=268,name=spheroid_prolate_heterogeneous_aspherical_eps0p03_rho1_E0p5_sep8_run08_impulse_noproj,time=2026-06-24T03:09:16+01:00
done,index=273,name=spheroid_prolate_heterogeneous_aspherical_eps0p1_rho1_E0p5_sep8_run03_impulse_noproj,time=2026-06-24T03:09:16+01:00
done,index=274,name=spheroid_prolate_heterogeneous_aspherical_eps0p1_rho1_E0p5_sep8_run04_impulse_noproj,time=2026-06-24T03:09:17+01:00
done,index=287,name=spheroid_prolate_heterogeneous_aspherical_eps0p3_rho1_E0p5_sep8_run07_impulse_noproj,time=2026-06-24T03:09:18+01:00
done,index=282,name=spheroid_prolate_heterogeneous_aspherical_eps0p3_rho1_E0p5_sep8_run02_impulse_noproj,time=2026-06-24T03:09:19+01:00
done,index=280,name=spheroid_prolate_heterogeneous_aspherical_eps0p1_rho1_E0p5_sep8_run10_impulse_noproj,time=2026-06-24T03:09:25+01:00
done,index=281,name=spheroid_prolate_heterogeneous_aspherical_eps0p3_rho1_E0p5_sep8_run01_impulse_noproj,time=2026-06-24T03:09:27+01:00
done,index=288,name=spheroid_prolate_heterogeneous_aspherical_eps0p3_rho1_E0p5_sep8_run08_impulse_noproj,time=2026-06-24T03:09:28+01:00
done,index=283,name=spheroid_prolate_heterogeneous_aspherical_eps0p3_rho1_E0p5_sep8_run03_impulse_noproj,time=2026-06-24T03:09:31+01:00
done,index=286,name=spheroid_prolate_heterogeneous_aspherical_eps0p3_rho1_E0p5_sep8_run06_impulse_noproj,time=2026-06-24T03:09:31+01:00
done,index=285,name=spheroid_prolate_heterogeneous_aspherical_eps0p3_rho1_E0p5_sep8_run05_impulse_noproj,time=2026-06-24T03:09:33+01:00
done,index=284,name=spheroid_prolate_heterogeneous_aspherical_eps0p3_rho1_E0p5_sep8_run04_impulse_noproj,time=2026-06-24T03:09:33+01:00
launch,index=289,name=spheroid_prolate_heterogeneous_aspherical_eps0p3_rho1_E0p5_sep8_run09_impulse_noproj,time=2026-06-24T03:09:34+01:00
launch,index=290,name=spheroid_prolate_heterogeneous_aspherical_eps0p3_rho1_E0p5_sep8_run10_impulse_noproj,time=2026-06-24T03:09:34+01:00
launch,index=291,name=spheroid_prolate_heterogeneous_aspherical_eps1_rho1_E0p5_sep8_run01_impulse_noproj,time=2026-06-24T03:09:34+01:00
launch,index=292,name=spheroid_prolate_heterogeneous_aspherical_eps1_rho1_E0p5_sep8_run02_impulse_noproj,time=2026-06-24T03:09:34+01:00
launch,index=293,name=spheroid_prolate_heterogeneous_aspherical_eps1_rho1_E0p5_sep8_run03_impulse_noproj,time=2026-06-24T03:09:34+01:00
launch,index=294,name=spheroid_prolate_heterogeneous_aspherical_eps1_rho1_E0p5_sep8_run04_impulse_noproj,time=2026-06-24T03:09:34+01:00
launch,index=295,name=spheroid_prolate_heterogeneous_aspherical_eps1_rho1_E0p5_sep8_run05_impulse_noproj,time=2026-06-24T03:09:34+01:00
launch,index=296,name=spheroid_prolate_heterogeneous_aspherical_eps1_rho1_E0p5_sep8_run06_impulse_noproj,time=2026-06-24T03:09:34+01:00
launch,index=297,name=spheroid_prolate_heterogeneous_aspherical_eps1_rho1_E0p5_sep8_run07_impulse_noproj,time=2026-06-24T03:09:34+01:00
launch,index=298,name=spheroid_prolate_heterogeneous_aspherical_eps1_rho1_E0p5_sep8_run08_impulse_noproj,time=2026-06-24T03:09:34+01:00
launch,index=299,name=spheroid_prolate_heterogeneous_aspherical_eps1_rho1_E0p5_sep8_run09_impulse_noproj,time=2026-06-24T03:09:34+01:00
launch,index=300,name=spheroid_prolate_heterogeneous_aspherical_eps1_rho1_E0p5_sep8_run10_impulse_noproj,time=2026-06-24T03:09:34+01:00
done,index=294,name=spheroid_prolate_heterogeneous_aspherical_eps1_rho1_E0p5_sep8_run04_impulse_noproj,time=2026-06-24T03:09:45+01:00
done,index=296,name=spheroid_prolate_heterogeneous_aspherical_eps1_rho1_E0p5_sep8_run06_impulse_noproj,time=2026-06-24T03:13:39+01:00
done,index=289,name=spheroid_prolate_heterogeneous_aspherical_eps0p3_rho1_E0p5_sep8_run09_impulse_noproj,time=2026-06-24T03:13:43+01:00
done,index=299,name=spheroid_prolate_heterogeneous_aspherical_eps1_rho1_E0p5_sep8_run09_impulse_noproj,time=2026-06-24T03:13:59+01:00
done,index=291,name=spheroid_prolate_heterogeneous_aspherical_eps1_rho1_E0p5_sep8_run01_impulse_noproj,time=2026-06-24T03:14:01+01:00
done,index=298,name=spheroid_prolate_heterogeneous_aspherical_eps1_rho1_E0p5_sep8_run08_impulse_noproj,time=2026-06-24T03:14:01+01:00
done,index=295,name=spheroid_prolate_heterogeneous_aspherical_eps1_rho1_E0p5_sep8_run05_impulse_noproj,time=2026-06-24T03:14:01+01:00
done,index=292,name=spheroid_prolate_heterogeneous_aspherical_eps1_rho1_E0p5_sep8_run02_impulse_noproj,time=2026-06-24T03:14:03+01:00
done,index=297,name=spheroid_prolate_heterogeneous_aspherical_eps1_rho1_E0p5_sep8_run07_impulse_noproj,time=2026-06-24T03:14:04+01:00
done,index=300,name=spheroid_prolate_heterogeneous_aspherical_eps1_rho1_E0p5_sep8_run10_impulse_noproj,time=2026-06-24T03:14:10+01:00
done,index=290,name=spheroid_prolate_heterogeneous_aspherical_eps0p3_rho1_E0p5_sep8_run10_impulse_noproj,time=2026-06-24T03:14:13+01:00
done,index=293,name=spheroid_prolate_heterogeneous_aspherical_eps1_rho1_E0p5_sep8_run03_impulse_noproj,time=2026-06-24T03:14:17+01:00
summary,launched=300,completed=300,skipped=0,failed=0,time=2026-06-24T03:14:17+01:00
==== packed departing-sphericity job 14162775 finished 2026-06-24T03:14:17+01:00 ====
