
================ Simulation setup ================
  Run label:         /work/e643/e643/shared/multi_ellip/studies/departing_sphericity_sweep/runs/spheroid_oblate/heterogeneous_sphere/spheroid_oblate_heterogeneous_sphere_eps0_rho1_E0p5_sep8_run06_impulse_noproj/
  Started:           2026-06-24 02:38:57
  Input file:        /work/e643/e643/shared/multi_ellip/studies/departing_sphericity_sweep/runs/spheroid_oblate/heterogeneous_sphere/spheroid_oblate_heterogeneous_sphere_eps0_rho1_E0p5_sep8_run06_impulse_noproj/input.txt
  Output file:       /work/e643/e643/shared/multi_ellip/studies/departing_sphericity_sweep/runs/spheroid_oblate/heterogeneous_sphere/spheroid_oblate_heterogeneous_sphere_eps0_rho1_E0p5_sep8_run06_impulse_noproj/multiple_body_complete.dat
  Bodies:            2
  Fluid density:     1
  Mesh:              ndiv 2 -> 256 triangles / 516 nodes
  Simulated time:    0 -> 100  (dt = 0.05, ~2000 steps)
  Output cadence:    every 1 step(s)
  Output rows:       ~2001
  Progress cadence:  every 100 step(s)
  CPU cores:         256 available, 8 Rayon worker thread(s)
  Strong coupling:   disabled
  Impulse scheme:    enabled
  Hamiltonian step:  disabled
  Hamiltonian midpt: disabled
  Variational step:  disabled
  Energy projection: disabled
  Projection particular metric: Euclidean
  Fluid KE gradient: disabled  (eps = 0.001, scale = 1, linear = 1, angular = 1)
  Fluid KE discrete gradient: disabled
  Impulse pair metric correction: disabled  (mode = pair discrete-gradient, cutoff = all pairs, inner/outer = 0/0, eps = 0.001, linear scale = 1, angular scale = 0)
  Impulse metric correction: disabled  (internal load constraint = disabled)
  Impulse variational defect probe: disabled
  Impulse quadratic pressure: disabled  (scale = 1)
  Added-mass stab:   disabled
  Exact BEM geometry: disabled
  Exact singular BEM: disabled
  Legacy singular SLP diagnostic: disabled
  Phi-dot blend:     0 (off)

  Solver guidance:
    - Strong coupling: use for stiff close-coupled runs; slower but more implicit.
    - Impulse scheme: use when impulse/momentum conservation or KE drift is the focus. Recommended.
    - Added-mass stab: use for higher mesh counts (ndiv > 3) to preserve stability - deprecated.
================================================
Solver starting - good luck!

Initial state:
  Body  1
    density:          1.000000
    shape axes ratio: (1.000000, 1.000000, 1.000000)
    initial KE ratio: 0.500000
    position:         (-4.000000, 0.000000, 0.000000)
    velocity:         (-5.007595, 1.593017, -1.992240)
    angular velocity: (4.741106, 1.037586, -3.990457)
    orientation:      (w=-0.372563, i=0.753137, j=-0.429281, k=0.331208)
  Body  2
    density:          1.000000
    shape axes ratio: (1.000000, 1.000000, 1.000000)
    initial KE ratio: 0.500000
    position:         (4.000000, 0.000000, 0.000000)
    velocity:         (-5.007595, 1.593017, -1.992240)
    angular velocity: (-1.022227, 0.840889, -6.142180)
    orientation:      (w=0.821008, i=0.066821, j=-0.542596, k=0.164533)

Preparing first step: implicit scheme, no bootstrap passes required.
First step may take longer than later steps.

First step completed in 0.198 s.

Step   100/2000    5.0% | t 5.000 | ETA 2m 23s | step 0.07s | KE 265.0925 | drift -2.01% | fluid 72.0888 | solid 193.0037
  Impulse FP iterations last/mean/max 6/6.00/6
Step   200/2000   10.0% | t 10.000 | ETA 2m 18s | step 0.08s | KE 261.7614 | drift -3.24% | fluid 72.0887 | solid 189.6727
  Impulse FP iterations last/mean/max 6/6.00/6
Step   300/2000   15.0% | t 15.000 | ETA 2m 11s | step 0.08s | KE 260.5355 | drift -3.69% | fluid 72.0887 | solid 188.4467
  Impulse FP iterations last/mean/max 6/6.00/6
Step   400/2000   20.0% | t 20.000 | ETA 2m 4s | step 0.07s | KE 261.4150 | drift -3.37% | fluid 72.0887 | solid 189.3262
  Impulse FP iterations last/mean/max 6/6.00/6
Step   500/2000   25.0% | t 25.000 | ETA 1m 56s | step 0.08s | KE 264.3995 | drift -2.27% | fluid 72.0888 | solid 192.3108
  Impulse FP iterations last/mean/max 6/6.00/6
Step   600/2000   30.0% | t 30.000 | ETA 1m 49s | step 0.08s | KE 269.4895 | drift -0.38% | fluid 72.0887 | solid 197.4008
  Impulse FP iterations last/mean/max 6/6.00/6
Step   700/2000   35.0% | t 35.000 | ETA 1m 41s | step 0.08s | KE 276.6846 | drift +2.28% | fluid 72.0888 | solid 204.5958
  Impulse FP iterations last/mean/max 6/6.00/6
Step   800/2000   40.0% | t 40.000 | ETA 1m 33s | step 0.07s | KE 285.9849 | drift +5.71% | fluid 72.0887 | solid 213.8962
  Impulse FP iterations last/mean/max 6/6.00/6
Step   900/2000   45.0% | t 45.000 | ETA 1m 25s | step 0.07s | KE 297.3901 | drift +9.93% | fluid 72.0888 | solid 225.3013
  Impulse FP iterations last/mean/max 6/5.98/6
Step  1000/2000   50.0% | t 50.000 | ETA 1m 17s | step 0.08s | KE 310.9005 | drift +14.92% | fluid 72.0888 | solid 238.8117
  Impulse FP iterations last/mean/max 6/5.96/6
Step  1100/2000   55.0% | t 55.000 | ETA 1m 9s | step 0.08s | KE 326.5156 | drift +20.70% | fluid 72.0888 | solid 254.4268
  Impulse FP iterations last/mean/max 6/5.93/6
Step  1200/2000   60.0% | t 60.000 | ETA 1m 1s | step 0.07s | KE 344.2356 | drift +27.25% | fluid 72.0888 | solid 272.1468
  Impulse FP iterations last/mean/max 5/5.89/6
Step  1300/2000   65.0% | t 65.000 | ETA 53s | step 0.07s | KE 364.0601 | drift +34.57% | fluid 72.0888 | solid 291.9713
  Impulse FP iterations last/mean/max 5/5.86/6
Step  1400/2000   70.0% | t 70.000 | ETA 45s | step 0.07s | KE 385.9893 | drift +42.68% | fluid 72.0888 | solid 313.9004
  Impulse FP iterations last/mean/max 5/5.83/6
Step  1500/2000   75.0% | t 75.000 | ETA 38s | step 0.06s | KE 410.0229 | drift +51.56% | fluid 72.0889 | solid 337.9340
  Impulse FP iterations last/mean/max 5/5.80/6
Step  1600/2000   80.0% | t 80.000 | ETA 30s | step 0.07s | KE 436.1609 | drift +61.23% | fluid 72.0889 | solid 364.0721
  Impulse FP iterations last/mean/max 5/5.77/6
Step  1700/2000   85.0% | t 85.000 | ETA 22s | step 0.08s | KE 464.4031 | drift +71.66% | fluid 72.0889 | solid 392.3142
  Impulse FP iterations last/mean/max 6/5.74/6
Step  1800/2000   90.0% | t 90.000 | ETA 15s | step 0.07s | KE 494.7497 | drift +82.88% | fluid 72.0889 | solid 422.6608
  Impulse FP iterations last/mean/max 5/5.72/6
Step  1900/2000   95.0% | t 95.000 | ETA 7s | step 0.07s | KE 527.1999 | drift +94.88% | fluid 72.0890 | solid 455.1109
  Impulse FP iterations last/mean/max 5/5.70/6
Solver finished successfully - good job!
Results saved successfully.

================== Run summary ==================
  Bodies:            2
  Triangles / nodes: 256 / 516
  Timesteps:         2000  (dt = 0.05)
  Simulated time:    0 -> 100
  First-step setup:  0.198 s
  Mean time/step:    0.0742 s  (excl. first step)
  Total wall time:   2m 28s
  Impulse FP iters last/mean/max: 6 / 5.676 / 6
  Approx impulse solves/step:     5.677
  Impulse start cache hits/direct: 1999 / 1
  Impulse global drift P/H:       2.133548e-9 / 3.919495e-2
  Impulse per-body max drift P/H: 2.448728e-9 / 6.336935e-3
  CPU cores:         256 available, 8 Rayon worker thread(s)
  Started:           2026-06-24 02:38:57
  Finished:          2026-06-24 02:41:26
  Output file:       /work/e643/e643/shared/multi_ellip/studies/departing_sphericity_sweep/runs/spheroid_oblate/heterogeneous_sphere/spheroid_oblate_heterogeneous_sphere_eps0_rho1_E0p5_sep8_run06_impulse_noproj/multiple_body_complete.dat
================================================
