
================ Simulation setup ================
  Run label:         /work/e643/e643/shared/multi_ellip/studies/departing_sphericity_sweep/runs/spheroid_prolate/heterogeneous_aspherical/spheroid_prolate_heterogeneous_aspherical_eps0p0001_rho1_E0p5_sep8_run01_impulse_noproj/
  Started:           2026-06-24 02:51:07
  Input file:        /work/e643/e643/shared/multi_ellip/studies/departing_sphericity_sweep/runs/spheroid_prolate/heterogeneous_aspherical/spheroid_prolate_heterogeneous_aspherical_eps0p0001_rho1_E0p5_sep8_run01_impulse_noproj/input.txt
  Output file:       /work/e643/e643/shared/multi_ellip/studies/departing_sphericity_sweep/runs/spheroid_prolate/heterogeneous_aspherical/spheroid_prolate_heterogeneous_aspherical_eps0p0001_rho1_E0p5_sep8_run01_impulse_noproj/multiple_body_complete.dat
  Bodies:            2
  Fluid density:     1
  Mesh:              ndiv 2 -> 256 triangles / 516 nodes
  Simulated time:    0 -> 100  (dt = 0.05, ~2000 steps)
  Output cadence:    every 1 step(s)
  Output rows:       ~2001
  Progress cadence:  every 100 step(s)
  CPU cores:         256 available, 8 Rayon worker thread(s)
  Strong coupling:   disabled
  Impulse scheme:    enabled
  Hamiltonian step:  disabled
  Hamiltonian midpt: disabled
  Variational step:  disabled
  Energy projection: disabled
  Projection particular metric: Euclidean
  Fluid KE gradient: disabled  (eps = 0.001, scale = 1, linear = 1, angular = 1)
  Fluid KE discrete gradient: disabled
  Impulse pair metric correction: disabled  (mode = pair discrete-gradient, cutoff = all pairs, inner/outer = 0/0, eps = 0.001, linear scale = 1, angular scale = 0)
  Impulse metric correction: disabled  (internal load constraint = disabled)
  Impulse variational defect probe: disabled
  Impulse quadratic pressure: disabled  (scale = 1)
  Added-mass stab:   disabled
  Exact BEM geometry: disabled
  Exact singular BEM: disabled
  Legacy singular SLP diagnostic: disabled
  Phi-dot blend:     0 (off)

  Solver guidance:
    - Strong coupling: use for stiff close-coupled runs; slower but more implicit.
    - Impulse scheme: use when impulse/momentum conservation or KE drift is the focus. Recommended.
    - Added-mass stab: use for higher mesh counts (ndiv > 3) to preserve stability - deprecated.
================================================
Solver starting - good luck!

Initial state:
  Body  1
    density:          1.000000
    shape axes ratio: (1.000000, 0.999700, 0.999700)
    initial KE ratio: 0.500000
    position:         (-4.000000, 0.000000, 0.000000)
    velocity:         (4.792339, -0.683973, 2.854626)
    angular velocity: (3.335682, 1.461688, -5.120069)
    orientation:      (w=-0.800922, i=0.440667, j=-0.203905, k=0.350369)
  Body  2
    density:          1.000000
    shape axes ratio: (1.000000, 0.125000, 0.125000)
    initial KE ratio: 0.500000
    position:         (4.000000, 0.000000, 0.000000)
    velocity:         (13.613088, -1.942889, 8.108830)
    angular velocity: (-0.529390, 1.473507, 6.084977)
    orientation:      (w=-0.115508, i=0.033215, j=0.525315, k=0.842377)

Preparing first step: implicit scheme, no bootstrap passes required.
First step may take longer than later steps.

First step completed in 0.368 s.

Step   100/2000    5.0% | t 5.000 | ETA 5m 49s | step 0.18s | KE 1436.3166 | drift -0.14% | fluid 678.8377 | solid 757.4789
  Impulse FP iterations last/mean/max 13/12.68/14
Step   200/2000   10.0% | t 10.000 | ETA 5m 29s | step 0.19s | KE 1447.2983 | drift +0.62% | fluid 580.4726 | solid 866.8257
  Impulse FP iterations last/mean/max 13/12.60/14
Step   300/2000   15.0% | t 15.000 | ETA 5m 10s | step 0.18s | KE 1442.5757 | drift +0.29% | fluid 458.7152 | solid 983.8605
  Impulse FP iterations last/mean/max 12/12.58/14
Step   400/2000   20.0% | t 20.000 | ETA 4m 52s | step 0.18s | KE 1449.7910 | drift +0.79% | fluid 554.1567 | solid 895.6343
  Impulse FP iterations last/mean/max 13/12.59/14
Step   500/2000   25.0% | t 25.000 | ETA 4m 33s | step 0.20s | KE 1435.5421 | drift -0.20% | fluid 678.1977 | solid 757.3444
  Impulse FP iterations last/mean/max 13/12.57/14
Step   600/2000   30.0% | t 30.000 | ETA 4m 15s | step 0.20s | KE 1438.0464 | drift -0.02% | fluid 576.7861 | solid 861.2603
  Impulse FP iterations last/mean/max 13/12.57/14
Step   700/2000   35.0% | t 35.000 | ETA 3m 57s | step 0.19s | KE 1457.8325 | drift +1.35% | fluid 468.2134 | solid 989.6190
  Impulse FP iterations last/mean/max 13/12.58/14
Step   800/2000   40.0% | t 40.000 | ETA 3m 38s | step 0.18s | KE 1439.2063 | drift +0.06% | fluid 546.3669 | solid 892.8394
  Impulse FP iterations last/mean/max 13/12.57/14
Step   900/2000   45.0% | t 45.000 | ETA 3m 20s | step 0.18s | KE 1436.4438 | drift -0.14% | fluid 678.4230 | solid 758.0208
  Impulse FP iterations last/mean/max 13/12.57/14
Step  1000/2000   50.0% | t 50.000 | ETA 3m 2s | step 0.18s | KE 1447.0034 | drift +0.60% | fluid 583.5714 | solid 863.4320
  Impulse FP iterations last/mean/max 13/12.57/14
Step  1100/2000   55.0% | t 55.000 | ETA 2m 43s | step 0.17s | KE 1442.5616 | drift +0.29% | fluid 459.1038 | solid 983.4579
  Impulse FP iterations last/mean/max 12/12.57/14
Step  1200/2000   60.0% | t 60.000 | ETA 2m 25s | step 0.19s | KE 1450.0740 | drift +0.81% | fluid 551.1504 | solid 898.9236
  Impulse FP iterations last/mean/max 13/12.57/14
Step  1300/2000   65.0% | t 65.000 | ETA 2m 7s | step 0.19s | KE 1435.4848 | drift -0.20% | fluid 677.6346 | solid 757.8502
  Impulse FP iterations last/mean/max 13/12.56/14
Step  1400/2000   70.0% | t 70.000 | ETA 1m 49s | step 0.19s | KE 1437.9255 | drift -0.03% | fluid 580.0011 | solid 857.9244
  Impulse FP iterations last/mean/max 13/12.56/14
Step  1500/2000   75.0% | t 75.000 | ETA 1m 30s | step 0.20s | KE 1457.7928 | drift +1.35% | fluid 468.6354 | solid 989.1574
  Impulse FP iterations last/mean/max 13/12.57/14
Step  1600/2000   80.0% | t 80.000 | ETA 1m 12s | step 0.18s | KE 1439.3248 | drift +0.06% | fluid 543.2743 | solid 896.0505
  Impulse FP iterations last/mean/max 13/12.56/14
Step  1700/2000   85.0% | t 85.000 | ETA 54s | step 0.18s | KE 1436.5742 | drift -0.13% | fluid 677.9152 | solid 758.6589
  Impulse FP iterations last/mean/max 13/12.57/14
Step  1800/2000   90.0% | t 90.000 | ETA 36s | step 0.16s | KE 1446.7059 | drift +0.58% | fluid 586.6762 | solid 860.0297
  Impulse FP iterations last/mean/max 13/12.56/14
Step  1900/2000   95.0% | t 95.000 | ETA 17s | step 0.13s | KE 1442.5432 | drift +0.29% | fluid 459.5814 | solid 982.9618
  Impulse FP iterations last/mean/max 12/12.57/14
Solver finished successfully - good job!
Results saved successfully.

================== Run summary ==================
  Bodies:            2
  Triangles / nodes: 256 / 516
  Timesteps:         2000  (dt = 0.05)
  Simulated time:    0 -> 100
  First-step setup:  0.368 s
  Mean time/step:    0.1764 s  (excl. first step)
  Total wall time:   5m 52s
  Impulse FP iters last/mean/max: 13 / 12.565 / 14
  Approx impulse solves/step:     12.566
  Impulse start cache hits/direct: 1999 / 1
  Impulse global drift P/H:       2.285093e-9 / 5.887023e-3
  Impulse per-body max drift P/H: 2.812622e-9 / 4.358743e-3
  CPU cores:         256 available, 8 Rayon worker thread(s)
  Started:           2026-06-24 02:51:07
  Finished:          2026-06-24 02:57:00
  Output file:       /work/e643/e643/shared/multi_ellip/studies/departing_sphericity_sweep/runs/spheroid_prolate/heterogeneous_aspherical/spheroid_prolate_heterogeneous_aspherical_eps0p0001_rho1_E0p5_sep8_run01_impulse_noproj/multiple_body_complete.dat
================================================
