
================ Simulation setup ================
  Run label:         /work/e643/e643/shared/multi_ellip/studies/departing_sphericity_sweep/runs/spheroid_prolate/heterogeneous_sphere/spheroid_prolate_heterogeneous_sphere_eps0_rho1_E0p5_sep8_run04_impulse_noproj/
  Started:           2026-06-24 02:36:39
  Input file:        /work/e643/e643/shared/multi_ellip/studies/departing_sphericity_sweep/runs/spheroid_prolate/heterogeneous_sphere/spheroid_prolate_heterogeneous_sphere_eps0_rho1_E0p5_sep8_run04_impulse_noproj/input.txt
  Output file:       /work/e643/e643/shared/multi_ellip/studies/departing_sphericity_sweep/runs/spheroid_prolate/heterogeneous_sphere/spheroid_prolate_heterogeneous_sphere_eps0_rho1_E0p5_sep8_run04_impulse_noproj/multiple_body_complete.dat
  Bodies:            2
  Fluid density:     1
  Mesh:              ndiv 2 -> 256 triangles / 516 nodes
  Simulated time:    0 -> 100  (dt = 0.05, ~2000 steps)
  Output cadence:    every 1 step(s)
  Output rows:       ~2001
  Progress cadence:  every 100 step(s)
  CPU cores:         256 available, 8 Rayon worker thread(s)
  Strong coupling:   disabled
  Impulse scheme:    enabled
  Hamiltonian step:  disabled
  Hamiltonian midpt: disabled
  Variational step:  disabled
  Energy projection: disabled
  Projection particular metric: Euclidean
  Fluid KE gradient: disabled  (eps = 0.001, scale = 1, linear = 1, angular = 1)
  Fluid KE discrete gradient: disabled
  Impulse pair metric correction: disabled  (mode = pair discrete-gradient, cutoff = all pairs, inner/outer = 0/0, eps = 0.001, linear scale = 1, angular scale = 0)
  Impulse metric correction: disabled  (internal load constraint = disabled)
  Impulse variational defect probe: disabled
  Impulse quadratic pressure: disabled  (scale = 1)
  Added-mass stab:   disabled
  Exact BEM geometry: disabled
  Exact singular BEM: disabled
  Legacy singular SLP diagnostic: disabled
  Phi-dot blend:     0 (off)

  Solver guidance:
    - Strong coupling: use for stiff close-coupled runs; slower but more implicit.
    - Impulse scheme: use when impulse/momentum conservation or KE drift is the focus. Recommended.
    - Added-mass stab: use for higher mesh counts (ndiv > 3) to preserve stability - deprecated.
================================================
Solver starting - good luck!

Initial state:
  Body  1
    density:          1.000000
    shape axes ratio: (1.000000, 1.000000, 1.000000)
    initial KE ratio: 0.500000
    position:         (-4.000000, 0.000000, 0.000000)
    velocity:         (-5.343626, 1.349990, 1.098146)
    angular velocity: (2.804278, 5.478206, 1.266373)
    orientation:      (w=0.315484, i=-0.181379, j=0.672060, k=-0.644908)
  Body  2
    density:          1.000000
    shape axes ratio: (1.000000, 1.000000, 1.000000)
    initial KE ratio: 0.500000
    position:         (4.000000, 0.000000, 0.000000)
    velocity:         (-5.343626, 1.349990, 1.098146)
    angular velocity: (3.608671, 4.281054, -2.851051)
    orientation:      (w=0.266455, i=0.229995, j=0.648662, k=0.674790)

Preparing first step: implicit scheme, no bootstrap passes required.
First step may take longer than later steps.

First step completed in 0.207 s.

Step   100/2000    5.0% | t 5.000 | ETA 2m 20s | step 0.07s | KE 263.8364 | drift -2.45% | fluid 72.0160 | solid 191.8203
  Impulse FP iterations last/mean/max 5/5.55/6
Step   200/2000   10.0% | t 10.000 | ETA 2m 15s | step 0.06s | KE 258.3352 | drift -4.48% | fluid 72.0160 | solid 186.3191
  Impulse FP iterations last/mean/max 5/5.49/6
Step   300/2000   15.0% | t 15.000 | ETA 2m 8s | step 0.08s | KE 253.9528 | drift -6.10% | fluid 72.0160 | solid 181.9367
  Impulse FP iterations last/mean/max 6/5.52/6
Step   400/2000   20.0% | t 20.000 | ETA 2m 2s | step 0.08s | KE 250.6891 | drift -7.31% | fluid 72.0160 | solid 178.6731
  Impulse FP iterations last/mean/max 6/5.55/6
Step   500/2000   25.0% | t 25.000 | ETA 1m 54s | step 0.07s | KE 248.5442 | drift -8.10% | fluid 72.0161 | solid 176.5282
  Impulse FP iterations last/mean/max 5/5.57/6
Step   600/2000   30.0% | t 30.000 | ETA 1m 47s | step 0.08s | KE 247.5182 | drift -8.48% | fluid 72.0161 | solid 175.5021
  Impulse FP iterations last/mean/max 6/5.59/6
Step   700/2000   35.0% | t 35.000 | ETA 1m 40s | step 0.08s | KE 247.6110 | drift -8.45% | fluid 72.0160 | solid 175.5949
  Impulse FP iterations last/mean/max 6/5.60/6
Step   800/2000   40.0% | t 40.000 | ETA 1m 32s | step 0.08s | KE 248.8225 | drift -8.00% | fluid 72.0160 | solid 176.8064
  Impulse FP iterations last/mean/max 6/5.62/6
Step   900/2000   45.0% | t 45.000 | ETA 1m 25s | step 0.07s | KE 251.1527 | drift -7.14% | fluid 72.0161 | solid 179.1366
  Impulse FP iterations last/mean/max 5/5.62/6
Step  1000/2000   50.0% | t 50.000 | ETA 1m 17s | step 0.07s | KE 254.6017 | drift -5.86% | fluid 72.0161 | solid 182.5856
  Impulse FP iterations last/mean/max 6/5.61/6
Step  1100/2000   55.0% | t 55.000 | ETA 1m 9s | step 0.08s | KE 259.1696 | drift -4.17% | fluid 72.0160 | solid 187.1535
  Impulse FP iterations last/mean/max 6/5.60/6
Step  1200/2000   60.0% | t 60.000 | ETA 1m 1s | step 0.07s | KE 264.8560 | drift -2.07% | fluid 72.0161 | solid 192.8399
  Impulse FP iterations last/mean/max 5/5.58/6
Step  1300/2000   65.0% | t 65.000 | ETA 53s | step 0.07s | KE 271.6614 | drift +0.45% | fluid 72.0161 | solid 199.6453
  Impulse FP iterations last/mean/max 5/5.57/6
Step  1400/2000   70.0% | t 70.000 | ETA 46s | step 0.09s | KE 279.5854 | drift +3.38% | fluid 72.0161 | solid 207.5693
  Impulse FP iterations last/mean/max 6/5.55/6
Step  1500/2000   75.0% | t 75.000 | ETA 38s | step 0.07s | KE 288.6282 | drift +6.72% | fluid 72.0161 | solid 216.6121
  Impulse FP iterations last/mean/max 5/5.53/6
Step  1600/2000   80.0% | t 80.000 | ETA 30s | step 0.07s | KE 298.7898 | drift +10.48% | fluid 72.0161 | solid 226.7737
  Impulse FP iterations last/mean/max 5/5.51/6
Step  1700/2000   85.0% | t 85.000 | ETA 22s | step 0.07s | KE 310.0701 | drift +14.65% | fluid 72.0161 | solid 238.0540
  Impulse FP iterations last/mean/max 5/5.48/6
Step  1800/2000   90.0% | t 90.000 | ETA 15s | step 0.06s | KE 322.4691 | drift +19.23% | fluid 72.0161 | solid 250.4530
  Impulse FP iterations last/mean/max 5/5.46/6
Step  1900/2000   95.0% | t 95.000 | ETA 7s | step 0.07s | KE 335.9868 | drift +24.23% | fluid 72.0161 | solid 263.9706
  Impulse FP iterations last/mean/max 5/5.45/6
Solver finished successfully - good job!
Results saved successfully.

================== Run summary ==================
  Bodies:            2
  Triangles / nodes: 256 / 516
  Timesteps:         2000  (dt = 0.05)
  Simulated time:    0 -> 100
  First-step setup:  0.207 s
  Mean time/step:    0.0740 s  (excl. first step)
  Total wall time:   2m 28s
  Impulse FP iters last/mean/max: 5 / 5.429 / 6
  Approx impulse solves/step:     5.429
  Impulse start cache hits/direct: 1999 / 1
  Impulse global drift P/H:       1.182996e-9 / 1.638911e-2
  Impulse per-body max drift P/H: 2.367199e-9 / 4.641119e-3
  CPU cores:         256 available, 8 Rayon worker thread(s)
  Started:           2026-06-24 02:36:39
  Finished:          2026-06-24 02:39:08
  Output file:       /work/e643/e643/shared/multi_ellip/studies/departing_sphericity_sweep/runs/spheroid_prolate/heterogeneous_sphere/spheroid_prolate_heterogeneous_sphere_eps0_rho1_E0p5_sep8_run04_impulse_noproj/multiple_body_complete.dat
================================================
