
================ Simulation setup ================
  Run label:         /work/e643/e643/shared/multi_ellip/studies/departing_sphericity_sweep/runs/spheroid_prolate/heterogeneous_aspherical/spheroid_prolate_heterogeneous_aspherical_eps0_rho1_E0p5_sep8_run10_impulse_noproj/
  Started:           2026-06-24 02:51:07
  Input file:        /work/e643/e643/shared/multi_ellip/studies/departing_sphericity_sweep/runs/spheroid_prolate/heterogeneous_aspherical/spheroid_prolate_heterogeneous_aspherical_eps0_rho1_E0p5_sep8_run10_impulse_noproj/input.txt
  Output file:       /work/e643/e643/shared/multi_ellip/studies/departing_sphericity_sweep/runs/spheroid_prolate/heterogeneous_aspherical/spheroid_prolate_heterogeneous_aspherical_eps0_rho1_E0p5_sep8_run10_impulse_noproj/multiple_body_complete.dat
  Bodies:            2
  Fluid density:     1
  Mesh:              ndiv 2 -> 256 triangles / 516 nodes
  Simulated time:    0 -> 100  (dt = 0.05, ~2000 steps)
  Output cadence:    every 1 step(s)
  Output rows:       ~2001
  Progress cadence:  every 100 step(s)
  CPU cores:         256 available, 8 Rayon worker thread(s)
  Strong coupling:   disabled
  Impulse scheme:    enabled
  Hamiltonian step:  disabled
  Hamiltonian midpt: disabled
  Variational step:  disabled
  Energy projection: disabled
  Projection particular metric: Euclidean
  Fluid KE gradient: disabled  (eps = 0.001, scale = 1, linear = 1, angular = 1)
  Fluid KE discrete gradient: disabled
  Impulse pair metric correction: disabled  (mode = pair discrete-gradient, cutoff = all pairs, inner/outer = 0/0, eps = 0.001, linear scale = 1, angular scale = 0)
  Impulse metric correction: disabled  (internal load constraint = disabled)
  Impulse variational defect probe: disabled
  Impulse quadratic pressure: disabled  (scale = 1)
  Added-mass stab:   disabled
  Exact BEM geometry: disabled
  Exact singular BEM: disabled
  Legacy singular SLP diagnostic: disabled
  Phi-dot blend:     0 (off)

  Solver guidance:
    - Strong coupling: use for stiff close-coupled runs; slower but more implicit.
    - Impulse scheme: use when impulse/momentum conservation or KE drift is the focus. Recommended.
    - Added-mass stab: use for higher mesh counts (ndiv > 3) to preserve stability - deprecated.
================================================
Solver starting - good luck!

Initial state:
  Body  1
    density:          1.000000
    shape axes ratio: (1.000000, 1.000000, 1.000000)
    initial KE ratio: 0.500000
    position:         (-4.000000, 0.000000, 0.000000)
    velocity:         (3.525680, -4.365335, -0.310101)
    angular velocity: (-6.239052, -0.186633, 0.719598)
    orientation:      (w=0.211648, i=0.182229, j=0.001649, k=0.960206)
  Body  2
    density:          1.000000
    shape axes ratio: (1.000000, 0.125000, 0.125000)
    initial KE ratio: 0.500000
    position:         (4.000000, 0.000000, 0.000000)
    velocity:         (10.026252, -12.414043, -0.881857)
    angular velocity: (-0.436042, 4.019749, 4.809356)
    orientation:      (w=-0.093177, i=0.807076, j=0.418092, k=0.406381)

Preparing first step: implicit scheme, no bootstrap passes required.
First step may take longer than later steps.

First step completed in 0.332 s.

Step   100/2000    5.0% | t 5.000 | ETA 5m 27s | step 0.19s | KE 1260.2444 | drift +0.37% | fluid 587.1491 | solid 673.0953
  Impulse FP iterations last/mean/max 13/12.00/13
Step   200/2000   10.0% | t 10.000 | ETA 5m 7s | step 0.19s | KE 1262.6188 | drift +0.56% | fluid 558.7588 | solid 703.8601
  Impulse FP iterations last/mean/max 13/11.93/13
Step   300/2000   15.0% | t 15.000 | ETA 4m 51s | step 0.16s | KE 1257.9705 | drift +0.19% | fluid 598.2358 | solid 659.7346
  Impulse FP iterations last/mean/max 11/11.92/13
Step   400/2000   20.0% | t 20.000 | ETA 4m 34s | step 0.18s | KE 1255.4982 | drift -0.00% | fluid 553.5642 | solid 701.9339
  Impulse FP iterations last/mean/max 13/11.91/13
Step   500/2000   25.0% | t 25.000 | ETA 4m 16s | step 0.15s | KE 1256.7755 | drift +0.10% | fluid 589.0194 | solid 667.7560
  Impulse FP iterations last/mean/max 10/11.90/13
Step   600/2000   30.0% | t 30.000 | ETA 3m 59s | step 0.19s | KE 1261.5368 | drift +0.48% | fluid 573.0726 | solid 688.4642
  Impulse FP iterations last/mean/max 13/11.90/13
Step   700/2000   35.0% | t 35.000 | ETA 3m 42s | step 0.17s | KE 1261.7846 | drift +0.50% | fluid 569.9637 | solid 691.8210
  Impulse FP iterations last/mean/max 12/11.89/13
Step   800/2000   40.0% | t 40.000 | ETA 3m 25s | step 0.17s | KE 1256.9622 | drift +0.11% | fluid 591.6058 | solid 665.3564
  Impulse FP iterations last/mean/max 12/11.89/13
Step   900/2000   45.0% | t 45.000 | ETA 3m 8s | step 0.18s | KE 1255.4735 | drift -0.01% | fluid 552.4818 | solid 702.9918
  Impulse FP iterations last/mean/max 13/11.89/13
Step  1000/2000   50.0% | t 50.000 | ETA 2m 50s | step 0.15s | KE 1257.7242 | drift +0.17% | fluid 597.5704 | solid 660.1538
  Impulse FP iterations last/mean/max 10/11.89/13
Step  1100/2000   55.0% | t 55.000 | ETA 2m 33s | step 0.18s | KE 1262.4814 | drift +0.55% | fluid 560.7031 | solid 701.7783
  Impulse FP iterations last/mean/max 13/11.89/13
Step  1200/2000   60.0% | t 60.000 | ETA 2m 16s | step 0.15s | KE 1260.5569 | drift +0.40% | fluid 584.2007 | solid 676.3562
  Impulse FP iterations last/mean/max 10/11.89/13
Step  1300/2000   65.0% | t 65.000 | ETA 1m 59s | step 0.19s | KE 1256.2278 | drift +0.05% | fluid 578.0297 | solid 678.1981
  Impulse FP iterations last/mean/max 13/11.89/13
Step  1400/2000   70.0% | t 70.000 | ETA 1m 42s | step 0.18s | KE 1255.6766 | drift +0.01% | fluid 560.6957 | solid 694.9809
  Impulse FP iterations last/mean/max 13/11.89/13
Step  1500/2000   75.0% | t 75.000 | ETA 1m 25s | step 0.15s | KE 1258.9307 | drift +0.27% | fluid 596.6666 | solid 662.2641
  Impulse FP iterations last/mean/max 10/11.89/13
Step  1600/2000   80.0% | t 80.000 | ETA 1m 8s | step 0.20s | KE 1262.8711 | drift +0.58% | fluid 555.2350 | solid 707.6361
  Impulse FP iterations last/mean/max 13/11.88/13
Step  1700/2000   85.0% | t 85.000 | ETA 51s | step 0.14s | KE 1259.2005 | drift +0.29% | fluid 595.2961 | solid 663.9044
  Impulse FP iterations last/mean/max 10/11.88/13
Step  1800/2000   90.0% | t 90.000 | ETA 34s | step 0.19s | KE 1255.7461 | drift +0.01% | fluid 563.2737 | solid 692.4724
  Impulse FP iterations last/mean/max 13/11.88/13
Step  1900/2000   95.0% | t 95.000 | ETA 16s | step 0.14s | KE 1256.1100 | drift +0.04% | fluid 574.9016 | solid 681.2084
  Impulse FP iterations last/mean/max 12/11.89/14
Solver finished successfully - good job!
Results saved successfully.

================== Run summary ==================
  Bodies:            2
  Triangles / nodes: 256 / 516
  Timesteps:         2000  (dt = 0.05)
  Simulated time:    0 -> 100
  First-step setup:  0.332 s
  Mean time/step:    0.1682 s  (excl. first step)
  Total wall time:   5m 36s
  Impulse FP iters last/mean/max: 13 / 11.887 / 14
  Approx impulse solves/step:     11.888
  Impulse start cache hits/direct: 1999 / 1
  Impulse global drift P/H:       7.895822e-10 / 7.243356e-3
  Impulse per-body max drift P/H: 1.183310e-9 / 5.075946e-3
  CPU cores:         256 available, 8 Rayon worker thread(s)
  Started:           2026-06-24 02:51:07
  Finished:          2026-06-24 02:56:44
  Output file:       /work/e643/e643/shared/multi_ellip/studies/departing_sphericity_sweep/runs/spheroid_prolate/heterogeneous_aspherical/spheroid_prolate_heterogeneous_aspherical_eps0_rho1_E0p5_sep8_run10_impulse_noproj/multiple_body_complete.dat
================================================
