
================ Simulation setup ================
  Run label:         /work/e643/e643/shared/multi_ellip/studies/departing_sphericity_sweep/runs/spheroid_prolate/heterogeneous_sphere/spheroid_prolate_heterogeneous_sphere_eps1_rho1_E0p5_sep8_run08_impulse_noproj/
  Started:           2026-06-24 02:51:06
  Input file:        /work/e643/e643/shared/multi_ellip/studies/departing_sphericity_sweep/runs/spheroid_prolate/heterogeneous_sphere/spheroid_prolate_heterogeneous_sphere_eps1_rho1_E0p5_sep8_run08_impulse_noproj/input.txt
  Output file:       /work/e643/e643/shared/multi_ellip/studies/departing_sphericity_sweep/runs/spheroid_prolate/heterogeneous_sphere/spheroid_prolate_heterogeneous_sphere_eps1_rho1_E0p5_sep8_run08_impulse_noproj/multiple_body_complete.dat
  Bodies:            2
  Fluid density:     1
  Mesh:              ndiv 2 -> 256 triangles / 516 nodes
  Simulated time:    0 -> 100  (dt = 0.05, ~2000 steps)
  Output cadence:    every 1 step(s)
  Output rows:       ~2001
  Progress cadence:  every 100 step(s)
  CPU cores:         256 available, 8 Rayon worker thread(s)
  Strong coupling:   disabled
  Impulse scheme:    enabled
  Hamiltonian step:  disabled
  Hamiltonian midpt: disabled
  Variational step:  disabled
  Energy projection: disabled
  Projection particular metric: Euclidean
  Fluid KE gradient: disabled  (eps = 0.001, scale = 1, linear = 1, angular = 1)
  Fluid KE discrete gradient: disabled
  Impulse pair metric correction: disabled  (mode = pair discrete-gradient, cutoff = all pairs, inner/outer = 0/0, eps = 0.001, linear scale = 1, angular scale = 0)
  Impulse metric correction: disabled  (internal load constraint = disabled)
  Impulse variational defect probe: disabled
  Impulse quadratic pressure: disabled  (scale = 1)
  Added-mass stab:   disabled
  Exact BEM geometry: disabled
  Exact singular BEM: disabled
  Legacy singular SLP diagnostic: disabled
  Phi-dot blend:     0 (off)

  Solver guidance:
    - Strong coupling: use for stiff close-coupled runs; slower but more implicit.
    - Impulse scheme: use when impulse/momentum conservation or KE drift is the focus. Recommended.
    - Added-mass stab: use for higher mesh counts (ndiv > 3) to preserve stability - deprecated.
================================================
Solver starting - good luck!

Initial state:
  Body  1
    density:          1.000000
    shape axes ratio: (1.000000, 0.125000, 0.125000)
    initial KE ratio: 0.500000
    position:         (-4.000000, 0.000000, 0.000000)
    velocity:         (-4.262842, -6.812123, 4.478082)
    angular velocity: (-5.224783, -3.345838, -0.992687)
    orientation:      (w=0.373214, i=-0.706474, j=0.171642, k=0.576321)
  Body  2
    density:          1.000000
    shape axes ratio: (1.000000, 1.000000, 1.000000)
    initial KE ratio: 0.500000
    position:         (4.000000, 0.000000, 0.000000)
    velocity:         (-2.604124, -4.161453, 2.735613)
    angular velocity: (-5.922843, 1.763286, 1.135414)
    orientation:      (w=0.190816, i=0.855765, j=0.407035, k=-0.256081)

Preparing first step: implicit scheme, no bootstrap passes required.
First step may take longer than later steps.

First step completed in 0.277 s.

Step   100/2000    5.0% | t 5.000 | ETA 5m 32s | step 0.18s | KE 903.3588 | drift -0.16% | fluid 375.6313 | solid 527.7274
  Impulse FP iterations last/mean/max 12/12.21/13
Step   200/2000   10.0% | t 10.000 | ETA 5m 13s | step 0.18s | KE 900.4793 | drift -0.48% | fluid 379.7049 | solid 520.7745
  Impulse FP iterations last/mean/max 12/12.05/13
Step   300/2000   15.0% | t 15.000 | ETA 4m 53s | step 0.17s | KE 902.2504 | drift -0.28% | fluid 386.8739 | solid 515.3765
  Impulse FP iterations last/mean/max 12/11.99/13
Step   400/2000   20.0% | t 20.000 | ETA 4m 36s | step 0.19s | KE 900.1252 | drift -0.51% | fluid 390.8340 | solid 509.2912
  Impulse FP iterations last/mean/max 13/11.96/13
Step   500/2000   25.0% | t 25.000 | ETA 4m 18s | step 0.19s | KE 901.5185 | drift -0.36% | fluid 396.9930 | solid 504.5256
  Impulse FP iterations last/mean/max 13/11.93/13
Step   600/2000   30.0% | t 30.000 | ETA 4m 1s | step 0.18s | KE 899.9182 | drift -0.54% | fluid 400.3633 | solid 499.5549
  Impulse FP iterations last/mean/max 13/11.92/13
Step   700/2000   35.0% | t 35.000 | ETA 3m 44s | step 0.18s | KE 900.8872 | drift -0.43% | fluid 405.0114 | solid 495.8758
  Impulse FP iterations last/mean/max 13/11.91/13
Step   800/2000   40.0% | t 40.000 | ETA 3m 26s | step 0.18s | KE 899.8466 | drift -0.55% | fluid 407.3866 | solid 492.4600
  Impulse FP iterations last/mean/max 12/11.91/13
Step   900/2000   45.0% | t 45.000 | ETA 3m 9s | step 0.14s | KE 900.3873 | drift -0.49% | fluid 410.1258 | solid 490.2615
  Impulse FP iterations last/mean/max 10/11.89/13
Step  1000/2000   50.0% | t 50.000 | ETA 2m 52s | step 0.16s | KE 899.9302 | drift -0.54% | fluid 411.2127 | solid 488.7175
  Impulse FP iterations last/mean/max 11/11.89/13
Step  1100/2000   55.0% | t 55.000 | ETA 2m 34s | step 0.14s | KE 900.0426 | drift -0.52% | fluid 411.8010 | solid 488.2416
  Impulse FP iterations last/mean/max 10/11.88/13
Step  1200/2000   60.0% | t 60.000 | ETA 2m 17s | step 0.14s | KE 900.1815 | drift -0.51% | fluid 411.4647 | solid 488.7168
  Impulse FP iterations last/mean/max 10/11.88/13
Step  1300/2000   65.0% | t 65.000 | ETA 2m 0s | step 0.15s | KE 899.8665 | drift -0.54% | fluid 409.8499 | solid 490.0166
  Impulse FP iterations last/mean/max 10/11.88/13
Step  1400/2000   70.0% | t 70.000 | ETA 1m 43s | step 0.14s | KE 900.5971 | drift -0.46% | fluid 408.1323 | solid 492.4648
  Impulse FP iterations last/mean/max 10/11.88/13
Step  1500/2000   75.0% | t 75.000 | ETA 1m 25s | step 0.12s | KE 899.8522 | drift -0.54% | fluid 404.4579 | solid 495.3943
  Impulse FP iterations last/mean/max 9/11.87/13
Step  1600/2000   80.0% | t 80.000 | ETA 1m 8s | step 0.11s | KE 901.1537 | drift -0.40% | fluid 401.5716 | solid 499.5822
  Impulse FP iterations last/mean/max 8/11.87/13
Step  1700/2000   85.0% | t 85.000 | ETA 51s | step 0.17s | KE 899.9767 | drift -0.53% | fluid 396.1580 | solid 503.8187
  Impulse FP iterations last/mean/max 11/11.87/13
Step  1800/2000   90.0% | t 90.000 | ETA 34s | step 0.18s | KE 901.8135 | drift -0.33% | fluid 392.4558 | solid 509.3577
  Impulse FP iterations last/mean/max 12/11.87/13
Step  1900/2000   95.0% | t 95.000 | ETA 17s | step 0.18s | KE 900.2045 | drift -0.51% | fluid 385.7580 | solid 514.4465
  Impulse FP iterations last/mean/max 13/11.86/13
Solver finished successfully - good job!
Results saved successfully.

================== Run summary ==================
  Bodies:            2
  Triangles / nodes: 256 / 516
  Timesteps:         2000  (dt = 0.05)
  Simulated time:    0 -> 100
  First-step setup:  0.277 s
  Mean time/step:    0.1690 s  (excl. first step)
  Total wall time:   5m 38s
  Impulse FP iters last/mean/max: 13 / 11.863 / 13
  Approx impulse solves/step:     11.864
  Impulse start cache hits/direct: 1999 / 1
  Impulse global drift P/H:       9.039500e-9 / 3.853020e-3
  Impulse per-body max drift P/H: 1.360227e-8 / 3.342465e-3
  CPU cores:         256 available, 8 Rayon worker thread(s)
  Started:           2026-06-24 02:51:06
  Finished:          2026-06-24 02:56:45
  Output file:       /work/e643/e643/shared/multi_ellip/studies/departing_sphericity_sweep/runs/spheroid_prolate/heterogeneous_sphere/spheroid_prolate_heterogeneous_sphere_eps1_rho1_E0p5_sep8_run08_impulse_noproj/multiple_body_complete.dat
================================================
