
================ Simulation setup ================
  Run label:         /work/e643/e643/shared/multi_ellip/studies/departing_sphericity_sweep/runs/spheroid_prolate/heterogeneous_sphere/spheroid_prolate_heterogeneous_sphere_eps0p001_rho1_E0p5_sep8_run08_impulse_noproj/
  Started:           2026-06-24 02:42:05
  Input file:        /work/e643/e643/shared/multi_ellip/studies/departing_sphericity_sweep/runs/spheroid_prolate/heterogeneous_sphere/spheroid_prolate_heterogeneous_sphere_eps0p001_rho1_E0p5_sep8_run08_impulse_noproj/input.txt
  Output file:       /work/e643/e643/shared/multi_ellip/studies/departing_sphericity_sweep/runs/spheroid_prolate/heterogeneous_sphere/spheroid_prolate_heterogeneous_sphere_eps0p001_rho1_E0p5_sep8_run08_impulse_noproj/multiple_body_complete.dat
  Bodies:            2
  Fluid density:     1
  Mesh:              ndiv 2 -> 256 triangles / 516 nodes
  Simulated time:    0 -> 100  (dt = 0.05, ~2000 steps)
  Output cadence:    every 1 step(s)
  Output rows:       ~2001
  Progress cadence:  every 100 step(s)
  CPU cores:         256 available, 8 Rayon worker thread(s)
  Strong coupling:   disabled
  Impulse scheme:    enabled
  Hamiltonian step:  disabled
  Hamiltonian midpt: disabled
  Variational step:  disabled
  Energy projection: disabled
  Projection particular metric: Euclidean
  Fluid KE gradient: disabled  (eps = 0.001, scale = 1, linear = 1, angular = 1)
  Fluid KE discrete gradient: disabled
  Impulse pair metric correction: disabled  (mode = pair discrete-gradient, cutoff = all pairs, inner/outer = 0/0, eps = 0.001, linear scale = 1, angular scale = 0)
  Impulse metric correction: disabled  (internal load constraint = disabled)
  Impulse variational defect probe: disabled
  Impulse quadratic pressure: disabled  (scale = 1)
  Added-mass stab:   disabled
  Exact BEM geometry: disabled
  Exact singular BEM: disabled
  Legacy singular SLP diagnostic: disabled
  Phi-dot blend:     0 (off)

  Solver guidance:
    - Strong coupling: use for stiff close-coupled runs; slower but more implicit.
    - Impulse scheme: use when impulse/momentum conservation or KE drift is the focus. Recommended.
    - Added-mass stab: use for higher mesh counts (ndiv > 3) to preserve stability - deprecated.
================================================
Solver starting - good luck!

Initial state:
  Body  1
    density:          1.000000
    shape axes ratio: (1.000000, 0.997006, 0.997006)
    initial KE ratio: 0.500000
    position:         (-4.000000, 0.000000, 0.000000)
    velocity:         (5.399012, 1.352751, 0.786254)
    angular velocity: (2.660964, -1.259668, -5.550759)
    orientation:      (w=-0.069594, i=0.340486, j=-0.820157, k=0.454498)
  Body  2
    density:          1.000000
    shape axes ratio: (1.000000, 1.000000, 1.000000)
    initial KE ratio: 0.500000
    position:         (4.000000, 0.000000, 0.000000)
    velocity:         (5.397754, 1.352436, 0.786071)
    angular velocity: (4.815618, -3.777999, 1.419494)
    orientation:      (w=0.605377, i=0.165197, j=0.196458, k=0.753415)

Preparing first step: implicit scheme, no bootstrap passes required.
First step may take longer than later steps.

First step completed in 0.260 s.

Step   100/2000    5.0% | t 5.000 | ETA 3m 16s | step 0.11s | KE 271.7373 | drift +0.48% | fluid 71.9362 | solid 199.8011
  Impulse FP iterations last/mean/max 8/7.50/8
Step   200/2000   10.0% | t 10.000 | ETA 3m 6s | step 0.09s | KE 273.8104 | drift +1.25% | fluid 71.9477 | solid 201.8626
  Impulse FP iterations last/mean/max 7/7.49/8
Step   300/2000   15.0% | t 15.000 | ETA 2m 57s | step 0.12s | KE 276.6347 | drift +2.29% | fluid 71.9809 | solid 204.6538
  Impulse FP iterations last/mean/max 8/7.48/8
Step   400/2000   20.0% | t 20.000 | ETA 2m 46s | step 0.12s | KE 280.2098 | drift +3.61% | fluid 71.9852 | solid 208.2245
  Impulse FP iterations last/mean/max 8/7.47/8
Step   500/2000   25.0% | t 25.000 | ETA 2m 34s | step 0.11s | KE 284.5244 | drift +5.21% | fluid 71.9521 | solid 212.5723
  Impulse FP iterations last/mean/max 8/7.46/8
Step   600/2000   30.0% | t 30.000 | ETA 2m 22s | step 0.10s | KE 289.5422 | drift +7.07% | fluid 71.9806 | solid 217.5616
  Impulse FP iterations last/mean/max 8/7.44/8
Step   700/2000   35.0% | t 35.000 | ETA 2m 12s | step 0.12s | KE 295.2737 | drift +9.18% | fluid 71.9681 | solid 223.3056
  Impulse FP iterations last/mean/max 8/7.44/8
Step   800/2000   40.0% | t 40.000 | ETA 2m 2s | step 0.08s | KE 301.6983 | drift +11.56% | fluid 71.9561 | solid 229.7422
  Impulse FP iterations last/mean/max 6/7.43/8
Step   900/2000   45.0% | t 45.000 | ETA 1m 52s | step 0.10s | KE 308.7987 | drift +14.19% | fluid 71.9342 | solid 236.8645
  Impulse FP iterations last/mean/max 7/7.42/8
Step  1000/2000   50.0% | t 50.000 | ETA 1m 42s | step 0.10s | KE 316.5551 | drift +17.05% | fluid 71.9484 | solid 244.6068
  Impulse FP iterations last/mean/max 7/7.41/8
Step  1100/2000   55.0% | t 55.000 | ETA 1m 32s | step 0.09s | KE 324.9594 | drift +20.16% | fluid 71.9652 | solid 252.9942
  Impulse FP iterations last/mean/max 7/7.39/8
Step  1200/2000   60.0% | t 60.000 | ETA 1m 21s | step 0.11s | KE 334.0004 | drift +23.50% | fluid 71.9835 | solid 262.0170
  Impulse FP iterations last/mean/max 8/7.37/8
Step  1300/2000   65.0% | t 65.000 | ETA 1m 11s | step 0.09s | KE 343.6831 | drift +27.08% | fluid 71.9504 | solid 271.7327
  Impulse FP iterations last/mean/max 7/7.35/8
Step  1400/2000   70.0% | t 70.000 | ETA 1m 1s | step 0.10s | KE 353.9465 | drift +30.88% | fluid 71.9898 | solid 281.9567
  Impulse FP iterations last/mean/max 7/7.32/8
Step  1500/2000   75.0% | t 75.000 | ETA 50s | step 0.10s | KE 364.8236 | drift +34.90% | fluid 71.9899 | solid 292.8336
  Impulse FP iterations last/mean/max 7/7.30/8
Step  1600/2000   80.0% | t 80.000 | ETA 40s | step 0.11s | KE 376.3051 | drift +39.15% | fluid 71.9471 | solid 304.3579
  Impulse FP iterations last/mean/max 8/7.27/8
Step  1700/2000   85.0% | t 85.000 | ETA 30s | step 0.10s | KE 388.3229 | drift +43.59% | fluid 71.9882 | solid 316.3348
  Impulse FP iterations last/mean/max 7/7.25/8
Step  1800/2000   90.0% | t 90.000 | ETA 20s | step 0.10s | KE 400.9228 | drift +48.25% | fluid 71.9851 | solid 328.9377
  Impulse FP iterations last/mean/max 7/7.23/8
Step  1900/2000   95.0% | t 95.000 | ETA 10s | step 0.09s | KE 414.0912 | drift +53.12% | fluid 71.9483 | solid 342.1429
  Impulse FP iterations last/mean/max 7/7.22/8
Solver finished successfully - good job!
Results saved successfully.

================== Run summary ==================
  Bodies:            2
  Triangles / nodes: 256 / 516
  Timesteps:         2000  (dt = 0.05)
  Simulated time:    0 -> 100
  First-step setup:  0.260 s
  Mean time/step:    0.1006 s  (excl. first step)
  Total wall time:   3m 21s
  Impulse FP iters last/mean/max: 7 / 7.201 / 8
  Approx impulse solves/step:     7.201
  Impulse start cache hits/direct: 1999 / 1
  Impulse global drift P/H:       1.855660e-8 / 2.357462e-2
  Impulse per-body max drift P/H: 3.459582e-8 / 5.450553e-3
  CPU cores:         256 available, 8 Rayon worker thread(s)
  Started:           2026-06-24 02:42:05
  Finished:          2026-06-24 02:45:27
  Output file:       /work/e643/e643/shared/multi_ellip/studies/departing_sphericity_sweep/runs/spheroid_prolate/heterogeneous_sphere/spheroid_prolate_heterogeneous_sphere_eps0p001_rho1_E0p5_sep8_run08_impulse_noproj/multiple_body_complete.dat
================================================
