
================ Simulation setup ================
  Run label:         /work/e643/e643/shared/multi_ellip/studies/departing_sphericity_sweep/runs/spheroid_oblate/heterogeneous_sphere/spheroid_oblate_heterogeneous_sphere_eps0p01_rho1_E0p5_sep8_run01_impulse_noproj/
  Started:           2026-06-24 02:46:38
  Input file:        /work/e643/e643/shared/multi_ellip/studies/departing_sphericity_sweep/runs/spheroid_oblate/heterogeneous_sphere/spheroid_oblate_heterogeneous_sphere_eps0p01_rho1_E0p5_sep8_run01_impulse_noproj/input.txt
  Output file:       /work/e643/e643/shared/multi_ellip/studies/departing_sphericity_sweep/runs/spheroid_oblate/heterogeneous_sphere/spheroid_oblate_heterogeneous_sphere_eps0p01_rho1_E0p5_sep8_run01_impulse_noproj/multiple_body_complete.dat
  Bodies:            2
  Fluid density:     1
  Mesh:              ndiv 2 -> 256 triangles / 516 nodes
  Simulated time:    0 -> 100  (dt = 0.05, ~2000 steps)
  Output cadence:    every 1 step(s)
  Output rows:       ~2001
  Progress cadence:  every 100 step(s)
  CPU cores:         256 available, 8 Rayon worker thread(s)
  Strong coupling:   disabled
  Impulse scheme:    enabled
  Hamiltonian step:  disabled
  Hamiltonian midpt: disabled
  Variational step:  disabled
  Energy projection: disabled
  Projection particular metric: Euclidean
  Fluid KE gradient: disabled  (eps = 0.001, scale = 1, linear = 1, angular = 1)
  Fluid KE discrete gradient: disabled
  Impulse pair metric correction: disabled  (mode = pair discrete-gradient, cutoff = all pairs, inner/outer = 0/0, eps = 0.001, linear scale = 1, angular scale = 0)
  Impulse metric correction: disabled  (internal load constraint = disabled)
  Impulse variational defect probe: disabled
  Impulse quadratic pressure: disabled  (scale = 1)
  Added-mass stab:   disabled
  Exact BEM geometry: disabled
  Exact singular BEM: disabled
  Legacy singular SLP diagnostic: disabled
  Phi-dot blend:     0 (off)

  Solver guidance:
    - Strong coupling: use for stiff close-coupled runs; slower but more implicit.
    - Impulse scheme: use when impulse/momentum conservation or KE drift is the focus. Recommended.
    - Added-mass stab: use for higher mesh counts (ndiv > 3) to preserve stability - deprecated.
================================================
Solver starting - good luck!

Initial state:
  Body  1
    density:          1.000000
    shape axes ratio: (1.000000, 1.000000, 0.970590)
    initial KE ratio: 0.500000
    position:         (-4.000000, 0.000000, 0.000000)
    velocity:         (-2.855004, -2.547096, 4.125566)
    angular velocity: (-3.471550, 3.400886, 3.982554)
    orientation:      (w=-0.125543, i=-0.705629, j=0.344217, k=-0.606500)
  Body  2
    density:          1.000000
    shape axes ratio: (1.000000, 1.000000, 1.000000)
    initial KE ratio: 0.500000
    position:         (4.000000, 0.000000, 0.000000)
    velocity:         (-2.851561, -2.544024, 4.120591)
    angular velocity: (-1.593753, 1.045961, 5.987014)
    orientation:      (w=0.795998, i=0.422206, j=-0.404840, k=0.155671)

Preparing first step: implicit scheme, no bootstrap passes required.
First step may take longer than later steps.

First step completed in 0.281 s.

Step   100/2000    5.0% | t 5.000 | ETA 3m 25s | step 0.10s | KE 258.9162 | drift -4.50% | fluid 72.0322 | solid 186.8840
  Impulse FP iterations last/mean/max 8/8.00/8
Step   200/2000   10.0% | t 10.000 | ETA 3m 13s | step 0.11s | KE 251.1050 | drift -7.38% | fluid 72.4175 | solid 178.6875
  Impulse FP iterations last/mean/max 8/8.00/8
Step   300/2000   15.0% | t 15.000 | ETA 3m 2s | step 0.11s | KE 249.9494 | drift -7.81% | fluid 72.0347 | solid 177.9147
  Impulse FP iterations last/mean/max 8/8.00/8
Step   400/2000   20.0% | t 20.000 | ETA 2m 51s | step 0.11s | KE 253.0685 | drift -6.66% | fluid 72.3747 | solid 180.6939
  Impulse FP iterations last/mean/max 8/8.00/8
Step   500/2000   25.0% | t 25.000 | ETA 2m 40s | step 0.10s | KE 257.2188 | drift -5.13% | fluid 72.3732 | solid 184.8456
  Impulse FP iterations last/mean/max 8/8.00/8
Step   600/2000   30.0% | t 30.000 | ETA 2m 29s | step 0.10s | KE 260.5210 | drift -3.91% | fluid 72.0397 | solid 188.4814
  Impulse FP iterations last/mean/max 8/7.97/8
Step   700/2000   35.0% | t 35.000 | ETA 2m 18s | step 0.11s | KE 262.0330 | drift -3.35% | fluid 72.1737 | solid 189.8593
  Impulse FP iterations last/mean/max 8/7.93/8
Step   800/2000   40.0% | t 40.000 | ETA 2m 7s | step 0.11s | KE 261.4856 | drift -3.55% | fluid 72.1716 | solid 189.3139
  Impulse FP iterations last/mean/max 8/7.91/8
Step   900/2000   45.0% | t 45.000 | ETA 1m 56s | step 0.10s | KE 259.2298 | drift -4.39% | fluid 72.0278 | solid 187.2019
  Impulse FP iterations last/mean/max 8/7.90/8
Step  1000/2000   50.0% | t 50.000 | ETA 1m 46s | step 0.12s | KE 256.5959 | drift -5.36% | fluid 72.0829 | solid 184.5129
  Impulse FP iterations last/mean/max 8/7.91/8
Step  1100/2000   55.0% | t 55.000 | ETA 1m 35s | step 0.11s | KE 255.9596 | drift -5.59% | fluid 72.3983 | solid 183.5613
  Impulse FP iterations last/mean/max 8/7.92/8
Step  1200/2000   60.0% | t 60.000 | ETA 1m 25s | step 0.11s | KE 258.9677 | drift -4.48% | fluid 72.0846 | solid 186.8832
  Impulse FP iterations last/mean/max 8/7.93/8
Step  1300/2000   65.0% | t 65.000 | ETA 1m 14s | step 0.11s | KE 264.5586 | drift -2.42% | fluid 72.3881 | solid 192.1705
  Impulse FP iterations last/mean/max 8/7.93/8
Step  1400/2000   70.0% | t 70.000 | ETA 1m 4s | step 0.11s | KE 270.7598 | drift -0.13% | fluid 72.0878 | solid 198.6720
  Impulse FP iterations last/mean/max 8/7.94/8
Step  1500/2000   75.0% | t 75.000 | ETA 53s | step 0.11s | KE 276.1300 | drift +1.85% | fluid 72.0724 | solid 204.0576
  Impulse FP iterations last/mean/max 8/7.94/8
Step  1600/2000   80.0% | t 80.000 | ETA 42s | step 0.11s | KE 279.9517 | drift +3.26% | fluid 72.1596 | solid 207.7921
  Impulse FP iterations last/mean/max 8/7.93/8
Step  1700/2000   85.0% | t 85.000 | ETA 31s | step 0.09s | KE 282.0698 | drift +4.04% | fluid 72.2389 | solid 209.8309
  Impulse FP iterations last/mean/max 8/7.93/8
Step  1800/2000   90.0% | t 90.000 | ETA 21s | step 0.11s | KE 283.0322 | drift +4.39% | fluid 72.1126 | solid 210.9196
  Impulse FP iterations last/mean/max 8/7.94/8
Step  1900/2000   95.0% | t 95.000 | ETA 10s | step 0.08s | KE 284.1148 | drift +4.79% | fluid 72.0578 | solid 212.0571
  Impulse FP iterations last/mean/max 8/7.94/8
Solver finished successfully - good job!
Results saved successfully.

================== Run summary ==================
  Bodies:            2
  Triangles / nodes: 256 / 516
  Timesteps:         2000  (dt = 0.05)
  Simulated time:    0 -> 100
  First-step setup:  0.281 s
  Mean time/step:    0.1037 s  (excl. first step)
  Total wall time:   3m 27s
  Impulse FP iters last/mean/max: 8 / 7.944 / 8
  Approx impulse solves/step:     7.944
  Impulse start cache hits/direct: 1999 / 1
  Impulse global drift P/H:       6.240850e-9 / 8.843890e-3
  Impulse per-body max drift P/H: 9.974122e-9 / 1.498303e-3
  CPU cores:         256 available, 8 Rayon worker thread(s)
  Started:           2026-06-24 02:46:38
  Finished:          2026-06-24 02:50:06
  Output file:       /work/e643/e643/shared/multi_ellip/studies/departing_sphericity_sweep/runs/spheroid_oblate/heterogeneous_sphere/spheroid_oblate_heterogeneous_sphere_eps0p01_rho1_E0p5_sep8_run01_impulse_noproj/multiple_body_complete.dat
================================================
