
================ Simulation setup ================
  Run label:         /work/e643/e643/shared/multi_ellip/studies/departing_sphericity_sweep/runs/spheroid_oblate/heterogeneous_aspherical/spheroid_oblate_heterogeneous_aspherical_eps0p3_rho1_E0p5_sep8_run04_impulse_noproj/
  Started:           2026-06-24 03:12:18
  Input file:        /work/e643/e643/shared/multi_ellip/studies/departing_sphericity_sweep/runs/spheroid_oblate/heterogeneous_aspherical/spheroid_oblate_heterogeneous_aspherical_eps0p3_rho1_E0p5_sep8_run04_impulse_noproj/input.txt
  Output file:       /work/e643/e643/shared/multi_ellip/studies/departing_sphericity_sweep/runs/spheroid_oblate/heterogeneous_aspherical/spheroid_oblate_heterogeneous_aspherical_eps0p3_rho1_E0p5_sep8_run04_impulse_noproj/multiple_body_complete.dat
  Bodies:            2
  Fluid density:     1
  Mesh:              ndiv 2 -> 256 triangles / 516 nodes
  Simulated time:    0 -> 100  (dt = 0.05, ~2000 steps)
  Output cadence:    every 1 step(s)
  Output rows:       ~2001
  Progress cadence:  every 100 step(s)
  CPU cores:         256 available, 8 Rayon worker thread(s)
  Strong coupling:   disabled
  Impulse scheme:    enabled
  Hamiltonian step:  disabled
  Hamiltonian midpt: disabled
  Variational step:  disabled
  Energy projection: disabled
  Projection particular metric: Euclidean
  Fluid KE gradient: disabled  (eps = 0.001, scale = 1, linear = 1, angular = 1)
  Fluid KE discrete gradient: disabled
  Impulse pair metric correction: disabled  (mode = pair discrete-gradient, cutoff = all pairs, inner/outer = 0/0, eps = 0.001, linear scale = 1, angular scale = 0)
  Impulse metric correction: disabled  (internal load constraint = disabled)
  Impulse variational defect probe: disabled
  Impulse quadratic pressure: disabled  (scale = 1)
  Added-mass stab:   disabled
  Exact BEM geometry: disabled
  Exact singular BEM: disabled
  Legacy singular SLP diagnostic: disabled
  Phi-dot blend:     0 (off)

  Solver guidance:
    - Strong coupling: use for stiff close-coupled runs; slower but more implicit.
    - Impulse scheme: use when impulse/momentum conservation or KE drift is the focus. Recommended.
    - Added-mass stab: use for higher mesh counts (ndiv > 3) to preserve stability - deprecated.
================================================
Solver starting - good luck!

Initial state:
  Body  1
    density:          1.000000
    shape axes ratio: (1.000000, 1.000000, 0.455166)
    initial KE ratio: 0.500000
    position:         (-4.000000, 0.000000, 0.000000)
    velocity:         (3.073419, 4.769694, 2.976357)
    angular velocity: (1.482439, -4.559614, 4.060876)
    orientation:      (w=-0.438793, i=0.472900, j=0.460781, k=-0.609514)
  Body  2
    density:          1.000000
    shape axes ratio: (1.000000, 1.000000, 0.125000)
    initial KE ratio: 0.500000
    position:         (4.000000, 0.000000, 0.000000)
    velocity:         (4.005629, 6.216407, 3.879126)
    angular velocity: (-1.648854, 5.763187, 1.882917)
    orientation:      (w=0.001198, i=-0.852543, j=0.507825, k=-0.123626)

Preparing first step: implicit scheme, no bootstrap passes required.
First step may take longer than later steps.

First step completed in 0.488 s.

Step   100/2000    5.0% | t 5.000 | ETA 8m 0s | step 0.26s | KE 745.3804 | drift -1.24% | fluid 459.5145 | solid 285.8659
  Impulse FP iterations last/mean/max 18/17.30/27
Step   200/2000   10.0% | t 10.000 | ETA 7m 33s | step 0.24s | KE 748.0130 | drift -0.90% | fluid 368.3238 | solid 379.6893
  Impulse FP iterations last/mean/max 16/17.36/29
Step   300/2000   15.0% | t 15.000 | ETA 7m 10s | step 0.24s | KE 749.3024 | drift -0.72% | fluid 250.9766 | solid 498.3258
  Impulse FP iterations last/mean/max 15/17.46/30
Step   400/2000   20.0% | t 20.000 | ETA 6m 44s | step 0.22s | KE 749.3017 | drift -0.72% | fluid 236.8588 | solid 512.4429
  Impulse FP iterations last/mean/max 15/17.45/30
Step   500/2000   25.0% | t 25.000 | ETA 6m 18s | step 0.27s | KE 748.5557 | drift -0.82% | fluid 337.9446 | solid 410.6111
  Impulse FP iterations last/mean/max 18/17.41/30
Step   600/2000   30.0% | t 30.000 | ETA 5m 52s | step 0.26s | KE 745.7706 | drift -1.19% | fluid 445.2198 | solid 300.5508
  Impulse FP iterations last/mean/max 18/17.42/30
Step   700/2000   35.0% | t 35.000 | ETA 5m 27s | step 0.26s | KE 746.7946 | drift -1.06% | fluid 416.6992 | solid 330.0954
  Impulse FP iterations last/mean/max 18/17.42/30
Step   800/2000   40.0% | t 40.000 | ETA 5m 0s | step 0.25s | KE 748.8886 | drift -0.78% | fluid 300.4885 | solid 448.4001
  Impulse FP iterations last/mean/max 17/17.39/30
Step   900/2000   45.0% | t 45.000 | ETA 4m 35s | step 0.27s | KE 748.3218 | drift -0.85% | fluid 252.3360 | solid 495.9858
  Impulse FP iterations last/mean/max 19/17.40/30
Step  1000/2000   50.0% | t 50.000 | ETA 4m 10s | step 0.27s | KE 747.2538 | drift -1.00% | fluid 325.8111 | solid 421.4427
  Impulse FP iterations last/mean/max 18/17.40/30
Step  1100/2000   55.0% | t 55.000 | ETA 3m 45s | step 0.35s | KE 745.1068 | drift -1.28% | fluid 447.6826 | solid 297.4242
  Impulse FP iterations last/mean/max 27/17.39/30
Step  1200/2000   60.0% | t 60.000 | ETA 3m 20s | step 0.27s | KE 745.1072 | drift -1.28% | fluid 464.6984 | solid 280.4088
  Impulse FP iterations last/mean/max 18/17.42/30
Step  1300/2000   65.0% | t 65.000 | ETA 2m 55s | step 0.27s | KE 748.4202 | drift -0.84% | fluid 345.8567 | solid 402.5635
  Impulse FP iterations last/mean/max 19/17.40/30
Step  1400/2000   70.0% | t 70.000 | ETA 2m 30s | step 0.22s | KE 749.2688 | drift -0.73% | fluid 239.9158 | solid 509.3530
  Impulse FP iterations last/mean/max 15/17.38/30
Step  1500/2000   75.0% | t 75.000 | ETA 2m 5s | step 0.23s | KE 749.3007 | drift -0.72% | fluid 252.6272 | solid 496.6736
  Impulse FP iterations last/mean/max 16/17.37/30
Step  1600/2000   80.0% | t 80.000 | ETA 1m 40s | step 0.26s | KE 747.9894 | drift -0.90% | fluid 367.4208 | solid 380.5685
  Impulse FP iterations last/mean/max 18/17.38/30
Step  1700/2000   85.0% | t 85.000 | ETA 1m 14s | step 0.23s | KE 745.5139 | drift -1.23% | fluid 450.8591 | solid 294.6548
  Impulse FP iterations last/mean/max 19/17.38/30
Step  1800/2000   90.0% | t 90.000 | ETA 49s | step 0.21s | KE 747.5566 | drift -0.96% | fluid 386.7902 | solid 360.7664
  Impulse FP iterations last/mean/max 16/17.38/30
Step  1900/2000   95.0% | t 95.000 | ETA 24s | step 0.18s | KE 749.2401 | drift -0.73% | fluid 268.3447 | solid 480.8953
  Impulse FP iterations last/mean/max 16/17.37/30
Solver finished successfully - good job!
Results saved successfully.

================== Run summary ==================
  Bodies:            2
  Triangles / nodes: 256 / 516
  Timesteps:         2000  (dt = 0.05)
  Simulated time:    0 -> 100
  First-step setup:  0.488 s
  Mean time/step:    0.2425 s  (excl. first step)
  Total wall time:   8m 5s
  Impulse FP iters last/mean/max: 17 / 17.370 / 30
  Approx impulse solves/step:     17.371
  Impulse start cache hits/direct: 1999 / 1
  Impulse global drift P/H:       1.509581e-9 / 5.499095e-4
  Impulse per-body max drift P/H: 3.563639e-9 / 5.078762e-4
  CPU cores:         256 available, 8 Rayon worker thread(s)
  Started:           2026-06-24 03:12:18
  Finished:          2026-06-24 03:20:24
  Output file:       /work/e643/e643/shared/multi_ellip/studies/departing_sphericity_sweep/runs/spheroid_oblate/heterogeneous_aspherical/spheroid_oblate_heterogeneous_aspherical_eps0p3_rho1_E0p5_sep8_run04_impulse_noproj/multiple_body_complete.dat
================================================
