
================ Simulation setup ================
  Run label:         /work/e643/e643/shared/multi_ellip/studies/departing_sphericity_sweep/runs/spheroid_oblate/heterogeneous_sphere/spheroid_oblate_heterogeneous_sphere_eps0p0001_rho1_E0p5_sep8_run04_impulse_noproj/
  Started:           2026-06-24 02:38:58
  Input file:        /work/e643/e643/shared/multi_ellip/studies/departing_sphericity_sweep/runs/spheroid_oblate/heterogeneous_sphere/spheroid_oblate_heterogeneous_sphere_eps0p0001_rho1_E0p5_sep8_run04_impulse_noproj/input.txt
  Output file:       /work/e643/e643/shared/multi_ellip/studies/departing_sphericity_sweep/runs/spheroid_oblate/heterogeneous_sphere/spheroid_oblate_heterogeneous_sphere_eps0p0001_rho1_E0p5_sep8_run04_impulse_noproj/multiple_body_complete.dat
  Bodies:            2
  Fluid density:     1
  Mesh:              ndiv 2 -> 256 triangles / 516 nodes
  Simulated time:    0 -> 100  (dt = 0.05, ~2000 steps)
  Output cadence:    every 1 step(s)
  Output rows:       ~2001
  Progress cadence:  every 100 step(s)
  CPU cores:         256 available, 8 Rayon worker thread(s)
  Strong coupling:   disabled
  Impulse scheme:    enabled
  Hamiltonian step:  disabled
  Hamiltonian midpt: disabled
  Variational step:  disabled
  Energy projection: disabled
  Projection particular metric: Euclidean
  Fluid KE gradient: disabled  (eps = 0.001, scale = 1, linear = 1, angular = 1)
  Fluid KE discrete gradient: disabled
  Impulse pair metric correction: disabled  (mode = pair discrete-gradient, cutoff = all pairs, inner/outer = 0/0, eps = 0.001, linear scale = 1, angular scale = 0)
  Impulse metric correction: disabled  (internal load constraint = disabled)
  Impulse variational defect probe: disabled
  Impulse quadratic pressure: disabled  (scale = 1)
  Added-mass stab:   disabled
  Exact BEM geometry: disabled
  Exact singular BEM: disabled
  Legacy singular SLP diagnostic: disabled
  Phi-dot blend:     0 (off)

  Solver guidance:
    - Strong coupling: use for stiff close-coupled runs; slower but more implicit.
    - Impulse scheme: use when impulse/momentum conservation or KE drift is the focus. Recommended.
    - Added-mass stab: use for higher mesh counts (ndiv > 3) to preserve stability - deprecated.
================================================
Solver starting - good luck!

Initial state:
  Body  1
    density:          1.000000
    shape axes ratio: (1.000000, 1.000000, 0.999700)
    initial KE ratio: 0.500000
    position:         (-4.000000, 0.000000, 0.000000)
    velocity:         (-3.383163, -3.153411, 3.192204)
    angular velocity: (-0.029265, 6.154049, -1.266983)
    orientation:      (w=-0.238657, i=0.346219, j=-0.735664, k=0.531012)
  Body  2
    density:          1.000000
    shape axes ratio: (1.000000, 1.000000, 1.000000)
    initial KE ratio: 0.500000
    position:         (4.000000, 0.000000, 0.000000)
    velocity:         (-3.383312, -3.153549, 3.192344)
    angular velocity: (2.671921, -5.188047, 2.328826)
    orientation:      (w=-0.275030, i=-0.364801, j=0.876515, k=0.151656)

Preparing first step: implicit scheme, no bootstrap passes required.
First step may take longer than later steps.

First step completed in 0.235 s.

Step   100/2000    5.0% | t 5.000 | ETA 2m 30s | step 0.08s | KE 270.0086 | drift -0.29% | fluid 72.3651 | solid 197.6436
  Impulse FP iterations last/mean/max 6/5.97/7
Step   200/2000   10.0% | t 10.000 | ETA 2m 21s | step 0.09s | KE 272.1890 | drift +0.51% | fluid 72.3671 | solid 199.8219
  Impulse FP iterations last/mean/max 6/5.95/7
Step   300/2000   15.0% | t 15.000 | ETA 2m 13s | step 0.08s | KE 277.3405 | drift +2.42% | fluid 72.3691 | solid 204.9714
  Impulse FP iterations last/mean/max 6/5.96/7
Step   400/2000   20.0% | t 20.000 | ETA 2m 6s | step 0.08s | KE 285.4644 | drift +5.42% | fluid 72.3656 | solid 213.0989
  Impulse FP iterations last/mean/max 6/5.96/7
Step   500/2000   25.0% | t 25.000 | ETA 1m 58s | step 0.07s | KE 296.5615 | drift +9.51% | fluid 72.3652 | solid 224.1963
  Impulse FP iterations last/mean/max 6/5.97/7
Step   600/2000   30.0% | t 30.000 | ETA 1m 50s | step 0.08s | KE 310.6333 | drift +14.71% | fluid 72.3696 | solid 238.2636
  Impulse FP iterations last/mean/max 6/5.97/7
Step   700/2000   35.0% | t 35.000 | ETA 1m 42s | step 0.08s | KE 327.6813 | drift +21.01% | fluid 72.3654 | solid 255.3159
  Impulse FP iterations last/mean/max 6/5.97/7
Step   800/2000   40.0% | t 40.000 | ETA 1m 35s | step 0.07s | KE 347.7072 | drift +28.40% | fluid 72.3655 | solid 275.3417
  Impulse FP iterations last/mean/max 6/5.98/7
Step   900/2000   45.0% | t 45.000 | ETA 1m 27s | step 0.08s | KE 370.7124 | drift +36.90% | fluid 72.3695 | solid 298.3429
  Impulse FP iterations last/mean/max 6/6.01/7
Step  1000/2000   50.0% | t 50.000 | ETA 1m 20s | step 0.08s | KE 396.6987 | drift +46.49% | fluid 72.3693 | solid 324.3294
  Impulse FP iterations last/mean/max 6/6.03/7
Step  1100/2000   55.0% | t 55.000 | ETA 1m 12s | step 0.07s | KE 425.6676 | drift +57.19% | fluid 72.3656 | solid 353.3020
  Impulse FP iterations last/mean/max 6/6.06/7
Step  1200/2000   60.0% | t 60.000 | ETA 1m 4s | step 0.08s | KE 457.6196 | drift +68.99% | fluid 72.3681 | solid 385.2515
  Impulse FP iterations last/mean/max 6/6.09/7
Step  1300/2000   65.0% | t 65.000 | ETA 56s | step 0.08s | KE 492.5566 | drift +81.89% | fluid 72.3663 | solid 420.1903
  Impulse FP iterations last/mean/max 6/6.13/7
Step  1400/2000   70.0% | t 70.000 | ETA 49s | step 0.10s | KE 530.4785 | drift +95.89% | fluid 72.3708 | solid 458.1077
  Impulse FP iterations last/mean/max 7/6.16/7
Step  1500/2000   75.0% | t 75.000 | ETA 41s | step 0.10s | KE 571.3884 | drift +111.00% | fluid 72.3685 | solid 499.0199
  Impulse FP iterations last/mean/max 7/6.21/7
Step  1600/2000   80.0% | t 80.000 | ETA 33s | step 0.08s | KE 615.2845 | drift +127.21% | fluid 72.3701 | solid 542.9143
  Impulse FP iterations last/mean/max 7/6.25/7
Step  1700/2000   85.0% | t 85.000 | ETA 24s | step 0.09s | KE 662.1705 | drift +144.52% | fluid 72.3668 | solid 589.8038
  Impulse FP iterations last/mean/max 7/6.28/7
Step  1800/2000   90.0% | t 90.000 | ETA 16s | step 0.09s | KE 712.0434 | drift +162.94% | fluid 72.3686 | solid 639.6749
  Impulse FP iterations last/mean/max 7/6.32/7
Step  1900/2000   95.0% | t 95.000 | ETA 8s | step 0.07s | KE 764.9091 | drift +182.46% | fluid 72.3668 | solid 692.5423
  Impulse FP iterations last/mean/max 7/6.35/7
Solver finished successfully - good job!
Results saved successfully.

================== Run summary ==================
  Bodies:            2
  Triangles / nodes: 256 / 516
  Timesteps:         2000  (dt = 0.05)
  Simulated time:    0 -> 100
  First-step setup:  0.235 s
  Mean time/step:    0.0815 s  (excl. first step)
  Total wall time:   2m 43s
  Impulse FP iters last/mean/max: 7 / 6.384 / 7
  Approx impulse solves/step:     6.385
  Impulse start cache hits/direct: 1999 / 1
  Impulse global drift P/H:       3.283088e-9 / 1.537880e-1
  Impulse per-body max drift P/H: 6.616533e-9 / 6.480234e-3
  CPU cores:         256 available, 8 Rayon worker thread(s)
  Started:           2026-06-24 02:38:58
  Finished:          2026-06-24 02:41:41
  Output file:       /work/e643/e643/shared/multi_ellip/studies/departing_sphericity_sweep/runs/spheroid_oblate/heterogeneous_sphere/spheroid_oblate_heterogeneous_sphere_eps0p0001_rho1_E0p5_sep8_run04_impulse_noproj/multiple_body_complete.dat
================================================
