
================ Simulation setup ================
  Run label:         /work/e643/e643/shared/multi_ellip/studies/departing_sphericity_sweep/runs/spheroid_oblate/heterogeneous_sphere/spheroid_oblate_heterogeneous_sphere_eps0p03_rho1_E0p5_sep8_run07_impulse_noproj/
  Started:           2026-06-24 02:50:06
  Input file:        /work/e643/e643/shared/multi_ellip/studies/departing_sphericity_sweep/runs/spheroid_oblate/heterogeneous_sphere/spheroid_oblate_heterogeneous_sphere_eps0p03_rho1_E0p5_sep8_run07_impulse_noproj/input.txt
  Output file:       /work/e643/e643/shared/multi_ellip/studies/departing_sphericity_sweep/runs/spheroid_oblate/heterogeneous_sphere/spheroid_oblate_heterogeneous_sphere_eps0p03_rho1_E0p5_sep8_run07_impulse_noproj/multiple_body_complete.dat
  Bodies:            2
  Fluid density:     1
  Mesh:              ndiv 2 -> 256 triangles / 516 nodes
  Simulated time:    0 -> 100  (dt = 0.05, ~2000 steps)
  Output cadence:    every 1 step(s)
  Output rows:       ~2001
  Progress cadence:  every 100 step(s)
  CPU cores:         256 available, 8 Rayon worker thread(s)
  Strong coupling:   disabled
  Impulse scheme:    enabled
  Hamiltonian step:  disabled
  Hamiltonian midpt: disabled
  Variational step:  disabled
  Energy projection: disabled
  Projection particular metric: Euclidean
  Fluid KE gradient: disabled  (eps = 0.001, scale = 1, linear = 1, angular = 1)
  Fluid KE discrete gradient: disabled
  Impulse pair metric correction: disabled  (mode = pair discrete-gradient, cutoff = all pairs, inner/outer = 0/0, eps = 0.001, linear scale = 1, angular scale = 0)
  Impulse metric correction: disabled  (internal load constraint = disabled)
  Impulse variational defect probe: disabled
  Impulse quadratic pressure: disabled  (scale = 1)
  Added-mass stab:   disabled
  Exact BEM geometry: disabled
  Exact singular BEM: disabled
  Legacy singular SLP diagnostic: disabled
  Phi-dot blend:     0 (off)

  Solver guidance:
    - Strong coupling: use for stiff close-coupled runs; slower but more implicit.
    - Impulse scheme: use when impulse/momentum conservation or KE drift is the focus. Recommended.
    - Added-mass stab: use for higher mesh counts (ndiv > 3) to preserve stability - deprecated.
================================================
Solver starting - good luck!

Initial state:
  Body  1
    density:          1.000000
    shape axes ratio: (1.000000, 1.000000, 0.915142)
    initial KE ratio: 0.500000
    position:         (-4.000000, 0.000000, 0.000000)
    velocity:         (-1.453983, 2.518576, -4.761596)
    angular velocity: (2.314523, 5.394032, 2.241833)
    orientation:      (w=-0.066899, i=0.806948, j=0.476460, k=0.342557)
  Body  2
    density:          1.000000
    shape axes ratio: (1.000000, 1.000000, 1.000000)
    initial KE ratio: 0.500000
    position:         (4.000000, 0.000000, 0.000000)
    velocity:         (-1.464516, 2.536820, -4.796089)
    angular velocity: (0.645189, -3.361022, 5.269315)
    orientation:      (w=-0.248446, i=-0.320782, j=-0.542247, k=0.735759)

Preparing first step: implicit scheme, no bootstrap passes required.
First step may take longer than later steps.

First step completed in 0.247 s.

Step   100/2000    5.0% | t 5.000 | ETA 3m 28s | step 0.11s | KE 275.7972 | drift +2.07% | fluid 73.8485 | solid 201.9487
  Impulse FP iterations last/mean/max 8/8.41/9
Step   200/2000   10.0% | t 10.000 | ETA 3m 25s | step 0.12s | KE 286.4203 | drift +6.00% | fluid 72.5667 | solid 213.8536
  Impulse FP iterations last/mean/max 9/8.60/9
Step   300/2000   15.0% | t 15.000 | ETA 3m 17s | step 0.10s | KE 307.6094 | drift +13.84% | fluid 72.9128 | solid 234.6966
  Impulse FP iterations last/mean/max 8/8.68/9
Step   400/2000   20.0% | t 20.000 | ETA 3m 8s | step 0.13s | KE 356.6323 | drift +31.98% | fluid 72.9396 | solid 283.6927
  Impulse FP iterations last/mean/max 9/8.75/9
Step   500/2000   25.0% | t 25.000 | ETA 2m 57s | step 0.11s | KE 487.1956 | drift +80.30% | fluid 74.1538 | solid 413.0419
  Impulse FP iterations last/mean/max 9/8.80/9
Step   600/2000   30.0% | t 30.000 | ETA 2m 47s | step 0.12s | KE 909.0579 | drift +236.42% | fluid 75.0320 | solid 834.0259
  Impulse FP iterations last/mean/max 9/8.82/9
Step   700/2000   35.0% | t 35.000 | ETA 2m 36s | step 0.12s | KE 2592.4886 | drift +859.41% | fluid 79.3789 | solid 2513.1097
  Impulse FP iterations last/mean/max 9/8.86/10
Step   800/2000   40.0% | t 40.000 | ETA 2m 26s | step 0.14s | KE 9238.2818 | drift +3318.84% | fluid 101.3029 | solid 9136.9789
  Impulse FP iterations last/mean/max 10/8.91/10
Step   900/2000   45.0% | t 45.000 | ETA 2m 16s | step 0.12s | KE 20675.0386 | drift +7551.27% | fluid 136.3801 | solid 20538.6585
  Impulse FP iterations last/mean/max 9/9.02/30
Step  1000/2000   50.0% | t 50.000 | ETA 2m 3s | step 0.10s | KE 23342.7731 | drift +8538.53% | fluid 141.4160 | solid 23201.3572
  Impulse FP iterations last/mean/max 8/8.97/30
Step  1100/2000   55.0% | t 55.000 | ETA 1m 49s | step 0.10s | KE 23817.9822 | drift +8714.39% | fluid 141.8959 | solid 23676.0863
  Impulse FP iterations last/mean/max 8/8.88/30
Step  1200/2000   60.0% | t 60.000 | ETA 1m 36s | step 0.11s | KE 23983.9224 | drift +8775.80% | fluid 142.0263 | solid 23841.8961
  Impulse FP iterations last/mean/max 8/8.80/30
Step  1300/2000   65.0% | t 65.000 | ETA 1m 23s | step 0.11s | KE 24062.2428 | drift +8804.78% | fluid 142.0262 | solid 23920.2165
  Impulse FP iterations last/mean/max 8/8.74/30
Step  1400/2000   70.0% | t 70.000 | ETA 1m 11s | step 0.10s | KE 24106.8965 | drift +8821.31% | fluid 142.0663 | solid 23964.8302
  Impulse FP iterations last/mean/max 8/8.68/30
Step  1500/2000   75.0% | t 75.000 | ETA 59s | step 0.10s | KE 24144.8980 | drift +8835.37% | fluid 142.0921 | solid 24002.8059
  Impulse FP iterations last/mean/max 8/8.63/30
Step  1600/2000   80.0% | t 80.000 | ETA 46s | step 0.10s | KE 24164.3361 | drift +8842.56% | fluid 142.1117 | solid 24022.2244
  Impulse FP iterations last/mean/max 8/8.59/30
Step  1700/2000   85.0% | t 85.000 | ETA 35s | step 0.11s | KE 24183.1629 | drift +8849.53% | fluid 142.1309 | solid 24041.0320
  Impulse FP iterations last/mean/max 8/8.55/30
Step  1800/2000   90.0% | t 90.000 | ETA 23s | step 0.09s | KE 24191.1880 | drift +8852.50% | fluid 142.1367 | solid 24049.0513
  Impulse FP iterations last/mean/max 7/8.52/30
Step  1900/2000   95.0% | t 95.000 | ETA 11s | step 0.09s | KE 24195.7855 | drift +8854.20% | fluid 142.1359 | solid 24053.6496
  Impulse FP iterations last/mean/max 8/8.49/30
Solver finished successfully - good job!
Results saved successfully.

================== Run summary ==================
  Bodies:            2
  Triangles / nodes: 256 / 516
  Timesteps:         2000  (dt = 0.05)
  Simulated time:    0 -> 100
  First-step setup:  0.247 s
  Mean time/step:    0.1133 s  (excl. first step)
  Total wall time:   3m 46s
  Impulse FP iters last/mean/max: 8 / 8.463 / 30
  Approx impulse solves/step:     8.463
  Impulse start cache hits/direct: 1999 / 1
  Impulse global drift P/H:       1.839359e-2 / 4.437243e1
  Impulse per-body max drift P/H: 4.516020e-2 / 2.157897e0
  CPU cores:         256 available, 8 Rayon worker thread(s)
  Started:           2026-06-24 02:50:06
  Finished:          2026-06-24 02:53:53
  Output file:       /work/e643/e643/shared/multi_ellip/studies/departing_sphericity_sweep/runs/spheroid_oblate/heterogeneous_sphere/spheroid_oblate_heterogeneous_sphere_eps0p03_rho1_E0p5_sep8_run07_impulse_noproj/multiple_body_complete.dat
================================================
