
================ Simulation setup ================
  Run label:         /work/e643/e643/shared/multi_ellip/studies/departing_sphericity_sweep/runs/spheroid_oblate/heterogeneous_aspherical/spheroid_oblate_heterogeneous_aspherical_eps0p001_rho1_E0p5_sep8_run05_impulse_noproj/
  Started:           2026-06-24 03:03:51
  Input file:        /work/e643/e643/shared/multi_ellip/studies/departing_sphericity_sweep/runs/spheroid_oblate/heterogeneous_aspherical/spheroid_oblate_heterogeneous_aspherical_eps0p001_rho1_E0p5_sep8_run05_impulse_noproj/input.txt
  Output file:       /work/e643/e643/shared/multi_ellip/studies/departing_sphericity_sweep/runs/spheroid_oblate/heterogeneous_aspherical/spheroid_oblate_heterogeneous_aspherical_eps0p001_rho1_E0p5_sep8_run05_impulse_noproj/multiple_body_complete.dat
  Bodies:            2
  Fluid density:     1
  Mesh:              ndiv 2 -> 256 triangles / 516 nodes
  Simulated time:    0 -> 100  (dt = 0.05, ~2000 steps)
  Output cadence:    every 1 step(s)
  Output rows:       ~2001
  Progress cadence:  every 100 step(s)
  CPU cores:         256 available, 8 Rayon worker thread(s)
  Strong coupling:   disabled
  Impulse scheme:    enabled
  Hamiltonian step:  disabled
  Hamiltonian midpt: disabled
  Variational step:  disabled
  Energy projection: disabled
  Projection particular metric: Euclidean
  Fluid KE gradient: disabled  (eps = 0.001, scale = 1, linear = 1, angular = 1)
  Fluid KE discrete gradient: disabled
  Impulse pair metric correction: disabled  (mode = pair discrete-gradient, cutoff = all pairs, inner/outer = 0/0, eps = 0.001, linear scale = 1, angular scale = 0)
  Impulse metric correction: disabled  (internal load constraint = disabled)
  Impulse variational defect probe: disabled
  Impulse quadratic pressure: disabled  (scale = 1)
  Added-mass stab:   disabled
  Exact BEM geometry: disabled
  Exact singular BEM: disabled
  Legacy singular SLP diagnostic: disabled
  Phi-dot blend:     0 (off)

  Solver guidance:
    - Strong coupling: use for stiff close-coupled runs; slower but more implicit.
    - Impulse scheme: use when impulse/momentum conservation or KE drift is the focus. Recommended.
    - Added-mass stab: use for higher mesh counts (ndiv > 3) to preserve stability - deprecated.
================================================
Solver starting - good luck!

Initial state:
  Body  1
    density:          1.000000
    shape axes ratio: (1.000000, 1.000000, 0.997006)
    initial KE ratio: 0.500000
    position:         (-4.000000, 0.000000, 0.000000)
    velocity:         (-4.762358, 2.539916, 1.555757)
    angular velocity: (-5.603968, 2.820577, -0.343955)
    orientation:      (w=0.583938, i=0.097126, j=0.203358, k=-0.779890)
  Body  2
    density:          1.000000
    shape axes ratio: (1.000000, 1.000000, 0.125000)
    initial KE ratio: 0.500000
    position:         (4.000000, 0.000000, 0.000000)
    velocity:         (-8.482331, 4.523894, 2.770990)
    angular velocity: (2.088983, 3.506359, 4.777030)
    orientation:      (w=-0.956286, i=0.178022, j=0.109055, k=0.204772)

Preparing first step: implicit scheme, no bootstrap passes required.
First step may take longer than later steps.

First step completed in 0.316 s.

Step   100/2000    5.0% | t 5.000 | ETA 7m 27s | step 0.25s | KE 861.7236 | drift -0.01% | fluid 395.2862 | solid 466.4374
  Impulse FP iterations last/mean/max 17/16.65/30
Step   200/2000   10.0% | t 10.000 | ETA 6m 54s | step 0.20s | KE 861.3396 | drift -0.06% | fluid 450.0397 | solid 411.2999
  Impulse FP iterations last/mean/max 14/16.34/30
Step   300/2000   15.0% | t 15.000 | ETA 6m 32s | step 0.21s | KE 859.9567 | drift -0.22% | fluid 520.4159 | solid 339.5408
  Impulse FP iterations last/mean/max 15/16.32/30
Step   400/2000   20.0% | t 20.000 | ETA 6m 11s | step 0.26s | KE 860.4914 | drift -0.15% | fluid 498.6159 | solid 361.8755
  Impulse FP iterations last/mean/max 19/16.38/30
Step   500/2000   25.0% | t 25.000 | ETA 5m 46s | step 0.22s | KE 861.6532 | drift -0.02% | fluid 418.4169 | solid 443.2363
  Impulse FP iterations last/mean/max 15/16.31/30
Step   600/2000   30.0% | t 30.000 | ETA 5m 22s | step 0.20s | KE 861.7425 | drift -0.01% | fluid 401.0975 | solid 460.6450
  Impulse FP iterations last/mean/max 13/16.25/30
Step   700/2000   35.0% | t 35.000 | ETA 5m 0s | step 0.22s | KE 861.0106 | drift -0.09% | fluid 472.2086 | solid 388.8020
  Impulse FP iterations last/mean/max 15/16.29/30
Step   800/2000   40.0% | t 40.000 | ETA 4m 37s | step 0.23s | KE 859.8202 | drift -0.23% | fluid 525.3910 | solid 334.4293
  Impulse FP iterations last/mean/max 15/16.29/30
Step   900/2000   45.0% | t 45.000 | ETA 4m 14s | step 0.35s | KE 860.8954 | drift -0.11% | fluid 478.6631 | solid 382.2323
  Impulse FP iterations last/mean/max 28/16.30/30
Step  1000/2000   50.0% | t 50.000 | ETA 3m 51s | step 0.21s | KE 861.7292 | drift -0.01% | fluid 404.1719 | solid 457.5573
  Impulse FP iterations last/mean/max 15/16.32/30
Step  1100/2000   55.0% | t 55.000 | ETA 3m 28s | step 0.20s | KE 861.6816 | drift -0.02% | fluid 413.6074 | solid 448.0742
  Impulse FP iterations last/mean/max 14/16.31/30
Step  1200/2000   60.0% | t 60.000 | ETA 3m 5s | step 0.25s | KE 860.6100 | drift -0.14% | fluid 493.0596 | solid 367.5504
  Impulse FP iterations last/mean/max 18/16.33/30
Step  1300/2000   65.0% | t 65.000 | ETA 2m 42s | step 0.20s | KE 859.8934 | drift -0.22% | fluid 522.6910 | solid 337.2024
  Impulse FP iterations last/mean/max 14/16.32/30
Step  1400/2000   70.0% | t 70.000 | ETA 2m 19s | step 0.22s | KE 861.2521 | drift -0.07% | fluid 456.6286 | solid 404.6235
  Impulse FP iterations last/mean/max 15/16.32/30
Step  1500/2000   75.0% | t 75.000 | ETA 1m 56s | step 0.21s | KE 861.7557 | drift -0.01% | fluid 396.2763 | solid 465.4794
  Impulse FP iterations last/mean/max 16/16.33/30
Step  1600/2000   80.0% | t 80.000 | ETA 1m 32s | step 0.23s | KE 861.5464 | drift -0.03% | fluid 431.4315 | solid 430.1149
  Impulse FP iterations last/mean/max 17/16.31/30
Step  1700/2000   85.0% | t 85.000 | ETA 1m 9s | step 0.21s | KE 860.2191 | drift -0.19% | fluid 510.1230 | solid 350.0961
  Impulse FP iterations last/mean/max 16/16.31/30
Step  1800/2000   90.0% | t 90.000 | ETA 45s | step 0.18s | KE 860.1565 | drift -0.19% | fluid 512.6377 | solid 347.5188
  Impulse FP iterations last/mean/max 16/16.30/30
Step  1900/2000   95.0% | t 95.000 | ETA 22s | step 0.18s | KE 861.5115 | drift -0.04% | fluid 435.0723 | solid 426.4392
  Impulse FP iterations last/mean/max 16/16.29/30
Solver finished successfully - good job!
Results saved successfully.

================== Run summary ==================
  Bodies:            2
  Triangles / nodes: 256 / 516
  Timesteps:         2000  (dt = 0.05)
  Simulated time:    0 -> 100
  First-step setup:  0.316 s
  Mean time/step:    0.2240 s  (excl. first step)
  Total wall time:   7m 28s
  Impulse FP iters last/mean/max: 25 / 16.293 / 30
  Approx impulse solves/step:     16.293
  Impulse start cache hits/direct: 1999 / 1
  Impulse global drift P/H:       1.227674e-9 / 8.772093e-4
  Impulse per-body max drift P/H: 1.693511e-9 / 7.414120e-4
  CPU cores:         256 available, 8 Rayon worker thread(s)
  Started:           2026-06-24 03:03:51
  Finished:          2026-06-24 03:11:20
  Output file:       /work/e643/e643/shared/multi_ellip/studies/departing_sphericity_sweep/runs/spheroid_oblate/heterogeneous_aspherical/spheroid_oblate_heterogeneous_aspherical_eps0p001_rho1_E0p5_sep8_run05_impulse_noproj/multiple_body_complete.dat
================================================
