
================ Simulation setup ================
  Run label:         /work/e643/e643/shared/multi_ellip/studies/departing_sphericity_sweep/runs/spheroid_oblate/heterogeneous_aspherical/spheroid_oblate_heterogeneous_aspherical_eps0p003_rho1_E0p5_sep8_run09_impulse_noproj/
  Started:           2026-06-24 03:03:52
  Input file:        /work/e643/e643/shared/multi_ellip/studies/departing_sphericity_sweep/runs/spheroid_oblate/heterogeneous_aspherical/spheroid_oblate_heterogeneous_aspherical_eps0p003_rho1_E0p5_sep8_run09_impulse_noproj/input.txt
  Output file:       /work/e643/e643/shared/multi_ellip/studies/departing_sphericity_sweep/runs/spheroid_oblate/heterogeneous_aspherical/spheroid_oblate_heterogeneous_aspherical_eps0p003_rho1_E0p5_sep8_run09_impulse_noproj/multiple_body_complete.dat
  Bodies:            2
  Fluid density:     1
  Mesh:              ndiv 2 -> 256 triangles / 516 nodes
  Simulated time:    0 -> 100  (dt = 0.05, ~2000 steps)
  Output cadence:    every 1 step(s)
  Output rows:       ~2001
  Progress cadence:  every 100 step(s)
  CPU cores:         256 available, 8 Rayon worker thread(s)
  Strong coupling:   disabled
  Impulse scheme:    enabled
  Hamiltonian step:  disabled
  Hamiltonian midpt: disabled
  Variational step:  disabled
  Energy projection: disabled
  Projection particular metric: Euclidean
  Fluid KE gradient: disabled  (eps = 0.001, scale = 1, linear = 1, angular = 1)
  Fluid KE discrete gradient: disabled
  Impulse pair metric correction: disabled  (mode = pair discrete-gradient, cutoff = all pairs, inner/outer = 0/0, eps = 0.001, linear scale = 1, angular scale = 0)
  Impulse metric correction: disabled  (internal load constraint = disabled)
  Impulse variational defect probe: disabled
  Impulse quadratic pressure: disabled  (scale = 1)
  Added-mass stab:   disabled
  Exact BEM geometry: disabled
  Exact singular BEM: disabled
  Legacy singular SLP diagnostic: disabled
  Phi-dot blend:     0 (off)

  Solver guidance:
    - Strong coupling: use for stiff close-coupled runs; slower but more implicit.
    - Impulse scheme: use when impulse/momentum conservation or KE drift is the focus. Recommended.
    - Added-mass stab: use for higher mesh counts (ndiv > 3) to preserve stability - deprecated.
================================================
Solver starting - good luck!

Initial state:
  Body  1
    density:          1.000000
    shape axes ratio: (1.000000, 1.000000, 0.991054)
    initial KE ratio: 0.500000
    position:         (-4.000000, 0.000000, 0.000000)
    velocity:         (-4.990001, 1.507098, -2.100789)
    angular velocity: (-4.205700, -2.916261, 3.644986)
    orientation:      (w=-0.008271, i=-0.908863, j=-0.372642, k=-0.187183)
  Body  2
    density:          1.000000
    shape axes ratio: (1.000000, 1.000000, 0.125000)
    initial KE ratio: 0.500000
    position:         (4.000000, 0.000000, 0.000000)
    velocity:         (-7.794895, 2.354241, -3.281648)
    angular velocity: (0.781661, -5.537552, -2.864077)
    orientation:      (w=0.969730, i=0.023301, j=-0.028254, k=0.241418)

Preparing first step: implicit scheme, no bootstrap passes required.
First step may take longer than later steps.

First step completed in 0.400 s.

Step   100/2000    5.0% | t 5.000 | ETA 6m 56s | step 0.20s | KE 682.4810 | drift +0.12% | fluid 259.7262 | solid 422.7548
  Impulse FP iterations last/mean/max 14/15.17/30
Step   200/2000   10.0% | t 10.000 | ETA 6m 25s | step 0.20s | KE 683.2738 | drift +0.23% | fluid 191.9572 | solid 491.3166
  Impulse FP iterations last/mean/max 14/14.84/30
Step   300/2000   15.0% | t 15.000 | ETA 6m 1s | step 0.21s | KE 683.3613 | drift +0.24% | fluid 153.3843 | solid 529.9769
  Impulse FP iterations last/mean/max 15/14.71/30
Step   400/2000   20.0% | t 20.000 | ETA 5m 38s | step 0.19s | KE 683.3621 | drift +0.24% | fluid 148.0701 | solid 535.2919
  Impulse FP iterations last/mean/max 13/14.69/30
Step   500/2000   25.0% | t 25.000 | ETA 5m 15s | step 0.18s | KE 683.3680 | drift +0.25% | fluid 176.3434 | solid 507.0246
  Impulse FP iterations last/mean/max 13/14.61/30
Step   600/2000   30.0% | t 30.000 | ETA 4m 54s | step 0.25s | KE 682.9418 | drift +0.18% | fluid 235.8528 | solid 447.0890
  Impulse FP iterations last/mean/max 16/14.60/30
Step   700/2000   35.0% | t 35.000 | ETA 4m 32s | step 0.21s | KE 681.4123 | drift -0.04% | fluid 316.3372 | solid 365.0751
  Impulse FP iterations last/mean/max 15/14.55/30
Step   800/2000   40.0% | t 40.000 | ETA 4m 11s | step 0.21s | KE 678.8740 | drift -0.41% | fluid 393.6261 | solid 285.2479
  Impulse FP iterations last/mean/max 14/14.55/30
Step   900/2000   45.0% | t 45.000 | ETA 3m 50s | step 0.23s | KE 677.0823 | drift -0.68% | fluid 434.7124 | solid 242.3699
  Impulse FP iterations last/mean/max 15/14.53/30
Step  1000/2000   50.0% | t 50.000 | ETA 3m 29s | step 0.21s | KE 677.8266 | drift -0.57% | fluid 418.5618 | solid 259.2648
  Impulse FP iterations last/mean/max 14/14.54/30
Step  1100/2000   55.0% | t 55.000 | ETA 3m 8s | step 0.24s | KE 680.3238 | drift -0.20% | fluid 353.7216 | solid 326.6022
  Impulse FP iterations last/mean/max 16/14.55/30
Step  1200/2000   60.0% | t 60.000 | ETA 2m 47s | step 0.22s | KE 682.4195 | drift +0.11% | fluid 270.8521 | solid 411.5673
  Impulse FP iterations last/mean/max 15/14.54/30
Step  1300/2000   65.0% | t 65.000 | ETA 2m 26s | step 0.20s | KE 683.2755 | drift +0.23% | fluid 199.8257 | solid 483.4498
  Impulse FP iterations last/mean/max 14/14.55/30
Step  1400/2000   70.0% | t 70.000 | ETA 2m 5s | step 0.19s | KE 683.3858 | drift +0.25% | fluid 156.8035 | solid 526.5824
  Impulse FP iterations last/mean/max 13/14.54/30
Step  1500/2000   75.0% | t 75.000 | ETA 1m 45s | step 0.16s | KE 683.3685 | drift +0.25% | fluid 146.7998 | solid 536.5687
  Impulse FP iterations last/mean/max 12/14.53/30
Step  1600/2000   80.0% | t 80.000 | ETA 1m 24s | step 0.22s | KE 683.3845 | drift +0.25% | fluid 170.4239 | solid 512.9606
  Impulse FP iterations last/mean/max 15/14.54/30
Step  1700/2000   85.0% | t 85.000 | ETA 1m 3s | step 0.22s | KE 683.0610 | drift +0.20% | fluid 225.8968 | solid 457.1641
  Impulse FP iterations last/mean/max 15/14.53/30
Step  1800/2000   90.0% | t 90.000 | ETA 42s | step 0.19s | KE 681.7139 | drift +0.00% | fluid 304.5361 | solid 377.1778
  Impulse FP iterations last/mean/max 14/14.53/30
Step  1900/2000   95.0% | t 95.000 | ETA 21s | step 0.19s | KE 679.2464 | drift -0.36% | fluid 384.2203 | solid 295.0261
  Impulse FP iterations last/mean/max 15/14.53/30
Solver finished successfully - good job!
Results saved successfully.

================== Run summary ==================
  Bodies:            2
  Triangles / nodes: 256 / 516
  Timesteps:         2000  (dt = 0.05)
  Simulated time:    0 -> 100
  First-step setup:  0.400 s
  Mean time/step:    0.2086 s  (excl. first step)
  Total wall time:   6m 57s
  Impulse FP iters last/mean/max: 15 / 14.538 / 30
  Approx impulse solves/step:     14.539
  Impulse start cache hits/direct: 1999 / 1
  Impulse global drift P/H:       4.225564e-9 / 1.434968e-3
  Impulse per-body max drift P/H: 5.091052e-9 / 2.405515e-3
  CPU cores:         256 available, 8 Rayon worker thread(s)
  Started:           2026-06-24 03:03:52
  Finished:          2026-06-24 03:10:50
  Output file:       /work/e643/e643/shared/multi_ellip/studies/departing_sphericity_sweep/runs/spheroid_oblate/heterogeneous_aspherical/spheroid_oblate_heterogeneous_aspherical_eps0p003_rho1_E0p5_sep8_run09_impulse_noproj/multiple_body_complete.dat
================================================
