
================ Simulation setup ================
  Run label:         /work/e643/e643/shared/multi_ellip/studies/departing_sphericity_sweep/runs/triaxial/heterogeneous_aspherical/triaxial_heterogeneous_aspherical_eps0p3_rho1_E0p5_sep8_run01_impulse_noproj/
  Started:           2026-06-24 03:04:22
  Input file:        /work/e643/e643/shared/multi_ellip/studies/departing_sphericity_sweep/runs/triaxial/heterogeneous_aspherical/triaxial_heterogeneous_aspherical_eps0p3_rho1_E0p5_sep8_run01_impulse_noproj/input.txt
  Output file:       /work/e643/e643/shared/multi_ellip/studies/departing_sphericity_sweep/runs/triaxial/heterogeneous_aspherical/triaxial_heterogeneous_aspherical_eps0p3_rho1_E0p5_sep8_run01_impulse_noproj/multiple_body_complete.dat
  Bodies:            2
  Fluid density:     1
  Mesh:              ndiv 2 -> 256 triangles / 516 nodes
  Simulated time:    0 -> 100  (dt = 0.05, ~2000 steps)
  Output cadence:    every 1 step(s)
  Output rows:       ~2001
  Progress cadence:  every 100 step(s)
  CPU cores:         256 available, 8 Rayon worker thread(s)
  Strong coupling:   disabled
  Impulse scheme:    enabled
  Hamiltonian step:  disabled
  Hamiltonian midpt: disabled
  Variational step:  disabled
  Energy projection: disabled
  Projection particular metric: Euclidean
  Fluid KE gradient: disabled  (eps = 0.001, scale = 1, linear = 1, angular = 1)
  Fluid KE discrete gradient: disabled
  Impulse pair metric correction: disabled  (mode = pair discrete-gradient, cutoff = all pairs, inner/outer = 0/0, eps = 0.001, linear scale = 1, angular scale = 0)
  Impulse metric correction: disabled  (internal load constraint = disabled)
  Impulse variational defect probe: disabled
  Impulse quadratic pressure: disabled  (scale = 1)
  Added-mass stab:   disabled
  Exact BEM geometry: disabled
  Exact singular BEM: disabled
  Legacy singular SLP diagnostic: disabled
  Phi-dot blend:     0 (off)

  Solver guidance:
    - Strong coupling: use for stiff close-coupled runs; slower but more implicit.
    - Impulse scheme: use when impulse/momentum conservation or KE drift is the focus. Recommended.
    - Added-mass stab: use for higher mesh counts (ndiv > 3) to preserve stability - deprecated.
================================================
Solver starting - good luck!

Initial state:
  Body  1
    density:          1.000000
    shape axes ratio: (1.000000, 0.769231, 0.591716)
    initial KE ratio: 0.500000
    position:         (-4.000000, 0.000000, 0.000000)
    velocity:         (-1.317947, -4.526339, 3.131170)
    angular velocity: (4.635483, -2.486828, 3.436045)
    orientation:      (w=-0.052807, i=-0.473157, j=-0.396957, k=-0.784703)
  Body  2
    density:          1.000000
    shape axes ratio: (1.000000, 0.500000, 0.250000)
    initial KE ratio: 0.500000
    position:         (4.000000, 0.000000, 0.000000)
    velocity:         (-1.432313, -4.919119, 3.402882)
    angular velocity: (-5.135525, -2.285867, 2.807065)
    orientation:      (w=0.499652, i=-0.245231, j=0.771813, k=-0.307432)

Preparing first step: implicit scheme, no bootstrap passes required.
First step may take longer than later steps.

First step completed in 0.393 s.

Step   100/2000    5.0% | t 5.000 | ETA 6m 30s | step 0.19s | KE 373.4739 | drift +0.36% | fluid 116.8484 | solid 256.6256
  Impulse FP iterations last/mean/max 13/13.93/15
Step   200/2000   10.0% | t 10.000 | ETA 6m 8s | step 0.20s | KE 371.4637 | drift -0.18% | fluid 113.4290 | solid 258.0347
  Impulse FP iterations last/mean/max 14/13.88/15
Step   300/2000   15.0% | t 15.000 | ETA 5m 48s | step 0.21s | KE 370.4585 | drift -0.45% | fluid 107.9673 | solid 262.4912
  Impulse FP iterations last/mean/max 14/13.87/15
Step   400/2000   20.0% | t 20.000 | ETA 5m 27s | step 0.21s | KE 371.1405 | drift -0.27% | fluid 140.6650 | solid 230.4755
  Impulse FP iterations last/mean/max 14/13.86/15
Step   500/2000   25.0% | t 25.000 | ETA 5m 7s | step 0.21s | KE 371.9166 | drift -0.06% | fluid 113.6807 | solid 258.2359
  Impulse FP iterations last/mean/max 14/13.87/15
Step   600/2000   30.0% | t 30.000 | ETA 4m 46s | step 0.20s | KE 371.3460 | drift -0.21% | fluid 122.0675 | solid 249.2784
  Impulse FP iterations last/mean/max 13/13.88/15
Step   700/2000   35.0% | t 35.000 | ETA 4m 25s | step 0.21s | KE 371.1656 | drift -0.26% | fluid 119.6273 | solid 251.5382
  Impulse FP iterations last/mean/max 14/13.86/16
Step   800/2000   40.0% | t 40.000 | ETA 4m 5s | step 0.21s | KE 371.5598 | drift -0.15% | fluid 118.4624 | solid 253.0973
  Impulse FP iterations last/mean/max 14/13.88/16
Step   900/2000   45.0% | t 45.000 | ETA 3m 44s | step 0.19s | KE 370.4170 | drift -0.46% | fluid 98.2794 | solid 272.1377
  Impulse FP iterations last/mean/max 14/13.88/16
Step  1000/2000   50.0% | t 50.000 | ETA 3m 24s | step 0.22s | KE 371.9253 | drift -0.05% | fluid 118.0061 | solid 253.9192
  Impulse FP iterations last/mean/max 14/13.88/16
Step  1100/2000   55.0% | t 55.000 | ETA 3m 3s | step 0.21s | KE 370.1497 | drift -0.53% | fluid 121.6389 | solid 248.5108
  Impulse FP iterations last/mean/max 14/13.88/16
Step  1200/2000   60.0% | t 60.000 | ETA 2m 43s | step 0.23s | KE 371.4962 | drift -0.17% | fluid 146.8518 | solid 224.6445
  Impulse FP iterations last/mean/max 15/13.89/16
Step  1300/2000   65.0% | t 65.000 | ETA 2m 22s | step 0.20s | KE 370.3206 | drift -0.49% | fluid 110.1662 | solid 260.1544
  Impulse FP iterations last/mean/max 14/13.89/16
Step  1400/2000   70.0% | t 70.000 | ETA 2m 1s | step 0.18s | KE 372.7473 | drift +0.17% | fluid 114.6732 | solid 258.0740
  Impulse FP iterations last/mean/max 13/13.89/16
Step  1500/2000   75.0% | t 75.000 | ETA 1m 41s | step 0.20s | KE 370.8304 | drift -0.35% | fluid 99.8315 | solid 270.9989
  Impulse FP iterations last/mean/max 13/13.89/16
Step  1600/2000   80.0% | t 80.000 | ETA 1m 21s | step 0.21s | KE 370.5939 | drift -0.41% | fluid 107.9596 | solid 262.6343
  Impulse FP iterations last/mean/max 14/13.89/16
Step  1700/2000   85.0% | t 85.000 | ETA 1m 0s | step 0.20s | KE 370.0786 | drift -0.55% | fluid 100.7758 | solid 269.3027
  Impulse FP iterations last/mean/max 14/13.89/16
Step  1800/2000   90.0% | t 90.000 | ETA 40s | step 0.19s | KE 370.8680 | drift -0.34% | fluid 130.4391 | solid 240.4290
  Impulse FP iterations last/mean/max 14/13.89/16
Step  1900/2000   95.0% | t 95.000 | ETA 19s | step 0.16s | KE 369.0850 | drift -0.82% | fluid 129.8012 | solid 239.2838
  Impulse FP iterations last/mean/max 14/13.88/16
Solver finished successfully - good job!
Results saved successfully.

================== Run summary ==================
  Bodies:            2
  Triangles / nodes: 256 / 516
  Timesteps:         2000  (dt = 0.05)
  Simulated time:    0 -> 100
  First-step setup:  0.393 s
  Mean time/step:    0.1964 s  (excl. first step)
  Total wall time:   6m 33s
  Impulse FP iters last/mean/max: 14 / 13.880 / 16
  Approx impulse solves/step:     13.881
  Impulse start cache hits/direct: 1999 / 1
  Impulse global drift P/H:       5.358407e-9 / 8.537308e-2
  Impulse per-body max drift P/H: 6.073262e-9 / 4.029941e-2
  CPU cores:         256 available, 8 Rayon worker thread(s)
  Started:           2026-06-24 03:04:22
  Finished:          2026-06-24 03:10:56
  Output file:       /work/e643/e643/shared/multi_ellip/studies/departing_sphericity_sweep/runs/triaxial/heterogeneous_aspherical/triaxial_heterogeneous_aspherical_eps0p3_rho1_E0p5_sep8_run01_impulse_noproj/multiple_body_complete.dat
================================================
