
================ Simulation setup ================
  Run label:         /work/e643/e643/shared/multi_ellip/studies/departing_sphericity_sweep/runs/spheroid_oblate/heterogeneous_sphere/spheroid_oblate_heterogeneous_sphere_eps0p03_rho1_E0p5_sep8_run04_impulse_noproj/
  Started:           2026-06-24 02:50:06
  Input file:        /work/e643/e643/shared/multi_ellip/studies/departing_sphericity_sweep/runs/spheroid_oblate/heterogeneous_sphere/spheroid_oblate_heterogeneous_sphere_eps0p03_rho1_E0p5_sep8_run04_impulse_noproj/input.txt
  Output file:       /work/e643/e643/shared/multi_ellip/studies/departing_sphericity_sweep/runs/spheroid_oblate/heterogeneous_sphere/spheroid_oblate_heterogeneous_sphere_eps0p03_rho1_E0p5_sep8_run04_impulse_noproj/multiple_body_complete.dat
  Bodies:            2
  Fluid density:     1
  Mesh:              ndiv 2 -> 256 triangles / 516 nodes
  Simulated time:    0 -> 100  (dt = 0.05, ~2000 steps)
  Output cadence:    every 1 step(s)
  Output rows:       ~2001
  Progress cadence:  every 100 step(s)
  CPU cores:         256 available, 8 Rayon worker thread(s)
  Strong coupling:   disabled
  Impulse scheme:    enabled
  Hamiltonian step:  disabled
  Hamiltonian midpt: disabled
  Variational step:  disabled
  Energy projection: disabled
  Projection particular metric: Euclidean
  Fluid KE gradient: disabled  (eps = 0.001, scale = 1, linear = 1, angular = 1)
  Fluid KE discrete gradient: disabled
  Impulse pair metric correction: disabled  (mode = pair discrete-gradient, cutoff = all pairs, inner/outer = 0/0, eps = 0.001, linear scale = 1, angular scale = 0)
  Impulse metric correction: disabled  (internal load constraint = disabled)
  Impulse variational defect probe: disabled
  Impulse quadratic pressure: disabled  (scale = 1)
  Added-mass stab:   disabled
  Exact BEM geometry: disabled
  Exact singular BEM: disabled
  Legacy singular SLP diagnostic: disabled
  Phi-dot blend:     0 (off)

  Solver guidance:
    - Strong coupling: use for stiff close-coupled runs; slower but more implicit.
    - Impulse scheme: use when impulse/momentum conservation or KE drift is the focus. Recommended.
    - Added-mass stab: use for higher mesh counts (ndiv > 3) to preserve stability - deprecated.
================================================
Solver starting - good luck!

Initial state:
  Body  1
    density:          1.000000
    shape axes ratio: (1.000000, 1.000000, 0.915142)
    initial KE ratio: 0.500000
    position:         (-4.000000, 0.000000, 0.000000)
    velocity:         (-4.453833, 1.950982, 2.759646)
    angular velocity: (-3.480475, -4.524979, -2.624743)
    orientation:      (w=-0.660416, i=0.721082, j=0.105663, k=-0.180904)
  Body  2
    density:          1.000000
    shape axes ratio: (1.000000, 1.000000, 1.000000)
    initial KE ratio: 0.500000
    position:         (4.000000, 0.000000, 0.000000)
    velocity:         (-4.476865, 1.961071, 2.773916)
    angular velocity: (4.042226, -4.547128, -1.569222)
    orientation:      (w=-0.233982, i=0.868475, j=-0.254102, k=-0.355578)

Preparing first step: implicit scheme, no bootstrap passes required.
First step may take longer than later steps.

First step completed in 0.199 s.

Step   100/2000    5.0% | t 5.000 | ETA 3m 15s | step 0.10s | KE 279.6920 | drift +3.72% | fluid 71.6481 | solid 208.0439
  Impulse FP iterations last/mean/max 8/8.00/8
Step   200/2000   10.0% | t 10.000 | ETA 3m 10s | step 0.12s | KE 294.8057 | drift +9.32% | fluid 72.1951 | solid 222.6106
  Impulse FP iterations last/mean/max 8/8.00/8
Step   300/2000   15.0% | t 15.000 | ETA 3m 1s | step 0.11s | KE 315.2151 | drift +16.89% | fluid 73.0052 | solid 242.2099
  Impulse FP iterations last/mean/max 9/8.03/9
Step   400/2000   20.0% | t 20.000 | ETA 2m 52s | step 0.12s | KE 340.4047 | drift +26.23% | fluid 73.1388 | solid 267.2659
  Impulse FP iterations last/mean/max 9/8.07/9
Step   500/2000   25.0% | t 25.000 | ETA 2m 43s | step 0.10s | KE 369.2355 | drift +36.92% | fluid 72.0135 | solid 297.2220
  Impulse FP iterations last/mean/max 8/8.13/9
Step   600/2000   30.0% | t 30.000 | ETA 2m 33s | step 0.12s | KE 399.1619 | drift +48.02% | fluid 72.0126 | solid 327.1493
  Impulse FP iterations last/mean/max 8/8.18/9
Step   700/2000   35.0% | t 35.000 | ETA 2m 23s | step 0.13s | KE 427.8968 | drift +58.68% | fluid 73.3778 | solid 354.5189
  Impulse FP iterations last/mean/max 9/8.21/9
Step   800/2000   40.0% | t 40.000 | ETA 2m 13s | step 0.13s | KE 454.9843 | drift +68.72% | fluid 73.4279 | solid 381.5565
  Impulse FP iterations last/mean/max 9/8.23/9
Step   900/2000   45.0% | t 45.000 | ETA 2m 2s | step 0.12s | KE 478.9016 | drift +77.59% | fluid 73.6126 | solid 405.2890
  Impulse FP iterations last/mean/max 9/8.25/9
Step  1000/2000   50.0% | t 50.000 | ETA 1m 51s | step 0.11s | KE 499.3389 | drift +85.17% | fluid 73.6525 | solid 425.6864
  Impulse FP iterations last/mean/max 8/8.24/9
Step  1100/2000   55.0% | t 55.000 | ETA 1m 40s | step 0.10s | KE 516.4417 | drift +91.51% | fluid 73.4075 | solid 443.0341
  Impulse FP iterations last/mean/max 8/8.22/9
Step  1200/2000   60.0% | t 60.000 | ETA 1m 28s | step 0.11s | KE 530.6198 | drift +96.77% | fluid 72.9012 | solid 457.7186
  Impulse FP iterations last/mean/max 8/8.20/9
Step  1300/2000   65.0% | t 65.000 | ETA 1m 17s | step 0.11s | KE 541.4786 | drift +100.80% | fluid 73.2179 | solid 468.2606
  Impulse FP iterations last/mean/max 8/8.19/9
Step  1400/2000   70.0% | t 70.000 | ETA 1m 6s | step 0.11s | KE 550.7860 | drift +104.25% | fluid 72.4746 | solid 478.3114
  Impulse FP iterations last/mean/max 8/8.17/9
Step  1500/2000   75.0% | t 75.000 | ETA 55s | step 0.10s | KE 557.0311 | drift +106.57% | fluid 73.4161 | solid 483.6150
  Impulse FP iterations last/mean/max 8/8.16/9
Step  1600/2000   80.0% | t 80.000 | ETA 44s | step 0.10s | KE 562.1936 | drift +108.48% | fluid 73.8331 | solid 488.3605
  Impulse FP iterations last/mean/max 8/8.15/9
Step  1700/2000   85.0% | t 85.000 | ETA 33s | step 0.11s | KE 566.5490 | drift +110.09% | fluid 73.6934 | solid 492.8556
  Impulse FP iterations last/mean/max 8/8.14/9
Step  1800/2000   90.0% | t 90.000 | ETA 22s | step 0.11s | KE 570.4726 | drift +111.55% | fluid 72.9909 | solid 497.4816
  Impulse FP iterations last/mean/max 8/8.13/9
Step  1900/2000   95.0% | t 95.000 | ETA 10s | step 0.08s | KE 573.3487 | drift +112.62% | fluid 72.6798 | solid 500.6688
  Impulse FP iterations last/mean/max 7/8.12/9
Solver finished successfully - good job!
Results saved successfully.

================== Run summary ==================
  Bodies:            2
  Triangles / nodes: 256 / 516
  Timesteps:         2000  (dt = 0.05)
  Simulated time:    0 -> 100
  First-step setup:  0.199 s
  Mean time/step:    0.1085 s  (excl. first step)
  Total wall time:   3m 37s
  Impulse FP iters last/mean/max: 8 / 8.107 / 9
  Approx impulse solves/step:     8.107
  Impulse start cache hits/direct: 1999 / 1
  Impulse global drift P/H:       9.432327e-8 / 2.731963e-2
  Impulse per-body max drift P/H: 1.905321e-7 / 4.070553e-3
  CPU cores:         256 available, 8 Rayon worker thread(s)
  Started:           2026-06-24 02:50:06
  Finished:          2026-06-24 02:53:43
  Output file:       /work/e643/e643/shared/multi_ellip/studies/departing_sphericity_sweep/runs/spheroid_oblate/heterogeneous_sphere/spheroid_oblate_heterogeneous_sphere_eps0p03_rho1_E0p5_sep8_run04_impulse_noproj/multiple_body_complete.dat
================================================
