
================ Simulation setup ================
  Run label:         /work/e643/e643/shared/multi_ellip/studies/departing_sphericity_sweep/runs/spheroid_prolate/heterogeneous_aspherical/spheroid_prolate_heterogeneous_aspherical_eps0_rho1_E0p5_sep8_run01_impulse_noproj/
  Started:           2026-06-24 02:51:07
  Input file:        /work/e643/e643/shared/multi_ellip/studies/departing_sphericity_sweep/runs/spheroid_prolate/heterogeneous_aspherical/spheroid_prolate_heterogeneous_aspherical_eps0_rho1_E0p5_sep8_run01_impulse_noproj/input.txt
  Output file:       /work/e643/e643/shared/multi_ellip/studies/departing_sphericity_sweep/runs/spheroid_prolate/heterogeneous_aspherical/spheroid_prolate_heterogeneous_aspherical_eps0_rho1_E0p5_sep8_run01_impulse_noproj/multiple_body_complete.dat
  Bodies:            2
  Fluid density:     1
  Mesh:              ndiv 2 -> 256 triangles / 516 nodes
  Simulated time:    0 -> 100  (dt = 0.05, ~2000 steps)
  Output cadence:    every 1 step(s)
  Output rows:       ~2001
  Progress cadence:  every 100 step(s)
  CPU cores:         256 available, 8 Rayon worker thread(s)
  Strong coupling:   disabled
  Impulse scheme:    enabled
  Hamiltonian step:  disabled
  Hamiltonian midpt: disabled
  Variational step:  disabled
  Energy projection: disabled
  Projection particular metric: Euclidean
  Fluid KE gradient: disabled  (eps = 0.001, scale = 1, linear = 1, angular = 1)
  Fluid KE discrete gradient: disabled
  Impulse pair metric correction: disabled  (mode = pair discrete-gradient, cutoff = all pairs, inner/outer = 0/0, eps = 0.001, linear scale = 1, angular scale = 0)
  Impulse metric correction: disabled  (internal load constraint = disabled)
  Impulse variational defect probe: disabled
  Impulse quadratic pressure: disabled  (scale = 1)
  Added-mass stab:   disabled
  Exact BEM geometry: disabled
  Exact singular BEM: disabled
  Legacy singular SLP diagnostic: disabled
  Phi-dot blend:     0 (off)

  Solver guidance:
    - Strong coupling: use for stiff close-coupled runs; slower but more implicit.
    - Impulse scheme: use when impulse/momentum conservation or KE drift is the focus. Recommended.
    - Added-mass stab: use for higher mesh counts (ndiv > 3) to preserve stability - deprecated.
================================================
Solver starting - good luck!

Initial state:
  Body  1
    density:          1.000000
    shape axes ratio: (1.000000, 1.000000, 1.000000)
    initial KE ratio: 0.500000
    position:         (-4.000000, 0.000000, 0.000000)
    velocity:         (-2.059465, 4.928385, -1.747101)
    angular velocity: (-2.459151, 5.305065, -2.299409)
    orientation:      (w=-0.102896, i=-0.686757, j=0.194947, k=-0.692657)
  Body  2
    density:          1.000000
    shape axes ratio: (1.000000, 0.125000, 0.125000)
    initial KE ratio: 0.500000
    position:         (4.000000, 0.000000, 0.000000)
    velocity:         (-4.259819, 10.193920, -3.613721)
    angular velocity: (-4.391346, 1.256062, -4.314720)
    orientation:      (w=-0.080076, i=0.871980, j=-0.152905, k=-0.458105)

Preparing first step: implicit scheme, no bootstrap passes required.
First step may take longer than later steps.

First step completed in 0.251 s.

Step   100/2000    5.0% | t 5.000 | ETA 5m 11s | step 0.18s | KE 1222.1131 | drift +0.63% | fluid 427.9405 | solid 794.1726
  Impulse FP iterations last/mean/max 13/12.39/15
Step   200/2000   10.0% | t 10.000 | ETA 5m 4s | step 0.18s | KE 1219.3752 | drift +0.40% | fluid 483.8092 | solid 735.5660
  Impulse FP iterations last/mean/max 12/12.27/15
Step   300/2000   15.0% | t 15.000 | ETA 4m 53s | step 0.15s | KE 1215.8313 | drift +0.11% | fluid 553.7555 | solid 662.0758
  Impulse FP iterations last/mean/max 11/12.24/15
Step   400/2000   20.0% | t 20.000 | ETA 4m 38s | step 0.19s | KE 1222.8936 | drift +0.69% | fluid 412.5434 | solid 810.3501
  Impulse FP iterations last/mean/max 13/12.24/15
Step   500/2000   25.0% | t 25.000 | ETA 4m 22s | step 0.18s | KE 1217.5764 | drift +0.25% | fluid 519.9750 | solid 697.6014
  Impulse FP iterations last/mean/max 13/12.24/15
Step   600/2000   30.0% | t 30.000 | ETA 4m 5s | step 0.16s | KE 1217.3296 | drift +0.23% | fluid 524.4213 | solid 692.9084
  Impulse FP iterations last/mean/max 11/12.23/15
Step   700/2000   35.0% | t 35.000 | ETA 3m 48s | step 0.16s | KE 1222.9004 | drift +0.69% | fluid 411.5515 | solid 811.3489
  Impulse FP iterations last/mean/max 11/12.23/15
Step   800/2000   40.0% | t 40.000 | ETA 3m 30s | step 0.18s | KE 1215.9849 | drift +0.12% | fluid 550.5723 | solid 665.4126
  Impulse FP iterations last/mean/max 13/12.21/15
Step   900/2000   45.0% | t 45.000 | ETA 3m 13s | step 0.18s | KE 1219.1646 | drift +0.38% | fluid 488.5616 | solid 730.6030
  Impulse FP iterations last/mean/max 13/12.21/15
Step  1000/2000   50.0% | t 50.000 | ETA 2m 55s | step 0.15s | KE 1222.2821 | drift +0.64% | fluid 425.2047 | solid 797.0774
  Impulse FP iterations last/mean/max 11/12.20/15
Step  1100/2000   55.0% | t 55.000 | ETA 2m 38s | step 0.19s | KE 1215.0562 | drift +0.04% | fluid 568.4756 | solid 646.5806
  Impulse FP iterations last/mean/max 13/12.21/15
Step  1200/2000   60.0% | t 60.000 | ETA 2m 20s | step 0.20s | KE 1220.8538 | drift +0.52% | fluid 453.8164 | solid 767.0374
  Impulse FP iterations last/mean/max 13/12.21/15
Step  1300/2000   65.0% | t 65.000 | ETA 2m 3s | step 0.15s | KE 1220.9748 | drift +0.53% | fluid 451.3411 | solid 769.6338
  Impulse FP iterations last/mean/max 12/12.20/15
Step  1400/2000   70.0% | t 70.000 | ETA 1m 45s | step 0.17s | KE 1215.0185 | drift +0.04% | fluid 569.1854 | solid 645.8330
  Impulse FP iterations last/mean/max 12/12.20/15
Step  1500/2000   75.0% | t 75.000 | ETA 1m 27s | step 0.18s | KE 1222.2024 | drift +0.63% | fluid 426.8496 | solid 795.3529
  Impulse FP iterations last/mean/max 13/12.20/15
Step  1600/2000   80.0% | t 80.000 | ETA 1m 10s | step 0.19s | KE 1219.3081 | drift +0.39% | fluid 485.6936 | solid 733.6145
  Impulse FP iterations last/mean/max 13/12.20/15
Step  1700/2000   85.0% | t 85.000 | ETA 52s | step 0.18s | KE 1215.8838 | drift +0.11% | fluid 552.5206 | solid 663.3632
  Impulse FP iterations last/mean/max 12/12.20/15
Step  1800/2000   90.0% | t 90.000 | ETA 35s | step 0.16s | KE 1222.8738 | drift +0.69% | fluid 412.1074 | solid 810.7664
  Impulse FP iterations last/mean/max 12/12.20/15
Step  1900/2000   95.0% | t 95.000 | ETA 17s | step 0.18s | KE 1217.4664 | drift +0.24% | fluid 521.7367 | solid 695.7297
  Impulse FP iterations last/mean/max 13/12.20/15
Solver finished successfully - good job!
Results saved successfully.

================== Run summary ==================
  Bodies:            2
  Triangles / nodes: 256 / 516
  Timesteps:         2000  (dt = 0.05)
  Simulated time:    0 -> 100
  First-step setup:  0.251 s
  Mean time/step:    0.1725 s  (excl. first step)
  Total wall time:   5m 45s
  Impulse FP iters last/mean/max: 11 / 12.196 / 15
  Approx impulse solves/step:     12.197
  Impulse start cache hits/direct: 1999 / 1
  Impulse global drift P/H:       4.656169e-9 / 2.218031e-3
  Impulse per-body max drift P/H: 6.151586e-9 / 1.528884e-3
  CPU cores:         256 available, 8 Rayon worker thread(s)
  Started:           2026-06-24 02:51:07
  Finished:          2026-06-24 02:56:52
  Output file:       /work/e643/e643/shared/multi_ellip/studies/departing_sphericity_sweep/runs/spheroid_prolate/heterogeneous_aspherical/spheroid_prolate_heterogeneous_aspherical_eps0_rho1_E0p5_sep8_run01_impulse_noproj/multiple_body_complete.dat
================================================
