
================ Simulation setup ================
  Run label:         /work/e643/e643/shared/multi_ellip/studies/departing_sphericity_sweep/runs/triaxial/heterogeneous_aspherical/triaxial_heterogeneous_aspherical_eps0p1_rho1_E0p5_sep8_run07_impulse_noproj/
  Started:           2026-06-24 03:04:22
  Input file:        /work/e643/e643/shared/multi_ellip/studies/departing_sphericity_sweep/runs/triaxial/heterogeneous_aspherical/triaxial_heterogeneous_aspherical_eps0p1_rho1_E0p5_sep8_run07_impulse_noproj/input.txt
  Output file:       /work/e643/e643/shared/multi_ellip/studies/departing_sphericity_sweep/runs/triaxial/heterogeneous_aspherical/triaxial_heterogeneous_aspherical_eps0p1_rho1_E0p5_sep8_run07_impulse_noproj/multiple_body_complete.dat
  Bodies:            2
  Fluid density:     1
  Mesh:              ndiv 2 -> 256 triangles / 516 nodes
  Simulated time:    0 -> 100  (dt = 0.05, ~2000 steps)
  Output cadence:    every 1 step(s)
  Output rows:       ~2001
  Progress cadence:  every 100 step(s)
  CPU cores:         256 available, 8 Rayon worker thread(s)
  Strong coupling:   disabled
  Impulse scheme:    enabled
  Hamiltonian step:  disabled
  Hamiltonian midpt: disabled
  Variational step:  disabled
  Energy projection: disabled
  Projection particular metric: Euclidean
  Fluid KE gradient: disabled  (eps = 0.001, scale = 1, linear = 1, angular = 1)
  Fluid KE discrete gradient: disabled
  Impulse pair metric correction: disabled  (mode = pair discrete-gradient, cutoff = all pairs, inner/outer = 0/0, eps = 0.001, linear scale = 1, angular scale = 0)
  Impulse metric correction: disabled  (internal load constraint = disabled)
  Impulse variational defect probe: disabled
  Impulse quadratic pressure: disabled  (scale = 1)
  Added-mass stab:   disabled
  Exact BEM geometry: disabled
  Exact singular BEM: disabled
  Legacy singular SLP diagnostic: disabled
  Phi-dot blend:     0 (off)

  Solver guidance:
    - Strong coupling: use for stiff close-coupled runs; slower but more implicit.
    - Impulse scheme: use when impulse/momentum conservation or KE drift is the focus. Recommended.
    - Added-mass stab: use for higher mesh counts (ndiv > 3) to preserve stability - deprecated.
================================================
Solver starting - good luck!

Initial state:
  Body  1
    density:          1.000000
    shape axes ratio: (1.000000, 0.909091, 0.826446)
    initial KE ratio: 0.500000
    position:         (-4.000000, 0.000000, 0.000000)
    velocity:         (1.406430, -4.745056, -2.782338)
    angular velocity: (-2.386273, 5.078261, -2.827610)
    orientation:      (w=-0.460973, i=0.097183, j=0.130860, k=-0.872316)
  Body  2
    density:          1.000000
    shape axes ratio: (1.000000, 0.500000, 0.250000)
    initial KE ratio: 0.500000
    position:         (4.000000, 0.000000, 0.000000)
    velocity:         (1.895451, -6.394929, -3.749767)
    angular velocity: (-2.672314, 5.685167, -0.126625)
    orientation:      (w=0.225520, i=0.797154, j=0.558134, k=0.046606)

Preparing first step: implicit scheme, no bootstrap passes required.
First step may take longer than later steps.

First step completed in 0.388 s.

Step   100/2000    5.0% | t 5.000 | ETA 6m 5s | step 0.19s | KE 470.2301 | drift -0.59% | fluid 210.6802 | solid 259.5499
  Impulse FP iterations last/mean/max 13/13.07/14
Step   200/2000   10.0% | t 10.000 | ETA 5m 43s | step 0.17s | KE 470.2700 | drift -0.58% | fluid 220.4148 | solid 249.8552
  Impulse FP iterations last/mean/max 12/13.03/14
Step   300/2000   15.0% | t 15.000 | ETA 5m 24s | step 0.21s | KE 470.5023 | drift -0.53% | fluid 222.3865 | solid 248.1158
  Impulse FP iterations last/mean/max 14/13.02/14
Step   400/2000   20.0% | t 20.000 | ETA 5m 7s | step 0.21s | KE 470.0565 | drift -0.63% | fluid 225.0533 | solid 245.0032
  Impulse FP iterations last/mean/max 14/13.03/14
Step   500/2000   25.0% | t 25.000 | ETA 4m 47s | step 0.19s | KE 470.6235 | drift -0.51% | fluid 213.6930 | solid 256.9305
  Impulse FP iterations last/mean/max 13/13.02/14
Step   600/2000   30.0% | t 30.000 | ETA 4m 27s | step 0.17s | KE 470.4326 | drift -0.55% | fluid 207.5949 | solid 262.8377
  Impulse FP iterations last/mean/max 12/13.01/14
Step   700/2000   35.0% | t 35.000 | ETA 4m 9s | step 0.18s | KE 471.0352 | drift -0.42% | fluid 192.5463 | solid 278.4890
  Impulse FP iterations last/mean/max 13/13.02/14
Step   800/2000   40.0% | t 40.000 | ETA 3m 49s | step 0.18s | KE 470.6074 | drift -0.51% | fluid 183.2884 | solid 287.3190
  Impulse FP iterations last/mean/max 13/13.04/14
Step   900/2000   45.0% | t 45.000 | ETA 3m 30s | step 0.19s | KE 470.9970 | drift -0.43% | fluid 173.4658 | solid 297.5312
  Impulse FP iterations last/mean/max 13/13.03/14
Step  1000/2000   50.0% | t 50.000 | ETA 3m 11s | step 0.21s | KE 470.9999 | drift -0.43% | fluid 164.7411 | solid 306.2589
  Impulse FP iterations last/mean/max 13/13.03/14
Step  1100/2000   55.0% | t 55.000 | ETA 2m 52s | step 0.16s | KE 471.0503 | drift -0.42% | fluid 161.7283 | solid 309.3220
  Impulse FP iterations last/mean/max 12/13.02/14
Step  1200/2000   60.0% | t 60.000 | ETA 2m 32s | step 0.18s | KE 471.2222 | drift -0.38% | fluid 164.9362 | solid 306.2861
  Impulse FP iterations last/mean/max 12/13.02/14
Step  1300/2000   65.0% | t 65.000 | ETA 2m 13s | step 0.19s | KE 470.7407 | drift -0.48% | fluid 169.5794 | solid 301.1613
  Impulse FP iterations last/mean/max 13/13.02/14
Step  1400/2000   70.0% | t 70.000 | ETA 1m 54s | step 0.18s | KE 470.8774 | drift -0.45% | fluid 183.1418 | solid 287.7356
  Impulse FP iterations last/mean/max 12/13.02/14
Step  1500/2000   75.0% | t 75.000 | ETA 1m 35s | step 0.16s | KE 470.7081 | drift -0.49% | fluid 189.7324 | solid 280.9757
  Impulse FP iterations last/mean/max 13/13.02/14
Step  1600/2000   80.0% | t 80.000 | ETA 1m 16s | step 0.17s | KE 470.6232 | drift -0.51% | fluid 205.1799 | solid 265.4433
  Impulse FP iterations last/mean/max 12/13.03/14
Step  1700/2000   85.0% | t 85.000 | ETA 57s | step 0.20s | KE 470.6396 | drift -0.50% | fluid 212.1063 | solid 258.5333
  Impulse FP iterations last/mean/max 13/13.03/14
Step  1800/2000   90.0% | t 90.000 | ETA 38s | step 0.17s | KE 470.1899 | drift -0.60% | fluid 222.8315 | solid 247.3584
  Impulse FP iterations last/mean/max 13/13.03/14
Step  1900/2000   95.0% | t 95.000 | ETA 19s | step 0.16s | KE 470.3154 | drift -0.57% | fluid 224.2212 | solid 246.0942
  Impulse FP iterations last/mean/max 14/13.02/14
Solver finished successfully - good job!
Results saved successfully.

================== Run summary ==================
  Bodies:            2
  Triangles / nodes: 256 / 516
  Timesteps:         2000  (dt = 0.05)
  Simulated time:    0 -> 100
  First-step setup:  0.388 s
  Mean time/step:    0.1886 s  (excl. first step)
  Total wall time:   6m 17s
  Impulse FP iters last/mean/max: 12 / 13.024 / 14
  Approx impulse solves/step:     13.024
  Impulse start cache hits/direct: 1999 / 1
  Impulse global drift P/H:       3.418820e-9 / 2.997576e-3
  Impulse per-body max drift P/H: 1.563004e-8 / 1.837348e-3
  CPU cores:         256 available, 8 Rayon worker thread(s)
  Started:           2026-06-24 03:04:22
  Finished:          2026-06-24 03:10:40
  Output file:       /work/e643/e643/shared/multi_ellip/studies/departing_sphericity_sweep/runs/triaxial/heterogeneous_aspherical/triaxial_heterogeneous_aspherical_eps0p1_rho1_E0p5_sep8_run07_impulse_noproj/multiple_body_complete.dat
================================================
