
================ Simulation setup ================
  Run label:         /work/e643/e643/shared/multi_ellip/studies/departing_sphericity_sweep/runs/spheroid_prolate/heterogeneous_aspherical/spheroid_prolate_heterogeneous_aspherical_eps0p003_rho1_E0p5_sep8_run02_impulse_noproj/
  Started:           2026-06-24 02:57:04
  Input file:        /work/e643/e643/shared/multi_ellip/studies/departing_sphericity_sweep/runs/spheroid_prolate/heterogeneous_aspherical/spheroid_prolate_heterogeneous_aspherical_eps0p003_rho1_E0p5_sep8_run02_impulse_noproj/input.txt
  Output file:       /work/e643/e643/shared/multi_ellip/studies/departing_sphericity_sweep/runs/spheroid_prolate/heterogeneous_aspherical/spheroid_prolate_heterogeneous_aspherical_eps0p003_rho1_E0p5_sep8_run02_impulse_noproj/multiple_body_complete.dat
  Bodies:            2
  Fluid density:     1
  Mesh:              ndiv 2 -> 256 triangles / 516 nodes
  Simulated time:    0 -> 100  (dt = 0.05, ~2000 steps)
  Output cadence:    every 1 step(s)
  Output rows:       ~2001
  Progress cadence:  every 100 step(s)
  CPU cores:         256 available, 8 Rayon worker thread(s)
  Strong coupling:   disabled
  Impulse scheme:    enabled
  Hamiltonian step:  disabled
  Hamiltonian midpt: disabled
  Variational step:  disabled
  Energy projection: disabled
  Projection particular metric: Euclidean
  Fluid KE gradient: disabled  (eps = 0.001, scale = 1, linear = 1, angular = 1)
  Fluid KE discrete gradient: disabled
  Impulse pair metric correction: disabled  (mode = pair discrete-gradient, cutoff = all pairs, inner/outer = 0/0, eps = 0.001, linear scale = 1, angular scale = 0)
  Impulse metric correction: disabled  (internal load constraint = disabled)
  Impulse variational defect probe: disabled
  Impulse quadratic pressure: disabled  (scale = 1)
  Added-mass stab:   disabled
  Exact BEM geometry: disabled
  Exact singular BEM: disabled
  Legacy singular SLP diagnostic: disabled
  Phi-dot blend:     0 (off)

  Solver guidance:
    - Strong coupling: use for stiff close-coupled runs; slower but more implicit.
    - Impulse scheme: use when impulse/momentum conservation or KE drift is the focus. Recommended.
    - Added-mass stab: use for higher mesh counts (ndiv > 3) to preserve stability - deprecated.
================================================
Solver starting - good luck!

Initial state:
  Body  1
    density:          1.000000
    shape axes ratio: (1.000000, 0.991054, 0.991054)
    initial KE ratio: 0.500000
    position:         (-4.000000, 0.000000, 0.000000)
    velocity:         (5.145766, 0.947232, 2.032436)
    angular velocity: (-4.881211, 2.218281, 3.275886)
    orientation:      (w=0.580180, i=0.274805, j=0.273938, k=-0.716123)
  Body  2
    density:          1.000000
    shape axes ratio: (1.000000, 0.125000, 0.125000)
    initial KE ratio: 0.500000
    position:         (4.000000, 0.000000, 0.000000)
    velocity:         (11.017354, 2.028073, 4.351552)
    angular velocity: (4.219729, -2.236588, 4.082888)
    orientation:      (w=0.778382, i=0.004487, j=0.514265, k=-0.360045)

Preparing first step: implicit scheme, no bootstrap passes required.
First step may take longer than later steps.

First step completed in 0.349 s.

Step   100/2000    5.0% | t 5.000 | ETA 5m 38s | step 0.17s | KE 1239.2383 | drift -0.07% | fluid 579.3070 | solid 659.9313
  Impulse FP iterations last/mean/max 12/12.47/13
Step   200/2000   10.0% | t 10.000 | ETA 5m 21s | step 0.18s | KE 1243.3228 | drift +0.26% | fluid 550.1809 | solid 693.1419
  Impulse FP iterations last/mean/max 12/12.41/14
Step   300/2000   15.0% | t 15.000 | ETA 5m 3s | step 0.20s | KE 1241.4843 | drift +0.11% | fluid 505.7036 | solid 735.7807
  Impulse FP iterations last/mean/max 13/12.41/14
Step   400/2000   20.0% | t 20.000 | ETA 4m 45s | step 0.17s | KE 1249.1773 | drift +0.73% | fluid 478.7022 | solid 770.4750
  Impulse FP iterations last/mean/max 12/12.42/14
Step   500/2000   25.0% | t 25.000 | ETA 4m 28s | step 0.16s | KE 1242.7663 | drift +0.21% | fluid 473.0928 | solid 769.6735
  Impulse FP iterations last/mean/max 12/12.41/14
Step   600/2000   30.0% | t 30.000 | ETA 4m 10s | step 0.18s | KE 1247.2460 | drift +0.58% | fluid 502.9805 | solid 744.2655
  Impulse FP iterations last/mean/max 12/12.42/14
Step   700/2000   35.0% | t 35.000 | ETA 3m 52s | step 0.19s | KE 1240.1137 | drift +0.00% | fluid 542.6325 | solid 697.4812
  Impulse FP iterations last/mean/max 13/12.42/14
Step   800/2000   40.0% | t 40.000 | ETA 3m 34s | step 0.19s | KE 1240.6788 | drift +0.05% | fluid 577.2795 | solid 663.3993
  Impulse FP iterations last/mean/max 13/12.42/14
Step   900/2000   45.0% | t 45.000 | ETA 3m 16s | step 0.18s | KE 1240.1614 | drift +0.00% | fluid 581.1705 | solid 658.9909
  Impulse FP iterations last/mean/max 12/12.42/14
Step  1000/2000   50.0% | t 50.000 | ETA 2m 58s | step 0.17s | KE 1239.7933 | drift -0.03% | fluid 552.2089 | solid 687.5844
  Impulse FP iterations last/mean/max 12/12.42/14
Step  1100/2000   55.0% | t 55.000 | ETA 2m 40s | step 0.19s | KE 1246.5136 | drift +0.52% | fluid 512.0319 | solid 734.4816
  Impulse FP iterations last/mean/max 13/12.42/14
Step  1200/2000   60.0% | t 60.000 | ETA 2m 22s | step 0.19s | KE 1242.6036 | drift +0.20% | fluid 477.0579 | solid 765.5457
  Impulse FP iterations last/mean/max 13/12.42/14
Step  1300/2000   65.0% | t 65.000 | ETA 2m 4s | step 0.19s | KE 1249.4252 | drift +0.75% | fluid 475.4944 | solid 773.9308
  Impulse FP iterations last/mean/max 13/12.42/14
Step  1400/2000   70.0% | t 70.000 | ETA 1m 47s | step 0.18s | KE 1241.8232 | drift +0.14% | fluid 496.8018 | solid 745.0214
  Impulse FP iterations last/mean/max 13/12.42/14
Step  1500/2000   75.0% | t 75.000 | ETA 1m 29s | step 0.19s | KE 1244.1373 | drift +0.32% | fluid 540.6905 | solid 703.4468
  Impulse FP iterations last/mean/max 13/12.42/14
Step  1600/2000   80.0% | t 80.000 | ETA 1m 11s | step 0.18s | KE 1239.2362 | drift -0.07% | fluid 574.5320 | solid 664.7042
  Impulse FP iterations last/mean/max 13/12.42/14
Step  1700/2000   85.0% | t 85.000 | ETA 53s | step 0.18s | KE 1239.2891 | drift -0.07% | fluid 581.8640 | solid 657.4250
  Impulse FP iterations last/mean/max 12/12.42/14
Step  1800/2000   90.0% | t 90.000 | ETA 35s | step 0.15s | KE 1242.6920 | drift +0.21% | fluid 557.1502 | solid 685.5418
  Impulse FP iterations last/mean/max 12/12.42/14
Step  1900/2000   95.0% | t 95.000 | ETA 17s | step 0.16s | KE 1241.1906 | drift +0.09% | fluid 513.1529 | solid 728.0377
  Impulse FP iterations last/mean/max 13/12.42/14
Solver finished successfully - good job!
Results saved successfully.

================== Run summary ==================
  Bodies:            2
  Triangles / nodes: 256 / 516
  Timesteps:         2000  (dt = 0.05)
  Simulated time:    0 -> 100
  First-step setup:  0.349 s
  Mean time/step:    0.1757 s  (excl. first step)
  Total wall time:   5m 51s
  Impulse FP iters last/mean/max: 13 / 12.419 / 14
  Approx impulse solves/step:     12.420
  Impulse start cache hits/direct: 1999 / 1
  Impulse global drift P/H:       6.017477e-9 / 3.027149e-3
  Impulse per-body max drift P/H: 9.212146e-9 / 2.309564e-3
  CPU cores:         256 available, 8 Rayon worker thread(s)
  Started:           2026-06-24 02:57:04
  Finished:          2026-06-24 03:02:56
  Output file:       /work/e643/e643/shared/multi_ellip/studies/departing_sphericity_sweep/runs/spheroid_prolate/heterogeneous_aspherical/spheroid_prolate_heterogeneous_aspherical_eps0p003_rho1_E0p5_sep8_run02_impulse_noproj/multiple_body_complete.dat
================================================
