
================ Simulation setup ================
  Run label:         /work/e643/e643/shared/multi_ellip/studies/departing_sphericity_sweep/runs/spheroid_oblate/heterogeneous_aspherical/spheroid_oblate_heterogeneous_aspherical_eps0p1_rho1_E0p5_sep8_run05_impulse_noproj/
  Started:           2026-06-24 03:12:17
  Input file:        /work/e643/e643/shared/multi_ellip/studies/departing_sphericity_sweep/runs/spheroid_oblate/heterogeneous_aspherical/spheroid_oblate_heterogeneous_aspherical_eps0p1_rho1_E0p5_sep8_run05_impulse_noproj/input.txt
  Output file:       /work/e643/e643/shared/multi_ellip/studies/departing_sphericity_sweep/runs/spheroid_oblate/heterogeneous_aspherical/spheroid_oblate_heterogeneous_aspherical_eps0p1_rho1_E0p5_sep8_run05_impulse_noproj/multiple_body_complete.dat
  Bodies:            2
  Fluid density:     1
  Mesh:              ndiv 2 -> 256 triangles / 516 nodes
  Simulated time:    0 -> 100  (dt = 0.05, ~2000 steps)
  Output cadence:    every 1 step(s)
  Output rows:       ~2001
  Progress cadence:  every 100 step(s)
  CPU cores:         256 available, 8 Rayon worker thread(s)
  Strong coupling:   disabled
  Impulse scheme:    enabled
  Hamiltonian step:  disabled
  Hamiltonian midpt: disabled
  Variational step:  disabled
  Energy projection: disabled
  Projection particular metric: Euclidean
  Fluid KE gradient: disabled  (eps = 0.001, scale = 1, linear = 1, angular = 1)
  Fluid KE discrete gradient: disabled
  Impulse pair metric correction: disabled  (mode = pair discrete-gradient, cutoff = all pairs, inner/outer = 0/0, eps = 0.001, linear scale = 1, angular scale = 0)
  Impulse metric correction: disabled  (internal load constraint = disabled)
  Impulse variational defect probe: disabled
  Impulse quadratic pressure: disabled  (scale = 1)
  Added-mass stab:   disabled
  Exact BEM geometry: disabled
  Exact singular BEM: disabled
  Legacy singular SLP diagnostic: disabled
  Phi-dot blend:     0 (off)

  Solver guidance:
    - Strong coupling: use for stiff close-coupled runs; slower but more implicit.
    - Impulse scheme: use when impulse/momentum conservation or KE drift is the focus. Recommended.
    - Added-mass stab: use for higher mesh counts (ndiv > 3) to preserve stability - deprecated.
================================================
Solver starting - good luck!

Initial state:
  Body  1
    density:          1.000000
    shape axes ratio: (1.000000, 1.000000, 0.751315)
    initial KE ratio: 0.500000
    position:         (-4.000000, 0.000000, 0.000000)
    velocity:         (1.674527, -5.095485, 2.535191)
    angular velocity: (3.770467, 0.331467, -5.015189)
    orientation:      (w=0.150058, i=0.553942, j=0.696462, k=0.430781)
  Body  2
    density:          1.000000
    shape axes ratio: (1.000000, 1.000000, 0.125000)
    initial KE ratio: 0.500000
    position:         (4.000000, 0.000000, 0.000000)
    velocity:         (2.379604, -7.240994, 3.602661)
    angular velocity: (4.698207, 3.607052, -2.096292)
    orientation:      (w=0.405944, i=0.776475, j=-0.456575, k=0.154387)

Preparing first step: implicit scheme, no bootstrap passes required.
First step may take longer than later steps.

First step completed in 0.325 s.

Step   100/2000    5.0% | t 5.000 | ETA 7m 1s | step 0.22s | KE 686.7974 | drift -0.36% | fluid 445.0576 | solid 241.7399
  Impulse FP iterations last/mean/max 16/15.36/23
Step   200/2000   10.0% | t 10.000 | ETA 6m 43s | step 0.22s | KE 690.3364 | drift +0.16% | fluid 355.5539 | solid 334.7824
  Impulse FP iterations last/mean/max 15/15.53/29
Step   300/2000   15.0% | t 15.000 | ETA 6m 13s | step 0.21s | KE 692.8918 | drift +0.53% | fluid 209.8029 | solid 483.0890
  Impulse FP iterations last/mean/max 15/15.42/29
Step   400/2000   20.0% | t 20.000 | ETA 5m 42s | step 0.16s | KE 692.8418 | drift +0.52% | fluid 149.1228 | solid 543.7189
  Impulse FP iterations last/mean/max 14/15.44/29
Step   500/2000   25.0% | t 25.000 | ETA 5m 13s | step 0.19s | KE 692.9308 | drift +0.53% | fluid 200.1069 | solid 492.8239
  Impulse FP iterations last/mean/max 14/15.41/29
Step   600/2000   30.0% | t 30.000 | ETA 4m 55s | step 0.19s | KE 690.7883 | drift +0.22% | fluid 341.6368 | solid 349.1515
  Impulse FP iterations last/mean/max 14/15.39/30
Step   700/2000   35.0% | t 35.000 | ETA 4m 37s | step 0.24s | KE 686.9262 | drift -0.34% | fluid 444.3318 | solid 242.5945
  Impulse FP iterations last/mean/max 17/15.46/30
Step   800/2000   40.0% | t 40.000 | ETA 4m 17s | step 0.21s | KE 689.9901 | drift +0.11% | fluid 366.9608 | solid 323.0293
  Impulse FP iterations last/mean/max 16/15.45/30
Step   900/2000   45.0% | t 45.000 | ETA 3m 56s | step 0.22s | KE 692.8473 | drift +0.52% | fluid 218.7814 | solid 474.0659
  Impulse FP iterations last/mean/max 15/15.45/30
Step  1000/2000   50.0% | t 50.000 | ETA 3m 36s | step 0.21s | KE 692.8467 | drift +0.52% | fluid 149.8244 | solid 543.0222
  Impulse FP iterations last/mean/max 14/15.48/30
Step  1100/2000   55.0% | t 55.000 | ETA 3m 15s | step 0.22s | KE 692.9459 | drift +0.54% | fluid 192.3718 | solid 500.5741
  Impulse FP iterations last/mean/max 14/15.48/30
Step  1200/2000   60.0% | t 60.000 | ETA 2m 53s | step 0.20s | KE 691.1055 | drift +0.27% | fluid 329.7149 | solid 361.3906
  Impulse FP iterations last/mean/max 14/15.47/30
Step  1300/2000   65.0% | t 65.000 | ETA 2m 32s | step 0.24s | KE 687.0188 | drift -0.32% | fluid 442.3763 | solid 244.6425
  Impulse FP iterations last/mean/max 17/15.45/30
Step  1400/2000   70.0% | t 70.000 | ETA 2m 10s | step 0.23s | KE 689.6230 | drift +0.05% | fluid 377.9546 | solid 311.6684
  Impulse FP iterations last/mean/max 15/15.43/30
Step  1500/2000   75.0% | t 75.000 | ETA 1m 48s | step 0.22s | KE 692.7822 | drift +0.51% | fluid 228.2912 | solid 464.4911
  Impulse FP iterations last/mean/max 16/15.44/30
Step  1600/2000   80.0% | t 80.000 | ETA 1m 27s | step 0.19s | KE 692.8549 | drift +0.52% | fluid 151.1821 | solid 541.6727
  Impulse FP iterations last/mean/max 14/15.47/30
Step  1700/2000   85.0% | t 85.000 | ETA 1m 5s | step 0.21s | KE 692.9511 | drift +0.54% | fluid 185.2412 | solid 507.7099
  Impulse FP iterations last/mean/max 14/15.47/30
Step  1800/2000   90.0% | t 90.000 | ETA 43s | step 0.21s | KE 691.3996 | drift +0.31% | fluid 317.7003 | solid 373.6994
  Impulse FP iterations last/mean/max 14/15.47/30
Step  1900/2000   95.0% | t 95.000 | ETA 21s | step 0.22s | KE 687.1660 | drift -0.30% | fluid 439.2171 | solid 247.9488
  Impulse FP iterations last/mean/max 17/15.46/30
Solver finished successfully - good job!
Results saved successfully.

================== Run summary ==================
  Bodies:            2
  Triangles / nodes: 256 / 516
  Timesteps:         2000  (dt = 0.05)
  Simulated time:    0 -> 100
  First-step setup:  0.325 s
  Mean time/step:    0.2162 s  (excl. first step)
  Total wall time:   7m 12s
  Impulse FP iters last/mean/max: 18 / 15.463 / 30
  Approx impulse solves/step:     15.464
  Impulse start cache hits/direct: 1999 / 1
  Impulse global drift P/H:       2.920426e-9 / 9.718264e-4
  Impulse per-body max drift P/H: 3.808280e-9 / 1.795518e-3
  CPU cores:         256 available, 8 Rayon worker thread(s)
  Started:           2026-06-24 03:12:17
  Finished:          2026-06-24 03:19:30
  Output file:       /work/e643/e643/shared/multi_ellip/studies/departing_sphericity_sweep/runs/spheroid_oblate/heterogeneous_aspherical/spheroid_oblate_heterogeneous_aspherical_eps0p1_rho1_E0p5_sep8_run05_impulse_noproj/multiple_body_complete.dat
================================================
