
================ Simulation setup ================
  Run label:         /work/e643/e643/shared/multi_ellip/studies/departing_sphericity_sweep/runs/spheroid_prolate/heterogeneous_sphere/spheroid_prolate_heterogeneous_sphere_eps0p003_rho1_E0p5_sep8_run09_impulse_noproj/
  Started:           2026-06-24 02:42:06
  Input file:        /work/e643/e643/shared/multi_ellip/studies/departing_sphericity_sweep/runs/spheroid_prolate/heterogeneous_sphere/spheroid_prolate_heterogeneous_sphere_eps0p003_rho1_E0p5_sep8_run09_impulse_noproj/input.txt
  Output file:       /work/e643/e643/shared/multi_ellip/studies/departing_sphericity_sweep/runs/spheroid_prolate/heterogeneous_sphere/spheroid_prolate_heterogeneous_sphere_eps0p003_rho1_E0p5_sep8_run09_impulse_noproj/multiple_body_complete.dat
  Bodies:            2
  Fluid density:     1
  Mesh:              ndiv 2 -> 256 triangles / 516 nodes
  Simulated time:    0 -> 100  (dt = 0.05, ~2000 steps)
  Output cadence:    every 1 step(s)
  Output rows:       ~2001
  Progress cadence:  every 100 step(s)
  CPU cores:         256 available, 8 Rayon worker thread(s)
  Strong coupling:   disabled
  Impulse scheme:    enabled
  Hamiltonian step:  disabled
  Hamiltonian midpt: disabled
  Variational step:  disabled
  Energy projection: disabled
  Projection particular metric: Euclidean
  Fluid KE gradient: disabled  (eps = 0.001, scale = 1, linear = 1, angular = 1)
  Fluid KE discrete gradient: disabled
  Impulse pair metric correction: disabled  (mode = pair discrete-gradient, cutoff = all pairs, inner/outer = 0/0, eps = 0.001, linear scale = 1, angular scale = 0)
  Impulse metric correction: disabled  (internal load constraint = disabled)
  Impulse variational defect probe: disabled
  Impulse quadratic pressure: disabled  (scale = 1)
  Added-mass stab:   disabled
  Exact BEM geometry: disabled
  Exact singular BEM: disabled
  Legacy singular SLP diagnostic: disabled
  Phi-dot blend:     0 (off)

  Solver guidance:
    - Strong coupling: use for stiff close-coupled runs; slower but more implicit.
    - Impulse scheme: use when impulse/momentum conservation or KE drift is the focus. Recommended.
    - Added-mass stab: use for higher mesh counts (ndiv > 3) to preserve stability - deprecated.
================================================
Solver starting - good luck!

Initial state:
  Body  1
    density:          1.000000
    shape axes ratio: (1.000000, 0.991054, 0.991054)
    initial KE ratio: 0.500000
    position:         (-4.000000, 0.000000, 0.000000)
    velocity:         (-3.449991, -0.069869, 4.429580)
    angular velocity: (-4.564879, -4.263416, -0.680870)
    orientation:      (w=-0.700152, i=-0.379091, j=-0.590942, k=0.129862)
  Body  2
    density:          1.000000
    shape axes ratio: (1.000000, 1.000000, 1.000000)
    initial KE ratio: 0.500000
    position:         (4.000000, 0.000000, 0.000000)
    velocity:         (-3.452957, -0.069929, 4.433388)
    angular velocity: (1.682401, 5.842052, 1.586940)
    orientation:      (w=-0.494848, i=-0.436808, j=0.165732, k=-0.732705)

Preparing first step: implicit scheme, no bootstrap passes required.
First step may take longer than later steps.

First step completed in 0.281 s.

Step   100/2000    5.0% | t 5.000 | ETA 3m 14s | step 0.11s | KE 269.1827 | drift -0.46% | fluid 72.1432 | solid 197.0395
  Impulse FP iterations last/mean/max 8/7.81/8
Step   200/2000   10.0% | t 10.000 | ETA 3m 9s | step 0.10s | KE 270.5923 | drift +0.06% | fluid 72.0019 | solid 198.5903
  Impulse FP iterations last/mean/max 7/7.75/8
Step   300/2000   15.0% | t 15.000 | ETA 3m 0s | step 0.10s | KE 274.6486 | drift +1.56% | fluid 72.1012 | solid 202.5474
  Impulse FP iterations last/mean/max 7/7.70/8
Step   400/2000   20.0% | t 20.000 | ETA 2m 50s | step 0.10s | KE 281.4153 | drift +4.06% | fluid 72.1340 | solid 209.2813
  Impulse FP iterations last/mean/max 7/7.67/8
Step   500/2000   25.0% | t 25.000 | ETA 2m 39s | step 0.10s | KE 290.9180 | drift +7.57% | fluid 72.0540 | solid 218.8640
  Impulse FP iterations last/mean/max 7/7.62/8
Step   600/2000   30.0% | t 30.000 | ETA 2m 28s | step 0.12s | KE 303.0989 | drift +12.08% | fluid 72.0475 | solid 231.0514
  Impulse FP iterations last/mean/max 8/7.59/8
Step   700/2000   35.0% | t 35.000 | ETA 2m 18s | step 0.10s | KE 317.9100 | drift +17.56% | fluid 72.1066 | solid 245.8034
  Impulse FP iterations last/mean/max 7/7.56/8
Step   800/2000   40.0% | t 40.000 | ETA 2m 7s | step 0.09s | KE 335.2970 | drift +23.99% | fluid 72.1851 | solid 263.1119
  Impulse FP iterations last/mean/max 7/7.52/8
Step   900/2000   45.0% | t 45.000 | ETA 1m 56s | step 0.11s | KE 355.2299 | drift +31.36% | fluid 72.1707 | solid 283.0592
  Impulse FP iterations last/mean/max 7/7.49/8
Step  1000/2000   50.0% | t 50.000 | ETA 1m 45s | step 0.10s | KE 377.6415 | drift +39.64% | fluid 72.0266 | solid 305.6149
  Impulse FP iterations last/mean/max 7/7.46/8
Step  1100/2000   55.0% | t 55.000 | ETA 1m 34s | step 0.10s | KE 402.1995 | drift +48.72% | fluid 72.1893 | solid 330.0102
  Impulse FP iterations last/mean/max 7/7.44/8
Step  1200/2000   60.0% | t 60.000 | ETA 1m 24s | step 0.10s | KE 429.0166 | drift +58.64% | fluid 72.1924 | solid 356.8242
  Impulse FP iterations last/mean/max 7/7.42/8
Step  1300/2000   65.0% | t 65.000 | ETA 1m 13s | step 0.10s | KE 457.8852 | drift +69.32% | fluid 72.1948 | solid 385.6905
  Impulse FP iterations last/mean/max 7/7.40/8
Step  1400/2000   70.0% | t 70.000 | ETA 1m 2s | step 0.10s | KE 488.7748 | drift +80.74% | fluid 72.0517 | solid 416.7231
  Impulse FP iterations last/mean/max 7/7.38/8
Step  1500/2000   75.0% | t 75.000 | ETA 52s | step 0.10s | KE 521.1661 | drift +92.72% | fluid 72.2089 | solid 448.9572
  Impulse FP iterations last/mean/max 7/7.36/8
Step  1600/2000   80.0% | t 80.000 | ETA 41s | step 0.11s | KE 555.3393 | drift +105.35% | fluid 72.1420 | solid 483.1972
  Impulse FP iterations last/mean/max 8/7.35/8
Step  1700/2000   85.0% | t 85.000 | ETA 31s | step 0.09s | KE 590.8883 | drift +118.50% | fluid 72.1364 | solid 518.7520
  Impulse FP iterations last/mean/max 7/7.33/8
Step  1800/2000   90.0% | t 90.000 | ETA 20s | step 0.10s | KE 627.6096 | drift +132.08% | fluid 72.2106 | solid 555.3990
  Impulse FP iterations last/mean/max 7/7.31/8
Step  1900/2000   95.0% | t 95.000 | ETA 10s | step 0.09s | KE 665.5647 | drift +146.11% | fluid 72.1501 | solid 593.4145
  Impulse FP iterations last/mean/max 7/7.30/8
Solver finished successfully - good job!
Results saved successfully.

================== Run summary ==================
  Bodies:            2
  Triangles / nodes: 256 / 516
  Timesteps:         2000  (dt = 0.05)
  Simulated time:    0 -> 100
  First-step setup:  0.281 s
  Mean time/step:    0.1026 s  (excl. first step)
  Total wall time:   3m 25s
  Impulse FP iters last/mean/max: 7 / 7.285 / 8
  Approx impulse solves/step:     7.285
  Impulse start cache hits/direct: 1999 / 1
  Impulse global drift P/H:       1.555052e-8 / 7.401646e-2
  Impulse per-body max drift P/H: 2.878169e-8 / 3.843255e-3
  CPU cores:         256 available, 8 Rayon worker thread(s)
  Started:           2026-06-24 02:42:06
  Finished:          2026-06-24 02:45:32
  Output file:       /work/e643/e643/shared/multi_ellip/studies/departing_sphericity_sweep/runs/spheroid_prolate/heterogeneous_sphere/spheroid_prolate_heterogeneous_sphere_eps0p003_rho1_E0p5_sep8_run09_impulse_noproj/multiple_body_complete.dat
================================================
