
================ Simulation setup ================
  Run label:         /work/e643/e643/shared/multi_ellip/studies/departing_sphericity_sweep/runs/spheroid_oblate/heterogeneous_sphere/spheroid_oblate_heterogeneous_sphere_eps0p3_rho1_E0p5_sep8_run02_impulse_noproj/
  Started:           2026-06-24 02:50:07
  Input file:        /work/e643/e643/shared/multi_ellip/studies/departing_sphericity_sweep/runs/spheroid_oblate/heterogeneous_sphere/spheroid_oblate_heterogeneous_sphere_eps0p3_rho1_E0p5_sep8_run02_impulse_noproj/input.txt
  Output file:       /work/e643/e643/shared/multi_ellip/studies/departing_sphericity_sweep/runs/spheroid_oblate/heterogeneous_sphere/spheroid_oblate_heterogeneous_sphere_eps0p3_rho1_E0p5_sep8_run02_impulse_noproj/multiple_body_complete.dat
  Bodies:            2
  Fluid density:     1
  Mesh:              ndiv 2 -> 256 triangles / 516 nodes
  Simulated time:    0 -> 100  (dt = 0.05, ~2000 steps)
  Output cadence:    every 1 step(s)
  Output rows:       ~2001
  Progress cadence:  every 100 step(s)
  CPU cores:         256 available, 8 Rayon worker thread(s)
  Strong coupling:   disabled
  Impulse scheme:    enabled
  Hamiltonian step:  disabled
  Hamiltonian midpt: disabled
  Variational step:  disabled
  Energy projection: disabled
  Projection particular metric: Euclidean
  Fluid KE gradient: disabled  (eps = 0.001, scale = 1, linear = 1, angular = 1)
  Fluid KE discrete gradient: disabled
  Impulse pair metric correction: disabled  (mode = pair discrete-gradient, cutoff = all pairs, inner/outer = 0/0, eps = 0.001, linear scale = 1, angular scale = 0)
  Impulse metric correction: disabled  (internal load constraint = disabled)
  Impulse variational defect probe: disabled
  Impulse quadratic pressure: disabled  (scale = 1)
  Added-mass stab:   disabled
  Exact BEM geometry: disabled
  Exact singular BEM: disabled
  Legacy singular SLP diagnostic: disabled
  Phi-dot blend:     0 (off)

  Solver guidance:
    - Strong coupling: use for stiff close-coupled runs; slower but more implicit.
    - Impulse scheme: use when impulse/momentum conservation or KE drift is the focus. Recommended.
    - Added-mass stab: use for higher mesh counts (ndiv > 3) to preserve stability - deprecated.
================================================
Solver starting - good luck!

Initial state:
  Body  1
    density:          1.000000
    shape axes ratio: (1.000000, 1.000000, 0.455166)
    initial KE ratio: 0.500000
    position:         (-4.000000, 0.000000, 0.000000)
    velocity:         (-4.382745, -4.781368, -1.931948)
    angular velocity: (-3.379928, -1.644738, 5.034813)
    orientation:      (w=-0.582696, i=0.598742, j=0.428083, k=-0.344555)
  Body  2
    density:          1.000000
    shape axes ratio: (1.000000, 1.000000, 1.000000)
    initial KE ratio: 0.500000
    position:         (4.000000, 0.000000, 0.000000)
    velocity:         (-3.639378, -3.970389, -1.604266)
    angular velocity: (-1.776520, -2.110091, -5.645344)
    orientation:      (w=-0.436617, i=0.381275, j=-0.787081, k=-0.210947)

Preparing first step: implicit scheme, no bootstrap passes required.
First step may take longer than later steps.

First step completed in 0.334 s.

Step   100/2000    5.0% | t 5.000 | ETA 4m 58s | step 0.14s | KE 324.4410 | drift +0.59% | fluid 102.3059 | solid 222.1351
  Impulse FP iterations last/mean/max 11/11.36/13
Step   200/2000   10.0% | t 10.000 | ETA 4m 37s | step 0.13s | KE 326.7046 | drift +1.29% | fluid 81.8027 | solid 244.9019
  Impulse FP iterations last/mean/max 10/11.18/13
Step   300/2000   15.0% | t 15.000 | ETA 4m 18s | step 0.16s | KE 324.9810 | drift +0.76% | fluid 109.9649 | solid 215.0161
  Impulse FP iterations last/mean/max 11/11.06/13
Step   400/2000   20.0% | t 20.000 | ETA 4m 3s | step 0.16s | KE 326.5868 | drift +1.26% | fluid 88.0844 | solid 238.5025
  Impulse FP iterations last/mean/max 12/11.02/13
Step   500/2000   25.0% | t 25.000 | ETA 3m 47s | step 0.15s | KE 326.6516 | drift +1.28% | fluid 88.3797 | solid 238.2720
  Impulse FP iterations last/mean/max 11/10.98/13
Step   600/2000   30.0% | t 30.000 | ETA 3m 31s | step 0.15s | KE 325.2934 | drift +0.85% | fluid 109.5856 | solid 215.7078
  Impulse FP iterations last/mean/max 11/10.96/13
Step   700/2000   35.0% | t 35.000 | ETA 3m 16s | step 0.15s | KE 327.2160 | drift +1.45% | fluid 81.7846 | solid 245.4314
  Impulse FP iterations last/mean/max 10/10.94/13
Step   800/2000   40.0% | t 40.000 | ETA 3m 0s | step 0.18s | KE 325.4841 | drift +0.91% | fluid 102.2946 | solid 223.1895
  Impulse FP iterations last/mean/max 12/10.94/13
Step   900/2000   45.0% | t 45.000 | ETA 2m 46s | step 0.15s | KE 327.0996 | drift +1.41% | fluid 88.1398 | solid 238.9598
  Impulse FP iterations last/mean/max 11/10.93/13
Step  1000/2000   50.0% | t 50.000 | ETA 2m 30s | step 0.14s | KE 327.1577 | drift +1.43% | fluid 87.1211 | solid 240.0366
  Impulse FP iterations last/mean/max 10/10.92/13
Step  1100/2000   55.0% | t 55.000 | ETA 2m 15s | step 0.14s | KE 325.4276 | drift +0.90% | fluid 103.1315 | solid 222.2961
  Impulse FP iterations last/mean/max 11/10.92/13
Step  1200/2000   60.0% | t 60.000 | ETA 2m 0s | step 0.12s | KE 327.2840 | drift +1.47% | fluid 81.7308 | solid 245.5532
  Impulse FP iterations last/mean/max 9/10.92/13
Step  1300/2000   65.0% | t 65.000 | ETA 1m 45s | step 0.15s | KE 325.5520 | drift +0.94% | fluid 107.9754 | solid 217.5765
  Impulse FP iterations last/mean/max 11/10.91/13
Step  1400/2000   70.0% | t 70.000 | ETA 1m 29s | step 0.14s | KE 326.7090 | drift +1.29% | fluid 89.2524 | solid 237.4565
  Impulse FP iterations last/mean/max 12/10.91/13
Step  1500/2000   75.0% | t 75.000 | ETA 1m 13s | step 0.12s | KE 326.8578 | drift +1.34% | fluid 87.2874 | solid 239.5703
  Impulse FP iterations last/mean/max 11/10.91/13
Step  1600/2000   80.0% | t 80.000 | ETA 58s | step 0.11s | KE 325.1615 | drift +0.81% | fluid 111.4667 | solid 213.6948
  Impulse FP iterations last/mean/max 11/10.90/13
Step  1700/2000   85.0% | t 85.000 | ETA 42s | step 0.09s | KE 327.2640 | drift +1.47% | fluid 81.9418 | solid 245.3222
  Impulse FP iterations last/mean/max 10/10.90/13
Step  1800/2000   90.0% | t 90.000 | ETA 28s | step 0.10s | KE 325.6674 | drift +0.97% | fluid 101.0759 | solid 224.5915
  Impulse FP iterations last/mean/max 12/10.90/13
Step  1900/2000   95.0% | t 95.000 | ETA 13s | step 0.10s | KE 327.0646 | drift +1.40% | fluid 89.6544 | solid 237.4101
  Impulse FP iterations last/mean/max 11/10.90/13
Solver finished successfully - good job!
Results saved successfully.

================== Run summary ==================
  Bodies:            2
  Triangles / nodes: 256 / 516
  Timesteps:         2000  (dt = 0.05)
  Simulated time:    0 -> 100
  First-step setup:  0.334 s
  Mean time/step:    0.1368 s  (excl. first step)
  Total wall time:   4m 33s
  Impulse FP iters last/mean/max: 10 / 10.893 / 13
  Approx impulse solves/step:     10.894
  Impulse start cache hits/direct: 1999 / 1
  Impulse global drift P/H:       3.122286e-9 / 1.772815e-2
  Impulse per-body max drift P/H: 5.411069e-9 / 2.994281e-3
  CPU cores:         256 available, 8 Rayon worker thread(s)
  Started:           2026-06-24 02:50:07
  Finished:          2026-06-24 02:54:41
  Output file:       /work/e643/e643/shared/multi_ellip/studies/departing_sphericity_sweep/runs/spheroid_oblate/heterogeneous_sphere/spheroid_oblate_heterogeneous_sphere_eps0p3_rho1_E0p5_sep8_run02_impulse_noproj/multiple_body_complete.dat
================================================
