
================ Simulation setup ================
  Run label:         /work/e643/e643/shared/multi_ellip/studies/departing_sphericity_sweep/runs/spheroid_oblate/heterogeneous_aspherical/spheroid_oblate_heterogeneous_aspherical_eps0p1_rho1_E0p5_sep8_run06_impulse_noproj/
  Started:           2026-06-24 03:12:17
  Input file:        /work/e643/e643/shared/multi_ellip/studies/departing_sphericity_sweep/runs/spheroid_oblate/heterogeneous_aspherical/spheroid_oblate_heterogeneous_aspherical_eps0p1_rho1_E0p5_sep8_run06_impulse_noproj/input.txt
  Output file:       /work/e643/e643/shared/multi_ellip/studies/departing_sphericity_sweep/runs/spheroid_oblate/heterogeneous_aspherical/spheroid_oblate_heterogeneous_aspherical_eps0p1_rho1_E0p5_sep8_run06_impulse_noproj/multiple_body_complete.dat
  Bodies:            2
  Fluid density:     1
  Mesh:              ndiv 2 -> 256 triangles / 516 nodes
  Simulated time:    0 -> 100  (dt = 0.05, ~2000 steps)
  Output cadence:    every 1 step(s)
  Output rows:       ~2001
  Progress cadence:  every 100 step(s)
  CPU cores:         256 available, 8 Rayon worker thread(s)
  Strong coupling:   disabled
  Impulse scheme:    enabled
  Hamiltonian step:  disabled
  Hamiltonian midpt: disabled
  Variational step:  disabled
  Energy projection: disabled
  Projection particular metric: Euclidean
  Fluid KE gradient: disabled  (eps = 0.001, scale = 1, linear = 1, angular = 1)
  Fluid KE discrete gradient: disabled
  Impulse pair metric correction: disabled  (mode = pair discrete-gradient, cutoff = all pairs, inner/outer = 0/0, eps = 0.001, linear scale = 1, angular scale = 0)
  Impulse metric correction: disabled  (internal load constraint = disabled)
  Impulse variational defect probe: disabled
  Impulse quadratic pressure: disabled  (scale = 1)
  Added-mass stab:   disabled
  Exact BEM geometry: disabled
  Exact singular BEM: disabled
  Legacy singular SLP diagnostic: disabled
  Phi-dot blend:     0 (off)

  Solver guidance:
    - Strong coupling: use for stiff close-coupled runs; slower but more implicit.
    - Impulse scheme: use when impulse/momentum conservation or KE drift is the focus. Recommended.
    - Added-mass stab: use for higher mesh counts (ndiv > 3) to preserve stability - deprecated.
================================================
Solver starting - good luck!

Initial state:
  Body  1
    density:          1.000000
    shape axes ratio: (1.000000, 1.000000, 0.751315)
    initial KE ratio: 0.500000
    position:         (-4.000000, 0.000000, 0.000000)
    velocity:         (1.624295, -3.328454, -4.705216)
    angular velocity: (1.874887, -2.770619, 5.318542)
    orientation:      (w=0.733594, i=0.531038, j=-0.080588, k=0.416345)
  Body  2
    density:          1.000000
    shape axes ratio: (1.000000, 1.000000, 0.125000)
    initial KE ratio: 0.500000
    position:         (4.000000, 0.000000, 0.000000)
    velocity:         (2.394320, -4.906364, -6.935804)
    angular velocity: (3.443926, -4.345397, -2.955557)
    orientation:      (w=-0.556837, i=0.310559, j=-0.705648, k=0.309106)

Preparing first step: implicit scheme, no bootstrap passes required.
First step may take longer than later steps.

First step completed in 0.379 s.

Step   100/2000    5.0% | t 5.000 | ETA 7m 11s | step 0.22s | KE 734.6467 | drift +0.84% | fluid 343.4302 | solid 391.2165
  Impulse FP iterations last/mean/max 15/15.80/30
Step   200/2000   10.0% | t 10.000 | ETA 6m 50s | step 0.21s | KE 734.8633 | drift +0.87% | fluid 346.2567 | solid 388.6066
  Impulse FP iterations last/mean/max 15/15.98/30
Step   300/2000   15.0% | t 15.000 | ETA 6m 19s | step 0.22s | KE 734.7865 | drift +0.86% | fluid 348.6296 | solid 386.1570
  Impulse FP iterations last/mean/max 16/15.95/30
Step   400/2000   20.0% | t 20.000 | ETA 5m 48s | step 0.18s | KE 734.6036 | drift +0.83% | fluid 341.1716 | solid 393.4320
  Impulse FP iterations last/mean/max 14/15.98/30
Step   500/2000   25.0% | t 25.000 | ETA 5m 20s | step 0.19s | KE 734.6278 | drift +0.83% | fluid 357.2079 | solid 377.4198
  Impulse FP iterations last/mean/max 15/15.94/30
Step   600/2000   30.0% | t 30.000 | ETA 5m 0s | step 0.24s | KE 735.0658 | drift +0.89% | fluid 329.7521 | solid 405.3137
  Impulse FP iterations last/mean/max 18/15.88/30
Step   700/2000   35.0% | t 35.000 | ETA 4m 42s | step 0.23s | KE 734.2983 | drift +0.79% | fluid 367.7909 | solid 366.5074
  Impulse FP iterations last/mean/max 16/15.89/30
Step   800/2000   40.0% | t 40.000 | ETA 4m 22s | step 0.20s | KE 734.9977 | drift +0.89% | fluid 322.6189 | solid 412.3787
  Impulse FP iterations last/mean/max 14/15.91/30
Step   900/2000   45.0% | t 45.000 | ETA 4m 0s | step 0.22s | KE 734.4270 | drift +0.81% | fluid 373.0176 | solid 361.4094
  Impulse FP iterations last/mean/max 17/15.89/30
Step  1000/2000   50.0% | t 50.000 | ETA 3m 39s | step 0.21s | KE 735.0533 | drift +0.89% | fluid 317.0446 | solid 418.0086
  Impulse FP iterations last/mean/max 14/15.90/30
Step  1100/2000   55.0% | t 55.000 | ETA 3m 18s | step 0.29s | KE 734.1405 | drift +0.77% | fluid 379.8559 | solid 354.2846
  Impulse FP iterations last/mean/max 21/15.90/30
Step  1200/2000   60.0% | t 60.000 | ETA 2m 56s | step 0.20s | KE 735.1474 | drift +0.91% | fluid 310.7964 | solid 424.3510
  Impulse FP iterations last/mean/max 14/15.88/30
Step  1300/2000   65.0% | t 65.000 | ETA 2m 34s | step 0.30s | KE 734.1592 | drift +0.77% | fluid 385.5464 | solid 348.6128
  Impulse FP iterations last/mean/max 23/15.86/30
Step  1400/2000   70.0% | t 70.000 | ETA 2m 12s | step 0.24s | KE 735.1100 | drift +0.90% | fluid 305.4609 | solid 429.6490
  Impulse FP iterations last/mean/max 16/15.89/30
Step  1500/2000   75.0% | t 75.000 | ETA 1m 50s | step 0.25s | KE 733.8897 | drift +0.73% | fluid 391.3869 | solid 342.5028
  Impulse FP iterations last/mean/max 16/15.87/30
Step  1600/2000   80.0% | t 80.000 | ETA 1m 28s | step 0.23s | KE 735.2905 | drift +0.93% | fluid 301.6919 | solid 433.5986
  Impulse FP iterations last/mean/max 16/15.87/30
Step  1700/2000   85.0% | t 85.000 | ETA 1m 6s | step 0.23s | KE 733.9352 | drift +0.74% | fluid 392.3150 | solid 341.6202
  Impulse FP iterations last/mean/max 16/15.87/30
Step  1800/2000   90.0% | t 90.000 | ETA 44s | step 0.22s | KE 734.9626 | drift +0.88% | fluid 302.6924 | solid 432.2702
  Impulse FP iterations last/mean/max 16/15.87/30
Step  1900/2000   95.0% | t 95.000 | ETA 22s | step 0.20s | KE 734.0000 | drift +0.75% | fluid 393.3446 | solid 340.6554
  Impulse FP iterations last/mean/max 17/15.88/30
Solver finished successfully - good job!
Results saved successfully.

================== Run summary ==================
  Bodies:            2
  Triangles / nodes: 256 / 516
  Timesteps:         2000  (dt = 0.05)
  Simulated time:    0 -> 100
  First-step setup:  0.379 s
  Mean time/step:    0.2193 s  (excl. first step)
  Total wall time:   7m 18s
  Impulse FP iters last/mean/max: 25 / 15.885 / 30
  Approx impulse solves/step:     15.886
  Impulse start cache hits/direct: 1999 / 1
  Impulse global drift P/H:       2.994565e-9 / 8.115211e-3
  Impulse per-body max drift P/H: 3.146956e-9 / 2.635961e-3
  CPU cores:         256 available, 8 Rayon worker thread(s)
  Started:           2026-06-24 03:12:17
  Finished:          2026-06-24 03:19:37
  Output file:       /work/e643/e643/shared/multi_ellip/studies/departing_sphericity_sweep/runs/spheroid_oblate/heterogeneous_aspherical/spheroid_oblate_heterogeneous_aspherical_eps0p1_rho1_E0p5_sep8_run06_impulse_noproj/multiple_body_complete.dat
================================================
