
================ Simulation setup ================
  Run label:         /work/e643/e643/shared/multi_ellip/studies/departing_sphericity_sweep/runs/spheroid_prolate/heterogeneous_aspherical/spheroid_prolate_heterogeneous_aspherical_eps0p1_rho1_E0p5_sep8_run05_impulse_noproj/
  Started:           2026-06-24 03:03:05
  Input file:        /work/e643/e643/shared/multi_ellip/studies/departing_sphericity_sweep/runs/spheroid_prolate/heterogeneous_aspherical/spheroid_prolate_heterogeneous_aspherical_eps0p1_rho1_E0p5_sep8_run05_impulse_noproj/input.txt
  Output file:       /work/e643/e643/shared/multi_ellip/studies/departing_sphericity_sweep/runs/spheroid_prolate/heterogeneous_aspherical/spheroid_prolate_heterogeneous_aspherical_eps0p1_rho1_E0p5_sep8_run05_impulse_noproj/multiple_body_complete.dat
  Bodies:            2
  Fluid density:     1
  Mesh:              ndiv 2 -> 256 triangles / 516 nodes
  Simulated time:    0 -> 100  (dt = 0.05, ~2000 steps)
  Output cadence:    every 1 step(s)
  Output rows:       ~2001
  Progress cadence:  every 100 step(s)
  CPU cores:         256 available, 8 Rayon worker thread(s)
  Strong coupling:   disabled
  Impulse scheme:    enabled
  Hamiltonian step:  disabled
  Hamiltonian midpt: disabled
  Variational step:  disabled
  Energy projection: disabled
  Projection particular metric: Euclidean
  Fluid KE gradient: disabled  (eps = 0.001, scale = 1, linear = 1, angular = 1)
  Fluid KE discrete gradient: disabled
  Impulse pair metric correction: disabled  (mode = pair discrete-gradient, cutoff = all pairs, inner/outer = 0/0, eps = 0.001, linear scale = 1, angular scale = 0)
  Impulse metric correction: disabled  (internal load constraint = disabled)
  Impulse variational defect probe: disabled
  Impulse quadratic pressure: disabled  (scale = 1)
  Added-mass stab:   disabled
  Exact BEM geometry: disabled
  Exact singular BEM: disabled
  Legacy singular SLP diagnostic: disabled
  Phi-dot blend:     0 (off)

  Solver guidance:
    - Strong coupling: use for stiff close-coupled runs; slower but more implicit.
    - Impulse scheme: use when impulse/momentum conservation or KE drift is the focus. Recommended.
    - Added-mass stab: use for higher mesh counts (ndiv > 3) to preserve stability - deprecated.
================================================
Solver starting - good luck!

Initial state:
  Body  1
    density:          1.000000
    shape axes ratio: (1.000000, 0.751315, 0.751315)
    initial KE ratio: 0.500000
    position:         (-4.000000, 0.000000, 0.000000)
    velocity:         (3.761352, -4.521573, 1.175555)
    angular velocity: (0.877798, -0.458545, -6.204645)
    orientation:      (w=-0.138724, i=0.170284, j=-0.719985, k=0.658316)
  Body  2
    density:          1.000000
    shape axes ratio: (1.000000, 0.125000, 0.125000)
    initial KE ratio: 0.500000
    position:         (4.000000, 0.000000, 0.000000)
    velocity:         (8.014369, -9.634184, 2.504773)
    angular velocity: (3.848071, -4.665216, 1.704852)
    orientation:      (w=0.144235, i=0.271449, j=0.223974, k=-0.924850)

Preparing first step: implicit scheme, no bootstrap passes required.
First step may take longer than later steps.

First step completed in 0.360 s.

Step   100/2000    5.0% | t 5.000 | ETA 5m 43s | step 0.17s | KE 1145.8369 | drift +0.83% | fluid 493.8626 | solid 651.9744
  Impulse FP iterations last/mean/max 12/12.45/13
Step   200/2000   10.0% | t 10.000 | ETA 5m 25s | step 0.20s | KE 1134.5763 | drift -0.16% | fluid 494.4104 | solid 640.1659
  Impulse FP iterations last/mean/max 13/12.47/13
Step   300/2000   15.0% | t 15.000 | ETA 5m 7s | step 0.18s | KE 1143.0419 | drift +0.59% | fluid 510.9872 | solid 632.0547
  Impulse FP iterations last/mean/max 12/12.47/13
Step   400/2000   20.0% | t 20.000 | ETA 4m 49s | step 0.16s | KE 1135.9585 | drift -0.04% | fluid 518.8104 | solid 617.1481
  Impulse FP iterations last/mean/max 11/12.47/13
Step   500/2000   25.0% | t 25.000 | ETA 4m 30s | step 0.18s | KE 1138.6417 | drift +0.20% | fluid 526.5770 | solid 612.0647
  Impulse FP iterations last/mean/max 12/12.46/13
Step   600/2000   30.0% | t 30.000 | ETA 4m 13s | step 0.17s | KE 1139.3644 | drift +0.26% | fluid 524.6570 | solid 614.7074
  Impulse FP iterations last/mean/max 12/12.46/13
Step   700/2000   35.0% | t 35.000 | ETA 3m 54s | step 0.19s | KE 1135.7760 | drift -0.05% | fluid 512.4175 | solid 623.3585
  Impulse FP iterations last/mean/max 12/12.46/13
Step   800/2000   40.0% | t 40.000 | ETA 3m 36s | step 0.18s | KE 1143.9494 | drift +0.67% | fluid 502.9181 | solid 641.0313
  Impulse FP iterations last/mean/max 13/12.46/13
Step   900/2000   45.0% | t 45.000 | ETA 3m 18s | step 0.18s | KE 1134.8063 | drift -0.14% | fluid 485.6293 | solid 649.1771
  Impulse FP iterations last/mean/max 13/12.46/13
Step  1000/2000   50.0% | t 50.000 | ETA 3m 0s | step 0.20s | KE 1146.3767 | drift +0.88% | fluid 486.5266 | solid 659.8500
  Impulse FP iterations last/mean/max 13/12.46/13
Step  1100/2000   55.0% | t 55.000 | ETA 2m 42s | step 0.18s | KE 1134.7763 | drift -0.14% | fluid 483.1686 | solid 651.6077
  Impulse FP iterations last/mean/max 13/12.46/13
Step  1200/2000   60.0% | t 60.000 | ETA 2m 24s | step 0.17s | KE 1144.4757 | drift +0.71% | fluid 499.1556 | solid 645.3200
  Impulse FP iterations last/mean/max 12/12.45/13
Step  1300/2000   65.0% | t 65.000 | ETA 2m 6s | step 0.16s | KE 1135.6078 | drift -0.07% | fluid 508.0200 | solid 627.5878
  Impulse FP iterations last/mean/max 11/12.45/13
Step  1400/2000   70.0% | t 70.000 | ETA 1m 48s | step 0.17s | KE 1139.9897 | drift +0.32% | fluid 521.8456 | solid 618.1441
  Impulse FP iterations last/mean/max 12/12.45/13
Step  1500/2000   75.0% | t 75.000 | ETA 1m 30s | step 0.18s | KE 1138.2352 | drift +0.16% | fluid 525.1356 | solid 613.0996
  Impulse FP iterations last/mean/max 12/12.45/13
Step  1600/2000   80.0% | t 80.000 | ETA 1m 11s | step 0.17s | KE 1136.3620 | drift -0.00% | fluid 519.5901 | solid 616.7719
  Impulse FP iterations last/mean/max 12/12.45/13
Step  1700/2000   85.0% | t 85.000 | ETA 54s | step 0.18s | KE 1142.6013 | drift +0.55% | fluid 512.0341 | solid 630.5672
  Impulse FP iterations last/mean/max 12/12.45/13
Step  1800/2000   90.0% | t 90.000 | ETA 35s | step 0.18s | KE 1134.7910 | drift -0.14% | fluid 495.1938 | solid 639.5973
  Impulse FP iterations last/mean/max 13/12.45/13
Step  1900/2000   95.0% | t 95.000 | ETA 17s | step 0.17s | KE 1145.8547 | drift +0.83% | fluid 492.9099 | solid 652.9448
  Impulse FP iterations last/mean/max 13/12.45/14
Solver finished successfully - good job!
Results saved successfully.

================== Run summary ==================
  Bodies:            2
  Triangles / nodes: 256 / 516
  Timesteps:         2000  (dt = 0.05)
  Simulated time:    0 -> 100
  First-step setup:  0.360 s
  Mean time/step:    0.1789 s  (excl. first step)
  Total wall time:   5m 58s
  Impulse FP iters last/mean/max: 13 / 12.451 / 14
  Approx impulse solves/step:     12.452
  Impulse start cache hits/direct: 1999 / 1
  Impulse global drift P/H:       5.766648e-9 / 1.071734e-2
  Impulse per-body max drift P/H: 1.294015e-8 / 7.438645e-3
  CPU cores:         256 available, 8 Rayon worker thread(s)
  Started:           2026-06-24 03:03:05
  Finished:          2026-06-24 03:09:03
  Output file:       /work/e643/e643/shared/multi_ellip/studies/departing_sphericity_sweep/runs/spheroid_prolate/heterogeneous_aspherical/spheroid_prolate_heterogeneous_aspherical_eps0p1_rho1_E0p5_sep8_run05_impulse_noproj/multiple_body_complete.dat
================================================
