
================ Simulation setup ================
  Run label:         /work/e643/e643/shared/multi_ellip/studies/departing_sphericity_sweep/runs/spheroid_prolate/heterogeneous_sphere/spheroid_prolate_heterogeneous_sphere_eps0p001_rho1_E0p5_sep8_run06_impulse_noproj/
  Started:           2026-06-24 02:42:05
  Input file:        /work/e643/e643/shared/multi_ellip/studies/departing_sphericity_sweep/runs/spheroid_prolate/heterogeneous_sphere/spheroid_prolate_heterogeneous_sphere_eps0p001_rho1_E0p5_sep8_run06_impulse_noproj/input.txt
  Output file:       /work/e643/e643/shared/multi_ellip/studies/departing_sphericity_sweep/runs/spheroid_prolate/heterogeneous_sphere/spheroid_prolate_heterogeneous_sphere_eps0p001_rho1_E0p5_sep8_run06_impulse_noproj/multiple_body_complete.dat
  Bodies:            2
  Fluid density:     1
  Mesh:              ndiv 2 -> 256 triangles / 516 nodes
  Simulated time:    0 -> 100  (dt = 0.05, ~2000 steps)
  Output cadence:    every 1 step(s)
  Output rows:       ~2001
  Progress cadence:  every 100 step(s)
  CPU cores:         256 available, 8 Rayon worker thread(s)
  Strong coupling:   disabled
  Impulse scheme:    enabled
  Hamiltonian step:  disabled
  Hamiltonian midpt: disabled
  Variational step:  disabled
  Energy projection: disabled
  Projection particular metric: Euclidean
  Fluid KE gradient: disabled  (eps = 0.001, scale = 1, linear = 1, angular = 1)
  Fluid KE discrete gradient: disabled
  Impulse pair metric correction: disabled  (mode = pair discrete-gradient, cutoff = all pairs, inner/outer = 0/0, eps = 0.001, linear scale = 1, angular scale = 0)
  Impulse metric correction: disabled  (internal load constraint = disabled)
  Impulse variational defect probe: disabled
  Impulse quadratic pressure: disabled  (scale = 1)
  Added-mass stab:   disabled
  Exact BEM geometry: disabled
  Exact singular BEM: disabled
  Legacy singular SLP diagnostic: disabled
  Phi-dot blend:     0 (off)

  Solver guidance:
    - Strong coupling: use for stiff close-coupled runs; slower but more implicit.
    - Impulse scheme: use when impulse/momentum conservation or KE drift is the focus. Recommended.
    - Added-mass stab: use for higher mesh counts (ndiv > 3) to preserve stability - deprecated.
================================================
Solver starting - good luck!

Initial state:
  Body  1
    density:          1.000000
    shape axes ratio: (1.000000, 0.997006, 0.997006)
    initial KE ratio: 0.500000
    position:         (-4.000000, 0.000000, 0.000000)
    velocity:         (-3.462566, -2.239744, -3.822016)
    angular velocity: (0.590803, 1.838157, -5.979176)
    orientation:      (w=-0.878298, i=-0.052664, j=-0.025038, k=-0.474543)
  Body  2
    density:          1.000000
    shape axes ratio: (1.000000, 1.000000, 1.000000)
    initial KE ratio: 0.500000
    position:         (4.000000, 0.000000, 0.000000)
    velocity:         (-3.460874, -2.238649, -3.820149)
    angular velocity: (-5.662183, 0.636920, -2.648101)
    orientation:      (w=-0.189488, i=0.620992, j=-0.190098, k=0.736428)

Preparing first step: implicit scheme, no bootstrap passes required.
First step may take longer than later steps.

First step completed in 0.221 s.

Step   100/2000    5.0% | t 5.000 | ETA 3m 25s | step 0.11s | KE 282.8889 | drift +4.42% | fluid 72.3990 | solid 210.4899
  Impulse FP iterations last/mean/max 8/8.00/8
Step   200/2000   10.0% | t 10.000 | ETA 3m 18s | step 0.10s | KE 298.0139 | drift +10.01% | fluid 72.3918 | solid 225.6221
  Impulse FP iterations last/mean/max 8/8.00/8
Step   300/2000   15.0% | t 15.000 | ETA 3m 8s | step 0.11s | KE 316.2339 | drift +16.73% | fluid 72.3928 | solid 243.8410
  Impulse FP iterations last/mean/max 8/8.00/8
Step   400/2000   20.0% | t 20.000 | ETA 2m 57s | step 0.10s | KE 337.5330 | drift +24.59% | fluid 72.3704 | solid 265.1626
  Impulse FP iterations last/mean/max 8/7.99/8
Step   500/2000   25.0% | t 25.000 | ETA 2m 46s | step 0.11s | KE 361.8634 | drift +33.58% | fluid 72.3911 | solid 289.4723
  Impulse FP iterations last/mean/max 8/7.98/8
Step   600/2000   30.0% | t 30.000 | ETA 2m 35s | step 0.11s | KE 389.2384 | drift +43.68% | fluid 72.3478 | solid 316.8906
  Impulse FP iterations last/mean/max 8/7.98/8
Step   700/2000   35.0% | t 35.000 | ETA 2m 24s | step 0.12s | KE 419.5918 | drift +54.89% | fluid 72.3988 | solid 347.1930
  Impulse FP iterations last/mean/max 8/7.97/8
Step   800/2000   40.0% | t 40.000 | ETA 2m 13s | step 0.11s | KE 452.9583 | drift +67.20% | fluid 72.3923 | solid 380.5660
  Impulse FP iterations last/mean/max 8/7.97/8
Step   900/2000   45.0% | t 45.000 | ETA 2m 2s | step 0.11s | KE 489.3137 | drift +80.62% | fluid 72.3592 | solid 416.9545
  Impulse FP iterations last/mean/max 8/7.96/8
Step  1000/2000   50.0% | t 50.000 | ETA 1m 51s | step 0.11s | KE 528.6182 | drift +95.13% | fluid 72.3700 | solid 456.2482
  Impulse FP iterations last/mean/max 8/7.95/8
Step  1100/2000   55.0% | t 55.000 | ETA 1m 39s | step 0.12s | KE 570.8592 | drift +110.72% | fluid 72.3841 | solid 498.4751
  Impulse FP iterations last/mean/max 8/7.94/8
Step  1200/2000   60.0% | t 60.000 | ETA 1m 28s | step 0.12s | KE 616.0418 | drift +127.40% | fluid 72.3923 | solid 543.6495
  Impulse FP iterations last/mean/max 8/7.93/8
Step  1300/2000   65.0% | t 65.000 | ETA 1m 17s | step 0.12s | KE 664.1924 | drift +145.18% | fluid 72.3534 | solid 591.8390
  Impulse FP iterations last/mean/max 8/7.93/8
Step  1400/2000   70.0% | t 70.000 | ETA 1m 6s | step 0.11s | KE 715.2094 | drift +164.01% | fluid 72.3492 | solid 642.8603
  Impulse FP iterations last/mean/max 8/7.92/8
Step  1500/2000   75.0% | t 75.000 | ETA 55s | step 0.09s | KE 769.0995 | drift +183.90% | fluid 72.3684 | solid 696.7311
  Impulse FP iterations last/mean/max 7/7.91/8
Step  1600/2000   80.0% | t 80.000 | ETA 43s | step 0.09s | KE 825.9142 | drift +204.87% | fluid 72.3460 | solid 753.5682
  Impulse FP iterations last/mean/max 7/7.90/8
Step  1700/2000   85.0% | t 85.000 | ETA 32s | step 0.10s | KE 885.5027 | drift +226.87% | fluid 72.3940 | solid 813.1087
  Impulse FP iterations last/mean/max 8/7.89/8
Step  1800/2000   90.0% | t 90.000 | ETA 21s | step 0.09s | KE 948.0401 | drift +249.95% | fluid 72.3586 | solid 875.6814
  Impulse FP iterations last/mean/max 7/7.88/8
Step  1900/2000   95.0% | t 95.000 | ETA 10s | step 0.09s | KE 1013.3009 | drift +274.04% | fluid 72.3961 | solid 940.9049
  Impulse FP iterations last/mean/max 8/7.86/8
Solver finished successfully - good job!
Results saved successfully.

================== Run summary ==================
  Bodies:            2
  Triangles / nodes: 256 / 516
  Timesteps:         2000  (dt = 0.05)
  Simulated time:    0 -> 100
  First-step setup:  0.221 s
  Mean time/step:    0.1062 s  (excl. first step)
  Total wall time:   3m 32s
  Impulse FP iters last/mean/max: 7 / 7.849 / 8
  Approx impulse solves/step:     7.849
  Impulse start cache hits/direct: 1999 / 1
  Impulse global drift P/H:       2.029764e-8 / 6.569665e-2
  Impulse per-body max drift P/H: 3.710436e-8 / 6.738477e-3
  CPU cores:         256 available, 8 Rayon worker thread(s)
  Started:           2026-06-24 02:42:05
  Finished:          2026-06-24 02:45:38
  Output file:       /work/e643/e643/shared/multi_ellip/studies/departing_sphericity_sweep/runs/spheroid_prolate/heterogeneous_sphere/spheroid_prolate_heterogeneous_sphere_eps0p001_rho1_E0p5_sep8_run06_impulse_noproj/multiple_body_complete.dat
================================================
