
================ Simulation setup ================
  Run label:         /work/e643/e643/shared/multi_ellip/studies/departing_sphericity_sweep/runs/triaxial/heterogeneous_aspherical/triaxial_heterogeneous_aspherical_eps0p3_rho1_E0p5_sep8_run05_impulse_noproj/
  Started:           2026-06-24 03:04:23
  Input file:        /work/e643/e643/shared/multi_ellip/studies/departing_sphericity_sweep/runs/triaxial/heterogeneous_aspherical/triaxial_heterogeneous_aspherical_eps0p3_rho1_E0p5_sep8_run05_impulse_noproj/input.txt
  Output file:       /work/e643/e643/shared/multi_ellip/studies/departing_sphericity_sweep/runs/triaxial/heterogeneous_aspherical/triaxial_heterogeneous_aspherical_eps0p3_rho1_E0p5_sep8_run05_impulse_noproj/multiple_body_complete.dat
  Bodies:            2
  Fluid density:     1
  Mesh:              ndiv 2 -> 256 triangles / 516 nodes
  Simulated time:    0 -> 100  (dt = 0.05, ~2000 steps)
  Output cadence:    every 1 step(s)
  Output rows:       ~2001
  Progress cadence:  every 100 step(s)
  CPU cores:         256 available, 8 Rayon worker thread(s)
  Strong coupling:   disabled
  Impulse scheme:    enabled
  Hamiltonian step:  disabled
  Hamiltonian midpt: disabled
  Variational step:  disabled
  Energy projection: disabled
  Projection particular metric: Euclidean
  Fluid KE gradient: disabled  (eps = 0.001, scale = 1, linear = 1, angular = 1)
  Fluid KE discrete gradient: disabled
  Impulse pair metric correction: disabled  (mode = pair discrete-gradient, cutoff = all pairs, inner/outer = 0/0, eps = 0.001, linear scale = 1, angular scale = 0)
  Impulse metric correction: disabled  (internal load constraint = disabled)
  Impulse variational defect probe: disabled
  Impulse quadratic pressure: disabled  (scale = 1)
  Added-mass stab:   disabled
  Exact BEM geometry: disabled
  Exact singular BEM: disabled
  Legacy singular SLP diagnostic: disabled
  Phi-dot blend:     0 (off)

  Solver guidance:
    - Strong coupling: use for stiff close-coupled runs; slower but more implicit.
    - Impulse scheme: use when impulse/momentum conservation or KE drift is the focus. Recommended.
    - Added-mass stab: use for higher mesh counts (ndiv > 3) to preserve stability - deprecated.
================================================
Solver starting - good luck!

Initial state:
  Body  1
    density:          1.000000
    shape axes ratio: (1.000000, 0.769231, 0.591716)
    initial KE ratio: 0.500000
    position:         (-4.000000, 0.000000, 0.000000)
    velocity:         (-5.283236, -1.637057, 3.166360)
    angular velocity: (-1.917822, -1.223794, -5.856851)
    orientation:      (w=0.208037, i=-0.124839, j=0.536243, k=-0.808443)
  Body  2
    density:          1.000000
    shape axes ratio: (1.000000, 0.500000, 0.250000)
    initial KE ratio: 0.500000
    position:         (4.000000, 0.000000, 0.000000)
    velocity:         (-5.124875, -1.587988, 3.071450)
    angular velocity: (-5.162876, 1.585398, 3.210863)
    orientation:      (w=-0.601241, i=-0.174160, j=-0.566878, k=-0.535562)

Preparing first step: implicit scheme, no bootstrap passes required.
First step may take longer than later steps.

First step completed in 0.429 s.

Step   100/2000    5.0% | t 5.000 | ETA 6m 33s | step 0.19s | KE 453.5321 | drift +0.67% | fluid 152.5713 | solid 300.9608
  Impulse FP iterations last/mean/max 14/13.96/16
Step   200/2000   10.0% | t 10.000 | ETA 6m 11s | step 0.20s | KE 452.9731 | drift +0.55% | fluid 154.2941 | solid 298.6789
  Impulse FP iterations last/mean/max 14/13.96/16
Step   300/2000   15.0% | t 15.000 | ETA 5m 51s | step 0.22s | KE 450.8693 | drift +0.08% | fluid 172.6309 | solid 278.2385
  Impulse FP iterations last/mean/max 14/13.96/16
Step   400/2000   20.0% | t 20.000 | ETA 5m 29s | step 0.21s | KE 453.5432 | drift +0.68% | fluid 154.8460 | solid 298.6972
  Impulse FP iterations last/mean/max 13/13.95/16
Step   500/2000   25.0% | t 25.000 | ETA 5m 9s | step 0.19s | KE 451.6370 | drift +0.25% | fluid 140.1801 | solid 311.4569
  Impulse FP iterations last/mean/max 13/13.95/16
Step   600/2000   30.0% | t 30.000 | ETA 4m 48s | step 0.19s | KE 450.4436 | drift -0.01% | fluid 142.3768 | solid 308.0668
  Impulse FP iterations last/mean/max 14/13.94/16
Step   700/2000   35.0% | t 35.000 | ETA 4m 27s | step 0.20s | KE 451.0379 | drift +0.12% | fluid 160.7723 | solid 290.2656
  Impulse FP iterations last/mean/max 14/13.95/16
Step   800/2000   40.0% | t 40.000 | ETA 4m 7s | step 0.22s | KE 449.8293 | drift -0.15% | fluid 170.7085 | solid 279.1207
  Impulse FP iterations last/mean/max 15/13.96/16
Step   900/2000   45.0% | t 45.000 | ETA 3m 46s | step 0.20s | KE 453.1516 | drift +0.59% | fluid 153.7422 | solid 299.4094
  Impulse FP iterations last/mean/max 14/13.96/16
Step  1000/2000   50.0% | t 50.000 | ETA 3m 25s | step 0.22s | KE 453.1696 | drift +0.59% | fluid 166.9009 | solid 286.2688
  Impulse FP iterations last/mean/max 14/13.97/16
Step  1100/2000   55.0% | t 55.000 | ETA 3m 5s | step 0.21s | KE 450.5979 | drift +0.02% | fluid 171.6815 | solid 278.9164
  Impulse FP iterations last/mean/max 14/13.96/16
Step  1200/2000   60.0% | t 60.000 | ETA 2m 44s | step 0.21s | KE 453.7781 | drift +0.73% | fluid 154.0744 | solid 299.7037
  Impulse FP iterations last/mean/max 14/13.96/16
Step  1300/2000   65.0% | t 65.000 | ETA 2m 23s | step 0.18s | KE 453.2176 | drift +0.60% | fluid 147.4438 | solid 305.7738
  Impulse FP iterations last/mean/max 13/13.97/16
Step  1400/2000   70.0% | t 70.000 | ETA 2m 6s | step 0.21s | KE 450.9772 | drift +0.11% | fluid 139.8801 | solid 311.0971
  Impulse FP iterations last/mean/max 15/13.97/16
Step  1500/2000   75.0% | t 75.000 | ETA 1m 46s | step 0.19s | KE 450.9370 | drift +0.10% | fluid 145.5693 | solid 305.3677
  Impulse FP iterations last/mean/max 14/13.97/16
Step  1600/2000   80.0% | t 80.000 | ETA 1m 24s | step 0.18s | KE 450.4788 | drift -0.00% | fluid 139.6736 | solid 310.8052
  Impulse FP iterations last/mean/max 14/13.97/16
Step  1700/2000   85.0% | t 85.000 | ETA 1m 3s | step 0.16s | KE 450.7785 | drift +0.06% | fluid 134.8680 | solid 315.9106
  Impulse FP iterations last/mean/max 14/13.97/16
Step  1800/2000   90.0% | t 90.000 | ETA 41s | step 0.13s | KE 451.4136 | drift +0.20% | fluid 156.2372 | solid 295.1764
  Impulse FP iterations last/mean/max 14/13.98/16
Step  1900/2000   95.0% | t 95.000 | ETA 20s | step 0.13s | KE 449.9421 | drift -0.12% | fluid 159.7361 | solid 290.2060
  Impulse FP iterations last/mean/max 14/13.97/16
Solver finished successfully - good job!
Results saved successfully.

================== Run summary ==================
  Bodies:            2
  Triangles / nodes: 256 / 516
  Timesteps:         2000  (dt = 0.05)
  Simulated time:    0 -> 100
  First-step setup:  0.429 s
  Mean time/step:    0.1987 s  (excl. first step)
  Total wall time:   6m 37s
  Impulse FP iters last/mean/max: 14 / 13.967 / 16
  Approx impulse solves/step:     13.968
  Impulse start cache hits/direct: 1999 / 1
  Impulse global drift P/H:       7.313163e-9 / 9.469608e-1
  Impulse per-body max drift P/H: 1.051691e-8 / 9.492829e-1
  CPU cores:         256 available, 8 Rayon worker thread(s)
  Started:           2026-06-24 03:04:23
  Finished:          2026-06-24 03:11:01
  Output file:       /work/e643/e643/shared/multi_ellip/studies/departing_sphericity_sweep/runs/triaxial/heterogeneous_aspherical/triaxial_heterogeneous_aspherical_eps0p3_rho1_E0p5_sep8_run05_impulse_noproj/multiple_body_complete.dat
================================================
