
================ Simulation setup ================
  Run label:         /work/e643/e643/shared/multi_ellip/studies/departing_sphericity_sweep/runs/spheroid_prolate/heterogeneous_sphere/spheroid_prolate_heterogeneous_sphere_eps0p0003_rho1_E0p5_sep8_run01_impulse_noproj/
  Started:           2026-06-24 02:36:40
  Input file:        /work/e643/e643/shared/multi_ellip/studies/departing_sphericity_sweep/runs/spheroid_prolate/heterogeneous_sphere/spheroid_prolate_heterogeneous_sphere_eps0p0003_rho1_E0p5_sep8_run01_impulse_noproj/input.txt
  Output file:       /work/e643/e643/shared/multi_ellip/studies/departing_sphericity_sweep/runs/spheroid_prolate/heterogeneous_sphere/spheroid_prolate_heterogeneous_sphere_eps0p0003_rho1_E0p5_sep8_run01_impulse_noproj/multiple_body_complete.dat
  Bodies:            2
  Fluid density:     1
  Mesh:              ndiv 2 -> 256 triangles / 516 nodes
  Simulated time:    0 -> 100  (dt = 0.05, ~2000 steps)
  Output cadence:    every 1 step(s)
  Output rows:       ~2001
  Progress cadence:  every 100 step(s)
  CPU cores:         256 available, 8 Rayon worker thread(s)
  Strong coupling:   disabled
  Impulse scheme:    enabled
  Hamiltonian step:  disabled
  Hamiltonian midpt: disabled
  Variational step:  disabled
  Energy projection: disabled
  Projection particular metric: Euclidean
  Fluid KE gradient: disabled  (eps = 0.001, scale = 1, linear = 1, angular = 1)
  Fluid KE discrete gradient: disabled
  Impulse pair metric correction: disabled  (mode = pair discrete-gradient, cutoff = all pairs, inner/outer = 0/0, eps = 0.001, linear scale = 1, angular scale = 0)
  Impulse metric correction: disabled  (internal load constraint = disabled)
  Impulse variational defect probe: disabled
  Impulse quadratic pressure: disabled  (scale = 1)
  Added-mass stab:   disabled
  Exact BEM geometry: disabled
  Exact singular BEM: disabled
  Legacy singular SLP diagnostic: disabled
  Phi-dot blend:     0 (off)

  Solver guidance:
    - Strong coupling: use for stiff close-coupled runs; slower but more implicit.
    - Impulse scheme: use when impulse/momentum conservation or KE drift is the focus. Recommended.
    - Added-mass stab: use for higher mesh counts (ndiv > 3) to preserve stability - deprecated.
================================================
Solver starting - good luck!

Initial state:
  Body  1
    density:          1.000000
    shape axes ratio: (1.000000, 0.999101, 0.999101)
    initial KE ratio: 0.500000
    position:         (-4.000000, 0.000000, 0.000000)
    velocity:         (0.264850, 5.411968, -1.488466)
    angular velocity: (-4.880131, -3.459196, -1.922683)
    orientation:      (w=-0.571788, i=0.463619, j=0.598284, k=0.316500)
  Body  2
    density:          1.000000
    shape axes ratio: (1.000000, 1.000000, 1.000000)
    initial KE ratio: 0.500000
    position:         (4.000000, 0.000000, 0.000000)
    velocity:         (0.264882, 5.412624, -1.488647)
    angular velocity: (1.100788, 5.047313, -3.576495)
    orientation:      (w=-0.146851, i=0.516747, j=0.355189, k=0.765015)

Preparing first step: implicit scheme, no bootstrap passes required.
First step may take longer than later steps.

First step completed in 0.268 s.

Step   100/2000    5.0% | t 5.000 | ETA 2m 46s | step 0.08s | KE 271.8174 | drift +0.28% | fluid 72.6217 | solid 199.1957
  Impulse FP iterations last/mean/max 6/6.15/7
Step   200/2000   10.0% | t 10.000 | ETA 2m 35s | step 0.09s | KE 272.6058 | drift +0.57% | fluid 72.6210 | solid 199.9849
  Impulse FP iterations last/mean/max 6/6.13/7
Step   300/2000   15.0% | t 15.000 | ETA 2m 26s | step 0.09s | KE 273.4144 | drift +0.87% | fluid 72.6159 | solid 200.7985
  Impulse FP iterations last/mean/max 6/6.13/7
Step   400/2000   20.0% | t 20.000 | ETA 2m 17s | step 0.08s | KE 274.2428 | drift +1.18% | fluid 72.6065 | solid 201.6363
  Impulse FP iterations last/mean/max 6/6.13/7
Step   500/2000   25.0% | t 25.000 | ETA 2m 9s | step 0.09s | KE 275.0891 | drift +1.49% | fluid 72.6083 | solid 202.4807
  Impulse FP iterations last/mean/max 6/6.13/7
Step   600/2000   30.0% | t 30.000 | ETA 2m 0s | step 0.10s | KE 275.9526 | drift +1.81% | fluid 72.6214 | solid 203.3312
  Impulse FP iterations last/mean/max 7/6.13/7
Step   700/2000   35.0% | t 35.000 | ETA 1m 51s | step 0.08s | KE 276.8364 | drift +2.14% | fluid 72.6163 | solid 204.2201
  Impulse FP iterations last/mean/max 6/6.13/7
Step   800/2000   40.0% | t 40.000 | ETA 1m 41s | step 0.06s | KE 277.7353 | drift +2.47% | fluid 72.6213 | solid 205.1140
  Impulse FP iterations last/mean/max 5/6.12/7
Step   900/2000   45.0% | t 45.000 | ETA 1m 31s | step 0.08s | KE 278.6540 | drift +2.81% | fluid 72.6049 | solid 206.0491
  Impulse FP iterations last/mean/max 6/6.12/7
Step  1000/2000   50.0% | t 50.000 | ETA 1m 22s | step 0.07s | KE 279.5865 | drift +3.15% | fluid 72.6207 | solid 206.9658
  Impulse FP iterations last/mean/max 6/6.12/7
Step  1100/2000   55.0% | t 55.000 | ETA 1m 14s | step 0.09s | KE 280.5361 | drift +3.50% | fluid 72.6216 | solid 207.9145
  Impulse FP iterations last/mean/max 6/6.12/7
Step  1200/2000   60.0% | t 60.000 | ETA 1m 6s | step 0.09s | KE 281.5027 | drift +3.86% | fluid 72.6091 | solid 208.8937
  Impulse FP iterations last/mean/max 6/6.12/7
Step  1300/2000   65.0% | t 65.000 | ETA 58s | step 0.09s | KE 282.4836 | drift +4.22% | fluid 72.6161 | solid 209.8675
  Impulse FP iterations last/mean/max 6/6.12/7
Step  1400/2000   70.0% | t 70.000 | ETA 50s | step 0.08s | KE 283.4796 | drift +4.59% | fluid 72.6046 | solid 210.8750
  Impulse FP iterations last/mean/max 6/6.12/7
Step  1500/2000   75.0% | t 75.000 | ETA 41s | step 0.08s | KE 284.4892 | drift +4.96% | fluid 72.6158 | solid 211.8734
  Impulse FP iterations last/mean/max 6/6.12/7
Step  1600/2000   80.0% | t 80.000 | ETA 33s | step 0.08s | KE 285.5135 | drift +5.34% | fluid 72.6052 | solid 212.9083
  Impulse FP iterations last/mean/max 6/6.12/7
Step  1700/2000   85.0% | t 85.000 | ETA 25s | step 0.07s | KE 286.5500 | drift +5.72% | fluid 72.6187 | solid 213.9312
  Impulse FP iterations last/mean/max 6/6.12/7
Step  1800/2000   90.0% | t 90.000 | ETA 16s | step 0.09s | KE 287.5999 | drift +6.11% | fluid 72.6196 | solid 214.9803
  Impulse FP iterations last/mean/max 7/6.12/7
Step  1900/2000   95.0% | t 95.000 | ETA 8s | step 0.06s | KE 288.6638 | drift +6.50% | fluid 72.6118 | solid 216.0520
  Impulse FP iterations last/mean/max 6/6.11/7
Solver finished successfully - good job!
Results saved successfully.

================== Run summary ==================
  Bodies:            2
  Triangles / nodes: 256 / 516
  Timesteps:         2000  (dt = 0.05)
  Simulated time:    0 -> 100
  First-step setup:  0.268 s
  Mean time/step:    0.0825 s  (excl. first step)
  Total wall time:   2m 45s
  Impulse FP iters last/mean/max: 6 / 6.112 / 7
  Approx impulse solves/step:     6.113
  Impulse start cache hits/direct: 1999 / 1
  Impulse global drift P/H:       2.614239e-8 / 4.699307e-3
  Impulse per-body max drift P/H: 4.857563e-8 / 2.530795e-4
  CPU cores:         256 available, 8 Rayon worker thread(s)
  Started:           2026-06-24 02:36:40
  Finished:          2026-06-24 02:39:26
  Output file:       /work/e643/e643/shared/multi_ellip/studies/departing_sphericity_sweep/runs/spheroid_prolate/heterogeneous_sphere/spheroid_prolate_heterogeneous_sphere_eps0p0003_rho1_E0p5_sep8_run01_impulse_noproj/multiple_body_complete.dat
================================================
