
================ Simulation setup ================
  Run label:         /work/e643/e643/shared/multi_ellip/studies/departing_sphericity_sweep/runs/spheroid_oblate/heterogeneous_aspherical/spheroid_oblate_heterogeneous_aspherical_eps1_rho1_E0p5_sep8_run05_impulse_noproj/
  Started:           2026-06-24 03:21:10
  Input file:        /work/e643/e643/shared/multi_ellip/studies/departing_sphericity_sweep/runs/spheroid_oblate/heterogeneous_aspherical/spheroid_oblate_heterogeneous_aspherical_eps1_rho1_E0p5_sep8_run05_impulse_noproj/input.txt
  Output file:       /work/e643/e643/shared/multi_ellip/studies/departing_sphericity_sweep/runs/spheroid_oblate/heterogeneous_aspherical/spheroid_oblate_heterogeneous_aspherical_eps1_rho1_E0p5_sep8_run05_impulse_noproj/multiple_body_complete.dat
  Bodies:            2
  Fluid density:     1
  Mesh:              ndiv 2 -> 256 triangles / 516 nodes
  Simulated time:    0 -> 100  (dt = 0.05, ~2000 steps)
  Output cadence:    every 1 step(s)
  Output rows:       ~2001
  Progress cadence:  every 100 step(s)
  CPU cores:         256 available, 8 Rayon worker thread(s)
  Strong coupling:   disabled
  Impulse scheme:    enabled
  Hamiltonian step:  disabled
  Hamiltonian midpt: disabled
  Variational step:  disabled
  Energy projection: disabled
  Projection particular metric: Euclidean
  Fluid KE gradient: disabled  (eps = 0.001, scale = 1, linear = 1, angular = 1)
  Fluid KE discrete gradient: disabled
  Impulse pair metric correction: disabled  (mode = pair discrete-gradient, cutoff = all pairs, inner/outer = 0/0, eps = 0.001, linear scale = 1, angular scale = 0)
  Impulse metric correction: disabled  (internal load constraint = disabled)
  Impulse variational defect probe: disabled
  Impulse quadratic pressure: disabled  (scale = 1)
  Added-mass stab:   disabled
  Exact BEM geometry: disabled
  Exact singular BEM: disabled
  Legacy singular SLP diagnostic: disabled
  Phi-dot blend:     0 (off)

  Solver guidance:
    - Strong coupling: use for stiff close-coupled runs; slower but more implicit.
    - Impulse scheme: use when impulse/momentum conservation or KE drift is the focus. Recommended.
    - Added-mass stab: use for higher mesh counts (ndiv > 3) to preserve stability - deprecated.
================================================
Solver starting - good luck!

Initial state:
  Body  1
    density:          1.000000
    shape axes ratio: (1.000000, 1.000000, 0.125000)
    initial KE ratio: 0.500000
    position:         (-4.000000, 0.000000, 0.000000)
    velocity:         (5.499580, 5.708966, -4.273636)
    angular velocity: (-0.814652, -5.296542, -3.280458)
    orientation:      (w=-0.069751, i=0.816068, j=-0.569501, k=0.069551)
  Body  2
    density:          1.000000
    shape axes ratio: (1.000000, 1.000000, 0.125000)
    initial KE ratio: 0.500000
    position:         (4.000000, 0.000000, 0.000000)
    velocity:         (4.926300, 5.113859, -3.828149)
    angular velocity: (3.558856, -5.121268, -0.765226)
    orientation:      (w=-0.080931, i=0.063736, j=-0.934544, k=-0.340610)

Preparing first step: implicit scheme, no bootstrap passes required.
First step may take longer than later steps.

First step completed in 0.394 s.

Step   100/2000    5.0% | t 5.000 | ETA 7m 3s | step 0.19s | KE 1696.6288 | drift +0.32% | fluid 959.7309 | solid 736.8979
  Impulse FP iterations last/mean/max 20/22.28/30
Step   200/2000   10.0% | t 10.000 | ETA 6m 25s | step 0.18s | KE 1697.2516 | drift +0.36% | fluid 989.4382 | solid 707.8134
  Impulse FP iterations last/mean/max 19/22.00/30
Step   300/2000   15.0% | t 15.000 | ETA 6m 1s | step 0.21s | KE 1694.1566 | drift +0.18% | fluid 1143.8012 | solid 550.3555
  Impulse FP iterations last/mean/max 21/21.77/30
Step   400/2000   20.0% | t 20.000 | ETA 5m 41s | step 0.20s | KE 1696.2336 | drift +0.30% | fluid 1038.9809 | solid 657.2527
  Impulse FP iterations last/mean/max 20/21.83/30
Step   500/2000   25.0% | t 25.000 | ETA 5m 21s | step 0.22s | KE 1694.8557 | drift +0.22% | fluid 1092.0906 | solid 602.7650
  Impulse FP iterations last/mean/max 21/21.80/30
Step   600/2000   30.0% | t 30.000 | ETA 4m 59s | step 0.22s | KE 1692.5470 | drift +0.08% | fluid 1243.3223 | solid 449.2247
  Impulse FP iterations last/mean/max 19/21.74/30
Step   700/2000   35.0% | t 35.000 | ETA 4m 40s | step 0.23s | KE 1697.0099 | drift +0.35% | fluid 1030.5707 | solid 666.4392
  Impulse FP iterations last/mean/max 23/21.76/30
Step   800/2000   40.0% | t 40.000 | ETA 4m 19s | step 0.23s | KE 1697.2400 | drift +0.36% | fluid 903.8336 | solid 793.4064
  Impulse FP iterations last/mean/max 20/21.76/30
Step   900/2000   45.0% | t 45.000 | ETA 3m 58s | step 0.20s | KE 1694.8762 | drift +0.22% | fluid 1131.6989 | solid 563.1774
  Impulse FP iterations last/mean/max 19/21.73/30
Step  1000/2000   50.0% | t 50.000 | ETA 3m 37s | step 0.21s | KE 1695.1455 | drift +0.24% | fluid 1150.8730 | solid 544.2725
  Impulse FP iterations last/mean/max 21/21.75/30
Step  1100/2000   55.0% | t 55.000 | ETA 3m 16s | step 0.20s | KE 1694.4763 | drift +0.20% | fluid 1042.2230 | solid 652.2533
  Impulse FP iterations last/mean/max 20/21.78/30
Step  1200/2000   60.0% | t 60.000 | ETA 2m 53s | step 0.20s | KE 1694.7595 | drift +0.21% | fluid 1169.1938 | solid 525.5657
  Impulse FP iterations last/mean/max 20/21.76/30
Step  1300/2000   65.0% | t 65.000 | ETA 2m 31s | step 0.19s | KE 1695.3157 | drift +0.25% | fluid 1117.1875 | solid 578.1282
  Impulse FP iterations last/mean/max 20/21.78/30
Step  1400/2000   70.0% | t 70.000 | ETA 2m 9s | step 0.17s | KE 1697.1579 | drift +0.35% | fluid 895.2821 | solid 801.8759
  Impulse FP iterations last/mean/max 19/21.73/30
Step  1500/2000   75.0% | t 75.000 | ETA 1m 46s | step 0.16s | KE 1696.8054 | drift +0.33% | fluid 1051.3575 | solid 645.4479
  Impulse FP iterations last/mean/max 19/21.73/30
Step  1600/2000   80.0% | t 80.000 | ETA 1m 24s | step 0.19s | KE 1692.7631 | drift +0.10% | fluid 1237.7612 | solid 455.0019
  Impulse FP iterations last/mean/max 22/21.73/30
Step  1700/2000   85.0% | t 85.000 | ETA 1m 3s | step 0.18s | KE 1694.8080 | drift +0.22% | fluid 1076.3708 | solid 618.4371
  Impulse FP iterations last/mean/max 20/21.74/30
Step  1800/2000   90.0% | t 90.000 | ETA 42s | step 0.20s | KE 1696.2597 | drift +0.30% | fluid 1055.7491 | solid 640.5106
  Impulse FP iterations last/mean/max 21/21.74/30
Step  1900/2000   95.0% | t 95.000 | ETA 20s | step 0.24s | KE 1694.0590 | drift +0.17% | fluid 1146.2616 | solid 547.7975
  Impulse FP iterations last/mean/max 27/21.73/30
Solver finished successfully - good job!
Results saved successfully.

================== Run summary ==================
  Bodies:            2
  Triangles / nodes: 256 / 516
  Timesteps:         2000  (dt = 0.05)
  Simulated time:    0 -> 100
  First-step setup:  0.394 s
  Mean time/step:    0.2091 s  (excl. first step)
  Total wall time:   6m 58s
  Impulse FP iters last/mean/max: 23 / 21.727 / 30
  Approx impulse solves/step:     21.727
  Impulse start cache hits/direct: 1999 / 1
  Impulse global drift P/H:       1.698582e-9 / 9.381938e-4
  Impulse per-body max drift P/H: 2.510698e-9 / 4.381983e-4
  CPU cores:         256 available, 8 Rayon worker thread(s)
  Started:           2026-06-24 03:21:10
  Finished:          2026-06-24 03:28:09
  Output file:       /work/e643/e643/shared/multi_ellip/studies/departing_sphericity_sweep/runs/spheroid_oblate/heterogeneous_aspherical/spheroid_oblate_heterogeneous_aspherical_eps1_rho1_E0p5_sep8_run05_impulse_noproj/multiple_body_complete.dat
================================================
