
================ Simulation setup ================
  Run label:         /work/e643/e643/shared/multi_ellip/studies/departing_sphericity_sweep/runs/spheroid_oblate/heterogeneous_sphere/spheroid_oblate_heterogeneous_sphere_eps0p03_rho1_E0p5_sep8_run05_impulse_noproj/
  Started:           2026-06-24 02:50:06
  Input file:        /work/e643/e643/shared/multi_ellip/studies/departing_sphericity_sweep/runs/spheroid_oblate/heterogeneous_sphere/spheroid_oblate_heterogeneous_sphere_eps0p03_rho1_E0p5_sep8_run05_impulse_noproj/input.txt
  Output file:       /work/e643/e643/shared/multi_ellip/studies/departing_sphericity_sweep/runs/spheroid_oblate/heterogeneous_sphere/spheroid_oblate_heterogeneous_sphere_eps0p03_rho1_E0p5_sep8_run05_impulse_noproj/multiple_body_complete.dat
  Bodies:            2
  Fluid density:     1
  Mesh:              ndiv 2 -> 256 triangles / 516 nodes
  Simulated time:    0 -> 100  (dt = 0.05, ~2000 steps)
  Output cadence:    every 1 step(s)
  Output rows:       ~2001
  Progress cadence:  every 100 step(s)
  CPU cores:         256 available, 8 Rayon worker thread(s)
  Strong coupling:   disabled
  Impulse scheme:    enabled
  Hamiltonian step:  disabled
  Hamiltonian midpt: disabled
  Variational step:  disabled
  Energy projection: disabled
  Projection particular metric: Euclidean
  Fluid KE gradient: disabled  (eps = 0.001, scale = 1, linear = 1, angular = 1)
  Fluid KE discrete gradient: disabled
  Impulse pair metric correction: disabled  (mode = pair discrete-gradient, cutoff = all pairs, inner/outer = 0/0, eps = 0.001, linear scale = 1, angular scale = 0)
  Impulse metric correction: disabled  (internal load constraint = disabled)
  Impulse variational defect probe: disabled
  Impulse quadratic pressure: disabled  (scale = 1)
  Added-mass stab:   disabled
  Exact BEM geometry: disabled
  Exact singular BEM: disabled
  Legacy singular SLP diagnostic: disabled
  Phi-dot blend:     0 (off)

  Solver guidance:
    - Strong coupling: use for stiff close-coupled runs; slower but more implicit.
    - Impulse scheme: use when impulse/momentum conservation or KE drift is the focus. Recommended.
    - Added-mass stab: use for higher mesh counts (ndiv > 3) to preserve stability - deprecated.
================================================
Solver starting - good luck!

Initial state:
  Body  1
    density:          1.000000
    shape axes ratio: (1.000000, 1.000000, 0.915142)
    initial KE ratio: 0.500000
    position:         (-4.000000, 0.000000, 0.000000)
    velocity:         (-0.392495, 5.375878, -1.315146)
    angular velocity: (-0.431849, -6.268047, 0.059215)
    orientation:      (w=-0.135596, i=0.342918, j=-0.814832, k=0.447292)
  Body  2
    density:          1.000000
    shape axes ratio: (1.000000, 1.000000, 1.000000)
    initial KE ratio: 0.500000
    position:         (4.000000, 0.000000, 0.000000)
    velocity:         (-0.397556, 5.445198, -1.332104)
    angular velocity: (5.033176, -2.247260, 3.015854)
    orientation:      (w=0.820935, i=0.299074, j=-0.242093, k=-0.421914)

Preparing first step: implicit scheme, no bootstrap passes required.
First step may take longer than later steps.

First step completed in 0.233 s.

Step   100/2000    5.0% | t 5.000 | ETA 3m 18s | step 0.11s | KE 268.5125 | drift +0.02% | fluid 71.5465 | solid 196.9661
  Impulse FP iterations last/mean/max 8/8.02/9
Step   200/2000   10.0% | t 10.000 | ETA 3m 11s | step 0.11s | KE 268.1996 | drift -0.09% | fluid 72.1182 | solid 196.0814
  Impulse FP iterations last/mean/max 8/8.01/9
Step   300/2000   15.0% | t 15.000 | ETA 3m 2s | step 0.12s | KE 267.3990 | drift -0.39% | fluid 71.3583 | solid 196.0406
  Impulse FP iterations last/mean/max 8/8.01/9
Step   400/2000   20.0% | t 20.000 | ETA 2m 52s | step 0.11s | KE 266.2041 | drift -0.84% | fluid 71.9068 | solid 194.2973
  Impulse FP iterations last/mean/max 8/8.01/9
Step   500/2000   25.0% | t 25.000 | ETA 2m 41s | step 0.11s | KE 265.1608 | drift -1.22% | fluid 71.6932 | solid 193.4676
  Impulse FP iterations last/mean/max 8/8.00/9
Step   600/2000   30.0% | t 30.000 | ETA 2m 31s | step 0.11s | KE 264.4911 | drift -1.47% | fluid 71.4464 | solid 193.0447
  Impulse FP iterations last/mean/max 8/8.00/9
Step   700/2000   35.0% | t 35.000 | ETA 2m 20s | step 0.11s | KE 264.0208 | drift -1.65% | fluid 72.1231 | solid 191.8977
  Impulse FP iterations last/mean/max 8/8.00/9
Step   800/2000   40.0% | t 40.000 | ETA 2m 9s | step 0.12s | KE 263.5719 | drift -1.82% | fluid 71.3447 | solid 192.2272
  Impulse FP iterations last/mean/max 8/8.00/9
Step   900/2000   45.0% | t 45.000 | ETA 1m 59s | step 0.10s | KE 262.8371 | drift -2.09% | fluid 71.7404 | solid 191.0968
  Impulse FP iterations last/mean/max 8/8.00/9
Step  1000/2000   50.0% | t 50.000 | ETA 1m 48s | step 0.12s | KE 261.9784 | drift -2.41% | fluid 71.8603 | solid 190.1181
  Impulse FP iterations last/mean/max 8/8.00/9
Step  1100/2000   55.0% | t 55.000 | ETA 1m 37s | step 0.11s | KE 261.2015 | drift -2.70% | fluid 71.3452 | solid 189.8563
  Impulse FP iterations last/mean/max 8/8.00/9
Step  1200/2000   60.0% | t 60.000 | ETA 1m 26s | step 0.11s | KE 260.6221 | drift -2.92% | fluid 72.0621 | solid 188.5601
  Impulse FP iterations last/mean/max 8/8.00/9
Step  1300/2000   65.0% | t 65.000 | ETA 1m 15s | step 0.10s | KE 260.3504 | drift -3.02% | fluid 71.4741 | solid 188.8763
  Impulse FP iterations last/mean/max 8/8.00/9
Step  1400/2000   70.0% | t 70.000 | ETA 1m 4s | step 0.10s | KE 260.1730 | drift -3.08% | fluid 71.5647 | solid 188.6083
  Impulse FP iterations last/mean/max 8/8.00/9
Step  1500/2000   75.0% | t 75.000 | ETA 54s | step 0.10s | KE 259.9200 | drift -3.18% | fluid 72.0164 | solid 187.9036
  Impulse FP iterations last/mean/max 8/8.00/9
Step  1600/2000   80.0% | t 80.000 | ETA 43s | step 0.11s | KE 259.6230 | drift -3.29% | fluid 71.3084 | solid 188.3146
  Impulse FP iterations last/mean/max 8/8.00/9
Step  1700/2000   85.0% | t 85.000 | ETA 32s | step 0.11s | KE 259.2123 | drift -3.44% | fluid 71.9407 | solid 187.2716
  Impulse FP iterations last/mean/max 8/8.00/9
Step  1800/2000   90.0% | t 90.000 | ETA 21s | step 0.11s | KE 258.8976 | drift -3.56% | fluid 71.6370 | solid 187.2607
  Impulse FP iterations last/mean/max 8/8.00/9
Step  1900/2000   95.0% | t 95.000 | ETA 10s | step 0.11s | KE 258.6879 | drift -3.64% | fluid 71.4238 | solid 187.2641
  Impulse FP iterations last/mean/max 8/8.00/9
Solver finished successfully - good job!
Results saved successfully.

================== Run summary ==================
  Bodies:            2
  Triangles / nodes: 256 / 516
  Timesteps:         2000  (dt = 0.05)
  Simulated time:    0 -> 100
  First-step setup:  0.233 s
  Mean time/step:    0.1076 s  (excl. first step)
  Total wall time:   3m 35s
  Impulse FP iters last/mean/max: 8 / 8.001 / 9
  Approx impulse solves/step:     8.002
  Impulse start cache hits/direct: 1999 / 1
  Impulse global drift P/H:       3.234964e-9 / 3.575459e-3
  Impulse per-body max drift P/H: 9.148056e-9 / 3.456461e-4
  CPU cores:         256 available, 8 Rayon worker thread(s)
  Started:           2026-06-24 02:50:06
  Finished:          2026-06-24 02:53:42
  Output file:       /work/e643/e643/shared/multi_ellip/studies/departing_sphericity_sweep/runs/spheroid_oblate/heterogeneous_sphere/spheroid_oblate_heterogeneous_sphere_eps0p03_rho1_E0p5_sep8_run05_impulse_noproj/multiple_body_complete.dat
================================================
