
================ Simulation setup ================
  Run label:         /work/e643/e643/shared/multi_ellip/studies/departing_sphericity_sweep/runs/spheroid_oblate/heterogeneous_sphere/spheroid_oblate_heterogeneous_sphere_eps0p0001_rho1_E0p5_sep8_run09_impulse_noproj/
  Started:           2026-06-24 02:38:58
  Input file:        /work/e643/e643/shared/multi_ellip/studies/departing_sphericity_sweep/runs/spheroid_oblate/heterogeneous_sphere/spheroid_oblate_heterogeneous_sphere_eps0p0001_rho1_E0p5_sep8_run09_impulse_noproj/input.txt
  Output file:       /work/e643/e643/shared/multi_ellip/studies/departing_sphericity_sweep/runs/spheroid_oblate/heterogeneous_sphere/spheroid_oblate_heterogeneous_sphere_eps0p0001_rho1_E0p5_sep8_run09_impulse_noproj/multiple_body_complete.dat
  Bodies:            2
  Fluid density:     1
  Mesh:              ndiv 2 -> 256 triangles / 516 nodes
  Simulated time:    0 -> 100  (dt = 0.05, ~2000 steps)
  Output cadence:    every 1 step(s)
  Output rows:       ~2001
  Progress cadence:  every 100 step(s)
  CPU cores:         256 available, 8 Rayon worker thread(s)
  Strong coupling:   disabled
  Impulse scheme:    enabled
  Hamiltonian step:  disabled
  Hamiltonian midpt: disabled
  Variational step:  disabled
  Energy projection: disabled
  Projection particular metric: Euclidean
  Fluid KE gradient: disabled  (eps = 0.001, scale = 1, linear = 1, angular = 1)
  Fluid KE discrete gradient: disabled
  Impulse pair metric correction: disabled  (mode = pair discrete-gradient, cutoff = all pairs, inner/outer = 0/0, eps = 0.001, linear scale = 1, angular scale = 0)
  Impulse metric correction: disabled  (internal load constraint = disabled)
  Impulse variational defect probe: disabled
  Impulse quadratic pressure: disabled  (scale = 1)
  Added-mass stab:   disabled
  Exact BEM geometry: disabled
  Exact singular BEM: disabled
  Legacy singular SLP diagnostic: disabled
  Phi-dot blend:     0 (off)

  Solver guidance:
    - Strong coupling: use for stiff close-coupled runs; slower but more implicit.
    - Impulse scheme: use when impulse/momentum conservation or KE drift is the focus. Recommended.
    - Added-mass stab: use for higher mesh counts (ndiv > 3) to preserve stability - deprecated.
================================================
Solver starting - good luck!

Initial state:
  Body  1
    density:          1.000000
    shape axes ratio: (1.000000, 1.000000, 0.999700)
    initial KE ratio: 0.500000
    position:         (-4.000000, 0.000000, 0.000000)
    velocity:         (-2.625926, 3.601441, -3.423772)
    angular velocity: (-0.881970, 1.806859, -5.952798)
    orientation:      (w=0.653177, i=0.333600, j=0.634806, k=-0.243087)
  Body  2
    density:          1.000000
    shape axes ratio: (1.000000, 1.000000, 1.000000)
    initial KE ratio: 0.500000
    position:         (4.000000, 0.000000, 0.000000)
    velocity:         (-2.625704, 3.601136, -3.423482)
    angular velocity: (-5.855296, -2.278069, 0.065805)
    orientation:      (w=0.406262, i=0.709307, j=-0.438276, k=0.373829)

Preparing first step: implicit scheme, no bootstrap passes required.
First step may take longer than later steps.

First step completed in 0.243 s.

Step   100/2000    5.0% | t 5.000 | ETA 2m 27s | step 0.08s | KE 265.7613 | drift -1.91% | fluid 72.4781 | solid 193.2832
  Impulse FP iterations last/mean/max 6/5.95/6
Step   200/2000   10.0% | t 10.000 | ETA 2m 20s | step 0.07s | KE 262.7739 | drift -3.01% | fluid 72.4764 | solid 190.2975
  Impulse FP iterations last/mean/max 5/5.88/6
Step   300/2000   15.0% | t 15.000 | ETA 2m 11s | step 0.08s | KE 261.9623 | drift -3.31% | fluid 72.4781 | solid 189.4841
  Impulse FP iterations last/mean/max 6/5.86/6
Step   400/2000   20.0% | t 20.000 | ETA 2m 3s | step 0.07s | KE 263.3221 | drift -2.81% | fluid 72.4761 | solid 190.8460
  Impulse FP iterations last/mean/max 5/5.84/7
Step   500/2000   25.0% | t 25.000 | ETA 1m 55s | step 0.08s | KE 266.8500 | drift -1.51% | fluid 72.4771 | solid 194.3729
  Impulse FP iterations last/mean/max 6/5.82/7
Step   600/2000   30.0% | t 30.000 | ETA 1m 47s | step 0.08s | KE 272.5429 | drift +0.60% | fluid 72.4759 | solid 200.0670
  Impulse FP iterations last/mean/max 6/5.83/7
Step   700/2000   35.0% | t 35.000 | ETA 1m 40s | step 0.08s | KE 280.3983 | drift +3.50% | fluid 72.4786 | solid 207.9197
  Impulse FP iterations last/mean/max 6/5.83/7
Step   800/2000   40.0% | t 40.000 | ETA 1m 32s | step 0.08s | KE 290.4140 | drift +7.19% | fluid 72.4792 | solid 217.9347
  Impulse FP iterations last/mean/max 6/5.84/7
Step   900/2000   45.0% | t 45.000 | ETA 1m 25s | step 0.08s | KE 302.5879 | drift +11.69% | fluid 72.4758 | solid 230.1122
  Impulse FP iterations last/mean/max 6/5.87/7
Step  1000/2000   50.0% | t 50.000 | ETA 1m 18s | step 0.08s | KE 316.9169 | drift +16.97% | fluid 72.4791 | solid 244.4378
  Impulse FP iterations last/mean/max 7/5.90/7
Step  1100/2000   55.0% | t 55.000 | ETA 1m 10s | step 0.10s | KE 333.3994 | drift +23.06% | fluid 72.4801 | solid 260.9193
  Impulse FP iterations last/mean/max 7/5.94/7
Step  1200/2000   60.0% | t 60.000 | ETA 1m 3s | step 0.08s | KE 352.0323 | drift +29.94% | fluid 72.4773 | solid 279.5551
  Impulse FP iterations last/mean/max 6/5.98/7
Step  1300/2000   65.0% | t 65.000 | ETA 55s | step 0.08s | KE 372.8127 | drift +37.61% | fluid 72.4773 | solid 300.3354
  Impulse FP iterations last/mean/max 6/6.03/7
Step  1400/2000   70.0% | t 70.000 | ETA 48s | step 0.10s | KE 395.7370 | drift +46.07% | fluid 72.4794 | solid 323.2575
  Impulse FP iterations last/mean/max 7/6.07/7
Step  1500/2000   75.0% | t 75.000 | ETA 40s | step 0.08s | KE 420.8024 | drift +55.32% | fluid 72.4777 | solid 348.3247
  Impulse FP iterations last/mean/max 6/6.12/7
Step  1600/2000   80.0% | t 80.000 | ETA 32s | step 0.08s | KE 448.0052 | drift +65.36% | fluid 72.4753 | solid 375.5300
  Impulse FP iterations last/mean/max 7/6.16/7
Step  1700/2000   85.0% | t 85.000 | ETA 24s | step 0.09s | KE 477.3394 | drift +76.19% | fluid 72.4791 | solid 404.8603
  Impulse FP iterations last/mean/max 7/6.21/7
Step  1800/2000   90.0% | t 90.000 | ETA 16s | step 0.07s | KE 508.8050 | drift +87.80% | fluid 72.4764 | solid 436.3286
  Impulse FP iterations last/mean/max 6/6.25/7
Step  1900/2000   95.0% | t 95.000 | ETA 8s | step 0.07s | KE 542.3945 | drift +100.20% | fluid 72.4796 | solid 469.9149
  Impulse FP iterations last/mean/max 7/6.29/7
Solver finished successfully - good job!
Results saved successfully.

================== Run summary ==================
  Bodies:            2
  Triangles / nodes: 256 / 516
  Timesteps:         2000  (dt = 0.05)
  Simulated time:    0 -> 100
  First-step setup:  0.243 s
  Mean time/step:    0.0809 s  (excl. first step)
  Total wall time:   2m 41s
  Impulse FP iters last/mean/max: 7 / 6.323 / 7
  Approx impulse solves/step:     6.324
  Impulse start cache hits/direct: 1999 / 1
  Impulse global drift P/H:       4.178433e-9 / 4.619944e-2
  Impulse per-body max drift P/H: 8.861883e-9 / 3.675844e-3
  CPU cores:         256 available, 8 Rayon worker thread(s)
  Started:           2026-06-24 02:38:58
  Finished:          2026-06-24 02:41:40
  Output file:       /work/e643/e643/shared/multi_ellip/studies/departing_sphericity_sweep/runs/spheroid_oblate/heterogeneous_sphere/spheroid_oblate_heterogeneous_sphere_eps0p0001_rho1_E0p5_sep8_run09_impulse_noproj/multiple_body_complete.dat
================================================
