
================ Simulation setup ================
  Run label:         /work/e643/e643/shared/multi_ellip/studies/departing_sphericity_sweep/runs/spheroid_prolate/heterogeneous_aspherical/spheroid_prolate_heterogeneous_aspherical_eps0_rho1_E0p5_sep8_run05_impulse_noproj/
  Started:           2026-06-24 02:51:07
  Input file:        /work/e643/e643/shared/multi_ellip/studies/departing_sphericity_sweep/runs/spheroid_prolate/heterogeneous_aspherical/spheroid_prolate_heterogeneous_aspherical_eps0_rho1_E0p5_sep8_run05_impulse_noproj/input.txt
  Output file:       /work/e643/e643/shared/multi_ellip/studies/departing_sphericity_sweep/runs/spheroid_prolate/heterogeneous_aspherical/spheroid_prolate_heterogeneous_aspherical_eps0_rho1_E0p5_sep8_run05_impulse_noproj/multiple_body_complete.dat
  Bodies:            2
  Fluid density:     1
  Mesh:              ndiv 2 -> 256 triangles / 516 nodes
  Simulated time:    0 -> 100  (dt = 0.05, ~2000 steps)
  Output cadence:    every 1 step(s)
  Output rows:       ~2001
  Progress cadence:  every 100 step(s)
  CPU cores:         256 available, 8 Rayon worker thread(s)
  Strong coupling:   disabled
  Impulse scheme:    enabled
  Hamiltonian step:  disabled
  Hamiltonian midpt: disabled
  Variational step:  disabled
  Energy projection: disabled
  Projection particular metric: Euclidean
  Fluid KE gradient: disabled  (eps = 0.001, scale = 1, linear = 1, angular = 1)
  Fluid KE discrete gradient: disabled
  Impulse pair metric correction: disabled  (mode = pair discrete-gradient, cutoff = all pairs, inner/outer = 0/0, eps = 0.001, linear scale = 1, angular scale = 0)
  Impulse metric correction: disabled  (internal load constraint = disabled)
  Impulse variational defect probe: disabled
  Impulse quadratic pressure: disabled  (scale = 1)
  Added-mass stab:   disabled
  Exact BEM geometry: disabled
  Exact singular BEM: disabled
  Legacy singular SLP diagnostic: disabled
  Phi-dot blend:     0 (off)

  Solver guidance:
    - Strong coupling: use for stiff close-coupled runs; slower but more implicit.
    - Impulse scheme: use when impulse/momentum conservation or KE drift is the focus. Recommended.
    - Added-mass stab: use for higher mesh counts (ndiv > 3) to preserve stability - deprecated.
================================================
Solver starting - good luck!

Initial state:
  Body  1
    density:          1.000000
    shape axes ratio: (1.000000, 1.000000, 1.000000)
    initial KE ratio: 0.500000
    position:         (-4.000000, 0.000000, 0.000000)
    velocity:         (3.893647, 2.940232, 2.788777)
    angular velocity: (-1.890818, -3.909763, -4.540592)
    orientation:      (w=0.039193, i=0.064125, j=0.682712, k=0.726812)
  Body  2
    density:          1.000000
    shape axes ratio: (1.000000, 0.125000, 0.125000)
    initial KE ratio: 0.500000
    position:         (4.000000, 0.000000, 0.000000)
    velocity:         (9.322811, 7.039988, 6.677349)
    angular velocity: (3.462875, 2.839264, 4.407436)
    orientation:      (w=-0.486755, i=-0.503275, j=0.673854, k=0.236020)

Preparing first step: implicit scheme, no bootstrap passes required.
First step may take longer than later steps.

First step completed in 0.339 s.

Step   100/2000    5.0% | t 5.000 | ETA 5m 15s | step 0.19s | KE 1390.7701 | drift +0.32% | fluid 644.3803 | solid 746.3898
  Impulse FP iterations last/mean/max 13/11.49/13
Step   200/2000   10.0% | t 10.000 | ETA 4m 57s | step 0.16s | KE 1386.5259 | drift +0.02% | fluid 642.2516 | solid 744.2743
  Impulse FP iterations last/mean/max 11/11.45/13
Step   300/2000   15.0% | t 15.000 | ETA 4m 41s | step 0.19s | KE 1390.9667 | drift +0.34% | fluid 643.2752 | solid 747.6915
  Impulse FP iterations last/mean/max 13/11.46/13
Step   400/2000   20.0% | t 20.000 | ETA 4m 24s | step 0.15s | KE 1386.5415 | drift +0.02% | fluid 641.0857 | solid 745.4557
  Impulse FP iterations last/mean/max 11/11.46/13
Step   500/2000   25.0% | t 25.000 | ETA 4m 8s | step 0.19s | KE 1391.1488 | drift +0.35% | fluid 642.1878 | solid 748.9610
  Impulse FP iterations last/mean/max 13/11.48/13
Step   600/2000   30.0% | t 30.000 | ETA 3m 47s | step 0.14s | KE 1386.5572 | drift +0.02% | fluid 639.9457 | solid 746.6115
  Impulse FP iterations last/mean/max 11/11.48/13
Step   700/2000   35.0% | t 35.000 | ETA 3m 27s | step 0.15s | KE 1391.3229 | drift +0.36% | fluid 641.1278 | solid 750.1951
  Impulse FP iterations last/mean/max 12/11.48/13
Step   800/2000   40.0% | t 40.000 | ETA 3m 9s | step 0.14s | KE 1386.5743 | drift +0.02% | fluid 638.8408 | solid 747.7335
  Impulse FP iterations last/mean/max 11/11.46/13
Step   900/2000   45.0% | t 45.000 | ETA 2m 53s | step 0.17s | KE 1391.4886 | drift +0.37% | fluid 640.1040 | solid 751.3847
  Impulse FP iterations last/mean/max 13/11.46/13
Step  1000/2000   50.0% | t 50.000 | ETA 2m 38s | step 0.17s | KE 1386.5926 | drift +0.02% | fluid 637.7798 | solid 748.8128
  Impulse FP iterations last/mean/max 11/11.46/13
Step  1100/2000   55.0% | t 55.000 | ETA 2m 23s | step 0.19s | KE 1391.6452 | drift +0.39% | fluid 639.1248 | solid 752.5204
  Impulse FP iterations last/mean/max 13/11.46/13
Step  1200/2000   60.0% | t 60.000 | ETA 2m 7s | step 0.18s | KE 1386.6116 | drift +0.02% | fluid 636.7714 | solid 749.8402
  Impulse FP iterations last/mean/max 13/11.47/13
Step  1300/2000   65.0% | t 65.000 | ETA 1m 52s | step 0.18s | KE 1391.7918 | drift +0.40% | fluid 638.1985 | solid 753.5934
  Impulse FP iterations last/mean/max 13/11.47/13
Step  1400/2000   70.0% | t 70.000 | ETA 1m 36s | step 0.18s | KE 1386.6308 | drift +0.02% | fluid 635.8236 | solid 750.8072
  Impulse FP iterations last/mean/max 13/11.47/13
Step  1500/2000   75.0% | t 75.000 | ETA 1m 20s | step 0.19s | KE 1391.9276 | drift +0.41% | fluid 637.3325 | solid 754.5952
  Impulse FP iterations last/mean/max 13/11.46/13
Step  1600/2000   80.0% | t 80.000 | ETA 1m 4s | step 0.17s | KE 1386.6498 | drift +0.02% | fluid 634.9440 | solid 751.7058
  Impulse FP iterations last/mean/max 12/11.46/14
Step  1700/2000   85.0% | t 85.000 | ETA 48s | step 0.18s | KE 1392.0519 | drift +0.41% | fluid 636.5339 | solid 755.5179
  Impulse FP iterations last/mean/max 12/11.46/14
Step  1800/2000   90.0% | t 90.000 | ETA 32s | step 0.17s | KE 1386.6679 | drift +0.03% | fluid 634.1395 | solid 752.5284
  Impulse FP iterations last/mean/max 12/11.47/14
Step  1900/2000   95.0% | t 95.000 | ETA 16s | step 0.16s | KE 1392.1638 | drift +0.42% | fluid 635.8094 | solid 756.3544
  Impulse FP iterations last/mean/max 12/11.47/14
Solver finished successfully - good job!
Results saved successfully.

================== Run summary ==================
  Bodies:            2
  Triangles / nodes: 256 / 516
  Timesteps:         2000  (dt = 0.05)
  Simulated time:    0 -> 100
  First-step setup:  0.339 s
  Mean time/step:    0.1610 s  (excl. first step)
  Total wall time:   5m 22s
  Impulse FP iters last/mean/max: 13 / 11.469 / 14
  Approx impulse solves/step:     11.469
  Impulse start cache hits/direct: 1999 / 1
  Impulse global drift P/H:       1.791668e-8 / 3.513445e-3
  Impulse per-body max drift P/H: 2.356651e-8 / 2.566535e-3
  CPU cores:         256 available, 8 Rayon worker thread(s)
  Started:           2026-06-24 02:51:07
  Finished:          2026-06-24 02:56:29
  Output file:       /work/e643/e643/shared/multi_ellip/studies/departing_sphericity_sweep/runs/spheroid_prolate/heterogeneous_aspherical/spheroid_prolate_heterogeneous_aspherical_eps0_rho1_E0p5_sep8_run05_impulse_noproj/multiple_body_complete.dat
================================================
