
================ Simulation setup ================
  Run label:         /work/e643/e643/shared/multi_ellip/studies/departing_sphericity_sweep/runs/spheroid_oblate/heterogeneous_sphere/spheroid_oblate_heterogeneous_sphere_eps0p1_rho1_E0p5_sep8_run09_impulse_noproj/
  Started:           2026-06-24 02:50:07
  Input file:        /work/e643/e643/shared/multi_ellip/studies/departing_sphericity_sweep/runs/spheroid_oblate/heterogeneous_sphere/spheroid_oblate_heterogeneous_sphere_eps0p1_rho1_E0p5_sep8_run09_impulse_noproj/input.txt
  Output file:       /work/e643/e643/shared/multi_ellip/studies/departing_sphericity_sweep/runs/spheroid_oblate/heterogeneous_sphere/spheroid_oblate_heterogeneous_sphere_eps0p1_rho1_E0p5_sep8_run09_impulse_noproj/multiple_body_complete.dat
  Bodies:            2
  Fluid density:     1
  Mesh:              ndiv 2 -> 256 triangles / 516 nodes
  Simulated time:    0 -> 100  (dt = 0.05, ~2000 steps)
  Output cadence:    every 1 step(s)
  Output rows:       ~2001
  Progress cadence:  every 100 step(s)
  CPU cores:         256 available, 8 Rayon worker thread(s)
  Strong coupling:   disabled
  Impulse scheme:    enabled
  Hamiltonian step:  disabled
  Hamiltonian midpt: disabled
  Variational step:  disabled
  Energy projection: disabled
  Projection particular metric: Euclidean
  Fluid KE gradient: disabled  (eps = 0.001, scale = 1, linear = 1, angular = 1)
  Fluid KE discrete gradient: disabled
  Impulse pair metric correction: disabled  (mode = pair discrete-gradient, cutoff = all pairs, inner/outer = 0/0, eps = 0.001, linear scale = 1, angular scale = 0)
  Impulse metric correction: disabled  (internal load constraint = disabled)
  Impulse variational defect probe: disabled
  Impulse quadratic pressure: disabled  (scale = 1)
  Added-mass stab:   disabled
  Exact BEM geometry: disabled
  Exact singular BEM: disabled
  Legacy singular SLP diagnostic: disabled
  Phi-dot blend:     0 (off)

  Solver guidance:
    - Strong coupling: use for stiff close-coupled runs; slower but more implicit.
    - Impulse scheme: use when impulse/momentum conservation or KE drift is the focus. Recommended.
    - Added-mass stab: use for higher mesh counts (ndiv > 3) to preserve stability - deprecated.
================================================
Solver starting - good luck!

Initial state:
  Body  1
    density:          1.000000
    shape axes ratio: (1.000000, 1.000000, 0.751315)
    initial KE ratio: 0.500000
    position:         (-4.000000, 0.000000, 0.000000)
    velocity:         (0.568624, 3.949139, -4.126172)
    angular velocity: (3.638484, 3.430129, -3.804479)
    orientation:      (w=0.631479, i=0.083524, j=0.737619, k=0.224000)
  Body  2
    density:          1.000000
    shape axes ratio: (1.000000, 1.000000, 1.000000)
    initial KE ratio: 0.500000
    position:         (4.000000, 0.000000, 0.000000)
    velocity:         (0.556750, 3.866668, -4.040005)
    angular velocity: (-0.671262, 6.155145, -1.068649)
    orientation:      (w=0.191525, i=0.921265, j=-0.273114, k=0.199992)

Preparing first step: implicit scheme, no bootstrap passes required.
First step may take longer than later steps.

First step completed in 0.282 s.

Step   100/2000    5.0% | t 5.000 | ETA 4m 9s | step 0.12s | KE 272.2524 | drift -1.12% | fluid 75.5543 | solid 196.6981
  Impulse FP iterations last/mean/max 10/9.70/10
Step   200/2000   10.0% | t 10.000 | ETA 3m 56s | step 0.12s | KE 266.2100 | drift -3.32% | fluid 70.9346 | solid 195.2754
  Impulse FP iterations last/mean/max 9/9.68/10
Step   300/2000   15.0% | t 15.000 | ETA 3m 42s | step 0.13s | KE 264.5723 | drift -3.91% | fluid 74.9491 | solid 189.6233
  Impulse FP iterations last/mean/max 10/9.64/10
Step   400/2000   20.0% | t 20.000 | ETA 3m 29s | step 0.15s | KE 272.0188 | drift -1.21% | fluid 71.0880 | solid 200.9308
  Impulse FP iterations last/mean/max 10/9.65/10
Step   500/2000   25.0% | t 25.000 | ETA 3m 15s | step 0.13s | KE 273.9795 | drift -0.50% | fluid 73.4332 | solid 200.5463
  Impulse FP iterations last/mean/max 10/9.65/10
Step   600/2000   30.0% | t 30.000 | ETA 3m 2s | step 0.14s | KE 272.7350 | drift -0.95% | fluid 72.7197 | solid 200.0153
  Impulse FP iterations last/mean/max 10/9.64/10
Step   700/2000   35.0% | t 35.000 | ETA 2m 48s | step 0.11s | KE 271.4968 | drift -1.40% | fluid 71.4693 | solid 200.0274
  Impulse FP iterations last/mean/max 9/9.60/10
Step   800/2000   40.0% | t 40.000 | ETA 2m 32s | step 0.10s | KE 270.5747 | drift -1.73% | fluid 75.3709 | solid 195.2037
  Impulse FP iterations last/mean/max 9/9.53/10
Step   900/2000   45.0% | t 45.000 | ETA 2m 17s | step 0.11s | KE 270.4664 | drift -1.77% | fluid 70.9316 | solid 199.5348
  Impulse FP iterations last/mean/max 9/9.46/10
Step  1000/2000   50.0% | t 50.000 | ETA 2m 2s | step 0.10s | KE 270.0189 | drift -1.93% | fluid 74.9258 | solid 195.0930
  Impulse FP iterations last/mean/max 9/9.39/10
Step  1100/2000   55.0% | t 55.000 | ETA 1m 49s | step 0.13s | KE 270.0153 | drift -1.94% | fluid 71.8311 | solid 198.1842
  Impulse FP iterations last/mean/max 9/9.33/10
Step  1200/2000   60.0% | t 60.000 | ETA 1m 37s | step 0.12s | KE 269.8059 | drift -2.01% | fluid 72.2331 | solid 197.5728
  Impulse FP iterations last/mean/max 9/9.27/10
Step  1300/2000   65.0% | t 65.000 | ETA 1m 25s | step 0.12s | KE 269.4974 | drift -2.12% | fluid 74.4010 | solid 195.0964
  Impulse FP iterations last/mean/max 9/9.22/10
Step  1400/2000   70.0% | t 70.000 | ETA 1m 12s | step 0.10s | KE 269.5349 | drift -2.11% | fluid 70.9952 | solid 198.5397
  Impulse FP iterations last/mean/max 8/9.18/10
Step  1500/2000   75.0% | t 75.000 | ETA 1m 0s | step 0.11s | KE 269.1717 | drift -2.24% | fluid 75.6557 | solid 193.5159
  Impulse FP iterations last/mean/max 8/9.13/10
Step  1600/2000   80.0% | t 80.000 | ETA 48s | step 0.11s | KE 269.4164 | drift -2.15% | fluid 71.2736 | solid 198.1428
  Impulse FP iterations last/mean/max 8/9.10/10
Step  1700/2000   85.0% | t 85.000 | ETA 35s | step 0.11s | KE 269.3143 | drift -2.19% | fluid 73.2610 | solid 196.0533
  Impulse FP iterations last/mean/max 9/9.06/10
Step  1800/2000   90.0% | t 90.000 | ETA 23s | step 0.10s | KE 269.2900 | drift -2.20% | fluid 73.2363 | solid 196.0538
  Impulse FP iterations last/mean/max 9/9.04/10
Step  1900/2000   95.0% | t 95.000 | ETA 11s | step 0.09s | KE 269.3385 | drift -2.18% | fluid 71.2823 | solid 198.0562
  Impulse FP iterations last/mean/max 8/9.02/10
Solver finished successfully - good job!
Results saved successfully.

================== Run summary ==================
  Bodies:            2
  Triangles / nodes: 256 / 516
  Timesteps:         2000  (dt = 0.05)
  Simulated time:    0 -> 100
  First-step setup:  0.282 s
  Mean time/step:    0.1166 s  (excl. first step)
  Total wall time:   3m 53s
  Impulse FP iters last/mean/max: 8 / 8.993 / 10
  Approx impulse solves/step:     8.994
  Impulse start cache hits/direct: 1999 / 1
  Impulse global drift P/H:       2.192882e-8 / 8.036388e-3
  Impulse per-body max drift P/H: 2.811417e-8 / 1.123813e-3
  CPU cores:         256 available, 8 Rayon worker thread(s)
  Started:           2026-06-24 02:50:07
  Finished:          2026-06-24 02:54:01
  Output file:       /work/e643/e643/shared/multi_ellip/studies/departing_sphericity_sweep/runs/spheroid_oblate/heterogeneous_sphere/spheroid_oblate_heterogeneous_sphere_eps0p1_rho1_E0p5_sep8_run09_impulse_noproj/multiple_body_complete.dat
================================================
