
================ Simulation setup ================
  Run label:         /work/e643/e643/shared/multi_ellip/studies/departing_sphericity_sweep/runs/spheroid_prolate/heterogeneous_sphere/spheroid_prolate_heterogeneous_sphere_eps0_rho1_E0p5_sep8_run08_impulse_noproj/
  Started:           2026-06-24 02:36:39
  Input file:        /work/e643/e643/shared/multi_ellip/studies/departing_sphericity_sweep/runs/spheroid_prolate/heterogeneous_sphere/spheroid_prolate_heterogeneous_sphere_eps0_rho1_E0p5_sep8_run08_impulse_noproj/input.txt
  Output file:       /work/e643/e643/shared/multi_ellip/studies/departing_sphericity_sweep/runs/spheroid_prolate/heterogeneous_sphere/spheroid_prolate_heterogeneous_sphere_eps0_rho1_E0p5_sep8_run08_impulse_noproj/multiple_body_complete.dat
  Bodies:            2
  Fluid density:     1
  Mesh:              ndiv 2 -> 256 triangles / 516 nodes
  Simulated time:    0 -> 100  (dt = 0.05, ~2000 steps)
  Output cadence:    every 1 step(s)
  Output rows:       ~2001
  Progress cadence:  every 100 step(s)
  CPU cores:         256 available, 8 Rayon worker thread(s)
  Strong coupling:   disabled
  Impulse scheme:    enabled
  Hamiltonian step:  disabled
  Hamiltonian midpt: disabled
  Variational step:  disabled
  Energy projection: disabled
  Projection particular metric: Euclidean
  Fluid KE gradient: disabled  (eps = 0.001, scale = 1, linear = 1, angular = 1)
  Fluid KE discrete gradient: disabled
  Impulse pair metric correction: disabled  (mode = pair discrete-gradient, cutoff = all pairs, inner/outer = 0/0, eps = 0.001, linear scale = 1, angular scale = 0)
  Impulse metric correction: disabled  (internal load constraint = disabled)
  Impulse variational defect probe: disabled
  Impulse quadratic pressure: disabled  (scale = 1)
  Added-mass stab:   disabled
  Exact BEM geometry: disabled
  Exact singular BEM: disabled
  Legacy singular SLP diagnostic: disabled
  Phi-dot blend:     0 (off)

  Solver guidance:
    - Strong coupling: use for stiff close-coupled runs; slower but more implicit.
    - Impulse scheme: use when impulse/momentum conservation or KE drift is the focus. Recommended.
    - Added-mass stab: use for higher mesh counts (ndiv > 3) to preserve stability - deprecated.
================================================
Solver starting - good luck!

Initial state:
  Body  1
    density:          1.000000
    shape axes ratio: (1.000000, 1.000000, 1.000000)
    initial KE ratio: 0.500000
    position:         (-4.000000, 0.000000, 0.000000)
    velocity:         (-4.650275, -2.013824, -2.429442)
    angular velocity: (4.401884, -1.007190, -4.368913)
    orientation:      (w=-0.477672, i=0.626352, j=0.610722, k=0.080818)
  Body  2
    density:          1.000000
    shape axes ratio: (1.000000, 1.000000, 1.000000)
    initial KE ratio: 0.500000
    position:         (4.000000, 0.000000, 0.000000)
    velocity:         (-4.650275, -2.013824, -2.429442)
    angular velocity: (-1.524715, -0.085720, 6.094778)
    orientation:      (w=-0.351591, i=0.211802, j=-0.911846, k=0.007761)

Preparing first step: implicit scheme, no bootstrap passes required.
First step may take longer than later steps.

First step completed in 0.217 s.

Step   100/2000    5.0% | t 5.000 | ETA 2m 34s | step 0.09s | KE 269.0122 | drift -0.59% | fluid 72.1608 | solid 196.8514
  Impulse FP iterations last/mean/max 6/5.99/6
Step   200/2000   10.0% | t 10.000 | ETA 2m 28s | step 0.09s | KE 270.2046 | drift -0.15% | fluid 72.1609 | solid 198.0437
  Impulse FP iterations last/mean/max 6/6.00/6
Step   300/2000   15.0% | t 15.000 | ETA 2m 20s | step 0.08s | KE 274.1781 | drift +1.32% | fluid 72.1608 | solid 202.0173
  Impulse FP iterations last/mean/max 6/6.00/6
Step   400/2000   20.0% | t 20.000 | ETA 2m 12s | step 0.09s | KE 280.9327 | drift +3.82% | fluid 72.1609 | solid 208.7718
  Impulse FP iterations last/mean/max 6/6.00/6
Step   500/2000   25.0% | t 25.000 | ETA 2m 4s | step 0.08s | KE 290.4683 | drift +7.34% | fluid 72.1608 | solid 218.3075
  Impulse FP iterations last/mean/max 6/6.00/6
Step   600/2000   30.0% | t 30.000 | ETA 1m 56s | step 0.08s | KE 302.7848 | drift +11.89% | fluid 72.1609 | solid 230.6240
  Impulse FP iterations last/mean/max 6/6.00/6
Step   700/2000   35.0% | t 35.000 | ETA 1m 47s | step 0.08s | KE 317.8821 | drift +17.47% | fluid 72.1609 | solid 245.7212
  Impulse FP iterations last/mean/max 6/5.99/6
Step   800/2000   40.0% | t 40.000 | ETA 1m 39s | step 0.09s | KE 335.7603 | drift +24.08% | fluid 72.1609 | solid 263.5994
  Impulse FP iterations last/mean/max 6/5.98/6
Step   900/2000   45.0% | t 45.000 | ETA 1m 31s | step 0.09s | KE 356.4193 | drift +31.71% | fluid 72.1609 | solid 284.2584
  Impulse FP iterations last/mean/max 6/5.97/6
Step  1000/2000   50.0% | t 50.000 | ETA 1m 22s | step 0.08s | KE 379.8587 | drift +40.38% | fluid 72.1609 | solid 307.6978
  Impulse FP iterations last/mean/max 6/5.95/6
Step  1100/2000   55.0% | t 55.000 | ETA 1m 14s | step 0.08s | KE 406.0785 | drift +50.07% | fluid 72.1609 | solid 333.9176
  Impulse FP iterations last/mean/max 6/5.93/6
Step  1200/2000   60.0% | t 60.000 | ETA 1m 5s | step 0.09s | KE 435.0786 | drift +60.78% | fluid 72.1610 | solid 362.9177
  Impulse FP iterations last/mean/max 6/5.91/6
Step  1300/2000   65.0% | t 65.000 | ETA 57s | step 0.09s | KE 466.8589 | drift +72.53% | fluid 72.1610 | solid 394.6980
  Impulse FP iterations last/mean/max 6/5.88/6
Step  1400/2000   70.0% | t 70.000 | ETA 49s | step 0.07s | KE 501.4193 | drift +85.30% | fluid 72.1610 | solid 429.2583
  Impulse FP iterations last/mean/max 5/5.86/6
Step  1500/2000   75.0% | t 75.000 | ETA 40s | step 0.07s | KE 538.7593 | drift +99.10% | fluid 72.1611 | solid 466.5983
  Impulse FP iterations last/mean/max 5/5.83/6
Step  1600/2000   80.0% | t 80.000 | ETA 32s | step 0.08s | KE 578.8792 | drift +113.92% | fluid 72.1611 | solid 506.7181
  Impulse FP iterations last/mean/max 6/5.81/6
Step  1700/2000   85.0% | t 85.000 | ETA 24s | step 0.08s | KE 621.7784 | drift +129.78% | fluid 72.1611 | solid 549.6174
  Impulse FP iterations last/mean/max 6/5.79/6
Step  1800/2000   90.0% | t 90.000 | ETA 16s | step 0.07s | KE 667.4569 | drift +146.66% | fluid 72.1611 | solid 595.2958
  Impulse FP iterations last/mean/max 5/5.79/6
Step  1900/2000   95.0% | t 95.000 | ETA 8s | step 0.07s | KE 715.9144 | drift +164.56% | fluid 72.1611 | solid 643.7533
  Impulse FP iterations last/mean/max 6/5.77/6
Solver finished successfully - good job!
Results saved successfully.

================== Run summary ==================
  Bodies:            2
  Triangles / nodes: 256 / 516
  Timesteps:         2000  (dt = 0.05)
  Simulated time:    0 -> 100
  First-step setup:  0.217 s
  Mean time/step:    0.0795 s  (excl. first step)
  Total wall time:   2m 39s
  Impulse FP iters last/mean/max: 5 / 5.750 / 6
  Approx impulse solves/step:     5.750
  Impulse start cache hits/direct: 1999 / 1
  Impulse global drift P/H:       2.426772e-9 / 1.243442e-1
  Impulse per-body max drift P/H: 2.882429e-9 / 9.261677e-3
  CPU cores:         256 available, 8 Rayon worker thread(s)
  Started:           2026-06-24 02:36:39
  Finished:          2026-06-24 02:39:19
  Output file:       /work/e643/e643/shared/multi_ellip/studies/departing_sphericity_sweep/runs/spheroid_prolate/heterogeneous_sphere/spheroid_prolate_heterogeneous_sphere_eps0_rho1_E0p5_sep8_run08_impulse_noproj/multiple_body_complete.dat
================================================
