
================ Simulation setup ================
  Run label:         /work/e643/e643/shared/multi_ellip/studies/departing_sphericity_sweep/runs/spheroid_oblate/heterogeneous_aspherical/spheroid_oblate_heterogeneous_aspherical_eps0p0001_rho1_E0p5_sep8_run03_impulse_noproj/
  Started:           2026-06-24 02:55:33
  Input file:        /work/e643/e643/shared/multi_ellip/studies/departing_sphericity_sweep/runs/spheroid_oblate/heterogeneous_aspherical/spheroid_oblate_heterogeneous_aspherical_eps0p0001_rho1_E0p5_sep8_run03_impulse_noproj/input.txt
  Output file:       /work/e643/e643/shared/multi_ellip/studies/departing_sphericity_sweep/runs/spheroid_oblate/heterogeneous_aspherical/spheroid_oblate_heterogeneous_aspherical_eps0p0001_rho1_E0p5_sep8_run03_impulse_noproj/multiple_body_complete.dat
  Bodies:            2
  Fluid density:     1
  Mesh:              ndiv 2 -> 256 triangles / 516 nodes
  Simulated time:    0 -> 100  (dt = 0.05, ~2000 steps)
  Output cadence:    every 1 step(s)
  Output rows:       ~2001
  Progress cadence:  every 100 step(s)
  CPU cores:         256 available, 8 Rayon worker thread(s)
  Strong coupling:   disabled
  Impulse scheme:    enabled
  Hamiltonian step:  disabled
  Hamiltonian midpt: disabled
  Variational step:  disabled
  Energy projection: disabled
  Projection particular metric: Euclidean
  Fluid KE gradient: disabled  (eps = 0.001, scale = 1, linear = 1, angular = 1)
  Fluid KE discrete gradient: disabled
  Impulse pair metric correction: disabled  (mode = pair discrete-gradient, cutoff = all pairs, inner/outer = 0/0, eps = 0.001, linear scale = 1, angular scale = 0)
  Impulse metric correction: disabled  (internal load constraint = disabled)
  Impulse variational defect probe: disabled
  Impulse quadratic pressure: disabled  (scale = 1)
  Added-mass stab:   disabled
  Exact BEM geometry: disabled
  Exact singular BEM: disabled
  Legacy singular SLP diagnostic: disabled
  Phi-dot blend:     0 (off)

  Solver guidance:
    - Strong coupling: use for stiff close-coupled runs; slower but more implicit.
    - Impulse scheme: use when impulse/momentum conservation or KE drift is the focus. Recommended.
    - Added-mass stab: use for higher mesh counts (ndiv > 3) to preserve stability - deprecated.
================================================
Solver starting - good luck!

Initial state:
  Body  1
    density:          1.000000
    shape axes ratio: (1.000000, 1.000000, 0.999700)
    initial KE ratio: 0.500000
    position:         (-4.000000, 0.000000, 0.000000)
    velocity:         (-4.236536, -3.457475, 1.295972)
    angular velocity: (-3.815872, -3.896437, -3.120148)
    orientation:      (w=-0.552371, i=-0.805354, j=0.115893, k=0.181275)
  Body  2
    density:          1.000000
    shape axes ratio: (1.000000, 1.000000, 0.125000)
    initial KE ratio: 0.500000
    position:         (4.000000, 0.000000, 0.000000)
    velocity:         (-7.629339, -6.226371, 2.333844)
    angular velocity: (2.576017, -2.923154, 4.929272)
    orientation:      (w=-0.665044, i=0.446775, j=-0.105035, k=-0.589132)

Preparing first step: implicit scheme, no bootstrap passes required.
First step may take longer than later steps.

First step completed in 0.356 s.

Step   100/2000    5.0% | t 5.000 | ETA 6m 55s | step 0.20s | KE 658.3852 | drift -0.73% | fluid 301.7289 | solid 356.6563
  Impulse FP iterations last/mean/max 15/15.11/30
Step   200/2000   10.0% | t 10.000 | ETA 6m 26s | step 0.22s | KE 655.4376 | drift -1.18% | fluid 327.5291 | solid 327.9084
  Impulse FP iterations last/mean/max 15/14.91/30
Step   300/2000   15.0% | t 15.000 | ETA 6m 2s | step 0.22s | KE 643.6458 | drift -2.96% | fluid 341.6331 | solid 302.0127
  Impulse FP iterations last/mean/max 15/14.86/30
Step   400/2000   20.0% | t 20.000 | ETA 5m 43s | step 0.18s | KE 636.7569 | drift -3.99% | fluid 308.4965 | solid 328.2605
  Impulse FP iterations last/mean/max 13/14.98/30
Step   500/2000   25.0% | t 25.000 | ETA 5m 20s | step 0.24s | KE 637.2183 | drift -3.92% | fluid 277.0760 | solid 360.1423
  Impulse FP iterations last/mean/max 16/14.95/30
Step   600/2000   30.0% | t 30.000 | ETA 4m 58s | step 0.21s | KE 637.9337 | drift -3.82% | fluid 264.1295 | solid 373.8042
  Impulse FP iterations last/mean/max 14/14.86/30
Step   700/2000   35.0% | t 35.000 | ETA 4m 35s | step 0.19s | KE 637.9735 | drift -3.81% | fluid 265.6551 | solid 372.3184
  Impulse FP iterations last/mean/max 14/14.78/30
Step   800/2000   40.0% | t 40.000 | ETA 4m 12s | step 0.19s | KE 637.2557 | drift -3.92% | fluid 278.9659 | solid 358.2898
  Impulse FP iterations last/mean/max 14/14.69/30
Step   900/2000   45.0% | t 45.000 | ETA 3m 49s | step 0.21s | KE 635.9127 | drift -4.12% | fluid 304.3315 | solid 331.5812
  Impulse FP iterations last/mean/max 14/14.57/30
Step  1000/2000   50.0% | t 50.000 | ETA 3m 27s | step 0.18s | KE 634.3474 | drift -4.36% | fluid 340.2898 | solid 294.0576
  Impulse FP iterations last/mean/max 13/14.50/30
Step  1100/2000   55.0% | t 55.000 | ETA 3m 6s | step 0.19s | KE 632.4848 | drift -4.64% | fluid 377.5139 | solid 254.9708
  Impulse FP iterations last/mean/max 13/14.41/30
Step  1200/2000   60.0% | t 60.000 | ETA 2m 44s | step 0.18s | KE 630.9707 | drift -4.87% | fluid 407.7572 | solid 223.2134
  Impulse FP iterations last/mean/max 12/14.32/30
Step  1300/2000   65.0% | t 65.000 | ETA 2m 23s | step 0.21s | KE 630.1845 | drift -4.98% | fluid 418.9291 | solid 211.2553
  Impulse FP iterations last/mean/max 14/14.27/30
Step  1400/2000   70.0% | t 70.000 | ETA 2m 2s | step 0.20s | KE 630.6994 | drift -4.91% | fluid 410.7774 | solid 219.9220
  Impulse FP iterations last/mean/max 13/14.27/30
Step  1500/2000   75.0% | t 75.000 | ETA 1m 42s | step 0.20s | KE 632.1173 | drift -4.69% | fluid 382.3366 | solid 249.7807
  Impulse FP iterations last/mean/max 13/14.26/30
Step  1600/2000   80.0% | t 80.000 | ETA 1m 21s | step 0.19s | KE 633.9927 | drift -4.41% | fluid 346.0359 | solid 287.9568
  Impulse FP iterations last/mean/max 13/14.22/30
Step  1700/2000   85.0% | t 85.000 | ETA 1m 1s | step 0.20s | KE 635.4885 | drift -4.19% | fluid 309.7870 | solid 325.7014
  Impulse FP iterations last/mean/max 14/14.20/30
Step  1800/2000   90.0% | t 90.000 | ETA 40s | step 0.19s | KE 636.5679 | drift -4.02% | fluid 282.2709 | solid 354.2970
  Impulse FP iterations last/mean/max 14/14.18/30
Step  1900/2000   95.0% | t 95.000 | ETA 20s | step 0.18s | KE 637.0556 | drift -3.95% | fluid 266.3670 | solid 370.6886
  Impulse FP iterations last/mean/max 14/14.16/30
Solver finished successfully - good job!
Results saved successfully.

================== Run summary ==================
  Bodies:            2
  Triangles / nodes: 256 / 516
  Timesteps:         2000  (dt = 0.05)
  Simulated time:    0 -> 100
  First-step setup:  0.356 s
  Mean time/step:    0.1990 s  (excl. first step)
  Total wall time:   6m 38s
  Impulse FP iters last/mean/max: 13 / 14.146 / 30
  Approx impulse solves/step:     14.147
  Impulse start cache hits/direct: 1999 / 1
  Impulse global drift P/H:       6.685937e-9 / 1.348874e-2
  Impulse per-body max drift P/H: 1.186070e-8 / 8.905972e-3
  CPU cores:         256 available, 8 Rayon worker thread(s)
  Started:           2026-06-24 02:55:33
  Finished:          2026-06-24 03:02:12
  Output file:       /work/e643/e643/shared/multi_ellip/studies/departing_sphericity_sweep/runs/spheroid_oblate/heterogeneous_aspherical/spheroid_oblate_heterogeneous_aspherical_eps0p0001_rho1_E0p5_sep8_run03_impulse_noproj/multiple_body_complete.dat
================================================
