
================ Simulation setup ================
  Run label:         /work/e643/e643/shared/multi_ellip/studies/departing_sphericity_sweep/runs/triaxial/heterogeneous_aspherical/triaxial_heterogeneous_aspherical_eps0p003_rho1_E0p5_sep8_run02_impulse_noproj/
  Started:           2026-06-24 02:58:06
  Input file:        /work/e643/e643/shared/multi_ellip/studies/departing_sphericity_sweep/runs/triaxial/heterogeneous_aspherical/triaxial_heterogeneous_aspherical_eps0p003_rho1_E0p5_sep8_run02_impulse_noproj/input.txt
  Output file:       /work/e643/e643/shared/multi_ellip/studies/departing_sphericity_sweep/runs/triaxial/heterogeneous_aspherical/triaxial_heterogeneous_aspherical_eps0p003_rho1_E0p5_sep8_run02_impulse_noproj/multiple_body_complete.dat
  Bodies:            2
  Fluid density:     1
  Mesh:              ndiv 2 -> 256 triangles / 516 nodes
  Simulated time:    0 -> 100  (dt = 0.05, ~2000 steps)
  Output cadence:    every 1 step(s)
  Output rows:       ~2001
  Progress cadence:  every 100 step(s)
  CPU cores:         256 available, 8 Rayon worker thread(s)
  Strong coupling:   disabled
  Impulse scheme:    enabled
  Hamiltonian step:  disabled
  Hamiltonian midpt: disabled
  Variational step:  disabled
  Energy projection: disabled
  Projection particular metric: Euclidean
  Fluid KE gradient: disabled  (eps = 0.001, scale = 1, linear = 1, angular = 1)
  Fluid KE discrete gradient: disabled
  Impulse pair metric correction: disabled  (mode = pair discrete-gradient, cutoff = all pairs, inner/outer = 0/0, eps = 0.001, linear scale = 1, angular scale = 0)
  Impulse metric correction: disabled  (internal load constraint = disabled)
  Impulse variational defect probe: disabled
  Impulse quadratic pressure: disabled  (scale = 1)
  Added-mass stab:   disabled
  Exact BEM geometry: disabled
  Exact singular BEM: disabled
  Legacy singular SLP diagnostic: disabled
  Phi-dot blend:     0 (off)

  Solver guidance:
    - Strong coupling: use for stiff close-coupled runs; slower but more implicit.
    - Impulse scheme: use when impulse/momentum conservation or KE drift is the focus. Recommended.
    - Added-mass stab: use for higher mesh counts (ndiv > 3) to preserve stability - deprecated.
================================================
Solver starting - good luck!

Initial state:
  Body  1
    density:          1.000000
    shape axes ratio: (1.000000, 0.997009, 0.994027)
    initial KE ratio: 0.500000
    position:         (-4.000000, 0.000000, 0.000000)
    velocity:         (-5.061398, 1.993587, 1.427048)
    angular velocity: (-0.775505, -4.394512, 4.423265)
    orientation:      (w=-0.299935, i=-0.213765, j=0.928556, k=0.046125)
  Body  2
    density:          1.000000
    shape axes ratio: (1.000000, 0.500000, 0.250000)
    initial KE ratio: 0.500000
    position:         (4.000000, 0.000000, 0.000000)
    velocity:         (-7.300728, 2.875616, 2.058422)
    angular velocity: (2.331729, 4.080235, 4.170508)
    orientation:      (w=-0.157664, i=0.361058, j=-0.708115, k=-0.585963)

Preparing first step: implicit scheme, no bootstrap passes required.
First step may take longer than later steps.

First step completed in 0.400 s.

Step   100/2000    5.0% | t 5.000 | ETA 5m 45s | step 0.17s | KE 412.7893 | drift +1.28% | fluid 135.6402 | solid 277.1491
  Impulse FP iterations last/mean/max 12/12.49/14
Step   200/2000   10.0% | t 10.000 | ETA 5m 22s | step 0.18s | KE 409.4687 | drift +0.46% | fluid 147.3722 | solid 262.0966
  Impulse FP iterations last/mean/max 12/12.25/14
Step   300/2000   15.0% | t 15.000 | ETA 5m 2s | step 0.18s | KE 407.8642 | drift +0.07% | fluid 162.4797 | solid 245.3846
  Impulse FP iterations last/mean/max 12/12.17/14
Step   400/2000   20.0% | t 20.000 | ETA 4m 44s | step 0.18s | KE 408.4559 | drift +0.21% | fluid 158.0684 | solid 250.3875
  Impulse FP iterations last/mean/max 12/12.12/14
Step   500/2000   25.0% | t 25.000 | ETA 4m 26s | step 0.16s | KE 411.0629 | drift +0.85% | fluid 131.8281 | solid 279.2347
  Impulse FP iterations last/mean/max 11/12.11/14
Step   600/2000   30.0% | t 30.000 | ETA 4m 8s | step 0.17s | KE 412.9825 | drift +1.32% | fluid 135.1632 | solid 277.8193
  Impulse FP iterations last/mean/max 12/12.09/14
Step   700/2000   35.0% | t 35.000 | ETA 3m 51s | step 0.18s | KE 409.2704 | drift +0.41% | fluid 140.0705 | solid 269.1999
  Impulse FP iterations last/mean/max 12/12.09/14
Step   800/2000   40.0% | t 40.000 | ETA 3m 32s | step 0.16s | KE 412.7934 | drift +1.28% | fluid 134.0661 | solid 278.7272
  Impulse FP iterations last/mean/max 12/12.07/14
Step   900/2000   45.0% | t 45.000 | ETA 3m 13s | step 0.15s | KE 411.6247 | drift +0.99% | fluid 131.0773 | solid 280.5474
  Impulse FP iterations last/mean/max 12/12.07/14
Step  1000/2000   50.0% | t 50.000 | ETA 2m 53s | step 0.16s | KE 408.6071 | drift +0.25% | fluid 155.2131 | solid 253.3940
  Impulse FP iterations last/mean/max 12/12.06/14
Step  1100/2000   55.0% | t 55.000 | ETA 2m 36s | step 0.19s | KE 407.9434 | drift +0.09% | fluid 161.7204 | solid 246.2230
  Impulse FP iterations last/mean/max 13/12.06/14
Step  1200/2000   60.0% | t 60.000 | ETA 2m 18s | step 0.19s | KE 408.9894 | drift +0.34% | fluid 151.3504 | solid 257.6391
  Impulse FP iterations last/mean/max 12/12.05/14
Step  1300/2000   65.0% | t 65.000 | ETA 2m 1s | step 0.17s | KE 411.5605 | drift +0.98% | fluid 136.4630 | solid 275.0975
  Impulse FP iterations last/mean/max 12/12.05/14
Step  1400/2000   70.0% | t 70.000 | ETA 1m 44s | step 0.18s | KE 412.3842 | drift +1.18% | fluid 140.1832 | solid 272.2010
  Impulse FP iterations last/mean/max 12/12.05/14
Step  1500/2000   75.0% | t 75.000 | ETA 1m 27s | step 0.18s | KE 409.6505 | drift +0.51% | fluid 137.5969 | solid 272.0536
  Impulse FP iterations last/mean/max 12/12.05/14
Step  1600/2000   80.0% | t 80.000 | ETA 1m 9s | step 0.18s | KE 413.0309 | drift +1.34% | fluid 131.4579 | solid 281.5730
  Impulse FP iterations last/mean/max 12/12.05/14
Step  1700/2000   85.0% | t 85.000 | ETA 52s | step 0.18s | KE 410.9578 | drift +0.83% | fluid 129.1759 | solid 281.7819
  Impulse FP iterations last/mean/max 12/12.05/14
Step  1800/2000   90.0% | t 90.000 | ETA 34s | step 0.18s | KE 408.8265 | drift +0.30% | fluid 157.1210 | solid 251.7055
  Impulse FP iterations last/mean/max 12/12.05/14
Step  1900/2000   95.0% | t 95.000 | ETA 17s | step 0.18s | KE 409.0900 | drift +0.37% | fluid 157.2922 | solid 251.7977
  Impulse FP iterations last/mean/max 13/12.05/14
Solver finished successfully - good job!
Results saved successfully.

================== Run summary ==================
  Bodies:            2
  Triangles / nodes: 256 / 516
  Timesteps:         2000  (dt = 0.05)
  Simulated time:    0 -> 100
  First-step setup:  0.400 s
  Mean time/step:    0.1735 s  (excl. first step)
  Total wall time:   5m 47s
  Impulse FP iters last/mean/max: 12 / 12.050 / 14
  Approx impulse solves/step:     12.050
  Impulse start cache hits/direct: 1999 / 1
  Impulse global drift P/H:       2.733199e-9 / 3.254823e-3
  Impulse per-body max drift P/H: 3.761469e-9 / 2.334378e-3
  CPU cores:         256 available, 8 Rayon worker thread(s)
  Started:           2026-06-24 02:58:06
  Finished:          2026-06-24 03:03:54
  Output file:       /work/e643/e643/shared/multi_ellip/studies/departing_sphericity_sweep/runs/triaxial/heterogeneous_aspherical/triaxial_heterogeneous_aspherical_eps0p003_rho1_E0p5_sep8_run02_impulse_noproj/multiple_body_complete.dat
================================================
