
================ Simulation setup ================
  Run label:         /work/e643/e643/shared/multi_ellip/studies/departing_sphericity_sweep/runs/triaxial/heterogeneous_aspherical/triaxial_heterogeneous_aspherical_eps0p3_rho1_E0p5_sep8_run03_impulse_noproj/
  Started:           2026-06-24 03:04:23
  Input file:        /work/e643/e643/shared/multi_ellip/studies/departing_sphericity_sweep/runs/triaxial/heterogeneous_aspherical/triaxial_heterogeneous_aspherical_eps0p3_rho1_E0p5_sep8_run03_impulse_noproj/input.txt
  Output file:       /work/e643/e643/shared/multi_ellip/studies/departing_sphericity_sweep/runs/triaxial/heterogeneous_aspherical/triaxial_heterogeneous_aspherical_eps0p3_rho1_E0p5_sep8_run03_impulse_noproj/multiple_body_complete.dat
  Bodies:            2
  Fluid density:     1
  Mesh:              ndiv 2 -> 256 triangles / 516 nodes
  Simulated time:    0 -> 100  (dt = 0.05, ~2000 steps)
  Output cadence:    every 1 step(s)
  Output rows:       ~2001
  Progress cadence:  every 100 step(s)
  CPU cores:         256 available, 8 Rayon worker thread(s)
  Strong coupling:   disabled
  Impulse scheme:    enabled
  Hamiltonian step:  disabled
  Hamiltonian midpt: disabled
  Variational step:  disabled
  Energy projection: disabled
  Projection particular metric: Euclidean
  Fluid KE gradient: disabled  (eps = 0.001, scale = 1, linear = 1, angular = 1)
  Fluid KE discrete gradient: disabled
  Impulse pair metric correction: disabled  (mode = pair discrete-gradient, cutoff = all pairs, inner/outer = 0/0, eps = 0.001, linear scale = 1, angular scale = 0)
  Impulse metric correction: disabled  (internal load constraint = disabled)
  Impulse variational defect probe: disabled
  Impulse quadratic pressure: disabled  (scale = 1)
  Added-mass stab:   disabled
  Exact BEM geometry: disabled
  Exact singular BEM: disabled
  Legacy singular SLP diagnostic: disabled
  Phi-dot blend:     0 (off)

  Solver guidance:
    - Strong coupling: use for stiff close-coupled runs; slower but more implicit.
    - Impulse scheme: use when impulse/momentum conservation or KE drift is the focus. Recommended.
    - Added-mass stab: use for higher mesh counts (ndiv > 3) to preserve stability - deprecated.
================================================
Solver starting - good luck!

Initial state:
  Body  1
    density:          1.000000
    shape axes ratio: (1.000000, 0.769231, 0.591716)
    initial KE ratio: 0.500000
    position:         (-4.000000, 0.000000, 0.000000)
    velocity:         (5.458651, -0.724267, -2.177894)
    angular velocity: (1.969885, -5.912668, 0.798956)
    orientation:      (w=0.685042, i=-0.188509, j=0.167229, k=-0.683532)
  Body  2
    density:          1.000000
    shape axes ratio: (1.000000, 0.500000, 0.250000)
    initial KE ratio: 0.500000
    position:         (4.000000, 0.000000, 0.000000)
    velocity:         (7.599541, -1.008326, -3.032066)
    angular velocity: (-2.676874, -0.904041, -5.612083)
    orientation:      (w=0.762807, i=-0.236287, j=0.601903, k=0.002730)

Preparing first step: implicit scheme, no bootstrap passes required.
First step may take longer than later steps.

First step completed in 0.423 s.

Step   100/2000    5.0% | t 5.000 | ETA 6m 36s | step 0.21s | KE 487.2826 | drift -0.23% | fluid 188.5419 | solid 298.7407
  Impulse FP iterations last/mean/max 14/14.16/16
Step   200/2000   10.0% | t 10.000 | ETA 6m 16s | step 0.20s | KE 486.2596 | drift -0.44% | fluid 209.0518 | solid 277.2078
  Impulse FP iterations last/mean/max 14/14.21/16
Step   300/2000   15.0% | t 15.000 | ETA 5m 53s | step 0.21s | KE 485.7527 | drift -0.55% | fluid 219.4851 | solid 266.2676
  Impulse FP iterations last/mean/max 15/14.21/16
Step   400/2000   20.0% | t 20.000 | ETA 5m 32s | step 0.22s | KE 486.6453 | drift -0.36% | fluid 198.5258 | solid 288.1195
  Impulse FP iterations last/mean/max 14/14.22/16
Step   500/2000   25.0% | t 25.000 | ETA 5m 12s | step 0.20s | KE 487.7057 | drift -0.15% | fluid 188.2077 | solid 299.4980
  Impulse FP iterations last/mean/max 14/14.23/16
Step   600/2000   30.0% | t 30.000 | ETA 4m 51s | step 0.21s | KE 487.6343 | drift -0.16% | fluid 208.2275 | solid 279.4067
  Impulse FP iterations last/mean/max 14/14.23/16
Step   700/2000   35.0% | t 35.000 | ETA 4m 30s | step 0.24s | KE 486.5674 | drift -0.38% | fluid 222.6158 | solid 263.9516
  Impulse FP iterations last/mean/max 16/14.22/16
Step   800/2000   40.0% | t 40.000 | ETA 4m 10s | step 0.22s | KE 487.2929 | drift -0.23% | fluid 202.5215 | solid 284.7715
  Impulse FP iterations last/mean/max 15/14.23/16
Step   900/2000   45.0% | t 45.000 | ETA 3m 49s | step 0.21s | KE 488.0697 | drift -0.07% | fluid 187.3365 | solid 300.7333
  Impulse FP iterations last/mean/max 14/14.23/16
Step  1000/2000   50.0% | t 50.000 | ETA 3m 27s | step 0.19s | KE 488.7817 | drift +0.07% | fluid 200.2953 | solid 288.4864
  Impulse FP iterations last/mean/max 15/14.23/16
Step  1100/2000   55.0% | t 55.000 | ETA 3m 6s | step 0.21s | KE 488.1852 | drift -0.05% | fluid 220.4645 | solid 267.7206
  Impulse FP iterations last/mean/max 14/14.23/16
Step  1200/2000   60.0% | t 60.000 | ETA 2m 45s | step 0.21s | KE 487.0557 | drift -0.28% | fluid 215.7831 | solid 271.2726
  Impulse FP iterations last/mean/max 14/14.22/16
Step  1300/2000   65.0% | t 65.000 | ETA 2m 25s | step 0.21s | KE 488.7546 | drift +0.07% | fluid 200.0606 | solid 288.6941
  Impulse FP iterations last/mean/max 14/14.23/16
Step  1400/2000   70.0% | t 70.000 | ETA 2m 7s | step 0.19s | KE 489.5495 | drift +0.23% | fluid 200.3811 | solid 289.1684
  Impulse FP iterations last/mean/max 14/14.23/16
Step  1500/2000   75.0% | t 75.000 | ETA 1m 46s | step 0.19s | KE 489.1191 | drift +0.14% | fluid 208.8120 | solid 280.3071
  Impulse FP iterations last/mean/max 14/14.23/16
Step  1600/2000   80.0% | t 80.000 | ETA 1m 24s | step 0.20s | KE 488.4336 | drift +0.00% | fluid 209.8473 | solid 278.5863
  Impulse FP iterations last/mean/max 14/14.22/16
Step  1700/2000   85.0% | t 85.000 | ETA 1m 3s | step 0.18s | KE 487.1963 | drift -0.25% | fluid 209.8322 | solid 277.3641
  Impulse FP iterations last/mean/max 15/14.22/16
Step  1800/2000   90.0% | t 90.000 | ETA 41s | step 0.14s | KE 488.0082 | drift -0.08% | fluid 214.6917 | solid 273.3165
  Impulse FP iterations last/mean/max 14/14.22/16
Step  1900/2000   95.0% | t 95.000 | ETA 20s | step 0.14s | KE 489.6280 | drift +0.25% | fluid 207.9654 | solid 281.6627
  Impulse FP iterations last/mean/max 14/14.22/16
Solver finished successfully - good job!
Results saved successfully.

================== Run summary ==================
  Bodies:            2
  Triangles / nodes: 256 / 516
  Timesteps:         2000  (dt = 0.05)
  Simulated time:    0 -> 100
  First-step setup:  0.423 s
  Mean time/step:    0.2019 s  (excl. first step)
  Total wall time:   6m 44s
  Impulse FP iters last/mean/max: 14 / 14.222 / 16
  Approx impulse solves/step:     14.223
  Impulse start cache hits/direct: 1999 / 1
  Impulse global drift P/H:       9.478873e-9 / 1.513188e-2
  Impulse per-body max drift P/H: 1.321527e-8 / 9.736419e-3
  CPU cores:         256 available, 8 Rayon worker thread(s)
  Started:           2026-06-24 03:04:23
  Finished:          2026-06-24 03:11:07
  Output file:       /work/e643/e643/shared/multi_ellip/studies/departing_sphericity_sweep/runs/triaxial/heterogeneous_aspherical/triaxial_heterogeneous_aspherical_eps0p3_rho1_E0p5_sep8_run03_impulse_noproj/multiple_body_complete.dat
================================================
