
================ Simulation setup ================
  Run label:         /work/e643/e643/shared/multi_ellip/studies/departing_sphericity_sweep/runs/spheroid_oblate/heterogeneous_aspherical/spheroid_oblate_heterogeneous_aspherical_eps0p01_rho1_E0p5_sep8_run10_impulse_noproj/
  Started:           2026-06-24 03:12:16
  Input file:        /work/e643/e643/shared/multi_ellip/studies/departing_sphericity_sweep/runs/spheroid_oblate/heterogeneous_aspherical/spheroid_oblate_heterogeneous_aspherical_eps0p01_rho1_E0p5_sep8_run10_impulse_noproj/input.txt
  Output file:       /work/e643/e643/shared/multi_ellip/studies/departing_sphericity_sweep/runs/spheroid_oblate/heterogeneous_aspherical/spheroid_oblate_heterogeneous_aspherical_eps0p01_rho1_E0p5_sep8_run10_impulse_noproj/multiple_body_complete.dat
  Bodies:            2
  Fluid density:     1
  Mesh:              ndiv 2 -> 256 triangles / 516 nodes
  Simulated time:    0 -> 100  (dt = 0.05, ~2000 steps)
  Output cadence:    every 1 step(s)
  Output rows:       ~2001
  Progress cadence:  every 100 step(s)
  CPU cores:         256 available, 8 Rayon worker thread(s)
  Strong coupling:   disabled
  Impulse scheme:    enabled
  Hamiltonian step:  disabled
  Hamiltonian midpt: disabled
  Variational step:  disabled
  Energy projection: disabled
  Projection particular metric: Euclidean
  Fluid KE gradient: disabled  (eps = 0.001, scale = 1, linear = 1, angular = 1)
  Fluid KE discrete gradient: disabled
  Impulse pair metric correction: disabled  (mode = pair discrete-gradient, cutoff = all pairs, inner/outer = 0/0, eps = 0.001, linear scale = 1, angular scale = 0)
  Impulse metric correction: disabled  (internal load constraint = disabled)
  Impulse variational defect probe: disabled
  Impulse quadratic pressure: disabled  (scale = 1)
  Added-mass stab:   disabled
  Exact BEM geometry: disabled
  Exact singular BEM: disabled
  Legacy singular SLP diagnostic: disabled
  Phi-dot blend:     0 (off)

  Solver guidance:
    - Strong coupling: use for stiff close-coupled runs; slower but more implicit.
    - Impulse scheme: use when impulse/momentum conservation or KE drift is the focus. Recommended.
    - Added-mass stab: use for higher mesh counts (ndiv > 3) to preserve stability - deprecated.
================================================
Solver starting - good luck!

Initial state:
  Body  1
    density:          1.000000
    shape axes ratio: (1.000000, 1.000000, 0.970590)
    initial KE ratio: 0.500000
    position:         (-4.000000, 0.000000, 0.000000)
    velocity:         (-1.206723, 3.994118, 3.749448)
    angular velocity: (-2.496496, 5.048159, -2.786040)
    orientation:      (w=-0.244525, i=-0.500268, j=0.285878, k=0.779880)
  Body  2
    density:          1.000000
    shape axes ratio: (1.000000, 1.000000, 0.125000)
    initial KE ratio: 0.500000
    position:         (4.000000, 0.000000, 0.000000)
    velocity:         (-2.225998, 7.367802, 6.916468)
    angular velocity: (-3.495862, 0.060029, -5.220514)
    orientation:      (w=-0.132181, i=-0.558930, j=0.028146, k=-0.818128)

Preparing first step: implicit scheme, no bootstrap passes required.
First step may take longer than later steps.

First step completed in 0.274 s.

Step   100/2000    5.0% | t 5.000 | ETA 6m 29s | step 0.21s | KE 593.2690 | drift +3.08% | fluid 263.6487 | solid 329.6203
  Impulse FP iterations last/mean/max 14/14.40/29
Step   200/2000   10.0% | t 10.000 | ETA 6m 12s | step 0.21s | KE 591.4760 | drift +2.77% | fluid 182.8818 | solid 408.5942
  Impulse FP iterations last/mean/max 15/14.54/30
Step   300/2000   15.0% | t 15.000 | ETA 5m 51s | step 0.21s | KE 592.5097 | drift +2.95% | fluid 276.3203 | solid 316.1894
  Impulse FP iterations last/mean/max 15/14.47/30
Step   400/2000   20.0% | t 20.000 | ETA 5m 31s | step 0.19s | KE 591.3038 | drift +2.74% | fluid 185.1188 | solid 406.1851
  Impulse FP iterations last/mean/max 14/14.47/30
Step   500/2000   25.0% | t 25.000 | ETA 5m 11s | step 0.21s | KE 592.0195 | drift +2.87% | fluid 286.9938 | solid 305.0256
  Impulse FP iterations last/mean/max 15/14.45/30
Step   600/2000   30.0% | t 30.000 | ETA 4m 51s | step 0.20s | KE 591.2808 | drift +2.74% | fluid 186.3449 | solid 404.9359
  Impulse FP iterations last/mean/max 15/14.50/30
Step   700/2000   35.0% | t 35.000 | ETA 4m 29s | step 0.21s | KE 591.7515 | drift +2.82% | fluid 294.4774 | solid 297.2741
  Impulse FP iterations last/mean/max 16/14.47/30
Step   800/2000   40.0% | t 40.000 | ETA 4m 8s | step 0.22s | KE 591.1962 | drift +2.72% | fluid 187.5081 | solid 403.6881
  Impulse FP iterations last/mean/max 15/14.45/30
Step   900/2000   45.0% | t 45.000 | ETA 3m 48s | step 0.23s | KE 591.4746 | drift +2.77% | fluid 300.0668 | solid 291.4078
  Impulse FP iterations last/mean/max 16/14.45/30
Step  1000/2000   50.0% | t 50.000 | ETA 3m 27s | step 0.21s | KE 591.2229 | drift +2.73% | fluid 187.8914 | solid 403.3315
  Impulse FP iterations last/mean/max 14/14.47/30
Step  1100/2000   55.0% | t 55.000 | ETA 3m 7s | step 0.25s | KE 591.3950 | drift +2.76% | fluid 302.5514 | solid 288.8436
  Impulse FP iterations last/mean/max 17/14.48/30
Step  1200/2000   60.0% | t 60.000 | ETA 2m 46s | step 0.19s | KE 591.1445 | drift +2.71% | fluid 188.5694 | solid 402.5751
  Impulse FP iterations last/mean/max 13/14.47/30
Step  1300/2000   65.0% | t 65.000 | ETA 2m 25s | step 0.31s | KE 591.3863 | drift +2.76% | fluid 302.2764 | solid 289.1100
  Impulse FP iterations last/mean/max 24/14.48/30
Step  1400/2000   70.0% | t 70.000 | ETA 2m 4s | step 0.21s | KE 591.2328 | drift +2.73% | fluid 187.7680 | solid 403.4648
  Impulse FP iterations last/mean/max 14/14.48/30
Step  1500/2000   75.0% | t 75.000 | ETA 1m 43s | step 0.20s | KE 591.5610 | drift +2.79% | fluid 298.5699 | solid 292.9911
  Impulse FP iterations last/mean/max 13/14.46/30
Step  1600/2000   80.0% | t 80.000 | ETA 1m 23s | step 0.21s | KE 591.2005 | drift +2.72% | fluid 187.2685 | solid 403.9320
  Impulse FP iterations last/mean/max 15/14.45/30
Step  1700/2000   85.0% | t 85.000 | ETA 1m 2s | step 0.19s | KE 591.8248 | drift +2.83% | fluid 292.3537 | solid 299.4710
  Impulse FP iterations last/mean/max 14/14.45/30
Step  1800/2000   90.0% | t 90.000 | ETA 41s | step 0.20s | KE 591.3160 | drift +2.74% | fluid 185.8013 | solid 405.5147
  Impulse FP iterations last/mean/max 13/14.44/30
Step  1900/2000   95.0% | t 95.000 | ETA 20s | step 0.20s | KE 592.1653 | drift +2.89% | fluid 283.8881 | solid 308.2772
  Impulse FP iterations last/mean/max 14/14.44/30
Solver finished successfully - good job!
Results saved successfully.

================== Run summary ==================
  Bodies:            2
  Triangles / nodes: 256 / 516
  Timesteps:         2000  (dt = 0.05)
  Simulated time:    0 -> 100
  First-step setup:  0.274 s
  Mean time/step:    0.2068 s  (excl. first step)
  Total wall time:   6m 53s
  Impulse FP iters last/mean/max: 15 / 14.434 / 30
  Approx impulse solves/step:     14.435
  Impulse start cache hits/direct: 1999 / 1
  Impulse global drift P/H:       4.138634e-9 / 3.678467e-2
  Impulse per-body max drift P/H: 1.068090e-8 / 5.770068e-3
  CPU cores:         256 available, 8 Rayon worker thread(s)
  Started:           2026-06-24 03:12:16
  Finished:          2026-06-24 03:19:11
  Output file:       /work/e643/e643/shared/multi_ellip/studies/departing_sphericity_sweep/runs/spheroid_oblate/heterogeneous_aspherical/spheroid_oblate_heterogeneous_aspherical_eps0p01_rho1_E0p5_sep8_run10_impulse_noproj/multiple_body_complete.dat
================================================
