
================ Simulation setup ================
  Run label:         /work/e643/e643/shared/multi_ellip/studies/departing_sphericity_sweep/runs/spheroid_prolate/heterogeneous_aspherical/spheroid_prolate_heterogeneous_aspherical_eps0p0003_rho1_E0p5_sep8_run09_impulse_noproj/
  Started:           2026-06-24 02:57:03
  Input file:        /work/e643/e643/shared/multi_ellip/studies/departing_sphericity_sweep/runs/spheroid_prolate/heterogeneous_aspherical/spheroid_prolate_heterogeneous_aspherical_eps0p0003_rho1_E0p5_sep8_run09_impulse_noproj/input.txt
  Output file:       /work/e643/e643/shared/multi_ellip/studies/departing_sphericity_sweep/runs/spheroid_prolate/heterogeneous_aspherical/spheroid_prolate_heterogeneous_aspherical_eps0p0003_rho1_E0p5_sep8_run09_impulse_noproj/multiple_body_complete.dat
  Bodies:            2
  Fluid density:     1
  Mesh:              ndiv 2 -> 256 triangles / 516 nodes
  Simulated time:    0 -> 100  (dt = 0.05, ~2000 steps)
  Output cadence:    every 1 step(s)
  Output rows:       ~2001
  Progress cadence:  every 100 step(s)
  CPU cores:         256 available, 8 Rayon worker thread(s)
  Strong coupling:   disabled
  Impulse scheme:    enabled
  Hamiltonian step:  disabled
  Hamiltonian midpt: disabled
  Variational step:  disabled
  Energy projection: disabled
  Projection particular metric: Euclidean
  Fluid KE gradient: disabled  (eps = 0.001, scale = 1, linear = 1, angular = 1)
  Fluid KE discrete gradient: disabled
  Impulse pair metric correction: disabled  (mode = pair discrete-gradient, cutoff = all pairs, inner/outer = 0/0, eps = 0.001, linear scale = 1, angular scale = 0)
  Impulse metric correction: disabled  (internal load constraint = disabled)
  Impulse variational defect probe: disabled
  Impulse quadratic pressure: disabled  (scale = 1)
  Added-mass stab:   disabled
  Exact BEM geometry: disabled
  Exact singular BEM: disabled
  Legacy singular SLP diagnostic: disabled
  Phi-dot blend:     0 (off)

  Solver guidance:
    - Strong coupling: use for stiff close-coupled runs; slower but more implicit.
    - Impulse scheme: use when impulse/momentum conservation or KE drift is the focus. Recommended.
    - Added-mass stab: use for higher mesh counts (ndiv > 3) to preserve stability - deprecated.
================================================
Solver starting - good luck!

Initial state:
  Body  1
    density:          1.000000
    shape axes ratio: (1.000000, 0.999101, 0.999101)
    initial KE ratio: 0.500000
    position:         (-4.000000, 0.000000, 0.000000)
    velocity:         (-2.725769, -2.346613, 4.317977)
    angular velocity: (-3.887933, 4.935292, -0.072743)
    orientation:      (w=-0.714962, i=0.075929, j=-0.680078, k=-0.143383)
  Body  2
    density:          1.000000
    shape axes ratio: (1.000000, 0.125000, 0.125000)
    initial KE ratio: 0.500000
    position:         (4.000000, 0.000000, 0.000000)
    velocity:         (-7.424630, -6.391861, 11.761595)
    angular velocity: (-1.881134, -5.441673, -2.515542)
    orientation:      (w=0.419164, i=-0.322793, j=-0.844870, k=0.079374)

Preparing first step: implicit scheme, no bootstrap passes required.
First step may take longer than later steps.

First step completed in 0.274 s.

Step   100/2000    5.0% | t 5.000 | ETA 5m 38s | step 0.18s | KE 1321.0617 | drift -0.13% | fluid 627.8833 | solid 693.1784
  Impulse FP iterations last/mean/max 12/12.54/13
Step   200/2000   10.0% | t 10.000 | ETA 5m 23s | step 0.19s | KE 1320.8542 | drift -0.15% | fluid 562.9205 | solid 757.9337
  Impulse FP iterations last/mean/max 13/12.49/14
Step   300/2000   15.0% | t 15.000 | ETA 5m 5s | step 0.18s | KE 1330.6788 | drift +0.59% | fluid 492.2829 | solid 838.3959
  Impulse FP iterations last/mean/max 13/12.49/14
Step   400/2000   20.0% | t 20.000 | ETA 4m 47s | step 0.17s | KE 1321.7243 | drift -0.08% | fluid 512.5503 | solid 809.1740
  Impulse FP iterations last/mean/max 13/12.49/14
Step   500/2000   25.0% | t 25.000 | ETA 4m 30s | step 0.19s | KE 1323.4966 | drift +0.05% | fluid 603.7527 | solid 719.7439
  Impulse FP iterations last/mean/max 13/12.49/14
Step   600/2000   30.0% | t 30.000 | ETA 4m 12s | step 0.18s | KE 1322.2065 | drift -0.05% | fluid 619.1802 | solid 703.0263
  Impulse FP iterations last/mean/max 11/12.48/14
Step   700/2000   35.0% | t 35.000 | ETA 3m 54s | step 0.19s | KE 1321.3482 | drift -0.11% | fluid 533.8023 | solid 787.5458
  Impulse FP iterations last/mean/max 13/12.48/14
Step   800/2000   40.0% | t 40.000 | ETA 3m 36s | step 0.20s | KE 1330.9470 | drift +0.61% | fluid 487.8032 | solid 843.1438
  Impulse FP iterations last/mean/max 13/12.48/14
Step   900/2000   45.0% | t 45.000 | ETA 3m 17s | step 0.18s | KE 1321.2610 | drift -0.12% | fluid 538.7406 | solid 782.5204
  Impulse FP iterations last/mean/max 12/12.48/14
Step  1000/2000   50.0% | t 50.000 | ETA 2m 59s | step 0.17s | KE 1321.9671 | drift -0.07% | fluid 621.5665 | solid 700.4006
  Impulse FP iterations last/mean/max 12/12.48/14
Step  1100/2000   55.0% | t 55.000 | ETA 2m 41s | step 0.16s | KE 1323.7978 | drift +0.07% | fluid 599.7222 | solid 724.0756
  Impulse FP iterations last/mean/max 11/12.48/14
Step  1200/2000   60.0% | t 60.000 | ETA 2m 23s | step 0.19s | KE 1321.7934 | drift -0.08% | fluid 508.6015 | solid 813.1920
  Impulse FP iterations last/mean/max 13/12.48/14
Step  1300/2000   65.0% | t 65.000 | ETA 2m 5s | step 0.19s | KE 1330.5648 | drift +0.58% | fluid 494.1487 | solid 836.4160
  Impulse FP iterations last/mean/max 13/12.48/14
Step  1400/2000   70.0% | t 70.000 | ETA 1m 47s | step 0.19s | KE 1320.7678 | drift -0.16% | fluid 568.0639 | solid 752.7040
  Impulse FP iterations last/mean/max 13/12.48/14
Step  1500/2000   75.0% | t 75.000 | ETA 1m 29s | step 0.16s | KE 1320.8982 | drift -0.15% | fluid 628.1213 | solid 692.7769
  Impulse FP iterations last/mean/max 12/12.48/14
Step  1600/2000   80.0% | t 80.000 | ETA 1m 11s | step 0.19s | KE 1325.6358 | drift +0.21% | fluid 573.2499 | solid 752.3859
  Impulse FP iterations last/mean/max 13/12.48/14
Step  1700/2000   85.0% | t 85.000 | ETA 53s | step 0.18s | KE 1322.1083 | drift -0.06% | fluid 490.9956 | solid 831.1127
  Impulse FP iterations last/mean/max 13/12.48/14
Step  1800/2000   90.0% | t 90.000 | ETA 35s | step 0.17s | KE 1329.5810 | drift +0.51% | fluid 510.4389 | solid 819.1422
  Impulse FP iterations last/mean/max 13/12.48/14
Step  1900/2000   95.0% | t 95.000 | ETA 17s | step 0.15s | KE 1320.3869 | drift -0.19% | fluid 595.7062 | solid 724.6808
  Impulse FP iterations last/mean/max 13/12.48/14
Solver finished successfully - good job!
Results saved successfully.

================== Run summary ==================
  Bodies:            2
  Triangles / nodes: 256 / 516
  Timesteps:         2000  (dt = 0.05)
  Simulated time:    0 -> 100
  First-step setup:  0.274 s
  Mean time/step:    0.1766 s  (excl. first step)
  Total wall time:   5m 53s
  Impulse FP iters last/mean/max: 11 / 12.476 / 14
  Approx impulse solves/step:     12.477
  Impulse start cache hits/direct: 1999 / 1
  Impulse global drift P/H:       5.458333e-9 / 1.341401e-3
  Impulse per-body max drift P/H: 7.170784e-9 / 1.001322e-3
  CPU cores:         256 available, 8 Rayon worker thread(s)
  Started:           2026-06-24 02:57:03
  Finished:          2026-06-24 03:02:57
  Output file:       /work/e643/e643/shared/multi_ellip/studies/departing_sphericity_sweep/runs/spheroid_prolate/heterogeneous_aspherical/spheroid_prolate_heterogeneous_aspherical_eps0p0003_rho1_E0p5_sep8_run09_impulse_noproj/multiple_body_complete.dat
================================================
