
================ Simulation setup ================
  Run label:         /work/e643/e643/shared/multi_ellip/studies/departing_sphericity_sweep/runs/spheroid_oblate/heterogeneous_aspherical/spheroid_oblate_heterogeneous_aspherical_eps0p3_rho1_E0p5_sep8_run09_impulse_noproj/
  Started:           2026-06-24 03:21:10
  Input file:        /work/e643/e643/shared/multi_ellip/studies/departing_sphericity_sweep/runs/spheroid_oblate/heterogeneous_aspherical/spheroid_oblate_heterogeneous_aspherical_eps0p3_rho1_E0p5_sep8_run09_impulse_noproj/input.txt
  Output file:       /work/e643/e643/shared/multi_ellip/studies/departing_sphericity_sweep/runs/spheroid_oblate/heterogeneous_aspherical/spheroid_oblate_heterogeneous_aspherical_eps0p3_rho1_E0p5_sep8_run09_impulse_noproj/multiple_body_complete.dat
  Bodies:            2
  Fluid density:     1
  Mesh:              ndiv 2 -> 256 triangles / 516 nodes
  Simulated time:    0 -> 100  (dt = 0.05, ~2000 steps)
  Output cadence:    every 1 step(s)
  Output rows:       ~2001
  Progress cadence:  every 100 step(s)
  CPU cores:         256 available, 8 Rayon worker thread(s)
  Strong coupling:   disabled
  Impulse scheme:    enabled
  Hamiltonian step:  disabled
  Hamiltonian midpt: disabled
  Variational step:  disabled
  Energy projection: disabled
  Projection particular metric: Euclidean
  Fluid KE gradient: disabled  (eps = 0.001, scale = 1, linear = 1, angular = 1)
  Fluid KE discrete gradient: disabled
  Impulse pair metric correction: disabled  (mode = pair discrete-gradient, cutoff = all pairs, inner/outer = 0/0, eps = 0.001, linear scale = 1, angular scale = 0)
  Impulse metric correction: disabled  (internal load constraint = disabled)
  Impulse variational defect probe: disabled
  Impulse quadratic pressure: disabled  (scale = 1)
  Added-mass stab:   disabled
  Exact BEM geometry: disabled
  Exact singular BEM: disabled
  Legacy singular SLP diagnostic: disabled
  Phi-dot blend:     0 (off)

  Solver guidance:
    - Strong coupling: use for stiff close-coupled runs; slower but more implicit.
    - Impulse scheme: use when impulse/momentum conservation or KE drift is the focus. Recommended.
    - Added-mass stab: use for higher mesh counts (ndiv > 3) to preserve stability - deprecated.
================================================
Solver starting - good luck!

Initial state:
  Body  1
    density:          1.000000
    shape axes ratio: (1.000000, 1.000000, 0.455166)
    initial KE ratio: 0.500000
    position:         (-4.000000, 0.000000, 0.000000)
    velocity:         (-4.619265, 0.935603, 3.447974)
    angular velocity: (5.001546, -3.308426, -1.875439)
    orientation:      (w=0.354884, i=-0.627650, j=-0.431410, k=-0.542216)
  Body  2
    density:          1.000000
    shape axes ratio: (1.000000, 1.000000, 0.125000)
    initial KE ratio: 0.500000
    position:         (4.000000, 0.000000, 0.000000)
    velocity:         (-7.470831, 1.513170, 5.576478)
    angular velocity: (4.855398, -0.015444, -3.987892)
    orientation:      (w=0.344400, i=0.211943, j=0.684884, k=0.606138)

Preparing first step: implicit scheme, no bootstrap passes required.
First step may take longer than later steps.

First step completed in 0.310 s.

Step   100/2000    5.0% | t 5.000 | ETA 5m 43s | step 0.16s | KE 824.3648 | drift +0.51% | fluid 431.7307 | solid 392.6341
  Impulse FP iterations last/mean/max 16/17.57/28
Step   200/2000   10.0% | t 10.000 | ETA 5m 22s | step 0.18s | KE 825.1217 | drift +0.61% | fluid 406.6980 | solid 418.4238
  Impulse FP iterations last/mean/max 18/17.62/28
Step   300/2000   15.0% | t 15.000 | ETA 5m 6s | step 0.17s | KE 823.9709 | drift +0.46% | fluid 460.1185 | solid 363.8525
  Impulse FP iterations last/mean/max 17/17.64/28
Step   400/2000   20.0% | t 20.000 | ETA 4m 47s | step 0.17s | KE 825.2248 | drift +0.62% | fluid 402.6201 | solid 422.6047
  Impulse FP iterations last/mean/max 17/17.66/28
Step   500/2000   25.0% | t 25.000 | ETA 4m 28s | step 0.18s | KE 824.5410 | drift +0.53% | fluid 435.3006 | solid 389.2404
  Impulse FP iterations last/mean/max 18/17.67/30
Step   600/2000   30.0% | t 30.000 | ETA 4m 10s | step 0.16s | KE 824.7275 | drift +0.56% | fluid 439.2850 | solid 385.4424
  Impulse FP iterations last/mean/max 16/17.71/30
Step   700/2000   35.0% | t 35.000 | ETA 3m 51s | step 0.18s | KE 825.1389 | drift +0.61% | fluid 402.9352 | solid 422.2037
  Impulse FP iterations last/mean/max 18/17.69/30
Step   800/2000   40.0% | t 40.000 | ETA 3m 33s | step 0.18s | KE 824.6734 | drift +0.55% | fluid 445.4412 | solid 379.2322
  Impulse FP iterations last/mean/max 17/17.67/30
Step   900/2000   45.0% | t 45.000 | ETA 3m 16s | step 0.18s | KE 825.0933 | drift +0.60% | fluid 421.1514 | solid 403.9420
  Impulse FP iterations last/mean/max 17/17.66/30
Step  1000/2000   50.0% | t 50.000 | ETA 2m 58s | step 0.19s | KE 825.3706 | drift +0.64% | fluid 407.5929 | solid 417.7777
  Impulse FP iterations last/mean/max 18/17.65/30
Step  1100/2000   55.0% | t 55.000 | ETA 2m 41s | step 0.18s | KE 824.7232 | drift +0.56% | fluid 451.3918 | solid 373.3314
  Impulse FP iterations last/mean/max 17/17.67/30
Step  1200/2000   60.0% | t 60.000 | ETA 2m 23s | step 0.17s | KE 825.5869 | drift +0.66% | fluid 396.6935 | solid 428.8934
  Impulse FP iterations last/mean/max 16/17.69/30
Step  1300/2000   65.0% | t 65.000 | ETA 2m 6s | step 0.17s | KE 825.2370 | drift +0.62% | fluid 430.9798 | solid 394.2572
  Impulse FP iterations last/mean/max 17/17.70/30
Step  1400/2000   70.0% | t 70.000 | ETA 1m 48s | step 0.17s | KE 825.1684 | drift +0.61% | fluid 431.4632 | solid 393.7052
  Impulse FP iterations last/mean/max 17/17.70/30
Step  1500/2000   75.0% | t 75.000 | ETA 1m 30s | step 0.16s | KE 825.8408 | drift +0.69% | fluid 395.3094 | solid 430.5314
  Impulse FP iterations last/mean/max 16/17.69/30
Step  1600/2000   80.0% | t 80.000 | ETA 1m 11s | step 0.19s | KE 825.0088 | drift +0.59% | fluid 443.6243 | solid 381.3846
  Impulse FP iterations last/mean/max 21/17.68/30
Step  1700/2000   85.0% | t 85.000 | ETA 53s | step 0.19s | KE 825.7579 | drift +0.68% | fluid 408.6817 | solid 417.0761
  Impulse FP iterations last/mean/max 21/17.66/30
Step  1800/2000   90.0% | t 90.000 | ETA 35s | step 0.16s | KE 825.6832 | drift +0.67% | fluid 407.7664 | solid 417.9168
  Impulse FP iterations last/mean/max 17/17.65/30
Step  1900/2000   95.0% | t 95.000 | ETA 17s | step 0.17s | KE 825.2263 | drift +0.62% | fluid 442.7566 | solid 382.4697
  Impulse FP iterations last/mean/max 16/17.67/30
Solver finished successfully - good job!
Results saved successfully.

================== Run summary ==================
  Bodies:            2
  Triangles / nodes: 256 / 516
  Timesteps:         2000  (dt = 0.05)
  Simulated time:    0 -> 100
  First-step setup:  0.310 s
  Mean time/step:    0.1776 s  (excl. first step)
  Total wall time:   5m 55s
  Impulse FP iters last/mean/max: 16 / 17.659 / 30
  Approx impulse solves/step:     17.659
  Impulse start cache hits/direct: 1999 / 1
  Impulse global drift P/H:       1.584858e-9 / 1.403418e-3
  Impulse per-body max drift P/H: 6.290577e-9 / 3.495177e-3
  CPU cores:         256 available, 8 Rayon worker thread(s)
  Started:           2026-06-24 03:21:10
  Finished:          2026-06-24 03:27:06
  Output file:       /work/e643/e643/shared/multi_ellip/studies/departing_sphericity_sweep/runs/spheroid_oblate/heterogeneous_aspherical/spheroid_oblate_heterogeneous_aspherical_eps0p3_rho1_E0p5_sep8_run09_impulse_noproj/multiple_body_complete.dat
================================================
