
================ Simulation setup ================
  Run label:         /work/e643/e643/shared/multi_ellip/studies/departing_sphericity_sweep/runs/spheroid_prolate/heterogeneous_sphere/spheroid_prolate_heterogeneous_sphere_eps0p03_rho1_E0p5_sep8_run08_impulse_noproj/
  Started:           2026-06-24 02:45:42
  Input file:        /work/e643/e643/shared/multi_ellip/studies/departing_sphericity_sweep/runs/spheroid_prolate/heterogeneous_sphere/spheroid_prolate_heterogeneous_sphere_eps0p03_rho1_E0p5_sep8_run08_impulse_noproj/input.txt
  Output file:       /work/e643/e643/shared/multi_ellip/studies/departing_sphericity_sweep/runs/spheroid_prolate/heterogeneous_sphere/spheroid_prolate_heterogeneous_sphere_eps0p03_rho1_E0p5_sep8_run08_impulse_noproj/multiple_body_complete.dat
  Bodies:            2
  Fluid density:     1
  Mesh:              ndiv 2 -> 256 triangles / 516 nodes
  Simulated time:    0 -> 100  (dt = 0.05, ~2000 steps)
  Output cadence:    every 1 step(s)
  Output rows:       ~2001
  Progress cadence:  every 100 step(s)
  CPU cores:         256 available, 8 Rayon worker thread(s)
  Strong coupling:   disabled
  Impulse scheme:    enabled
  Hamiltonian step:  disabled
  Hamiltonian midpt: disabled
  Variational step:  disabled
  Energy projection: disabled
  Projection particular metric: Euclidean
  Fluid KE gradient: disabled  (eps = 0.001, scale = 1, linear = 1, angular = 1)
  Fluid KE discrete gradient: disabled
  Impulse pair metric correction: disabled  (mode = pair discrete-gradient, cutoff = all pairs, inner/outer = 0/0, eps = 0.001, linear scale = 1, angular scale = 0)
  Impulse metric correction: disabled  (internal load constraint = disabled)
  Impulse variational defect probe: disabled
  Impulse quadratic pressure: disabled  (scale = 1)
  Added-mass stab:   disabled
  Exact BEM geometry: disabled
  Exact singular BEM: disabled
  Legacy singular SLP diagnostic: disabled
  Phi-dot blend:     0 (off)

  Solver guidance:
    - Strong coupling: use for stiff close-coupled runs; slower but more implicit.
    - Impulse scheme: use when impulse/momentum conservation or KE drift is the focus. Recommended.
    - Added-mass stab: use for higher mesh counts (ndiv > 3) to preserve stability - deprecated.
================================================
Solver starting - good luck!

Initial state:
  Body  1
    density:          1.000000
    shape axes ratio: (1.000000, 0.915142, 0.915142)
    initial KE ratio: 0.500000
    position:         (-4.000000, 0.000000, 0.000000)
    velocity:         (5.225170, -1.098891, -1.849587)
    angular velocity: (3.152769, -0.797503, -5.376100)
    orientation:      (w=0.601411, i=-0.293462, j=0.086983, k=-0.737983)
  Body  2
    density:          1.000000
    shape axes ratio: (1.000000, 1.000000, 1.000000)
    initial KE ratio: 0.500000
    position:         (4.000000, 0.000000, 0.000000)
    velocity:         (5.196602, -1.092883, -1.839475)
    angular velocity: (-3.241342, 4.172640, 3.400176)
    orientation:      (w=-0.616232, i=0.100320, j=0.781066, k=0.011353)

Preparing first step: implicit scheme, no bootstrap passes required.
First step may take longer than later steps.

First step completed in 0.252 s.

Step   100/2000    5.0% | t 5.000 | ETA 3m 35s | step 0.12s | KE 275.2926 | drift +0.21% | fluid 73.8726 | solid 201.4200
  Impulse FP iterations last/mean/max 8/8.00/8
Step   200/2000   10.0% | t 10.000 | ETA 3m 25s | step 0.11s | KE 277.8073 | drift +1.12% | fluid 74.5690 | solid 203.2384
  Impulse FP iterations last/mean/max 8/8.00/9
Step   300/2000   15.0% | t 15.000 | ETA 3m 15s | step 0.11s | KE 272.5036 | drift -0.81% | fluid 74.4249 | solid 198.0787
  Impulse FP iterations last/mean/max 8/8.05/9
Step   400/2000   20.0% | t 20.000 | ETA 3m 4s | step 0.12s | KE 274.9180 | drift +0.07% | fluid 74.4076 | solid 200.5104
  Impulse FP iterations last/mean/max 8/8.07/9
Step   500/2000   25.0% | t 25.000 | ETA 2m 54s | step 0.12s | KE 300.1812 | drift +9.27% | fluid 73.4771 | solid 226.7042
  Impulse FP iterations last/mean/max 8/8.11/9
Step   600/2000   30.0% | t 30.000 | ETA 2m 43s | step 0.13s | KE 326.6731 | drift +18.91% | fluid 74.4823 | solid 252.1908
  Impulse FP iterations last/mean/max 9/8.16/9
Step   700/2000   35.0% | t 35.000 | ETA 2m 32s | step 0.12s | KE 357.5571 | drift +30.15% | fluid 74.0471 | solid 283.5100
  Impulse FP iterations last/mean/max 8/8.18/9
Step   800/2000   40.0% | t 40.000 | ETA 2m 20s | step 0.13s | KE 444.0098 | drift +61.62% | fluid 74.5342 | solid 369.4755
  Impulse FP iterations last/mean/max 9/8.19/9
Step   900/2000   45.0% | t 45.000 | ETA 2m 9s | step 0.12s | KE 584.3386 | drift +112.70% | fluid 74.0203 | solid 510.3183
  Impulse FP iterations last/mean/max 8/8.22/9
Step  1000/2000   50.0% | t 50.000 | ETA 1m 58s | step 0.13s | KE 732.2597 | drift +166.54% | fluid 73.4612 | solid 658.7985
  Impulse FP iterations last/mean/max 9/8.27/9
Step  1100/2000   55.0% | t 55.000 | ETA 1m 47s | step 0.13s | KE 855.8393 | drift +211.53% | fluid 74.8947 | solid 780.9446
  Impulse FP iterations last/mean/max 9/8.30/9
Step  1200/2000   60.0% | t 60.000 | ETA 1m 35s | step 0.12s | KE 952.3170 | drift +246.65% | fluid 74.6981 | solid 877.6190
  Impulse FP iterations last/mean/max 8/8.30/9
Step  1300/2000   65.0% | t 65.000 | ETA 1m 23s | step 0.14s | KE 1055.6812 | drift +284.27% | fluid 74.7681 | solid 980.9131
  Impulse FP iterations last/mean/max 9/8.30/9
Step  1400/2000   70.0% | t 70.000 | ETA 1m 11s | step 0.12s | KE 1098.8386 | drift +299.98% | fluid 73.8524 | solid 1024.9862
  Impulse FP iterations last/mean/max 8/8.30/9
Step  1500/2000   75.0% | t 75.000 | ETA 59s | step 0.11s | KE 1077.1871 | drift +292.10% | fluid 74.5165 | solid 1002.6706
  Impulse FP iterations last/mean/max 8/8.30/9
Step  1600/2000   80.0% | t 80.000 | ETA 47s | step 0.12s | KE 1002.3534 | drift +264.86% | fluid 74.3295 | solid 928.0239
  Impulse FP iterations last/mean/max 8/8.31/9
Step  1700/2000   85.0% | t 85.000 | ETA 35s | step 0.11s | KE 850.2576 | drift +209.50% | fluid 74.3610 | solid 775.8966
  Impulse FP iterations last/mean/max 8/8.32/9
Step  1800/2000   90.0% | t 90.000 | ETA 23s | step 0.11s | KE 665.9305 | drift +142.40% | fluid 74.6366 | solid 591.2939
  Impulse FP iterations last/mean/max 8/8.32/9
Step  1900/2000   95.0% | t 95.000 | ETA 11s | step 0.10s | KE 551.9011 | drift +100.89% | fluid 74.2975 | solid 477.6036
  Impulse FP iterations last/mean/max 8/8.32/9
Solver finished successfully - good job!
Results saved successfully.

================== Run summary ==================
  Bodies:            2
  Triangles / nodes: 256 / 516
  Timesteps:         2000  (dt = 0.05)
  Simulated time:    0 -> 100
  First-step setup:  0.252 s
  Mean time/step:    0.1175 s  (excl. first step)
  Total wall time:   3m 55s
  Impulse FP iters last/mean/max: 8 / 8.327 / 9
  Approx impulse solves/step:     8.328
  Impulse start cache hits/direct: 1999 / 1
  Impulse global drift P/H:       1.962625e-8 / 2.933059e-1
  Impulse per-body max drift P/H: 3.949609e-8 / 2.787322e-2
  CPU cores:         256 available, 8 Rayon worker thread(s)
  Started:           2026-06-24 02:45:42
  Finished:          2026-06-24 02:49:38
  Output file:       /work/e643/e643/shared/multi_ellip/studies/departing_sphericity_sweep/runs/spheroid_prolate/heterogeneous_sphere/spheroid_prolate_heterogeneous_sphere_eps0p03_rho1_E0p5_sep8_run08_impulse_noproj/multiple_body_complete.dat
================================================
