
================ Simulation setup ================
  Run label:         /work/e643/e643/shared/multi_ellip/studies/departing_sphericity_sweep/runs/spheroid_oblate/heterogeneous_sphere/spheroid_oblate_heterogeneous_sphere_eps0p001_rho1_E0p5_sep8_run08_impulse_noproj/
  Started:           2026-06-24 02:46:37
  Input file:        /work/e643/e643/shared/multi_ellip/studies/departing_sphericity_sweep/runs/spheroid_oblate/heterogeneous_sphere/spheroid_oblate_heterogeneous_sphere_eps0p001_rho1_E0p5_sep8_run08_impulse_noproj/input.txt
  Output file:       /work/e643/e643/shared/multi_ellip/studies/departing_sphericity_sweep/runs/spheroid_oblate/heterogeneous_sphere/spheroid_oblate_heterogeneous_sphere_eps0p001_rho1_E0p5_sep8_run08_impulse_noproj/multiple_body_complete.dat
  Bodies:            2
  Fluid density:     1
  Mesh:              ndiv 2 -> 256 triangles / 516 nodes
  Simulated time:    0 -> 100  (dt = 0.05, ~2000 steps)
  Output cadence:    every 1 step(s)
  Output rows:       ~2001
  Progress cadence:  every 100 step(s)
  CPU cores:         256 available, 8 Rayon worker thread(s)
  Strong coupling:   disabled
  Impulse scheme:    enabled
  Hamiltonian step:  disabled
  Hamiltonian midpt: disabled
  Variational step:  disabled
  Energy projection: disabled
  Projection particular metric: Euclidean
  Fluid KE gradient: disabled  (eps = 0.001, scale = 1, linear = 1, angular = 1)
  Fluid KE discrete gradient: disabled
  Impulse pair metric correction: disabled  (mode = pair discrete-gradient, cutoff = all pairs, inner/outer = 0/0, eps = 0.001, linear scale = 1, angular scale = 0)
  Impulse metric correction: disabled  (internal load constraint = disabled)
  Impulse variational defect probe: disabled
  Impulse quadratic pressure: disabled  (scale = 1)
  Added-mass stab:   disabled
  Exact BEM geometry: disabled
  Exact singular BEM: disabled
  Legacy singular SLP diagnostic: disabled
  Phi-dot blend:     0 (off)

  Solver guidance:
    - Strong coupling: use for stiff close-coupled runs; slower but more implicit.
    - Impulse scheme: use when impulse/momentum conservation or KE drift is the focus. Recommended.
    - Added-mass stab: use for higher mesh counts (ndiv > 3) to preserve stability - deprecated.
================================================
Solver starting - good luck!

Initial state:
  Body  1
    density:          1.000000
    shape axes ratio: (1.000000, 1.000000, 0.997006)
    initial KE ratio: 0.500000
    position:         (-4.000000, 0.000000, 0.000000)
    velocity:         (3.306959, 4.104355, -1.941728)
    angular velocity: (-0.652759, -6.225935, -0.538567)
    orientation:      (w=0.641005, i=0.133452, j=-0.733236, k=0.183489)
  Body  2
    density:          1.000000
    shape axes ratio: (1.000000, 1.000000, 1.000000)
    initial KE ratio: 0.500000
    position:         (4.000000, 0.000000, 0.000000)
    velocity:         (3.308569, 4.106353, -1.942672)
    angular velocity: (-3.335055, 4.682339, -2.536045)
    orientation:      (w=0.074253, i=0.092052, j=-0.208221, k=0.970905)

Preparing first step: implicit scheme, no bootstrap passes required.
First step may take longer than later steps.

First step completed in 0.218 s.

Step   100/2000    5.0% | t 5.000 | ETA 3m 6s | step 0.09s | KE 277.6627 | drift +2.54% | fluid 72.3739 | solid 205.2888
  Impulse FP iterations last/mean/max 7/7.60/8
Step   200/2000   10.0% | t 10.000 | ETA 2m 59s | step 0.11s | KE 287.5514 | drift +6.19% | fluid 72.4292 | solid 215.1221
  Impulse FP iterations last/mean/max 8/7.62/8
Step   300/2000   15.0% | t 15.000 | ETA 2m 51s | step 0.11s | KE 300.5395 | drift +10.99% | fluid 72.4005 | solid 228.1390
  Impulse FP iterations last/mean/max 8/7.68/8
Step   400/2000   20.0% | t 20.000 | ETA 2m 43s | step 0.10s | KE 316.6913 | drift +16.95% | fluid 72.4091 | solid 244.2823
  Impulse FP iterations last/mean/max 8/7.74/8
Step   500/2000   25.0% | t 25.000 | ETA 2m 33s | step 0.11s | KE 336.0982 | drift +24.12% | fluid 72.3885 | solid 263.7097
  Impulse FP iterations last/mean/max 8/7.79/8
Step   600/2000   30.0% | t 30.000 | ETA 2m 23s | step 0.11s | KE 358.8266 | drift +32.51% | fluid 72.4024 | solid 286.4242
  Impulse FP iterations last/mean/max 8/7.82/8
Step   700/2000   35.0% | t 35.000 | ETA 2m 14s | step 0.11s | KE 384.9739 | drift +42.17% | fluid 72.3749 | solid 312.5990
  Impulse FP iterations last/mean/max 8/7.84/8
Step   800/2000   40.0% | t 40.000 | ETA 2m 4s | step 0.11s | KE 414.5931 | drift +53.11% | fluid 72.4254 | solid 342.1677
  Impulse FP iterations last/mean/max 8/7.86/8
Step   900/2000   45.0% | t 45.000 | ETA 1m 54s | step 0.10s | KE 447.8012 | drift +65.37% | fluid 72.4255 | solid 375.3757
  Impulse FP iterations last/mean/max 8/7.87/8
Step  1000/2000   50.0% | t 50.000 | ETA 1m 44s | step 0.11s | KE 484.6928 | drift +79.00% | fluid 72.3727 | solid 412.3202
  Impulse FP iterations last/mean/max 8/7.88/8
Step  1100/2000   55.0% | t 55.000 | ETA 1m 33s | step 0.09s | KE 525.3083 | drift +94.00% | fluid 72.3849 | solid 452.9234
  Impulse FP iterations last/mean/max 8/7.89/8
Step  1200/2000   60.0% | t 60.000 | ETA 1m 21s | step 0.09s | KE 569.7544 | drift +110.41% | fluid 72.3820 | solid 497.3724
  Impulse FP iterations last/mean/max 8/7.90/8
Step  1300/2000   65.0% | t 65.000 | ETA 1m 11s | step 0.10s | KE 618.1375 | drift +128.28% | fluid 72.3765 | solid 545.7610
  Impulse FP iterations last/mean/max 8/7.91/8
Step  1400/2000   70.0% | t 70.000 | ETA 1m 1s | step 0.10s | KE 670.5106 | drift +147.62% | fluid 72.4107 | solid 598.0999
  Impulse FP iterations last/mean/max 8/7.92/8
Step  1500/2000   75.0% | t 75.000 | ETA 51s | step 0.11s | KE 727.0174 | drift +168.49% | fluid 72.3830 | solid 654.6344
  Impulse FP iterations last/mean/max 8/7.92/8
Step  1600/2000   80.0% | t 80.000 | ETA 40s | step 0.11s | KE 787.6924 | drift +190.89% | fluid 72.4162 | solid 715.2762
  Impulse FP iterations last/mean/max 8/7.92/8
Step  1700/2000   85.0% | t 85.000 | ETA 30s | step 0.11s | KE 852.6833 | drift +214.90% | fluid 72.4124 | solid 780.2710
  Impulse FP iterations last/mean/max 8/7.92/8
Step  1800/2000   90.0% | t 90.000 | ETA 20s | step 0.10s | KE 922.0514 | drift +240.51% | fluid 72.4197 | solid 849.6317
  Impulse FP iterations last/mean/max 8/7.93/8
Step  1900/2000   95.0% | t 95.000 | ETA 10s | step 0.10s | KE 995.9746 | drift +267.81% | fluid 72.3795 | solid 923.5951
  Impulse FP iterations last/mean/max 8/7.93/8
Solver finished successfully - good job!
Results saved successfully.

================== Run summary ==================
  Bodies:            2
  Triangles / nodes: 256 / 516
  Timesteps:         2000  (dt = 0.05)
  Simulated time:    0 -> 100
  First-step setup:  0.218 s
  Mean time/step:    0.1013 s  (excl. first step)
  Total wall time:   3m 22s
  Impulse FP iters last/mean/max: 8 / 7.927 / 8
  Approx impulse solves/step:     7.927
  Impulse start cache hits/direct: 1999 / 1
  Impulse global drift P/H:       5.301777e-9 / 1.025736e-1
  Impulse per-body max drift P/H: 8.042610e-9 / 7.058495e-3
  CPU cores:         256 available, 8 Rayon worker thread(s)
  Started:           2026-06-24 02:46:37
  Finished:          2026-06-24 02:50:00
  Output file:       /work/e643/e643/shared/multi_ellip/studies/departing_sphericity_sweep/runs/spheroid_oblate/heterogeneous_sphere/spheroid_oblate_heterogeneous_sphere_eps0p001_rho1_E0p5_sep8_run08_impulse_noproj/multiple_body_complete.dat
================================================
