
================ Simulation setup ================
  Run label:         /work/e643/e643/shared/multi_ellip/studies/departing_sphericity_sweep/runs/spheroid_oblate/heterogeneous_sphere/spheroid_oblate_heterogeneous_sphere_eps0_rho1_E0p5_sep8_run05_impulse_noproj/
  Started:           2026-06-24 02:38:57
  Input file:        /work/e643/e643/shared/multi_ellip/studies/departing_sphericity_sweep/runs/spheroid_oblate/heterogeneous_sphere/spheroid_oblate_heterogeneous_sphere_eps0_rho1_E0p5_sep8_run05_impulse_noproj/input.txt
  Output file:       /work/e643/e643/shared/multi_ellip/studies/departing_sphericity_sweep/runs/spheroid_oblate/heterogeneous_sphere/spheroid_oblate_heterogeneous_sphere_eps0_rho1_E0p5_sep8_run05_impulse_noproj/multiple_body_complete.dat
  Bodies:            2
  Fluid density:     1
  Mesh:              ndiv 2 -> 256 triangles / 516 nodes
  Simulated time:    0 -> 100  (dt = 0.05, ~2000 steps)
  Output cadence:    every 1 step(s)
  Output rows:       ~2001
  Progress cadence:  every 100 step(s)
  CPU cores:         256 available, 8 Rayon worker thread(s)
  Strong coupling:   disabled
  Impulse scheme:    enabled
  Hamiltonian step:  disabled
  Hamiltonian midpt: disabled
  Variational step:  disabled
  Energy projection: disabled
  Projection particular metric: Euclidean
  Fluid KE gradient: disabled  (eps = 0.001, scale = 1, linear = 1, angular = 1)
  Fluid KE discrete gradient: disabled
  Impulse pair metric correction: disabled  (mode = pair discrete-gradient, cutoff = all pairs, inner/outer = 0/0, eps = 0.001, linear scale = 1, angular scale = 0)
  Impulse metric correction: disabled  (internal load constraint = disabled)
  Impulse variational defect probe: disabled
  Impulse quadratic pressure: disabled  (scale = 1)
  Added-mass stab:   disabled
  Exact BEM geometry: disabled
  Exact singular BEM: disabled
  Legacy singular SLP diagnostic: disabled
  Phi-dot blend:     0 (off)

  Solver guidance:
    - Strong coupling: use for stiff close-coupled runs; slower but more implicit.
    - Impulse scheme: use when impulse/momentum conservation or KE drift is the focus. Recommended.
    - Added-mass stab: use for higher mesh counts (ndiv > 3) to preserve stability - deprecated.
================================================
Solver starting - good luck!

Initial state:
  Body  1
    density:          1.000000
    shape axes ratio: (1.000000, 1.000000, 1.000000)
    initial KE ratio: 0.500000
    position:         (-4.000000, 0.000000, 0.000000)
    velocity:         (-4.058330, -3.839311, -0.610233)
    angular velocity: (-2.294416, 3.581866, 4.624317)
    orientation:      (w=0.399530, i=-0.841421, j=0.342145, k=0.123791)
  Body  2
    density:          1.000000
    shape axes ratio: (1.000000, 1.000000, 1.000000)
    initial KE ratio: 0.500000
    position:         (4.000000, 0.000000, 0.000000)
    velocity:         (-4.058330, -3.839311, -0.610233)
    angular velocity: (3.784795, -5.006321, 0.300824)
    orientation:      (w=-0.247628, i=-0.495176, j=-0.198567, k=-0.808735)

Preparing first step: implicit scheme, no bootstrap passes required.
First step may take longer than later steps.

First step completed in 0.192 s.

Step   100/2000    5.0% | t 5.000 | ETA 2m 19s | step 0.07s | KE 263.9272 | drift -2.51% | fluid 72.2686 | solid 191.6586
  Impulse FP iterations last/mean/max 6/6.00/6
Step   200/2000   10.0% | t 10.000 | ETA 2m 17s | step 0.08s | KE 260.3593 | drift -3.82% | fluid 72.2686 | solid 188.0907
  Impulse FP iterations last/mean/max 6/6.00/6
Step   300/2000   15.0% | t 15.000 | ETA 2m 10s | step 0.08s | KE 260.0048 | drift -3.95% | fluid 72.2686 | solid 187.7362
  Impulse FP iterations last/mean/max 6/5.99/6
Step   400/2000   20.0% | t 20.000 | ETA 2m 3s | step 0.08s | KE 262.8637 | drift -2.90% | fluid 72.2686 | solid 190.5951
  Impulse FP iterations last/mean/max 6/6.00/6
Step   500/2000   25.0% | t 25.000 | ETA 1m 55s | step 0.07s | KE 268.9359 | drift -0.65% | fluid 72.2686 | solid 196.6674
  Impulse FP iterations last/mean/max 6/6.00/6
Step   600/2000   30.0% | t 30.000 | ETA 1m 48s | step 0.08s | KE 278.2216 | drift +2.78% | fluid 72.2686 | solid 205.9530
  Impulse FP iterations last/mean/max 6/6.00/6
Step   700/2000   35.0% | t 35.000 | ETA 1m 40s | step 0.07s | KE 290.7206 | drift +7.39% | fluid 72.2686 | solid 218.4520
  Impulse FP iterations last/mean/max 6/6.00/6
Step   800/2000   40.0% | t 40.000 | ETA 1m 33s | step 0.08s | KE 306.4326 | drift +13.20% | fluid 72.2686 | solid 234.1640
  Impulse FP iterations last/mean/max 6/6.00/6
Step   900/2000   45.0% | t 45.000 | ETA 1m 25s | step 0.08s | KE 325.3580 | drift +20.19% | fluid 72.2686 | solid 253.0894
  Impulse FP iterations last/mean/max 6/6.00/6
Step  1000/2000   50.0% | t 50.000 | ETA 1m 17s | step 0.08s | KE 347.4963 | drift +28.37% | fluid 72.2687 | solid 275.2276
  Impulse FP iterations last/mean/max 6/6.00/6
Step  1100/2000   55.0% | t 55.000 | ETA 1m 10s | step 0.07s | KE 372.8475 | drift +37.73% | fluid 72.2686 | solid 300.5789
  Impulse FP iterations last/mean/max 5/5.98/6
Step  1200/2000   60.0% | t 60.000 | ETA 1m 2s | step 0.08s | KE 401.4114 | drift +48.28% | fluid 72.2687 | solid 329.1428
  Impulse FP iterations last/mean/max 6/5.97/6
Step  1300/2000   65.0% | t 65.000 | ETA 54s | step 0.07s | KE 433.1881 | drift +60.02% | fluid 72.2687 | solid 360.9194
  Impulse FP iterations last/mean/max 6/5.96/6
Step  1400/2000   70.0% | t 70.000 | ETA 46s | step 0.07s | KE 468.1770 | drift +72.94% | fluid 72.2687 | solid 395.9083
  Impulse FP iterations last/mean/max 6/5.94/6
Step  1500/2000   75.0% | t 75.000 | ETA 38s | step 0.07s | KE 506.3783 | drift +87.06% | fluid 72.2688 | solid 434.1096
  Impulse FP iterations last/mean/max 5/5.93/6
Step  1600/2000   80.0% | t 80.000 | ETA 30s | step 0.08s | KE 547.7916 | drift +102.35% | fluid 72.2688 | solid 475.5228
  Impulse FP iterations last/mean/max 6/5.91/6
Step  1700/2000   85.0% | t 85.000 | ETA 23s | step 0.06s | KE 592.4166 | drift +118.84% | fluid 72.2688 | solid 520.1478
  Impulse FP iterations last/mean/max 5/5.89/6
Step  1800/2000   90.0% | t 90.000 | ETA 15s | step 0.08s | KE 640.2533 | drift +136.51% | fluid 72.2688 | solid 567.9845
  Impulse FP iterations last/mean/max 6/5.87/6
Step  1900/2000   95.0% | t 95.000 | ETA 7s | step 0.07s | KE 691.3011 | drift +155.37% | fluid 72.2689 | solid 619.0322
  Impulse FP iterations last/mean/max 5/5.86/6
Solver finished successfully - good job!
Results saved successfully.

================== Run summary ==================
  Bodies:            2
  Triangles / nodes: 256 / 516
  Timesteps:         2000  (dt = 0.05)
  Simulated time:    0 -> 100
  First-step setup:  0.192 s
  Mean time/step:    0.0759 s  (excl. first step)
  Total wall time:   2m 31s
  Impulse FP iters last/mean/max: 5 / 5.841 / 6
  Approx impulse solves/step:     5.842
  Impulse start cache hits/direct: 1999 / 1
  Impulse global drift P/H:       1.767943e-9 / 7.889987e-2
  Impulse per-body max drift P/H: 2.158363e-9 / 6.932058e-3
  CPU cores:         256 available, 8 Rayon worker thread(s)
  Started:           2026-06-24 02:38:57
  Finished:          2026-06-24 02:41:29
  Output file:       /work/e643/e643/shared/multi_ellip/studies/departing_sphericity_sweep/runs/spheroid_oblate/heterogeneous_sphere/spheroid_oblate_heterogeneous_sphere_eps0_rho1_E0p5_sep8_run05_impulse_noproj/multiple_body_complete.dat
================================================
