
================ Simulation setup ================
  Run label:         /work/e643/e643/shared/multi_ellip/studies/departing_sphericity_sweep/runs/triaxial/heterogeneous_aspherical/triaxial_heterogeneous_aspherical_eps0p1_rho1_E0p5_sep8_run04_impulse_noproj/
  Started:           2026-06-24 03:04:22
  Input file:        /work/e643/e643/shared/multi_ellip/studies/departing_sphericity_sweep/runs/triaxial/heterogeneous_aspherical/triaxial_heterogeneous_aspherical_eps0p1_rho1_E0p5_sep8_run04_impulse_noproj/input.txt
  Output file:       /work/e643/e643/shared/multi_ellip/studies/departing_sphericity_sweep/runs/triaxial/heterogeneous_aspherical/triaxial_heterogeneous_aspherical_eps0p1_rho1_E0p5_sep8_run04_impulse_noproj/multiple_body_complete.dat
  Bodies:            2
  Fluid density:     1
  Mesh:              ndiv 2 -> 256 triangles / 516 nodes
  Simulated time:    0 -> 100  (dt = 0.05, ~2000 steps)
  Output cadence:    every 1 step(s)
  Output rows:       ~2001
  Progress cadence:  every 100 step(s)
  CPU cores:         256 available, 8 Rayon worker thread(s)
  Strong coupling:   disabled
  Impulse scheme:    enabled
  Hamiltonian step:  disabled
  Hamiltonian midpt: disabled
  Variational step:  disabled
  Energy projection: disabled
  Projection particular metric: Euclidean
  Fluid KE gradient: disabled  (eps = 0.001, scale = 1, linear = 1, angular = 1)
  Fluid KE discrete gradient: disabled
  Impulse pair metric correction: disabled  (mode = pair discrete-gradient, cutoff = all pairs, inner/outer = 0/0, eps = 0.001, linear scale = 1, angular scale = 0)
  Impulse metric correction: disabled  (internal load constraint = disabled)
  Impulse variational defect probe: disabled
  Impulse quadratic pressure: disabled  (scale = 1)
  Added-mass stab:   disabled
  Exact BEM geometry: disabled
  Exact singular BEM: disabled
  Legacy singular SLP diagnostic: disabled
  Phi-dot blend:     0 (off)

  Solver guidance:
    - Strong coupling: use for stiff close-coupled runs; slower but more implicit.
    - Impulse scheme: use when impulse/momentum conservation or KE drift is the focus. Recommended.
    - Added-mass stab: use for higher mesh counts (ndiv > 3) to preserve stability - deprecated.
================================================
Solver starting - good luck!

Initial state:
  Body  1
    density:          1.000000
    shape axes ratio: (1.000000, 0.909091, 0.826446)
    initial KE ratio: 0.500000
    position:         (-4.000000, 0.000000, 0.000000)
    velocity:         (4.731257, 0.964061, -3.173034)
    angular velocity: (-2.377548, 3.058313, 4.946959)
    orientation:      (w=0.623502, i=0.184084, j=0.759347, k=-0.027386)
  Body  2
    density:          1.000000
    shape axes ratio: (1.000000, 0.500000, 0.250000)
    initial KE ratio: 0.500000
    position:         (4.000000, 0.000000, 0.000000)
    velocity:         (4.613173, 0.940000, -3.093840)
    angular velocity: (-5.470022, 2.791839, 1.327746)
    orientation:      (w=0.782439, i=-0.531810, j=0.151153, k=-0.286565)

Preparing first step: implicit scheme, no bootstrap passes required.
First step may take longer than later steps.

First step completed in 0.342 s.

Step   100/2000    5.0% | t 5.000 | ETA 5m 47s | step 0.20s | KE 289.7975 | drift +0.48% | fluid 93.2998 | solid 196.4977
  Impulse FP iterations last/mean/max 13/12.41/13
Step   200/2000   10.0% | t 10.000 | ETA 5m 28s | step 0.20s | KE 289.1902 | drift +0.26% | fluid 98.2825 | solid 190.9076
  Impulse FP iterations last/mean/max 13/12.37/13
Step   300/2000   15.0% | t 15.000 | ETA 5m 0s | step 0.15s | KE 290.7742 | drift +0.81% | fluid 86.0721 | solid 204.7021
  Impulse FP iterations last/mean/max 12/12.35/13
Step   400/2000   20.0% | t 20.000 | ETA 4m 37s | step 0.17s | KE 290.8852 | drift +0.85% | fluid 84.9273 | solid 205.9578
  Impulse FP iterations last/mean/max 12/12.35/13
Step   500/2000   25.0% | t 25.000 | ETA 4m 18s | step 0.18s | KE 288.7769 | drift +0.12% | fluid 92.6012 | solid 196.1757
  Impulse FP iterations last/mean/max 13/12.34/13
Step   600/2000   30.0% | t 30.000 | ETA 4m 3s | step 0.20s | KE 290.0898 | drift +0.58% | fluid 93.6681 | solid 196.4218
  Impulse FP iterations last/mean/max 12/12.36/13
Step   700/2000   35.0% | t 35.000 | ETA 3m 48s | step 0.19s | KE 288.7208 | drift +0.10% | fluid 103.3402 | solid 185.3806
  Impulse FP iterations last/mean/max 13/12.37/14
Step   800/2000   40.0% | t 40.000 | ETA 3m 31s | step 0.18s | KE 287.8073 | drift -0.21% | fluid 96.8456 | solid 190.9618
  Impulse FP iterations last/mean/max 12/12.37/14
Step   900/2000   45.0% | t 45.000 | ETA 3m 14s | step 0.18s | KE 289.4921 | drift +0.37% | fluid 82.5041 | solid 206.9879
  Impulse FP iterations last/mean/max 12/12.38/14
Step  1000/2000   50.0% | t 50.000 | ETA 2m 57s | step 0.17s | KE 288.4491 | drift +0.01% | fluid 99.4904 | solid 188.9587
  Impulse FP iterations last/mean/max 12/12.38/14
Step  1100/2000   55.0% | t 55.000 | ETA 2m 39s | step 0.19s | KE 288.0656 | drift -0.13% | fluid 101.8178 | solid 186.2478
  Impulse FP iterations last/mean/max 13/12.39/14
Step  1200/2000   60.0% | t 60.000 | ETA 2m 22s | step 0.17s | KE 288.1937 | drift -0.08% | fluid 93.3639 | solid 194.8298
  Impulse FP iterations last/mean/max 12/12.39/14
Step  1300/2000   65.0% | t 65.000 | ETA 2m 4s | step 0.18s | KE 289.7665 | drift +0.46% | fluid 81.7074 | solid 208.0591
  Impulse FP iterations last/mean/max 12/12.40/14
Step  1400/2000   70.0% | t 70.000 | ETA 1m 47s | step 0.18s | KE 290.1546 | drift +0.60% | fluid 85.7239 | solid 204.4308
  Impulse FP iterations last/mean/max 12/12.41/14
Step  1500/2000   75.0% | t 75.000 | ETA 1m 29s | step 0.20s | KE 289.4456 | drift +0.35% | fluid 101.2591 | solid 188.1865
  Impulse FP iterations last/mean/max 13/12.41/14
Step  1600/2000   80.0% | t 80.000 | ETA 1m 11s | step 0.15s | KE 290.4069 | drift +0.69% | fluid 81.9753 | solid 208.4316
  Impulse FP iterations last/mean/max 12/12.41/14
Step  1700/2000   85.0% | t 85.000 | ETA 53s | step 0.16s | KE 290.6369 | drift +0.77% | fluid 96.6299 | solid 194.0070
  Impulse FP iterations last/mean/max 12/12.41/14
Step  1800/2000   90.0% | t 90.000 | ETA 36s | step 0.19s | KE 288.9673 | drift +0.19% | fluid 98.1335 | solid 190.8338
  Impulse FP iterations last/mean/max 13/12.42/14
Step  1900/2000   95.0% | t 95.000 | ETA 18s | step 0.20s | KE 289.0993 | drift +0.23% | fluid 93.4811 | solid 195.6182
  Impulse FP iterations last/mean/max 13/12.42/14
Solver finished successfully - good job!
Results saved successfully.

================== Run summary ==================
  Bodies:            2
  Triangles / nodes: 256 / 516
  Timesteps:         2000  (dt = 0.05)
  Simulated time:    0 -> 100
  First-step setup:  0.342 s
  Mean time/step:    0.1822 s  (excl. first step)
  Total wall time:   6m 4s
  Impulse FP iters last/mean/max: 12 / 12.419 / 14
  Approx impulse solves/step:     12.420
  Impulse start cache hits/direct: 1999 / 1
  Impulse global drift P/H:       1.915048e-9 / 2.840210e-2
  Impulse per-body max drift P/H: 9.735720e-9 / 1.831784e-2
  CPU cores:         256 available, 8 Rayon worker thread(s)
  Started:           2026-06-24 03:04:22
  Finished:          2026-06-24 03:10:27
  Output file:       /work/e643/e643/shared/multi_ellip/studies/departing_sphericity_sweep/runs/triaxial/heterogeneous_aspherical/triaxial_heterogeneous_aspherical_eps0p1_rho1_E0p5_sep8_run04_impulse_noproj/multiple_body_complete.dat
================================================
