
================ Simulation setup ================
  Run label:         /work/e643/e643/shared/multi_ellip/studies/departing_sphericity_sweep/runs/spheroid_prolate/heterogeneous_sphere/spheroid_prolate_heterogeneous_sphere_eps0p01_rho1_E0p5_sep8_run04_impulse_noproj/
  Started:           2026-06-24 02:42:06
  Input file:        /work/e643/e643/shared/multi_ellip/studies/departing_sphericity_sweep/runs/spheroid_prolate/heterogeneous_sphere/spheroid_prolate_heterogeneous_sphere_eps0p01_rho1_E0p5_sep8_run04_impulse_noproj/input.txt
  Output file:       /work/e643/e643/shared/multi_ellip/studies/departing_sphericity_sweep/runs/spheroid_prolate/heterogeneous_sphere/spheroid_prolate_heterogeneous_sphere_eps0p01_rho1_E0p5_sep8_run04_impulse_noproj/multiple_body_complete.dat
  Bodies:            2
  Fluid density:     1
  Mesh:              ndiv 2 -> 256 triangles / 516 nodes
  Simulated time:    0 -> 100  (dt = 0.05, ~2000 steps)
  Output cadence:    every 1 step(s)
  Output rows:       ~2001
  Progress cadence:  every 100 step(s)
  CPU cores:         256 available, 8 Rayon worker thread(s)
  Strong coupling:   disabled
  Impulse scheme:    enabled
  Hamiltonian step:  disabled
  Hamiltonian midpt: disabled
  Variational step:  disabled
  Energy projection: disabled
  Projection particular metric: Euclidean
  Fluid KE gradient: disabled  (eps = 0.001, scale = 1, linear = 1, angular = 1)
  Fluid KE discrete gradient: disabled
  Impulse pair metric correction: disabled  (mode = pair discrete-gradient, cutoff = all pairs, inner/outer = 0/0, eps = 0.001, linear scale = 1, angular scale = 0)
  Impulse metric correction: disabled  (internal load constraint = disabled)
  Impulse variational defect probe: disabled
  Impulse quadratic pressure: disabled  (scale = 1)
  Added-mass stab:   disabled
  Exact BEM geometry: disabled
  Exact singular BEM: disabled
  Legacy singular SLP diagnostic: disabled
  Phi-dot blend:     0 (off)

  Solver guidance:
    - Strong coupling: use for stiff close-coupled runs; slower but more implicit.
    - Impulse scheme: use when impulse/momentum conservation or KE drift is the focus. Recommended.
    - Added-mass stab: use for higher mesh counts (ndiv > 3) to preserve stability - deprecated.
================================================
Solver starting - good luck!

Initial state:
  Body  1
    density:          1.000000
    shape axes ratio: (1.000000, 0.970590, 0.970590)
    initial KE ratio: 0.500000
    position:         (-4.000000, 0.000000, 0.000000)
    velocity:         (-2.084887, 4.839422, -1.827922)
    angular velocity: (-5.775682, -2.435937, -0.431419)
    orientation:      (w=-0.847698, i=0.456558, j=-0.154388, k=-0.221648)
  Body  2
    density:          1.000000
    shape axes ratio: (1.000000, 1.000000, 1.000000)
    initial KE ratio: 0.500000
    position:         (4.000000, 0.000000, 0.000000)
    velocity:         (-2.100734, 4.876204, -1.841816)
    angular velocity: (3.446508, -5.248795, -0.223946)
    orientation:      (w=-0.601423, i=0.340034, j=-0.394134, k=0.606074)

Preparing first step: implicit scheme, no bootstrap passes required.
First step may take longer than later steps.

First step completed in 0.313 s.

Step   100/2000    5.0% | t 5.000 | ETA 3m 32s | step 0.11s | KE 266.8857 | drift -1.04% | fluid 72.5875 | solid 194.2982
  Impulse FP iterations last/mean/max 8/7.80/8
Step   200/2000   10.0% | t 10.000 | ETA 3m 19s | step 0.11s | KE 265.7903 | drift -1.45% | fluid 72.5060 | solid 193.2843
  Impulse FP iterations last/mean/max 8/7.79/8
Step   300/2000   15.0% | t 15.000 | ETA 3m 7s | step 0.11s | KE 266.2573 | drift -1.28% | fluid 72.4786 | solid 193.7788
  Impulse FP iterations last/mean/max 8/7.78/8
Step   400/2000   20.0% | t 20.000 | ETA 2m 55s | step 0.11s | KE 268.1291 | drift -0.58% | fluid 72.5018 | solid 195.6273
  Impulse FP iterations last/mean/max 8/7.78/8
Step   500/2000   25.0% | t 25.000 | ETA 2m 41s | step 0.08s | KE 271.2240 | drift +0.57% | fluid 72.6298 | solid 198.5942
  Impulse FP iterations last/mean/max 7/7.78/8
Step   600/2000   30.0% | t 30.000 | ETA 2m 30s | step 0.11s | KE 275.4062 | drift +2.12% | fluid 72.5417 | solid 202.8646
  Impulse FP iterations last/mean/max 8/7.78/8
Step   700/2000   35.0% | t 35.000 | ETA 2m 20s | step 0.11s | KE 280.4455 | drift +3.99% | fluid 72.6288 | solid 207.8167
  Impulse FP iterations last/mean/max 7/7.77/8
Step   800/2000   40.0% | t 40.000 | ETA 2m 9s | step 0.11s | KE 286.2066 | drift +6.12% | fluid 72.4902 | solid 213.7164
  Impulse FP iterations last/mean/max 8/7.76/8
Step   900/2000   45.0% | t 45.000 | ETA 1m 59s | step 0.11s | KE 292.4437 | drift +8.43% | fluid 72.5224 | solid 219.9214
  Impulse FP iterations last/mean/max 8/7.76/8
Step  1000/2000   50.0% | t 50.000 | ETA 1m 48s | step 0.12s | KE 299.0018 | drift +10.87% | fluid 72.5576 | solid 226.4442
  Impulse FP iterations last/mean/max 8/7.76/8
Step  1100/2000   55.0% | t 55.000 | ETA 1m 37s | step 0.12s | KE 305.7252 | drift +13.36% | fluid 72.5466 | solid 233.1785
  Impulse FP iterations last/mean/max 8/7.75/8
Step  1200/2000   60.0% | t 60.000 | ETA 1m 27s | step 0.11s | KE 312.4152 | drift +15.84% | fluid 72.5942 | solid 239.8209
  Impulse FP iterations last/mean/max 8/7.75/8
Step  1300/2000   65.0% | t 65.000 | ETA 1m 16s | step 0.11s | KE 318.9560 | drift +18.26% | fluid 72.5710 | solid 246.3850
  Impulse FP iterations last/mean/max 8/7.74/8
Step  1400/2000   70.0% | t 70.000 | ETA 1m 5s | step 0.11s | KE 325.1675 | drift +20.57% | fluid 72.6314 | solid 252.5361
  Impulse FP iterations last/mean/max 7/7.73/8
Step  1500/2000   75.0% | t 75.000 | ETA 54s | step 0.10s | KE 330.9537 | drift +22.71% | fluid 72.6217 | solid 258.3319
  Impulse FP iterations last/mean/max 7/7.72/8
Step  1600/2000   80.0% | t 80.000 | ETA 43s | step 0.10s | KE 336.1728 | drift +24.65% | fluid 72.6332 | solid 263.5396
  Impulse FP iterations last/mean/max 7/7.71/8
Step  1700/2000   85.0% | t 85.000 | ETA 32s | step 0.10s | KE 340.7617 | drift +26.35% | fluid 72.5783 | solid 268.1834
  Impulse FP iterations last/mean/max 8/7.71/8
Step  1800/2000   90.0% | t 90.000 | ETA 21s | step 0.10s | KE 344.5931 | drift +27.77% | fluid 72.6028 | solid 271.9904
  Impulse FP iterations last/mean/max 8/7.70/8
Step  1900/2000   95.0% | t 95.000 | ETA 10s | step 0.09s | KE 347.6579 | drift +28.91% | fluid 72.5066 | solid 275.1513
  Impulse FP iterations last/mean/max 8/7.70/8
Solver finished successfully - good job!
Results saved successfully.

================== Run summary ==================
  Bodies:            2
  Triangles / nodes: 256 / 516
  Timesteps:         2000  (dt = 0.05)
  Simulated time:    0 -> 100
  First-step setup:  0.313 s
  Mean time/step:    0.1062 s  (excl. first step)
  Total wall time:   3m 32s
  Impulse FP iters last/mean/max: 8 / 7.691 / 8
  Approx impulse solves/step:     7.691
  Impulse start cache hits/direct: 1999 / 1
  Impulse global drift P/H:       1.070106e-8 / 2.975479e-2
  Impulse per-body max drift P/H: 3.172818e-8 / 1.947631e-3
  CPU cores:         256 available, 8 Rayon worker thread(s)
  Started:           2026-06-24 02:42:06
  Finished:          2026-06-24 02:45:39
  Output file:       /work/e643/e643/shared/multi_ellip/studies/departing_sphericity_sweep/runs/spheroid_prolate/heterogeneous_sphere/spheroid_prolate_heterogeneous_sphere_eps0p01_rho1_E0p5_sep8_run04_impulse_noproj/multiple_body_complete.dat
================================================
