
================ Simulation setup ================
  Run label:         /work/e643/e643/shared/multi_ellip/studies/departing_sphericity_sweep/runs/spheroid_oblate/heterogeneous_aspherical/spheroid_oblate_heterogeneous_aspherical_eps0p01_rho1_E0p5_sep8_run05_impulse_noproj/
  Started:           2026-06-24 03:03:53
  Input file:        /work/e643/e643/shared/multi_ellip/studies/departing_sphericity_sweep/runs/spheroid_oblate/heterogeneous_aspherical/spheroid_oblate_heterogeneous_aspherical_eps0p01_rho1_E0p5_sep8_run05_impulse_noproj/input.txt
  Output file:       /work/e643/e643/shared/multi_ellip/studies/departing_sphericity_sweep/runs/spheroid_oblate/heterogeneous_aspherical/spheroid_oblate_heterogeneous_aspherical_eps0p01_rho1_E0p5_sep8_run05_impulse_noproj/multiple_body_complete.dat
  Bodies:            2
  Fluid density:     1
  Mesh:              ndiv 2 -> 256 triangles / 516 nodes
  Simulated time:    0 -> 100  (dt = 0.05, ~2000 steps)
  Output cadence:    every 1 step(s)
  Output rows:       ~2001
  Progress cadence:  every 100 step(s)
  CPU cores:         256 available, 8 Rayon worker thread(s)
  Strong coupling:   disabled
  Impulse scheme:    enabled
  Hamiltonian step:  disabled
  Hamiltonian midpt: disabled
  Variational step:  disabled
  Energy projection: disabled
  Projection particular metric: Euclidean
  Fluid KE gradient: disabled  (eps = 0.001, scale = 1, linear = 1, angular = 1)
  Fluid KE discrete gradient: disabled
  Impulse pair metric correction: disabled  (mode = pair discrete-gradient, cutoff = all pairs, inner/outer = 0/0, eps = 0.001, linear scale = 1, angular scale = 0)
  Impulse metric correction: disabled  (internal load constraint = disabled)
  Impulse variational defect probe: disabled
  Impulse quadratic pressure: disabled  (scale = 1)
  Added-mass stab:   disabled
  Exact BEM geometry: disabled
  Exact singular BEM: disabled
  Legacy singular SLP diagnostic: disabled
  Phi-dot blend:     0 (off)

  Solver guidance:
    - Strong coupling: use for stiff close-coupled runs; slower but more implicit.
    - Impulse scheme: use when impulse/momentum conservation or KE drift is the focus. Recommended.
    - Added-mass stab: use for higher mesh counts (ndiv > 3) to preserve stability - deprecated.
================================================
Solver starting - good luck!

Initial state:
  Body  1
    density:          1.000000
    shape axes ratio: (1.000000, 1.000000, 0.970590)
    initial KE ratio: 0.500000
    position:         (-4.000000, 0.000000, 0.000000)
    velocity:         (2.493765, -3.070537, -4.037064)
    angular velocity: (2.897208, 1.770177, 5.286878)
    orientation:      (w=-0.181720, i=0.928121, j=-0.271304, k=-0.178786)
  Body  2
    density:          1.000000
    shape axes ratio: (1.000000, 1.000000, 0.125000)
    initial KE ratio: 0.500000
    position:         (4.000000, 0.000000, 0.000000)
    velocity:         (3.616369, -4.452782, -5.854405)
    angular velocity: (4.147639, -4.511495, -1.386333)
    orientation:      (w=0.369821, i=0.698768, j=0.445764, k=0.419822)

Preparing first step: implicit scheme, no bootstrap passes required.
First step may take longer than later steps.

First step completed in 0.455 s.

Step   100/2000    5.0% | t 5.000 | ETA 7m 40s | step 0.20s | KE 900.7746 | drift +0.42% | fluid 580.0596 | solid 320.7150
  Impulse FP iterations last/mean/max 15/17.55/30
Step   200/2000   10.0% | t 10.000 | ETA 7m 24s | step 0.23s | KE 902.1053 | drift +0.57% | fluid 510.7388 | solid 391.3665
  Impulse FP iterations last/mean/max 17/17.64/30
Step   300/2000   15.0% | t 15.000 | ETA 6m 58s | step 0.24s | KE 902.3190 | drift +0.59% | fluid 473.6369 | solid 428.6820
  Impulse FP iterations last/mean/max 17/17.51/30
Step   400/2000   20.0% | t 20.000 | ETA 6m 34s | step 0.23s | KE 902.0097 | drift +0.55% | fluid 540.0863 | solid 361.9234
  Impulse FP iterations last/mean/max 16/17.52/30
Step   500/2000   25.0% | t 25.000 | ETA 6m 12s | step 0.24s | KE 901.3479 | drift +0.48% | fluid 582.4320 | solid 318.9159
  Impulse FP iterations last/mean/max 17/17.65/30
Step   600/2000   30.0% | t 30.000 | ETA 5m 47s | step 0.24s | KE 902.2467 | drift +0.58% | fluid 519.4396 | solid 382.8071
  Impulse FP iterations last/mean/max 17/17.63/30
Step   700/2000   35.0% | t 35.000 | ETA 5m 21s | step 0.23s | KE 902.4064 | drift +0.60% | fluid 472.0078 | solid 430.3986
  Impulse FP iterations last/mean/max 16/17.55/30
Step   800/2000   40.0% | t 40.000 | ETA 4m 56s | step 0.25s | KE 902.1513 | drift +0.57% | fluid 531.2508 | solid 370.9006
  Impulse FP iterations last/mean/max 18/17.55/30
Step   900/2000   45.0% | t 45.000 | ETA 4m 32s | step 0.25s | KE 901.3506 | drift +0.48% | fluid 583.3869 | solid 317.9637
  Impulse FP iterations last/mean/max 17/17.56/30
Step  1000/2000   50.0% | t 50.000 | ETA 4m 7s | step 0.24s | KE 902.1819 | drift +0.57% | fluid 528.3227 | solid 373.8592
  Impulse FP iterations last/mean/max 18/17.52/30
Step  1100/2000   55.0% | t 55.000 | ETA 3m 42s | step 0.24s | KE 902.4108 | drift +0.60% | fluid 471.7769 | solid 430.6339
  Impulse FP iterations last/mean/max 17/17.54/30
Step  1200/2000   60.0% | t 60.000 | ETA 3m 18s | step 0.25s | KE 902.2346 | drift +0.58% | fluid 522.3282 | solid 379.9064
  Impulse FP iterations last/mean/max 16/17.57/30
Step  1300/2000   65.0% | t 65.000 | ETA 2m 53s | step 0.28s | KE 901.3599 | drift +0.48% | fluid 582.9025 | solid 318.4574
  Impulse FP iterations last/mean/max 19/17.56/30
Step  1400/2000   70.0% | t 70.000 | ETA 2m 30s | step 0.24s | KE 902.0879 | drift +0.56% | fluid 537.2014 | solid 364.8865
  Impulse FP iterations last/mean/max 17/17.57/30
Step  1500/2000   75.0% | t 75.000 | ETA 2m 5s | step 0.20s | KE 902.4102 | drift +0.60% | fluid 472.9507 | solid 429.4595
  Impulse FP iterations last/mean/max 16/17.57/30
Step  1600/2000   80.0% | t 80.000 | ETA 1m 39s | step 0.21s | KE 902.2971 | drift +0.59% | fluid 513.5563 | solid 388.7408
  Impulse FP iterations last/mean/max 15/17.57/30
Step  1700/2000   85.0% | t 85.000 | ETA 1m 13s | step 0.17s | KE 901.3973 | drift +0.49% | fluid 580.9920 | solid 320.4053
  Impulse FP iterations last/mean/max 16/17.59/30
Step  1800/2000   90.0% | t 90.000 | ETA 48s | step 0.20s | KE 901.9806 | drift +0.55% | fluid 545.8515 | solid 356.1291
  Impulse FP iterations last/mean/max 17/17.58/30
Step  1900/2000   95.0% | t 95.000 | ETA 23s | step 0.15s | KE 902.4118 | drift +0.60% | fluid 475.5003 | solid 426.9115
  Impulse FP iterations last/mean/max 15/17.61/30
Solver finished successfully - good job!
Results saved successfully.

================== Run summary ==================
  Bodies:            2
  Triangles / nodes: 256 / 516
  Timesteps:         2000  (dt = 0.05)
  Simulated time:    0 -> 100
  First-step setup:  0.455 s
  Mean time/step:    0.2356 s  (excl. first step)
  Total wall time:   7m 51s
  Impulse FP iters last/mean/max: 15 / 17.593 / 30
  Approx impulse solves/step:     17.594
  Impulse start cache hits/direct: 1999 / 1
  Impulse global drift P/H:       8.938656e-10 / 2.602134e-3
  Impulse per-body max drift P/H: 1.526882e-9 / 2.069980e-3
  CPU cores:         256 available, 8 Rayon worker thread(s)
  Started:           2026-06-24 03:03:53
  Finished:          2026-06-24 03:11:45
  Output file:       /work/e643/e643/shared/multi_ellip/studies/departing_sphericity_sweep/runs/spheroid_oblate/heterogeneous_aspherical/spheroid_oblate_heterogeneous_aspherical_eps0p01_rho1_E0p5_sep8_run05_impulse_noproj/multiple_body_complete.dat
================================================
