
================ Simulation setup ================
  Run label:         /work/e643/e643/shared/multi_ellip/studies/departing_sphericity_sweep/runs/triaxial/heterogeneous_aspherical/triaxial_heterogeneous_aspherical_eps0p01_rho1_E0p5_sep8_run04_impulse_noproj/
  Started:           2026-06-24 02:58:07
  Input file:        /work/e643/e643/shared/multi_ellip/studies/departing_sphericity_sweep/runs/triaxial/heterogeneous_aspherical/triaxial_heterogeneous_aspherical_eps0p01_rho1_E0p5_sep8_run04_impulse_noproj/input.txt
  Output file:       /work/e643/e643/shared/multi_ellip/studies/departing_sphericity_sweep/runs/triaxial/heterogeneous_aspherical/triaxial_heterogeneous_aspherical_eps0p01_rho1_E0p5_sep8_run04_impulse_noproj/multiple_body_complete.dat
  Bodies:            2
  Fluid density:     1
  Mesh:              ndiv 2 -> 256 triangles / 516 nodes
  Simulated time:    0 -> 100  (dt = 0.05, ~2000 steps)
  Output cadence:    every 1 step(s)
  Output rows:       ~2001
  Progress cadence:  every 100 step(s)
  CPU cores:         256 available, 8 Rayon worker thread(s)
  Strong coupling:   disabled
  Impulse scheme:    enabled
  Hamiltonian step:  disabled
  Hamiltonian midpt: disabled
  Variational step:  disabled
  Energy projection: disabled
  Projection particular metric: Euclidean
  Fluid KE gradient: disabled  (eps = 0.001, scale = 1, linear = 1, angular = 1)
  Fluid KE discrete gradient: disabled
  Impulse pair metric correction: disabled  (mode = pair discrete-gradient, cutoff = all pairs, inner/outer = 0/0, eps = 0.001, linear scale = 1, angular scale = 0)
  Impulse metric correction: disabled  (internal load constraint = disabled)
  Impulse variational defect probe: disabled
  Impulse quadratic pressure: disabled  (scale = 1)
  Added-mass stab:   disabled
  Exact BEM geometry: disabled
  Exact singular BEM: disabled
  Legacy singular SLP diagnostic: disabled
  Phi-dot blend:     0 (off)

  Solver guidance:
    - Strong coupling: use for stiff close-coupled runs; slower but more implicit.
    - Impulse scheme: use when impulse/momentum conservation or KE drift is the focus. Recommended.
    - Added-mass stab: use for higher mesh counts (ndiv > 3) to preserve stability - deprecated.
================================================
Solver starting - good luck!

Initial state:
  Body  1
    density:          1.000000
    shape axes ratio: (1.000000, 0.990099, 0.980296)
    initial KE ratio: 0.500000
    position:         (-4.000000, 0.000000, 0.000000)
    velocity:         (-0.457484, 2.842893, 4.833533)
    angular velocity: (1.910206, -4.879697, -3.466712)
    orientation:      (w=-0.309892, i=0.558882, j=0.768473, k=-0.032673)
  Body  2
    density:          1.000000
    shape axes ratio: (1.000000, 0.500000, 0.250000)
    initial KE ratio: 0.500000
    position:         (4.000000, 0.000000, 0.000000)
    velocity:         (-0.693931, 4.312222, 7.331708)
    angular velocity: (0.349800, -4.450677, 4.421259)
    orientation:      (w=-0.079920, i=0.368625, j=0.910768, k=-0.168020)

Preparing first step: implicit scheme, no bootstrap passes required.
First step may take longer than later steps.

First step completed in 0.415 s.

Step   100/2000    5.0% | t 5.000 | ETA 6m 1s | step 0.17s | KE 600.1462 | drift +0.06% | fluid 253.0019 | solid 347.1443
  Impulse FP iterations last/mean/max 12/12.97/14
Step   200/2000   10.0% | t 10.000 | ETA 5m 42s | step 0.17s | KE 599.3185 | drift -0.08% | fluid 274.8138 | solid 324.5046
  Impulse FP iterations last/mean/max 12/12.98/15
Step   300/2000   15.0% | t 15.000 | ETA 5m 23s | step 0.20s | KE 599.1675 | drift -0.10% | fluid 282.7622 | solid 316.4053
  Impulse FP iterations last/mean/max 14/12.99/15
Step   400/2000   20.0% | t 20.000 | ETA 5m 4s | step 0.18s | KE 599.9409 | drift +0.03% | fluid 244.4220 | solid 355.5188
  Impulse FP iterations last/mean/max 12/12.98/15
Step   500/2000   25.0% | t 25.000 | ETA 4m 45s | step 0.20s | KE 598.3274 | drift -0.24% | fluid 295.4072 | solid 302.9202
  Impulse FP iterations last/mean/max 13/13.00/17
Step   600/2000   30.0% | t 30.000 | ETA 4m 26s | step 0.19s | KE 600.4576 | drift +0.11% | fluid 241.2571 | solid 359.2005
  Impulse FP iterations last/mean/max 13/12.98/17
Step   700/2000   35.0% | t 35.000 | ETA 4m 7s | step 0.21s | KE 600.1366 | drift +0.06% | fluid 288.6110 | solid 311.5256
  Impulse FP iterations last/mean/max 14/12.99/17
Step   800/2000   40.0% | t 40.000 | ETA 3m 48s | step 0.19s | KE 599.7791 | drift -0.00% | fluid 238.5137 | solid 361.2654
  Impulse FP iterations last/mean/max 13/12.98/17
Step   900/2000   45.0% | t 45.000 | ETA 3m 29s | step 0.20s | KE 598.2264 | drift -0.26% | fluid 285.4634 | solid 312.7630
  Impulse FP iterations last/mean/max 14/12.97/17
Step  1000/2000   50.0% | t 50.000 | ETA 3m 9s | step 0.17s | KE 600.6586 | drift +0.15% | fluid 251.3384 | solid 349.3201
  Impulse FP iterations last/mean/max 12/12.96/17
Step  1100/2000   55.0% | t 55.000 | ETA 2m 50s | step 0.19s | KE 600.3338 | drift +0.09% | fluid 265.4474 | solid 334.8864
  Impulse FP iterations last/mean/max 13/12.96/17
Step  1200/2000   60.0% | t 60.000 | ETA 2m 31s | step 0.19s | KE 598.6922 | drift -0.18% | fluid 283.6742 | solid 315.0180
  Impulse FP iterations last/mean/max 13/12.96/17
Step  1300/2000   65.0% | t 65.000 | ETA 2m 12s | step 0.17s | KE 599.1582 | drift -0.10% | fluid 244.1347 | solid 355.0235
  Impulse FP iterations last/mean/max 12/12.96/17
Step  1400/2000   70.0% | t 70.000 | ETA 1m 53s | step 0.19s | KE 599.3629 | drift -0.07% | fluid 294.2190 | solid 305.1439
  Impulse FP iterations last/mean/max 13/12.97/17
Step  1500/2000   75.0% | t 75.000 | ETA 1m 34s | step 0.17s | KE 600.1069 | drift +0.05% | fluid 248.0038 | solid 352.1030
  Impulse FP iterations last/mean/max 12/12.97/17
Step  1600/2000   80.0% | t 80.000 | ETA 1m 15s | step 0.21s | KE 599.4651 | drift -0.05% | fluid 295.7401 | solid 303.7250
  Impulse FP iterations last/mean/max 14/12.97/17
Step  1700/2000   85.0% | t 85.000 | ETA 56s | step 0.18s | KE 599.1932 | drift -0.10% | fluid 239.4125 | solid 359.7806
  Impulse FP iterations last/mean/max 13/12.98/17
Step  1800/2000   90.0% | t 90.000 | ETA 37s | step 0.19s | KE 598.4425 | drift -0.22% | fluid 288.1763 | solid 310.2661
  Impulse FP iterations last/mean/max 14/12.97/17
Step  1900/2000   95.0% | t 95.000 | ETA 18s | step 0.13s | KE 600.5677 | drift +0.13% | fluid 258.0705 | solid 342.4972
  Impulse FP iterations last/mean/max 13/12.98/17
Solver finished successfully - good job!
Results saved successfully.

================== Run summary ==================
  Bodies:            2
  Triangles / nodes: 256 / 516
  Timesteps:         2000  (dt = 0.05)
  Simulated time:    0 -> 100
  First-step setup:  0.415 s
  Mean time/step:    0.1827 s  (excl. first step)
  Total wall time:   6m 5s
  Impulse FP iters last/mean/max: 12 / 12.978 / 17
  Approx impulse solves/step:     12.979
  Impulse start cache hits/direct: 1999 / 1
  Impulse global drift P/H:       1.216637e-9 / 3.033120e-3
  Impulse per-body max drift P/H: 2.649846e-9 / 1.803918e-3
  CPU cores:         256 available, 8 Rayon worker thread(s)
  Started:           2026-06-24 02:58:07
  Finished:          2026-06-24 03:04:13
  Output file:       /work/e643/e643/shared/multi_ellip/studies/departing_sphericity_sweep/runs/triaxial/heterogeneous_aspherical/triaxial_heterogeneous_aspherical_eps0p01_rho1_E0p5_sep8_run04_impulse_noproj/multiple_body_complete.dat
================================================
