
================ Simulation setup ================
  Run label:         /work/e643/e643/shared/multi_ellip/studies/departing_sphericity_sweep/runs/spheroid_prolate/heterogeneous_sphere/spheroid_prolate_heterogeneous_sphere_eps0p001_rho1_E0p5_sep8_run04_impulse_noproj/
  Started:           2026-06-24 02:42:05
  Input file:        /work/e643/e643/shared/multi_ellip/studies/departing_sphericity_sweep/runs/spheroid_prolate/heterogeneous_sphere/spheroid_prolate_heterogeneous_sphere_eps0p001_rho1_E0p5_sep8_run04_impulse_noproj/input.txt
  Output file:       /work/e643/e643/shared/multi_ellip/studies/departing_sphericity_sweep/runs/spheroid_prolate/heterogeneous_sphere/spheroid_prolate_heterogeneous_sphere_eps0p001_rho1_E0p5_sep8_run04_impulse_noproj/multiple_body_complete.dat
  Bodies:            2
  Fluid density:     1
  Mesh:              ndiv 2 -> 256 triangles / 516 nodes
  Simulated time:    0 -> 100  (dt = 0.05, ~2000 steps)
  Output cadence:    every 1 step(s)
  Output rows:       ~2001
  Progress cadence:  every 100 step(s)
  CPU cores:         256 available, 8 Rayon worker thread(s)
  Strong coupling:   disabled
  Impulse scheme:    enabled
  Hamiltonian step:  disabled
  Hamiltonian midpt: disabled
  Variational step:  disabled
  Energy projection: disabled
  Projection particular metric: Euclidean
  Fluid KE gradient: disabled  (eps = 0.001, scale = 1, linear = 1, angular = 1)
  Fluid KE discrete gradient: disabled
  Impulse pair metric correction: disabled  (mode = pair discrete-gradient, cutoff = all pairs, inner/outer = 0/0, eps = 0.001, linear scale = 1, angular scale = 0)
  Impulse metric correction: disabled  (internal load constraint = disabled)
  Impulse variational defect probe: disabled
  Impulse quadratic pressure: disabled  (scale = 1)
  Added-mass stab:   disabled
  Exact BEM geometry: disabled
  Exact singular BEM: disabled
  Legacy singular SLP diagnostic: disabled
  Phi-dot blend:     0 (off)

  Solver guidance:
    - Strong coupling: use for stiff close-coupled runs; slower but more implicit.
    - Impulse scheme: use when impulse/momentum conservation or KE drift is the focus. Recommended.
    - Added-mass stab: use for higher mesh counts (ndiv > 3) to preserve stability - deprecated.
================================================
Solver starting - good luck!

Initial state:
  Body  1
    density:          1.000000
    shape axes ratio: (1.000000, 0.997006, 0.997006)
    initial KE ratio: 0.500000
    position:         (-4.000000, 0.000000, 0.000000)
    velocity:         (-5.033747, -0.582365, 2.424777)
    angular velocity: (-4.879046, 3.940083, 0.386106)
    orientation:      (w=0.509084, i=-0.157785, j=0.733509, k=0.421785)
  Body  2
    density:          1.000000
    shape axes ratio: (1.000000, 1.000000, 1.000000)
    initial KE ratio: 0.500000
    position:         (4.000000, 0.000000, 0.000000)
    velocity:         (-5.035775, -0.582600, 2.425754)
    angular velocity: (-3.832584, -0.283933, -4.970825)
    orientation:      (w=-0.882240, i=0.248288, j=-0.040193, k=-0.397982)

Preparing first step: implicit scheme, no bootstrap passes required.
First step may take longer than later steps.

First step completed in 0.247 s.

Step   100/2000    5.0% | t 5.000 | ETA 3m 9s | step 0.09s | KE 268.2282 | drift -0.85% | fluid 72.1116 | solid 196.1166
  Impulse FP iterations last/mean/max 7/7.42/8
Step   200/2000   10.0% | t 10.000 | ETA 3m 2s | step 0.12s | KE 267.8306 | drift -1.00% | fluid 72.0778 | solid 195.7529
  Impulse FP iterations last/mean/max 8/7.42/8
Step   300/2000   15.0% | t 15.000 | ETA 2m 53s | step 0.10s | KE 269.3113 | drift -0.45% | fluid 72.0822 | solid 197.2291
  Impulse FP iterations last/mean/max 7/7.38/8
Step   400/2000   20.0% | t 20.000 | ETA 2m 41s | step 0.09s | KE 272.6548 | drift +0.79% | fluid 72.0793 | solid 200.5755
  Impulse FP iterations last/mean/max 7/7.30/8
Step   500/2000   25.0% | t 25.000 | ETA 2m 29s | step 0.09s | KE 277.8496 | drift +2.71% | fluid 72.1114 | solid 205.7382
  Impulse FP iterations last/mean/max 7/7.21/8
Step   600/2000   30.0% | t 30.000 | ETA 2m 18s | step 0.09s | KE 284.8972 | drift +5.31% | fluid 72.1181 | solid 212.7791
  Impulse FP iterations last/mean/max 7/7.16/8
Step   700/2000   35.0% | t 35.000 | ETA 2m 8s | step 0.10s | KE 293.7996 | drift +8.60% | fluid 72.0877 | solid 221.7118
  Impulse FP iterations last/mean/max 7/7.12/8
Step   800/2000   40.0% | t 40.000 | ETA 1m 58s | step 0.10s | KE 304.5578 | drift +12.58% | fluid 72.0899 | solid 232.4679
  Impulse FP iterations last/mean/max 7/7.09/8
Step   900/2000   45.0% | t 45.000 | ETA 1m 48s | step 0.12s | KE 317.1780 | drift +17.25% | fluid 72.0942 | solid 245.0838
  Impulse FP iterations last/mean/max 8/7.10/8
Step  1000/2000   50.0% | t 50.000 | ETA 1m 39s | step 0.11s | KE 331.6652 | drift +22.60% | fluid 72.0762 | solid 259.5890
  Impulse FP iterations last/mean/max 8/7.13/8
Step  1100/2000   55.0% | t 55.000 | ETA 1m 29s | step 0.09s | KE 348.0176 | drift +28.65% | fluid 72.1144 | solid 275.9032
  Impulse FP iterations last/mean/max 7/7.17/8
Step  1200/2000   60.0% | t 60.000 | ETA 1m 20s | step 0.09s | KE 366.2362 | drift +35.38% | fluid 72.1070 | solid 294.1291
  Impulse FP iterations last/mean/max 7/7.20/8
Step  1300/2000   65.0% | t 65.000 | ETA 1m 10s | step 0.11s | KE 386.3091 | drift +42.80% | fluid 72.1100 | solid 314.1991
  Impulse FP iterations last/mean/max 8/7.24/8
Step  1400/2000   70.0% | t 70.000 | ETA 1m 0s | step 0.10s | KE 408.2353 | drift +50.91% | fluid 72.1018 | solid 336.1334
  Impulse FP iterations last/mean/max 8/7.28/8
Step  1500/2000   75.0% | t 75.000 | ETA 51s | step 0.11s | KE 431.9907 | drift +59.69% | fluid 72.1150 | solid 359.8757
  Impulse FP iterations last/mean/max 8/7.32/8
Step  1600/2000   80.0% | t 80.000 | ETA 41s | step 0.11s | KE 457.5681 | drift +69.14% | fluid 72.1182 | solid 385.4498
  Impulse FP iterations last/mean/max 8/7.36/8
Step  1700/2000   85.0% | t 85.000 | ETA 30s | step 0.12s | KE 484.9570 | drift +79.27% | fluid 72.1037 | solid 412.8533
  Impulse FP iterations last/mean/max 8/7.40/8
Step  1800/2000   90.0% | t 90.000 | ETA 20s | step 0.12s | KE 514.1331 | drift +90.05% | fluid 72.0639 | solid 442.0693
  Impulse FP iterations last/mean/max 8/7.43/8
Step  1900/2000   95.0% | t 95.000 | ETA 10s | step 0.10s | KE 545.0637 | drift +101.49% | fluid 72.0987 | solid 472.9651
  Impulse FP iterations last/mean/max 8/7.45/8
Solver finished successfully - good job!
Results saved successfully.

================== Run summary ==================
  Bodies:            2
  Triangles / nodes: 256 / 516
  Timesteps:         2000  (dt = 0.05)
  Simulated time:    0 -> 100
  First-step setup:  0.247 s
  Mean time/step:    0.1032 s  (excl. first step)
  Total wall time:   3m 26s
  Impulse FP iters last/mean/max: 8 / 7.468 / 8
  Approx impulse solves/step:     7.469
  Impulse start cache hits/direct: 1999 / 1
  Impulse global drift P/H:       9.917437e-9 / 3.943667e-2
  Impulse per-body max drift P/H: 2.170775e-8 / 8.018760e-3
  CPU cores:         256 available, 8 Rayon worker thread(s)
  Started:           2026-06-24 02:42:05
  Finished:          2026-06-24 02:45:32
  Output file:       /work/e643/e643/shared/multi_ellip/studies/departing_sphericity_sweep/runs/spheroid_prolate/heterogeneous_sphere/spheroid_prolate_heterogeneous_sphere_eps0p001_rho1_E0p5_sep8_run04_impulse_noproj/multiple_body_complete.dat
================================================
