
================ Simulation setup ================
  Run label:         /work/e643/e643/shared/multi_ellip/studies/departing_sphericity_sweep/runs/spheroid_prolate/heterogeneous_aspherical/spheroid_prolate_heterogeneous_aspherical_eps0p003_rho1_E0p5_sep8_run06_impulse_noproj/
  Started:           2026-06-24 02:57:04
  Input file:        /work/e643/e643/shared/multi_ellip/studies/departing_sphericity_sweep/runs/spheroid_prolate/heterogeneous_aspherical/spheroid_prolate_heterogeneous_aspherical_eps0p003_rho1_E0p5_sep8_run06_impulse_noproj/input.txt
  Output file:       /work/e643/e643/shared/multi_ellip/studies/departing_sphericity_sweep/runs/spheroid_prolate/heterogeneous_aspherical/spheroid_prolate_heterogeneous_aspherical_eps0p003_rho1_E0p5_sep8_run06_impulse_noproj/multiple_body_complete.dat
  Bodies:            2
  Fluid density:     1
  Mesh:              ndiv 2 -> 256 triangles / 516 nodes
  Simulated time:    0 -> 100  (dt = 0.05, ~2000 steps)
  Output cadence:    every 1 step(s)
  Output rows:       ~2001
  Progress cadence:  every 100 step(s)
  CPU cores:         256 available, 8 Rayon worker thread(s)
  Strong coupling:   disabled
  Impulse scheme:    enabled
  Hamiltonian step:  disabled
  Hamiltonian midpt: disabled
  Variational step:  disabled
  Energy projection: disabled
  Projection particular metric: Euclidean
  Fluid KE gradient: disabled  (eps = 0.001, scale = 1, linear = 1, angular = 1)
  Fluid KE discrete gradient: disabled
  Impulse pair metric correction: disabled  (mode = pair discrete-gradient, cutoff = all pairs, inner/outer = 0/0, eps = 0.001, linear scale = 1, angular scale = 0)
  Impulse metric correction: disabled  (internal load constraint = disabled)
  Impulse variational defect probe: disabled
  Impulse quadratic pressure: disabled  (scale = 1)
  Added-mass stab:   disabled
  Exact BEM geometry: disabled
  Exact singular BEM: disabled
  Legacy singular SLP diagnostic: disabled
  Phi-dot blend:     0 (off)

  Solver guidance:
    - Strong coupling: use for stiff close-coupled runs; slower but more implicit.
    - Impulse scheme: use when impulse/momentum conservation or KE drift is the focus. Recommended.
    - Added-mass stab: use for higher mesh counts (ndiv > 3) to preserve stability - deprecated.
================================================
Solver starting - good luck!

Initial state:
  Body  1
    density:          1.000000
    shape axes ratio: (1.000000, 0.991054, 0.991054)
    initial KE ratio: 0.500000
    position:         (-4.000000, 0.000000, 0.000000)
    velocity:         (4.136611, 3.227426, -1.975335)
    angular velocity: (5.876135, 1.462268, 1.676673)
    orientation:      (w=-0.334020, i=-0.648675, j=0.667619, k=-0.148111)
  Body  2
    density:          1.000000
    shape axes ratio: (1.000000, 0.125000, 0.125000)
    initial KE ratio: 0.500000
    position:         (4.000000, 0.000000, 0.000000)
    velocity:         (11.700252, 9.128656, -5.587162)
    angular velocity: (-0.905458, -5.905940, 1.943821)
    orientation:      (w=-0.162367, i=-0.780213, j=0.240294, k=-0.554223)

Preparing first step: implicit scheme, no bootstrap passes required.
First step may take longer than later steps.

First step completed in 0.361 s.

Step   100/2000    5.0% | t 5.000 | ETA 5m 51s | step 0.18s | KE 1593.1621 | drift -0.05% | fluid 763.2353 | solid 829.9269
  Impulse FP iterations last/mean/max 13/12.75/14
Step   200/2000   10.0% | t 10.000 | ETA 5m 30s | step 0.18s | KE 1599.4302 | drift +0.34% | fluid 734.7180 | solid 864.7122
  Impulse FP iterations last/mean/max 13/12.72/14
Step   300/2000   15.0% | t 15.000 | ETA 5m 12s | step 0.19s | KE 1592.7909 | drift -0.07% | fluid 676.4698 | solid 916.3211
  Impulse FP iterations last/mean/max 12/12.71/14
Step   400/2000   20.0% | t 20.000 | ETA 4m 53s | step 0.19s | KE 1610.9147 | drift +1.06% | fluid 635.4326 | solid 975.4821
  Impulse FP iterations last/mean/max 13/12.70/14
Step   500/2000   25.0% | t 25.000 | ETA 4m 35s | step 0.20s | KE 1594.2473 | drift +0.02% | fluid 611.4743 | solid 982.7730
  Impulse FP iterations last/mean/max 13/12.71/14
Step   600/2000   30.0% | t 30.000 | ETA 4m 16s | step 0.20s | KE 1610.1393 | drift +1.02% | fluid 642.4437 | solid 967.6957
  Impulse FP iterations last/mean/max 13/12.71/14
Step   700/2000   35.0% | t 35.000 | ETA 3m 58s | step 0.18s | KE 1592.5747 | drift -0.09% | fluid 687.5894 | solid 904.9853
  Impulse FP iterations last/mean/max 13/12.71/14
Step   800/2000   40.0% | t 40.000 | ETA 3m 39s | step 0.17s | KE 1598.2960 | drift +0.27% | fluid 743.0400 | solid 855.2560
  Impulse FP iterations last/mean/max 12/12.71/14
Step   900/2000   45.0% | t 45.000 | ETA 3m 21s | step 0.19s | KE 1593.6742 | drift -0.02% | fluid 764.4530 | solid 829.2212
  Impulse FP iterations last/mean/max 13/12.72/14
Step  1000/2000   50.0% | t 50.000 | ETA 3m 3s | step 0.20s | KE 1592.0804 | drift -0.12% | fluid 742.2053 | solid 849.8751
  Impulse FP iterations last/mean/max 13/12.72/14
Step  1100/2000   55.0% | t 55.000 | ETA 2m 44s | step 0.19s | KE 1604.3723 | drift +0.65% | fluid 693.9003 | solid 910.4720
  Impulse FP iterations last/mean/max 13/12.71/14
Step  1200/2000   60.0% | t 60.000 | ETA 2m 26s | step 0.19s | KE 1593.6551 | drift -0.02% | fluid 636.4547 | solid 957.2004
  Impulse FP iterations last/mean/max 13/12.71/14
Step  1300/2000   65.0% | t 65.000 | ETA 2m 8s | step 0.19s | KE 1612.6184 | drift +1.17% | fluid 619.9864 | solid 992.6320
  Impulse FP iterations last/mean/max 13/12.72/14
Step  1400/2000   70.0% | t 70.000 | ETA 1m 50s | step 0.18s | KE 1593.8845 | drift -0.00% | fluid 626.7546 | solid 967.1299
  Impulse FP iterations last/mean/max 13/12.72/14
Step  1500/2000   75.0% | t 75.000 | ETA 1m 31s | step 0.18s | KE 1605.9556 | drift +0.75% | fluid 679.9843 | solid 925.9713
  Impulse FP iterations last/mean/max 13/12.72/14
Step  1600/2000   80.0% | t 80.000 | ETA 1m 13s | step 0.16s | KE 1592.0576 | drift -0.12% | fluid 730.6895 | solid 861.3681
  Impulse FP iterations last/mean/max 11/12.72/14
Step  1700/2000   85.0% | t 85.000 | ETA 55s | step 0.18s | KE 1594.5389 | drift +0.04% | fluid 763.3544 | solid 831.1845
  Impulse FP iterations last/mean/max 12/12.72/14
Step  1800/2000   90.0% | t 90.000 | ETA 36s | step 0.17s | KE 1596.9256 | drift +0.19% | fluid 752.1274 | solid 844.7982
  Impulse FP iterations last/mean/max 13/12.72/14
Step  1900/2000   95.0% | t 95.000 | ETA 18s | step 0.16s | KE 1592.3348 | drift -0.10% | fluid 702.1656 | solid 890.1691
  Impulse FP iterations last/mean/max 13/12.72/14
Solver finished successfully - good job!
Results saved successfully.

================== Run summary ==================
  Bodies:            2
  Triangles / nodes: 256 / 516
  Timesteps:         2000  (dt = 0.05)
  Simulated time:    0 -> 100
  First-step setup:  0.361 s
  Mean time/step:    0.1790 s  (excl. first step)
  Total wall time:   5m 58s
  Impulse FP iters last/mean/max: 13 / 12.722 / 14
  Approx impulse solves/step:     12.722
  Impulse start cache hits/direct: 1999 / 1
  Impulse global drift P/H:       3.040944e-9 / 5.604705e-3
  Impulse per-body max drift P/H: 4.327793e-9 / 3.755311e-3
  CPU cores:         256 available, 8 Rayon worker thread(s)
  Started:           2026-06-24 02:57:04
  Finished:          2026-06-24 03:03:03
  Output file:       /work/e643/e643/shared/multi_ellip/studies/departing_sphericity_sweep/runs/spheroid_prolate/heterogeneous_aspherical/spheroid_prolate_heterogeneous_aspherical_eps0p003_rho1_E0p5_sep8_run06_impulse_noproj/multiple_body_complete.dat
================================================
