
================ Simulation setup ================
  Run label:         /work/e643/e643/shared/multi_ellip/studies/departing_sphericity_sweep/runs/spheroid_prolate/heterogeneous_sphere/spheroid_prolate_heterogeneous_sphere_eps0_rho1_E0p5_sep8_run01_impulse_noproj/
  Started:           2026-06-24 02:36:39
  Input file:        /work/e643/e643/shared/multi_ellip/studies/departing_sphericity_sweep/runs/spheroid_prolate/heterogeneous_sphere/spheroid_prolate_heterogeneous_sphere_eps0_rho1_E0p5_sep8_run01_impulse_noproj/input.txt
  Output file:       /work/e643/e643/shared/multi_ellip/studies/departing_sphericity_sweep/runs/spheroid_prolate/heterogeneous_sphere/spheroid_prolate_heterogeneous_sphere_eps0_rho1_E0p5_sep8_run01_impulse_noproj/multiple_body_complete.dat
  Bodies:            2
  Fluid density:     1
  Mesh:              ndiv 2 -> 256 triangles / 516 nodes
  Simulated time:    0 -> 100  (dt = 0.05, ~2000 steps)
  Output cadence:    every 1 step(s)
  Output rows:       ~2001
  Progress cadence:  every 100 step(s)
  CPU cores:         256 available, 8 Rayon worker thread(s)
  Strong coupling:   disabled
  Impulse scheme:    enabled
  Hamiltonian step:  disabled
  Hamiltonian midpt: disabled
  Variational step:  disabled
  Energy projection: disabled
  Projection particular metric: Euclidean
  Fluid KE gradient: disabled  (eps = 0.001, scale = 1, linear = 1, angular = 1)
  Fluid KE discrete gradient: disabled
  Impulse pair metric correction: disabled  (mode = pair discrete-gradient, cutoff = all pairs, inner/outer = 0/0, eps = 0.001, linear scale = 1, angular scale = 0)
  Impulse metric correction: disabled  (internal load constraint = disabled)
  Impulse variational defect probe: disabled
  Impulse quadratic pressure: disabled  (scale = 1)
  Added-mass stab:   disabled
  Exact BEM geometry: disabled
  Exact singular BEM: disabled
  Legacy singular SLP diagnostic: disabled
  Phi-dot blend:     0 (off)

  Solver guidance:
    - Strong coupling: use for stiff close-coupled runs; slower but more implicit.
    - Impulse scheme: use when impulse/momentum conservation or KE drift is the focus. Recommended.
    - Added-mass stab: use for higher mesh counts (ndiv > 3) to preserve stability - deprecated.
================================================
Solver starting - good luck!

Initial state:
  Body  1
    density:          1.000000
    shape axes ratio: (1.000000, 1.000000, 1.000000)
    initial KE ratio: 0.500000
    position:         (-4.000000, 0.000000, 0.000000)
    velocity:         (2.792651, 4.807675, -0.818594)
    angular velocity: (-1.966274, -5.666258, -1.872353)
    orientation:      (w=0.166352, i=0.918064, j=0.011833, k=0.359647)
  Body  2
    density:          1.000000
    shape axes ratio: (1.000000, 1.000000, 1.000000)
    initial KE ratio: 0.500000
    position:         (4.000000, 0.000000, 0.000000)
    velocity:         (2.792651, 4.807675, -0.818594)
    angular velocity: (0.528190, 5.736013, -2.509499)
    orientation:      (w=-0.393974, i=0.753431, j=-0.402795, k=0.338944)

Preparing first step: implicit scheme, no bootstrap passes required.
First step may take longer than later steps.

First step completed in 0.203 s.

Step   100/2000    5.0% | t 5.000 | ETA 2m 32s | step 0.08s | KE 278.2175 | drift +2.70% | fluid 72.4498 | solid 205.7677
  Impulse FP iterations last/mean/max 6/6.00/6
Step   200/2000   10.0% | t 10.000 | ETA 2m 27s | step 0.08s | KE 287.9370 | drift +6.29% | fluid 72.4498 | solid 215.4873
  Impulse FP iterations last/mean/max 6/6.00/6
Step   300/2000   15.0% | t 15.000 | ETA 2m 19s | step 0.08s | KE 300.0486 | drift +10.76% | fluid 72.4498 | solid 227.5988
  Impulse FP iterations last/mean/max 6/6.00/6
Step   400/2000   20.0% | t 20.000 | ETA 2m 11s | step 0.08s | KE 314.5524 | drift +16.12% | fluid 72.4498 | solid 242.1026
  Impulse FP iterations last/mean/max 6/5.99/6
Step   500/2000   25.0% | t 25.000 | ETA 2m 3s | step 0.08s | KE 331.4484 | drift +22.36% | fluid 72.4498 | solid 258.9986
  Impulse FP iterations last/mean/max 6/5.98/6
Step   600/2000   30.0% | t 30.000 | ETA 1m 55s | step 0.08s | KE 350.7364 | drift +29.48% | fluid 72.4498 | solid 278.2865
  Impulse FP iterations last/mean/max 6/5.96/6
Step   700/2000   35.0% | t 35.000 | ETA 1m 46s | step 0.07s | KE 372.4164 | drift +37.48% | fluid 72.4498 | solid 299.9665
  Impulse FP iterations last/mean/max 5/5.93/6
Step   800/2000   40.0% | t 40.000 | ETA 1m 37s | step 0.08s | KE 396.4883 | drift +46.37% | fluid 72.4499 | solid 324.0384
  Impulse FP iterations last/mean/max 6/5.90/6
Step   900/2000   45.0% | t 45.000 | ETA 1m 29s | step 0.08s | KE 422.9522 | drift +56.13% | fluid 72.4499 | solid 350.5023
  Impulse FP iterations last/mean/max 6/5.87/6
Step  1000/2000   50.0% | t 50.000 | ETA 1m 20s | step 0.07s | KE 451.8080 | drift +66.79% | fluid 72.4499 | solid 379.3581
  Impulse FP iterations last/mean/max 5/5.84/6
Step  1100/2000   55.0% | t 55.000 | ETA 1m 12s | step 0.07s | KE 483.0556 | drift +78.32% | fluid 72.4499 | solid 410.6057
  Impulse FP iterations last/mean/max 5/5.81/6
Step  1200/2000   60.0% | t 60.000 | ETA 1m 4s | step 0.08s | KE 516.6949 | drift +90.74% | fluid 72.4499 | solid 444.2449
  Impulse FP iterations last/mean/max 6/5.79/6
Step  1300/2000   65.0% | t 65.000 | ETA 56s | step 0.07s | KE 552.7257 | drift +104.04% | fluid 72.4500 | solid 480.2757
  Impulse FP iterations last/mean/max 5/5.77/6
Step  1400/2000   70.0% | t 70.000 | ETA 48s | step 0.09s | KE 591.1481 | drift +118.22% | fluid 72.4500 | solid 518.6981
  Impulse FP iterations last/mean/max 6/5.75/6
Step  1500/2000   75.0% | t 75.000 | ETA 39s | step 0.07s | KE 631.9617 | drift +133.29% | fluid 72.4500 | solid 559.5117
  Impulse FP iterations last/mean/max 6/5.73/6
Step  1600/2000   80.0% | t 80.000 | ETA 31s | step 0.08s | KE 675.1665 | drift +149.24% | fluid 72.4500 | solid 602.7165
  Impulse FP iterations last/mean/max 6/5.71/6
Step  1700/2000   85.0% | t 85.000 | ETA 23s | step 0.07s | KE 720.7624 | drift +166.07% | fluid 72.4501 | solid 648.3123
  Impulse FP iterations last/mean/max 5/5.69/6
Step  1800/2000   90.0% | t 90.000 | ETA 15s | step 0.07s | KE 768.7493 | drift +183.79% | fluid 72.4501 | solid 696.2992
  Impulse FP iterations last/mean/max 5/5.68/6
Step  1900/2000   95.0% | t 95.000 | ETA 7s | step 0.07s | KE 819.1267 | drift +202.38% | fluid 72.4501 | solid 746.6765
  Impulse FP iterations last/mean/max 5/5.67/6
Solver finished successfully - good job!
Results saved successfully.

================== Run summary ==================
  Bodies:            2
  Triangles / nodes: 256 / 516
  Timesteps:         2000  (dt = 0.05)
  Simulated time:    0 -> 100
  First-step setup:  0.203 s
  Mean time/step:    0.0785 s  (excl. first step)
  Total wall time:   2m 37s
  Impulse FP iters last/mean/max: 6 / 5.654 / 6
  Approx impulse solves/step:     5.655
  Impulse start cache hits/direct: 1999 / 1
  Impulse global drift P/H:       1.234171e-9 / 8.418495e-2
  Impulse per-body max drift P/H: 1.529303e-9 / 5.169082e-3
  CPU cores:         256 available, 8 Rayon worker thread(s)
  Started:           2026-06-24 02:36:39
  Finished:          2026-06-24 02:39:17
  Output file:       /work/e643/e643/shared/multi_ellip/studies/departing_sphericity_sweep/runs/spheroid_prolate/heterogeneous_sphere/spheroid_prolate_heterogeneous_sphere_eps0_rho1_E0p5_sep8_run01_impulse_noproj/multiple_body_complete.dat
================================================
