
================ Simulation setup ================
  Run label:         /work/e643/e643/shared/multi_ellip/studies/departing_sphericity_sweep/runs/spheroid_oblate/heterogeneous_aspherical/spheroid_oblate_heterogeneous_aspherical_eps0p01_rho1_E0p5_sep8_run02_impulse_noproj/
  Started:           2026-06-24 03:03:53
  Input file:        /work/e643/e643/shared/multi_ellip/studies/departing_sphericity_sweep/runs/spheroid_oblate/heterogeneous_aspherical/spheroid_oblate_heterogeneous_aspherical_eps0p01_rho1_E0p5_sep8_run02_impulse_noproj/input.txt
  Output file:       /work/e643/e643/shared/multi_ellip/studies/departing_sphericity_sweep/runs/spheroid_oblate/heterogeneous_aspherical/spheroid_oblate_heterogeneous_aspherical_eps0p01_rho1_E0p5_sep8_run02_impulse_noproj/multiple_body_complete.dat
  Bodies:            2
  Fluid density:     1
  Mesh:              ndiv 2 -> 256 triangles / 516 nodes
  Simulated time:    0 -> 100  (dt = 0.05, ~2000 steps)
  Output cadence:    every 1 step(s)
  Output rows:       ~2001
  Progress cadence:  every 100 step(s)
  CPU cores:         256 available, 8 Rayon worker thread(s)
  Strong coupling:   disabled
  Impulse scheme:    enabled
  Hamiltonian step:  disabled
  Hamiltonian midpt: disabled
  Variational step:  disabled
  Energy projection: disabled
  Projection particular metric: Euclidean
  Fluid KE gradient: disabled  (eps = 0.001, scale = 1, linear = 1, angular = 1)
  Fluid KE discrete gradient: disabled
  Impulse pair metric correction: disabled  (mode = pair discrete-gradient, cutoff = all pairs, inner/outer = 0/0, eps = 0.001, linear scale = 1, angular scale = 0)
  Impulse metric correction: disabled  (internal load constraint = disabled)
  Impulse variational defect probe: disabled
  Impulse quadratic pressure: disabled  (scale = 1)
  Added-mass stab:   disabled
  Exact BEM geometry: disabled
  Exact singular BEM: disabled
  Legacy singular SLP diagnostic: disabled
  Phi-dot blend:     0 (off)

  Solver guidance:
    - Strong coupling: use for stiff close-coupled runs; slower but more implicit.
    - Impulse scheme: use when impulse/momentum conservation or KE drift is the focus. Recommended.
    - Added-mass stab: use for higher mesh counts (ndiv > 3) to preserve stability - deprecated.
================================================
Solver starting - good luck!

Initial state:
  Body  1
    density:          1.000000
    shape axes ratio: (1.000000, 1.000000, 0.970590)
    initial KE ratio: 0.500000
    position:         (-4.000000, 0.000000, 0.000000)
    velocity:         (-2.672617, -3.970517, 2.894814)
    angular velocity: (4.606827, 4.253472, 0.404395)
    orientation:      (w=-0.448072, i=0.750602, j=0.422210, k=-0.239930)
  Body  2
    density:          1.000000
    shape axes ratio: (1.000000, 1.000000, 0.125000)
    initial KE ratio: 0.500000
    position:         (4.000000, 0.000000, 0.000000)
    velocity:         (-4.690572, -6.968450, 5.080539)
    angular velocity: (-4.060289, 1.592228, 4.522972)
    orientation:      (w=0.482590, i=-0.451474, j=-0.719335, k=0.214091)

Preparing first step: implicit scheme, no bootstrap passes required.
First step may take longer than later steps.

First step completed in 0.421 s.

Step   100/2000    5.0% | t 5.000 | ETA 6m 43s | step 0.21s | KE 632.1043 | drift -2.11% | fluid 374.5829 | solid 257.5214
  Impulse FP iterations last/mean/max 14/14.53/21
Step   200/2000   10.0% | t 10.000 | ETA 6m 19s | step 0.22s | KE 637.6362 | drift -1.26% | fluid 228.0388 | solid 409.5974
  Impulse FP iterations last/mean/max 15/14.65/27
Step   300/2000   15.0% | t 15.000 | ETA 5m 50s | step 0.16s | KE 635.2024 | drift -1.63% | fluid 317.1378 | solid 318.0646
  Impulse FP iterations last/mean/max 13/14.87/29
Step   400/2000   20.0% | t 20.000 | ETA 5m 22s | step 0.19s | KE 633.2171 | drift -1.94% | fluid 336.5248 | solid 296.6923
  Impulse FP iterations last/mean/max 15/14.95/30
Step   500/2000   25.0% | t 25.000 | ETA 5m 1s | step 0.21s | KE 637.5601 | drift -1.27% | fluid 223.0633 | solid 414.4968
  Impulse FP iterations last/mean/max 15/14.97/30
Step   600/2000   30.0% | t 30.000 | ETA 4m 43s | step 0.20s | KE 633.0465 | drift -1.97% | fluid 369.3947 | solid 263.6517
  Impulse FP iterations last/mean/max 15/14.98/30
Step   700/2000   35.0% | t 35.000 | ETA 4m 26s | step 0.18s | KE 635.2321 | drift -1.63% | fluid 288.8401 | solid 346.3920
  Impulse FP iterations last/mean/max 13/15.02/30
Step   800/2000   40.0% | t 40.000 | ETA 4m 7s | step 0.20s | KE 637.0372 | drift -1.35% | fluid 237.3168 | solid 399.7205
  Impulse FP iterations last/mean/max 14/15.03/30
Step   900/2000   45.0% | t 45.000 | ETA 3m 47s | step 0.20s | KE 631.5979 | drift -2.19% | fluid 398.7199 | solid 232.8779
  Impulse FP iterations last/mean/max 14/15.01/30
Step  1000/2000   50.0% | t 50.000 | ETA 3m 27s | step 0.21s | KE 636.6316 | drift -1.41% | fluid 249.5037 | solid 387.1279
  Impulse FP iterations last/mean/max 15/15.05/30
Step  1100/2000   55.0% | t 55.000 | ETA 3m 7s | step 0.24s | KE 635.9362 | drift -1.52% | fluid 269.7995 | solid 366.1367
  Impulse FP iterations last/mean/max 18/15.04/30
Step  1200/2000   60.0% | t 60.000 | ETA 2m 47s | step 0.20s | KE 632.2204 | drift -2.09% | fluid 386.5995 | solid 245.6209
  Impulse FP iterations last/mean/max 14/15.04/30
Step  1300/2000   65.0% | t 65.000 | ETA 2m 26s | step 0.19s | KE 637.3931 | drift -1.29% | fluid 226.9926 | solid 410.4005
  Impulse FP iterations last/mean/max 13/15.05/30
Step  1400/2000   70.0% | t 70.000 | ETA 2m 5s | step 0.24s | KE 634.1513 | drift -1.80% | fluid 315.6281 | solid 318.5232
  Impulse FP iterations last/mean/max 18/15.02/30
Step  1500/2000   75.0% | t 75.000 | ETA 1m 44s | step 0.15s | KE 634.2977 | drift -1.77% | fluid 341.0905 | solid 293.2072
  Impulse FP iterations last/mean/max 13/14.98/30
Step  1600/2000   80.0% | t 80.000 | ETA 1m 23s | step 0.19s | KE 637.6740 | drift -1.25% | fluid 223.3316 | solid 414.3424
  Impulse FP iterations last/mean/max 13/14.97/30
Step  1700/2000   85.0% | t 85.000 | ETA 1m 2s | step 0.20s | KE 632.1016 | drift -2.11% | fluid 360.2715 | solid 271.8301
  Impulse FP iterations last/mean/max 14/14.95/30
Step  1800/2000   90.0% | t 90.000 | ETA 41s | step 0.19s | KE 636.2173 | drift -1.48% | fluid 287.7981 | solid 348.4191
  Impulse FP iterations last/mean/max 15/14.94/30
Step  1900/2000   95.0% | t 95.000 | ETA 20s | step 0.18s | KE 637.4605 | drift -1.28% | fluid 239.6086 | solid 397.8519
  Impulse FP iterations last/mean/max 15/14.95/30
Solver finished successfully - good job!
Results saved successfully.

================== Run summary ==================
  Bodies:            2
  Triangles / nodes: 256 / 516
  Timesteps:         2000  (dt = 0.05)
  Simulated time:    0 -> 100
  First-step setup:  0.421 s
  Mean time/step:    0.2069 s  (excl. first step)
  Total wall time:   6m 54s
  Impulse FP iters last/mean/max: 24 / 14.944 / 30
  Approx impulse solves/step:     14.945
  Impulse start cache hits/direct: 1999 / 1
  Impulse global drift P/H:       1.723296e-9 / 8.264415e-3
  Impulse per-body max drift P/H: 3.635221e-9 / 8.374912e-3
  CPU cores:         256 available, 8 Rayon worker thread(s)
  Started:           2026-06-24 03:03:53
  Finished:          2026-06-24 03:10:47
  Output file:       /work/e643/e643/shared/multi_ellip/studies/departing_sphericity_sweep/runs/spheroid_oblate/heterogeneous_aspherical/spheroid_oblate_heterogeneous_aspherical_eps0p01_rho1_E0p5_sep8_run02_impulse_noproj/multiple_body_complete.dat
================================================
