
================ Simulation setup ================
  Run label:         /work/e643/e643/shared/multi_ellip/studies/departing_sphericity_sweep/runs/triaxial/heterogeneous_aspherical/triaxial_heterogeneous_aspherical_eps0p03_rho1_E0p5_sep8_run04_impulse_noproj/
  Started:           2026-06-24 03:04:21
  Input file:        /work/e643/e643/shared/multi_ellip/studies/departing_sphericity_sweep/runs/triaxial/heterogeneous_aspherical/triaxial_heterogeneous_aspherical_eps0p03_rho1_E0p5_sep8_run04_impulse_noproj/input.txt
  Output file:       /work/e643/e643/shared/multi_ellip/studies/departing_sphericity_sweep/runs/triaxial/heterogeneous_aspherical/triaxial_heterogeneous_aspherical_eps0p03_rho1_E0p5_sep8_run04_impulse_noproj/multiple_body_complete.dat
  Bodies:            2
  Fluid density:     1
  Mesh:              ndiv 2 -> 256 triangles / 516 nodes
  Simulated time:    0 -> 100  (dt = 0.05, ~2000 steps)
  Output cadence:    every 1 step(s)
  Output rows:       ~2001
  Progress cadence:  every 100 step(s)
  CPU cores:         256 available, 8 Rayon worker thread(s)
  Strong coupling:   disabled
  Impulse scheme:    enabled
  Hamiltonian step:  disabled
  Hamiltonian midpt: disabled
  Variational step:  disabled
  Energy projection: disabled
  Projection particular metric: Euclidean
  Fluid KE gradient: disabled  (eps = 0.001, scale = 1, linear = 1, angular = 1)
  Fluid KE discrete gradient: disabled
  Impulse pair metric correction: disabled  (mode = pair discrete-gradient, cutoff = all pairs, inner/outer = 0/0, eps = 0.001, linear scale = 1, angular scale = 0)
  Impulse metric correction: disabled  (internal load constraint = disabled)
  Impulse variational defect probe: disabled
  Impulse quadratic pressure: disabled  (scale = 1)
  Added-mass stab:   disabled
  Exact BEM geometry: disabled
  Exact singular BEM: disabled
  Legacy singular SLP diagnostic: disabled
  Phi-dot blend:     0 (off)

  Solver guidance:
    - Strong coupling: use for stiff close-coupled runs; slower but more implicit.
    - Impulse scheme: use when impulse/momentum conservation or KE drift is the focus. Recommended.
    - Added-mass stab: use for higher mesh counts (ndiv > 3) to preserve stability - deprecated.
================================================
Solver starting - good luck!

Initial state:
  Body  1
    density:          1.000000
    shape axes ratio: (1.000000, 0.970874, 0.942596)
    initial KE ratio: 0.500000
    position:         (-4.000000, 0.000000, 0.000000)
    velocity:         (-4.533122, 1.064783, -3.123758)
    angular velocity: (3.120821, 5.290643, -1.322115)
    orientation:      (w=0.792548, i=0.116318, j=0.019682, k=0.598290)
  Body  2
    density:          1.000000
    shape axes ratio: (1.000000, 0.500000, 0.250000)
    initial KE ratio: 0.500000
    position:         (4.000000, 0.000000, 0.000000)
    velocity:         (-4.634159, 1.088516, -3.193382)
    angular velocity: (-5.543280, 0.151937, 2.954214)
    orientation:      (w=0.575158, i=0.358544, j=0.172002, k=0.714880)

Preparing first step: implicit scheme, no bootstrap passes required.
First step may take longer than later steps.

First step completed in 0.293 s.

Step   100/2000    5.0% | t 5.000 | ETA 5m 55s | step 0.17s | KE 454.6458 | drift +1.27% | fluid 180.9357 | solid 273.7101
  Impulse FP iterations last/mean/max 12/12.79/14
Step   200/2000   10.0% | t 10.000 | ETA 5m 37s | step 0.20s | KE 449.3471 | drift +0.09% | fluid 142.0384 | solid 307.3086
  Impulse FP iterations last/mean/max 13/12.79/14
Step   300/2000   15.0% | t 15.000 | ETA 5m 19s | step 0.19s | KE 448.7721 | drift -0.04% | fluid 135.0018 | solid 313.7703
  Impulse FP iterations last/mean/max 13/12.82/14
Step   400/2000   20.0% | t 20.000 | ETA 5m 0s | step 0.20s | KE 448.0764 | drift -0.19% | fluid 153.8027 | solid 294.2737
  Impulse FP iterations last/mean/max 13/12.80/14
Step   500/2000   25.0% | t 25.000 | ETA 4m 42s | step 0.20s | KE 446.4693 | drift -0.55% | fluid 193.0042 | solid 253.4651
  Impulse FP iterations last/mean/max 14/12.83/14
Step   600/2000   30.0% | t 30.000 | ETA 4m 18s | step 0.17s | KE 446.5647 | drift -0.53% | fluid 210.0655 | solid 236.4992
  Impulse FP iterations last/mean/max 13/12.85/15
Step   700/2000   35.0% | t 35.000 | ETA 3m 56s | step 0.15s | KE 447.1066 | drift -0.41% | fluid 184.8397 | solid 262.2669
  Impulse FP iterations last/mean/max 13/12.86/15
Step   800/2000   40.0% | t 40.000 | ETA 3m 36s | step 0.15s | KE 447.7937 | drift -0.26% | fluid 138.9072 | solid 308.8865
  Impulse FP iterations last/mean/max 12/12.86/15
Step   900/2000   45.0% | t 45.000 | ETA 3m 19s | step 0.17s | KE 448.5013 | drift -0.10% | fluid 127.0161 | solid 321.4853
  Impulse FP iterations last/mean/max 12/12.86/15
Step  1000/2000   50.0% | t 50.000 | ETA 3m 1s | step 0.20s | KE 448.4465 | drift -0.11% | fluid 148.1719 | solid 300.2746
  Impulse FP iterations last/mean/max 13/12.85/15
Step  1100/2000   55.0% | t 55.000 | ETA 2m 43s | step 0.19s | KE 447.2627 | drift -0.37% | fluid 187.1923 | solid 260.0705
  Impulse FP iterations last/mean/max 13/12.85/15
Step  1200/2000   60.0% | t 60.000 | ETA 2m 26s | step 0.18s | KE 446.9892 | drift -0.43% | fluid 202.2972 | solid 244.6920
  Impulse FP iterations last/mean/max 12/12.86/15
Step  1300/2000   65.0% | t 65.000 | ETA 2m 8s | step 0.18s | KE 447.9366 | drift -0.22% | fluid 177.3806 | solid 270.5560
  Impulse FP iterations last/mean/max 12/12.85/15
Step  1400/2000   70.0% | t 70.000 | ETA 1m 50s | step 0.18s | KE 447.8611 | drift -0.24% | fluid 143.8369 | solid 304.0242
  Impulse FP iterations last/mean/max 12/12.86/15
Step  1500/2000   75.0% | t 75.000 | ETA 1m 31s | step 0.17s | KE 448.0053 | drift -0.21% | fluid 126.1133 | solid 321.8919
  Impulse FP iterations last/mean/max 12/12.85/15
Step  1600/2000   80.0% | t 80.000 | ETA 1m 13s | step 0.17s | KE 448.4771 | drift -0.10% | fluid 142.3190 | solid 306.1580
  Impulse FP iterations last/mean/max 13/12.85/15
Step  1700/2000   85.0% | t 85.000 | ETA 55s | step 0.16s | KE 448.1004 | drift -0.19% | fluid 176.0308 | solid 272.0695
  Impulse FP iterations last/mean/max 14/12.85/15
Step  1800/2000   90.0% | t 90.000 | ETA 36s | step 0.18s | KE 447.1103 | drift -0.41% | fluid 200.5930 | solid 246.5173
  Impulse FP iterations last/mean/max 13/12.86/15
Step  1900/2000   95.0% | t 95.000 | ETA 18s | step 0.19s | KE 448.1298 | drift -0.18% | fluid 174.1229 | solid 274.0068
  Impulse FP iterations last/mean/max 13/12.86/15
Solver finished successfully - good job!
Results saved successfully.

================== Run summary ==================
  Bodies:            2
  Triangles / nodes: 256 / 516
  Timesteps:         2000  (dt = 0.05)
  Simulated time:    0 -> 100
  First-step setup:  0.293 s
  Mean time/step:    0.1843 s  (excl. first step)
  Total wall time:   6m 8s
  Impulse FP iters last/mean/max: 12 / 12.856 / 15
  Approx impulse solves/step:     12.857
  Impulse start cache hits/direct: 1999 / 1
  Impulse global drift P/H:       4.563755e-9 / 5.224532e-3
  Impulse per-body max drift P/H: 8.328582e-9 / 3.053416e-3
  CPU cores:         256 available, 8 Rayon worker thread(s)
  Started:           2026-06-24 03:04:21
  Finished:          2026-06-24 03:10:30
  Output file:       /work/e643/e643/shared/multi_ellip/studies/departing_sphericity_sweep/runs/triaxial/heterogeneous_aspherical/triaxial_heterogeneous_aspherical_eps0p03_rho1_E0p5_sep8_run04_impulse_noproj/multiple_body_complete.dat
================================================
