
================ Simulation setup ================
  Run label:         /work/e643/e643/shared/multi_ellip/studies/departing_sphericity_sweep/runs/spheroid_prolate/heterogeneous_sphere/spheroid_prolate_heterogeneous_sphere_eps0p3_rho1_E0p5_sep8_run05_impulse_noproj/
  Started:           2026-06-24 02:45:44
  Input file:        /work/e643/e643/shared/multi_ellip/studies/departing_sphericity_sweep/runs/spheroid_prolate/heterogeneous_sphere/spheroid_prolate_heterogeneous_sphere_eps0p3_rho1_E0p5_sep8_run05_impulse_noproj/input.txt
  Output file:       /work/e643/e643/shared/multi_ellip/studies/departing_sphericity_sweep/runs/spheroid_prolate/heterogeneous_sphere/spheroid_prolate_heterogeneous_sphere_eps0p3_rho1_E0p5_sep8_run05_impulse_noproj/multiple_body_complete.dat
  Bodies:            2
  Fluid density:     1
  Mesh:              ndiv 2 -> 256 triangles / 516 nodes
  Simulated time:    0 -> 100  (dt = 0.05, ~2000 steps)
  Output cadence:    every 1 step(s)
  Output rows:       ~2001
  Progress cadence:  every 100 step(s)
  CPU cores:         256 available, 8 Rayon worker thread(s)
  Strong coupling:   disabled
  Impulse scheme:    enabled
  Hamiltonian step:  disabled
  Hamiltonian midpt: disabled
  Variational step:  disabled
  Energy projection: disabled
  Projection particular metric: Euclidean
  Fluid KE gradient: disabled  (eps = 0.001, scale = 1, linear = 1, angular = 1)
  Fluid KE discrete gradient: disabled
  Impulse pair metric correction: disabled  (mode = pair discrete-gradient, cutoff = all pairs, inner/outer = 0/0, eps = 0.001, linear scale = 1, angular scale = 0)
  Impulse metric correction: disabled  (internal load constraint = disabled)
  Impulse variational defect probe: disabled
  Impulse quadratic pressure: disabled  (scale = 1)
  Added-mass stab:   disabled
  Exact BEM geometry: disabled
  Exact singular BEM: disabled
  Legacy singular SLP diagnostic: disabled
  Phi-dot blend:     0 (off)

  Solver guidance:
    - Strong coupling: use for stiff close-coupled runs; slower but more implicit.
    - Impulse scheme: use when impulse/momentum conservation or KE drift is the focus. Recommended.
    - Added-mass stab: use for higher mesh counts (ndiv > 3) to preserve stability - deprecated.
================================================
Solver starting - good luck!

Initial state:
  Body  1
    density:          1.000000
    shape axes ratio: (1.000000, 0.455166, 0.455166)
    initial KE ratio: 0.500000
    position:         (-4.000000, 0.000000, 0.000000)
    velocity:         (-6.352513, 3.227396, 1.433868)
    angular velocity: (-1.337061, -1.946611, 5.822490)
    orientation:      (w=-0.064715, i=0.906246, j=0.399238, k=0.123041)
  Body  2
    density:          1.000000
    shape axes ratio: (1.000000, 1.000000, 1.000000)
    initial KE ratio: 0.500000
    position:         (4.000000, 0.000000, 0.000000)
    velocity:         (-4.911844, 2.495464, 1.108685)
    angular velocity: (-5.436870, -0.543971, -3.102090)
    orientation:      (w=0.256011, i=0.266550, j=-0.786628, k=-0.494596)

Preparing first step: implicit scheme, no bootstrap passes required.
First step may take longer than later steps.

First step completed in 0.342 s.

Step   100/2000    5.0% | t 5.000 | ETA 4m 53s | step 0.16s | KE 406.0892 | drift +0.06% | fluid 98.6180 | solid 307.4712
  Impulse FP iterations last/mean/max 11/10.75/12
Step   200/2000   10.0% | t 10.000 | ETA 4m 35s | step 0.15s | KE 404.8449 | drift -0.24% | fluid 139.4068 | solid 265.4381
  Impulse FP iterations last/mean/max 10/10.70/12
Step   300/2000   15.0% | t 15.000 | ETA 4m 19s | step 0.15s | KE 406.2366 | drift +0.10% | fluid 102.5351 | solid 303.7015
  Impulse FP iterations last/mean/max 11/10.65/12
Step   400/2000   20.0% | t 20.000 | ETA 4m 3s | step 0.17s | KE 405.0918 | drift -0.18% | fluid 133.5919 | solid 271.4999
  Impulse FP iterations last/mean/max 12/10.64/12
Step   500/2000   25.0% | t 25.000 | ETA 3m 47s | step 0.16s | KE 406.0411 | drift +0.05% | fluid 101.0092 | solid 305.0320
  Impulse FP iterations last/mean/max 11/10.63/12
Step   600/2000   30.0% | t 30.000 | ETA 3m 32s | step 0.16s | KE 405.1679 | drift -0.16% | fluid 133.8693 | solid 271.2986
  Impulse FP iterations last/mean/max 11/10.62/12
Step   700/2000   35.0% | t 35.000 | ETA 3m 17s | step 0.16s | KE 406.1671 | drift +0.08% | fluid 106.5133 | solid 299.6538
  Impulse FP iterations last/mean/max 11/10.62/12
Step   800/2000   40.0% | t 40.000 | ETA 3m 2s | step 0.17s | KE 405.4476 | drift -0.09% | fluid 125.2168 | solid 280.2308
  Impulse FP iterations last/mean/max 12/10.61/12
Step   900/2000   45.0% | t 45.000 | ETA 2m 46s | step 0.15s | KE 405.9815 | drift +0.04% | fluid 105.4765 | solid 300.5050
  Impulse FP iterations last/mean/max 11/10.61/12
Step  1000/2000   50.0% | t 50.000 | ETA 2m 30s | step 0.15s | KE 405.5631 | drift -0.06% | fluid 125.6455 | solid 279.9176
  Impulse FP iterations last/mean/max 11/10.60/12
Step  1100/2000   55.0% | t 55.000 | ETA 2m 15s | step 0.15s | KE 406.0165 | drift +0.05% | fluid 112.7740 | solid 293.2425
  Impulse FP iterations last/mean/max 11/10.60/12
Step  1200/2000   60.0% | t 60.000 | ETA 2m 0s | step 0.16s | KE 405.7390 | drift -0.02% | fluid 116.4108 | solid 289.3282
  Impulse FP iterations last/mean/max 11/10.60/12
Step  1300/2000   65.0% | t 65.000 | ETA 1m 45s | step 0.16s | KE 405.8516 | drift +0.01% | fluid 112.0503 | solid 293.8014
  Impulse FP iterations last/mean/max 11/10.60/12
Step  1400/2000   70.0% | t 70.000 | ETA 1m 30s | step 0.13s | KE 405.8889 | drift +0.02% | fluid 117.0129 | solid 288.8760
  Impulse FP iterations last/mean/max 10/10.60/12
Step  1500/2000   75.0% | t 75.000 | ETA 1m 14s | step 0.12s | KE 405.7548 | drift -0.02% | fluid 120.8621 | solid 284.8927
  Impulse FP iterations last/mean/max 11/10.59/12
Step  1600/2000   80.0% | t 80.000 | ETA 58s | step 0.12s | KE 405.9221 | drift +0.02% | fluid 108.8096 | solid 297.1125
  Impulse FP iterations last/mean/max 11/10.60/12
Step  1700/2000   85.0% | t 85.000 | ETA 43s | step 0.11s | KE 405.6200 | drift -0.05% | fluid 120.3446 | solid 285.2754
  Impulse FP iterations last/mean/max 11/10.59/12
Step  1800/2000   90.0% | t 90.000 | ETA 28s | step 0.11s | KE 406.0981 | drift +0.07% | fluid 109.6585 | solid 296.4396
  Impulse FP iterations last/mean/max 11/10.59/12
Step  1900/2000   95.0% | t 95.000 | ETA 14s | step 0.10s | KE 405.3868 | drift -0.11% | fluid 129.5683 | solid 275.8185
  Impulse FP iterations last/mean/max 10/10.59/12
Solver finished successfully - good job!
Results saved successfully.

================== Run summary ==================
  Bodies:            2
  Triangles / nodes: 256 / 516
  Timesteps:         2000  (dt = 0.05)
  Simulated time:    0 -> 100
  First-step setup:  0.342 s
  Mean time/step:    0.1388 s  (excl. first step)
  Total wall time:   4m 37s
  Impulse FP iters last/mean/max: 11 / 10.590 / 12
  Approx impulse solves/step:     10.591
  Impulse start cache hits/direct: 1999 / 1
  Impulse global drift P/H:       3.816203e-9 / 2.251140e-3
  Impulse per-body max drift P/H: 9.017602e-9 / 7.459330e-4
  CPU cores:         256 available, 8 Rayon worker thread(s)
  Started:           2026-06-24 02:45:44
  Finished:          2026-06-24 02:50:22
  Output file:       /work/e643/e643/shared/multi_ellip/studies/departing_sphericity_sweep/runs/spheroid_prolate/heterogeneous_sphere/spheroid_prolate_heterogeneous_sphere_eps0p3_rho1_E0p5_sep8_run05_impulse_noproj/multiple_body_complete.dat
================================================
