
================ Simulation setup ================
  Run label:         /work/e643/e643/shared/multi_ellip/studies/departing_sphericity_sweep/runs/spheroid_prolate/heterogeneous_aspherical/spheroid_prolate_heterogeneous_aspherical_eps0p1_rho1_E0p5_sep8_run02_impulse_noproj/
  Started:           2026-06-24 03:03:04
  Input file:        /work/e643/e643/shared/multi_ellip/studies/departing_sphericity_sweep/runs/spheroid_prolate/heterogeneous_aspherical/spheroid_prolate_heterogeneous_aspherical_eps0p1_rho1_E0p5_sep8_run02_impulse_noproj/input.txt
  Output file:       /work/e643/e643/shared/multi_ellip/studies/departing_sphericity_sweep/runs/spheroid_prolate/heterogeneous_aspherical/spheroid_prolate_heterogeneous_aspherical_eps0p1_rho1_E0p5_sep8_run02_impulse_noproj/multiple_body_complete.dat
  Bodies:            2
  Fluid density:     1
  Mesh:              ndiv 2 -> 256 triangles / 516 nodes
  Simulated time:    0 -> 100  (dt = 0.05, ~2000 steps)
  Output cadence:    every 1 step(s)
  Output rows:       ~2001
  Progress cadence:  every 100 step(s)
  CPU cores:         256 available, 8 Rayon worker thread(s)
  Strong coupling:   disabled
  Impulse scheme:    enabled
  Hamiltonian step:  disabled
  Hamiltonian midpt: disabled
  Variational step:  disabled
  Energy projection: disabled
  Projection particular metric: Euclidean
  Fluid KE gradient: disabled  (eps = 0.001, scale = 1, linear = 1, angular = 1)
  Fluid KE discrete gradient: disabled
  Impulse pair metric correction: disabled  (mode = pair discrete-gradient, cutoff = all pairs, inner/outer = 0/0, eps = 0.001, linear scale = 1, angular scale = 0)
  Impulse metric correction: disabled  (internal load constraint = disabled)
  Impulse variational defect probe: disabled
  Impulse quadratic pressure: disabled  (scale = 1)
  Added-mass stab:   disabled
  Exact BEM geometry: disabled
  Exact singular BEM: disabled
  Legacy singular SLP diagnostic: disabled
  Phi-dot blend:     0 (off)

  Solver guidance:
    - Strong coupling: use for stiff close-coupled runs; slower but more implicit.
    - Impulse scheme: use when impulse/momentum conservation or KE drift is the focus. Recommended.
    - Added-mass stab: use for higher mesh counts (ndiv > 3) to preserve stability - deprecated.
================================================
Solver starting - good luck!

Initial state:
  Body  1
    density:          1.000000
    shape axes ratio: (1.000000, 0.751315, 0.751315)
    initial KE ratio: 0.500000
    position:         (-4.000000, 0.000000, 0.000000)
    velocity:         (-4.316377, -4.080739, -0.741887)
    angular velocity: (-1.149328, 5.442282, 2.922162)
    orientation:      (w=-0.077966, i=0.273593, j=0.923584, k=-0.257024)
  Body  2
    density:          1.000000
    shape axes ratio: (1.000000, 0.125000, 0.125000)
    initial KE ratio: 0.500000
    position:         (4.000000, 0.000000, 0.000000)
    velocity:         (-2.290681, -2.165629, -0.393716)
    angular velocity: (-6.255379, -0.456192, -0.374885)
    orientation:      (w=0.249413, i=-0.667699, j=-0.597782, k=0.366916)

Preparing first step: implicit scheme, no bootstrap passes required.
First step may take longer than later steps.

First step completed in 0.288 s.

Step   100/2000    5.0% | t 5.000 | ETA 4m 55s | step 0.15s | KE 707.2523 | drift -0.01% | fluid 313.7711 | solid 393.4811
  Impulse FP iterations last/mean/max 12/12.03/13
Step   200/2000   10.0% | t 10.000 | ETA 4m 42s | step 0.16s | KE 707.2333 | drift -0.02% | fluid 311.1956 | solid 396.0376
  Impulse FP iterations last/mean/max 12/12.03/13
Step   300/2000   15.0% | t 15.000 | ETA 4m 33s | step 0.18s | KE 707.4430 | drift +0.01% | fluid 305.3650 | solid 402.0780
  Impulse FP iterations last/mean/max 12/12.01/13
Step   400/2000   20.0% | t 20.000 | ETA 4m 22s | step 0.19s | KE 707.4762 | drift +0.02% | fluid 305.7914 | solid 401.6848
  Impulse FP iterations last/mean/max 13/12.02/13
Step   500/2000   25.0% | t 25.000 | ETA 4m 9s | step 0.16s | KE 707.4799 | drift +0.02% | fluid 310.0960 | solid 397.3838
  Impulse FP iterations last/mean/max 12/12.02/13
Step   600/2000   30.0% | t 30.000 | ETA 3m 54s | step 0.18s | KE 707.4058 | drift +0.01% | fluid 313.0745 | solid 394.3312
  Impulse FP iterations last/mean/max 12/12.01/13
Step   700/2000   35.0% | t 35.000 | ETA 3m 39s | step 0.18s | KE 707.1834 | drift -0.02% | fluid 312.3725 | solid 394.8108
  Impulse FP iterations last/mean/max 12/12.01/13
Step   800/2000   40.0% | t 40.000 | ETA 3m 23s | step 0.18s | KE 707.3411 | drift -0.00% | fluid 305.9665 | solid 401.3746
  Impulse FP iterations last/mean/max 12/12.01/13
Step   900/2000   45.0% | t 45.000 | ETA 3m 6s | step 0.17s | KE 707.3812 | drift +0.00% | fluid 304.9914 | solid 402.3898
  Impulse FP iterations last/mean/max 12/12.01/13
Step  1000/2000   50.0% | t 50.000 | ETA 2m 50s | step 0.18s | KE 707.3294 | drift -0.00% | fluid 309.7018 | solid 397.6276
  Impulse FP iterations last/mean/max 12/12.01/13
Step  1100/2000   55.0% | t 55.000 | ETA 2m 33s | step 0.16s | KE 707.4174 | drift +0.01% | fluid 312.2003 | solid 395.2171
  Impulse FP iterations last/mean/max 12/12.01/13
Step  1200/2000   60.0% | t 60.000 | ETA 2m 16s | step 0.18s | KE 707.1609 | drift -0.03% | fluid 313.4100 | solid 393.7509
  Impulse FP iterations last/mean/max 12/12.01/13
Step  1300/2000   65.0% | t 65.000 | ETA 1m 59s | step 0.17s | KE 707.3829 | drift +0.00% | fluid 306.8430 | solid 400.5399
  Impulse FP iterations last/mean/max 12/12.01/13
Step  1400/2000   70.0% | t 70.000 | ETA 1m 42s | step 0.17s | KE 707.4970 | drift +0.02% | fluid 304.6068 | solid 402.8902
  Impulse FP iterations last/mean/max 12/12.01/13
Step  1500/2000   75.0% | t 75.000 | ETA 1m 25s | step 0.18s | KE 707.4120 | drift +0.01% | fluid 309.2389 | solid 398.1731
  Impulse FP iterations last/mean/max 12/12.01/13
Step  1600/2000   80.0% | t 80.000 | ETA 1m 8s | step 0.18s | KE 707.5368 | drift +0.03% | fluid 311.5159 | solid 396.0209
  Impulse FP iterations last/mean/max 12/12.01/13
Step  1700/2000   85.0% | t 85.000 | ETA 51s | step 0.17s | KE 707.1617 | drift -0.03% | fluid 314.1529 | solid 393.0088
  Impulse FP iterations last/mean/max 12/12.01/13
Step  1800/2000   90.0% | t 90.000 | ETA 34s | step 0.18s | KE 707.2965 | drift -0.01% | fluid 307.7732 | solid 399.5233
  Impulse FP iterations last/mean/max 12/12.01/13
Step  1900/2000   95.0% | t 95.000 | ETA 17s | step 0.18s | KE 707.3939 | drift +0.01% | fluid 304.3343 | solid 403.0596
  Impulse FP iterations last/mean/max 12/12.01/13
Solver finished successfully - good job!
Results saved successfully.

================== Run summary ==================
  Bodies:            2
  Triangles / nodes: 256 / 516
  Timesteps:         2000  (dt = 0.05)
  Simulated time:    0 -> 100
  First-step setup:  0.288 s
  Mean time/step:    0.1745 s  (excl. first step)
  Total wall time:   5m 49s
  Impulse FP iters last/mean/max: 12 / 12.011 / 13
  Approx impulse solves/step:     12.012
  Impulse start cache hits/direct: 1999 / 1
  Impulse global drift P/H:       9.778765e-9 / 1.025593e-3
  Impulse per-body max drift P/H: 1.171297e-8 / 1.030603e-3
  CPU cores:         256 available, 8 Rayon worker thread(s)
  Started:           2026-06-24 03:03:04
  Finished:          2026-06-24 03:08:54
  Output file:       /work/e643/e643/shared/multi_ellip/studies/departing_sphericity_sweep/runs/spheroid_prolate/heterogeneous_aspherical/spheroid_prolate_heterogeneous_aspherical_eps0p1_rho1_E0p5_sep8_run02_impulse_noproj/multiple_body_complete.dat
================================================
