
================ Simulation setup ================
  Run label:         /work/e643/e643/shared/multi_ellip/studies/departing_sphericity_sweep/runs/spheroid_prolate/heterogeneous_sphere/spheroid_prolate_heterogeneous_sphere_eps0p1_rho1_E0p5_sep8_run10_impulse_noproj/
  Started:           2026-06-24 02:45:43
  Input file:        /work/e643/e643/shared/multi_ellip/studies/departing_sphericity_sweep/runs/spheroid_prolate/heterogeneous_sphere/spheroid_prolate_heterogeneous_sphere_eps0p1_rho1_E0p5_sep8_run10_impulse_noproj/input.txt
  Output file:       /work/e643/e643/shared/multi_ellip/studies/departing_sphericity_sweep/runs/spheroid_prolate/heterogeneous_sphere/spheroid_prolate_heterogeneous_sphere_eps0p1_rho1_E0p5_sep8_run10_impulse_noproj/multiple_body_complete.dat
  Bodies:            2
  Fluid density:     1
  Mesh:              ndiv 2 -> 256 triangles / 516 nodes
  Simulated time:    0 -> 100  (dt = 0.05, ~2000 steps)
  Output cadence:    every 1 step(s)
  Output rows:       ~2001
  Progress cadence:  every 100 step(s)
  CPU cores:         256 available, 8 Rayon worker thread(s)
  Strong coupling:   disabled
  Impulse scheme:    enabled
  Hamiltonian step:  disabled
  Hamiltonian midpt: disabled
  Variational step:  disabled
  Energy projection: disabled
  Projection particular metric: Euclidean
  Fluid KE gradient: disabled  (eps = 0.001, scale = 1, linear = 1, angular = 1)
  Fluid KE discrete gradient: disabled
  Impulse pair metric correction: disabled  (mode = pair discrete-gradient, cutoff = all pairs, inner/outer = 0/0, eps = 0.001, linear scale = 1, angular scale = 0)
  Impulse metric correction: disabled  (internal load constraint = disabled)
  Impulse variational defect probe: disabled
  Impulse quadratic pressure: disabled  (scale = 1)
  Added-mass stab:   disabled
  Exact BEM geometry: disabled
  Exact singular BEM: disabled
  Legacy singular SLP diagnostic: disabled
  Phi-dot blend:     0 (off)

  Solver guidance:
    - Strong coupling: use for stiff close-coupled runs; slower but more implicit.
    - Impulse scheme: use when impulse/momentum conservation or KE drift is the focus. Recommended.
    - Added-mass stab: use for higher mesh counts (ndiv > 3) to preserve stability - deprecated.
================================================
Solver starting - good luck!

Initial state:
  Body  1
    density:          1.000000
    shape axes ratio: (1.000000, 0.751315, 0.751315)
    initial KE ratio: 0.500000
    position:         (-4.000000, 0.000000, 0.000000)
    velocity:         (3.718934, 2.181081, 4.193150)
    angular velocity: (0.054584, 4.890642, -3.944244)
    orientation:      (w=0.086690, i=0.340111, j=0.362198, k=-0.863494)
  Body  2
    density:          1.000000
    shape axes ratio: (1.000000, 1.000000, 1.000000)
    initial KE ratio: 0.500000
    position:         (4.000000, 0.000000, 0.000000)
    velocity:         (3.475110, 2.038083, 3.918235)
    angular velocity: (0.988957, -6.191702, -0.403998)
    orientation:      (w=-0.858062, i=-0.286405, j=-0.425396, k=-0.027183)

Preparing first step: implicit scheme, no bootstrap passes required.
First step may take longer than later steps.

First step completed in 0.319 s.

Step   100/2000    5.0% | t 5.000 | ETA 4m 20s | step 0.13s | KE 285.2540 | drift +1.26% | fluid 70.9309 | solid 214.3231
  Impulse FP iterations last/mean/max 9/9.68/10
Step   200/2000   10.0% | t 10.000 | ETA 4m 8s | step 0.14s | KE 288.1265 | drift +2.28% | fluid 76.7606 | solid 211.3659
  Impulse FP iterations last/mean/max 10/9.68/10
Step   300/2000   15.0% | t 15.000 | ETA 3m 53s | step 0.13s | KE 290.5248 | drift +3.13% | fluid 76.7467 | solid 213.7781
  Impulse FP iterations last/mean/max 9/9.59/10
Step   400/2000   20.0% | t 20.000 | ETA 3m 38s | step 0.14s | KE 292.4925 | drift +3.83% | fluid 72.5930 | solid 219.8994
  Impulse FP iterations last/mean/max 9/9.52/10
Step   500/2000   25.0% | t 25.000 | ETA 3m 23s | step 0.14s | KE 293.1665 | drift +4.07% | fluid 73.0442 | solid 220.1223
  Impulse FP iterations last/mean/max 10/9.48/10
Step   600/2000   30.0% | t 30.000 | ETA 3m 9s | step 0.11s | KE 293.1608 | drift +4.07% | fluid 75.7589 | solid 217.4019
  Impulse FP iterations last/mean/max 8/9.43/10
Step   700/2000   35.0% | t 35.000 | ETA 2m 54s | step 0.15s | KE 293.8892 | drift +4.32% | fluid 72.0369 | solid 221.8523
  Impulse FP iterations last/mean/max 10/9.38/10
Step   800/2000   40.0% | t 40.000 | ETA 2m 40s | step 0.11s | KE 293.3199 | drift +4.12% | fluid 76.3102 | solid 217.0096
  Impulse FP iterations last/mean/max 8/9.31/10
Step   900/2000   45.0% | t 45.000 | ETA 2m 26s | step 0.14s | KE 294.0379 | drift +4.38% | fluid 71.4696 | solid 222.5682
  Impulse FP iterations last/mean/max 10/9.26/10
Step  1000/2000   50.0% | t 50.000 | ETA 2m 12s | step 0.11s | KE 293.2809 | drift +4.11% | fluid 76.7191 | solid 216.5618
  Impulse FP iterations last/mean/max 8/9.22/10
Step  1100/2000   55.0% | t 55.000 | ETA 1m 58s | step 0.13s | KE 294.0435 | drift +4.38% | fluid 71.4643 | solid 222.5791
  Impulse FP iterations last/mean/max 10/9.18/10
Step  1200/2000   60.0% | t 60.000 | ETA 1m 44s | step 0.11s | KE 293.2011 | drift +4.08% | fluid 76.9042 | solid 216.2969
  Impulse FP iterations last/mean/max 8/9.14/10
Step  1300/2000   65.0% | t 65.000 | ETA 1m 31s | step 0.14s | KE 294.0109 | drift +4.37% | fluid 71.0786 | solid 222.9323
  Impulse FP iterations last/mean/max 10/9.11/10
Step  1400/2000   70.0% | t 70.000 | ETA 1m 18s | step 0.12s | KE 293.1338 | drift +4.06% | fluid 76.9980 | solid 216.1358
  Impulse FP iterations last/mean/max 8/9.10/10
Step  1500/2000   75.0% | t 75.000 | ETA 1m 4s | step 0.12s | KE 293.9514 | drift +4.35% | fluid 71.3701 | solid 222.5813
  Impulse FP iterations last/mean/max 9/9.08/10
Step  1600/2000   80.0% | t 80.000 | ETA 51s | step 0.10s | KE 293.1315 | drift +4.06% | fluid 76.7462 | solid 216.3853
  Impulse FP iterations last/mean/max 8/9.06/10
Step  1700/2000   85.0% | t 85.000 | ETA 38s | step 0.10s | KE 293.8508 | drift +4.31% | fluid 71.5858 | solid 222.2650
  Impulse FP iterations last/mean/max 9/9.04/10
Step  1800/2000   90.0% | t 90.000 | ETA 25s | step 0.10s | KE 293.2298 | drift +4.09% | fluid 75.8294 | solid 217.4004
  Impulse FP iterations last/mean/max 9/9.04/10
Step  1900/2000   95.0% | t 95.000 | ETA 12s | step 0.09s | KE 293.6917 | drift +4.25% | fluid 72.7240 | solid 220.9677
  Impulse FP iterations last/mean/max 8/9.02/10
Solver finished successfully - good job!
Results saved successfully.

================== Run summary ==================
  Bodies:            2
  Triangles / nodes: 256 / 516
  Timesteps:         2000  (dt = 0.05)
  Simulated time:    0 -> 100
  First-step setup:  0.319 s
  Mean time/step:    0.1225 s  (excl. first step)
  Total wall time:   4m 5s
  Impulse FP iters last/mean/max: 9 / 9.009 / 10
  Approx impulse solves/step:     9.010
  Impulse start cache hits/direct: 1999 / 1
  Impulse global drift P/H:       3.844118e-8 / 2.230888e-2
  Impulse per-body max drift P/H: 9.340731e-8 / 2.945635e-3
  CPU cores:         256 available, 8 Rayon worker thread(s)
  Started:           2026-06-24 02:45:43
  Finished:          2026-06-24 02:49:49
  Output file:       /work/e643/e643/shared/multi_ellip/studies/departing_sphericity_sweep/runs/spheroid_prolate/heterogeneous_sphere/spheroid_prolate_heterogeneous_sphere_eps0p1_rho1_E0p5_sep8_run10_impulse_noproj/multiple_body_complete.dat
================================================
