
================ Simulation setup ================
  Run label:         /work/e643/e643/shared/multi_ellip/studies/departing_sphericity_sweep/runs/spheroid_oblate/heterogeneous_aspherical/spheroid_oblate_heterogeneous_aspherical_eps1_rho1_E0p5_sep8_run07_impulse_noproj/
  Started:           2026-06-24 03:21:10
  Input file:        /work/e643/e643/shared/multi_ellip/studies/departing_sphericity_sweep/runs/spheroid_oblate/heterogeneous_aspherical/spheroid_oblate_heterogeneous_aspherical_eps1_rho1_E0p5_sep8_run07_impulse_noproj/input.txt
  Output file:       /work/e643/e643/shared/multi_ellip/studies/departing_sphericity_sweep/runs/spheroid_oblate/heterogeneous_aspherical/spheroid_oblate_heterogeneous_aspherical_eps1_rho1_E0p5_sep8_run07_impulse_noproj/multiple_body_complete.dat
  Bodies:            2
  Fluid density:     1
  Mesh:              ndiv 2 -> 256 triangles / 516 nodes
  Simulated time:    0 -> 100  (dt = 0.05, ~2000 steps)
  Output cadence:    every 1 step(s)
  Output rows:       ~2001
  Progress cadence:  every 100 step(s)
  CPU cores:         256 available, 8 Rayon worker thread(s)
  Strong coupling:   disabled
  Impulse scheme:    enabled
  Hamiltonian step:  disabled
  Hamiltonian midpt: disabled
  Variational step:  disabled
  Energy projection: disabled
  Projection particular metric: Euclidean
  Fluid KE gradient: disabled  (eps = 0.001, scale = 1, linear = 1, angular = 1)
  Fluid KE discrete gradient: disabled
  Impulse pair metric correction: disabled  (mode = pair discrete-gradient, cutoff = all pairs, inner/outer = 0/0, eps = 0.001, linear scale = 1, angular scale = 0)
  Impulse metric correction: disabled  (internal load constraint = disabled)
  Impulse variational defect probe: disabled
  Impulse quadratic pressure: disabled  (scale = 1)
  Added-mass stab:   disabled
  Exact BEM geometry: disabled
  Exact singular BEM: disabled
  Legacy singular SLP diagnostic: disabled
  Phi-dot blend:     0 (off)

  Solver guidance:
    - Strong coupling: use for stiff close-coupled runs; slower but more implicit.
    - Impulse scheme: use when impulse/momentum conservation or KE drift is the focus. Recommended.
    - Added-mass stab: use for higher mesh counts (ndiv > 3) to preserve stability - deprecated.
================================================
Solver starting - good luck!

Initial state:
  Body  1
    density:          1.000000
    shape axes ratio: (1.000000, 1.000000, 0.125000)
    initial KE ratio: 0.500000
    position:         (-4.000000, 0.000000, 0.000000)
    velocity:         (7.200298, 5.263967, 2.666689)
    angular velocity: (-4.470798, -2.279642, 3.780690)
    orientation:      (w=0.187690, i=-0.510730, j=-0.807222, k=0.228735)
  Body  2
    density:          1.000000
    shape axes ratio: (1.000000, 1.000000, 0.125000)
    initial KE ratio: 0.500000
    position:         (4.000000, 0.000000, 0.000000)
    velocity:         (8.584675, 6.276053, 3.179404)
    angular velocity: (0.844246, 1.130884, 6.122644)
    orientation:      (w=-0.555358, i=0.757324, j=-0.343317, k=0.013098)

Preparing first step: implicit scheme, no bootstrap passes required.
First step may take longer than later steps.

First step completed in 0.376 s.

Step   100/2000    5.0% | t 5.000 | ETA 7m 52s | step 0.26s | KE 2205.8324 | drift -0.01% | fluid 1262.3662 | solid 943.4662
  Impulse FP iterations last/mean/max 27/24.19/30
Step   200/2000   10.0% | t 10.000 | ETA 7m 17s | step 0.23s | KE 2200.8606 | drift -0.23% | fluid 1633.9714 | solid 566.8892
  Impulse FP iterations last/mean/max 24/24.40/30
Step   300/2000   15.0% | t 15.000 | ETA 6m 54s | step 0.26s | KE 2205.5855 | drift -0.02% | fluid 1425.0665 | solid 780.5190
  Impulse FP iterations last/mean/max 27/24.33/30
Step   400/2000   20.0% | t 20.000 | ETA 6m 24s | step 0.25s | KE 2205.9404 | drift -0.00% | fluid 1375.0055 | solid 830.9349
  Impulse FP iterations last/mean/max 30/24.27/30
Step   500/2000   25.0% | t 25.000 | ETA 5m 52s | step 0.21s | KE 2199.9391 | drift -0.28% | fluid 1656.8944 | solid 543.0447
  Impulse FP iterations last/mean/max 25/24.32/30
Step   600/2000   30.0% | t 30.000 | ETA 5m 29s | step 0.26s | KE 2205.9492 | drift -0.00% | fluid 1278.9412 | solid 927.0079
  Impulse FP iterations last/mean/max 28/24.34/30
Step   700/2000   35.0% | t 35.000 | ETA 5m 4s | step 0.23s | KE 2202.4439 | drift -0.16% | fluid 1580.4849 | solid 621.9590
  Impulse FP iterations last/mean/max 24/24.34/30
Step   800/2000   40.0% | t 40.000 | ETA 4m 40s | step 0.22s | KE 2204.0135 | drift -0.09% | fluid 1480.5603 | solid 723.4532
  Impulse FP iterations last/mean/max 24/24.39/30
Step   900/2000   45.0% | t 45.000 | ETA 4m 16s | step 0.21s | KE 2205.5748 | drift -0.02% | fluid 1356.5119 | solid 849.0629
  Impulse FP iterations last/mean/max 21/24.39/30
Step  1000/2000   50.0% | t 50.000 | ETA 3m 53s | step 0.21s | KE 2201.2144 | drift -0.22% | fluid 1621.0340 | solid 580.1805
  Impulse FP iterations last/mean/max 23/24.38/30
Step  1100/2000   55.0% | t 55.000 | ETA 3m 30s | step 0.26s | KE 2205.7510 | drift -0.01% | fluid 1353.1512 | solid 852.5998
  Impulse FP iterations last/mean/max 26/24.38/30
Step  1200/2000   60.0% | t 60.000 | ETA 3m 7s | step 0.23s | KE 2203.0916 | drift -0.13% | fluid 1508.6190 | solid 694.4726
  Impulse FP iterations last/mean/max 22/24.38/30
Step  1300/2000   65.0% | t 65.000 | ETA 2m 44s | step 0.29s | KE 2202.2377 | drift -0.17% | fluid 1506.5301 | solid 695.7076
  Impulse FP iterations last/mean/max 30/24.38/30
Step  1400/2000   70.0% | t 70.000 | ETA 2m 21s | step 0.28s | KE 2205.2039 | drift -0.04% | fluid 1397.5758 | solid 807.6281
  Impulse FP iterations last/mean/max 30/24.37/30
Step  1500/2000   75.0% | t 75.000 | ETA 1m 57s | step 0.21s | KE 2203.9186 | drift -0.10% | fluid 1529.5659 | solid 674.3526
  Impulse FP iterations last/mean/max 21/24.39/30
Step  1600/2000   80.0% | t 80.000 | ETA 1m 34s | step 0.27s | KE 2204.1566 | drift -0.09% | fluid 1447.8472 | solid 756.3094
  Impulse FP iterations last/mean/max 30/24.40/30
Step  1700/2000   85.0% | t 85.000 | ETA 1m 10s | step 0.21s | KE 2202.9598 | drift -0.14% | fluid 1461.7921 | solid 741.1677
  Impulse FP iterations last/mean/max 22/24.40/30
Step  1800/2000   90.0% | t 90.000 | ETA 46s | step 0.26s | KE 2202.7175 | drift -0.15% | fluid 1478.4622 | solid 724.2553
  Impulse FP iterations last/mean/max 29/24.39/30
Step  1900/2000   95.0% | t 95.000 | ETA 23s | step 0.21s | KE 2204.4580 | drift -0.07% | fluid 1488.7158 | solid 715.7422
  Impulse FP iterations last/mean/max 23/24.39/30
Solver finished successfully - good job!
Results saved successfully.

================== Run summary ==================
  Bodies:            2
  Triangles / nodes: 256 / 516
  Timesteps:         2000  (dt = 0.05)
  Simulated time:    0 -> 100
  First-step setup:  0.376 s
  Mean time/step:    0.2327 s  (excl. first step)
  Total wall time:   7m 45s
  Impulse FP iters last/mean/max: 25 / 24.374 / 30
  Approx impulse solves/step:     24.374
  Impulse start cache hits/direct: 1999 / 1
  Impulse global drift P/H:       8.149057e-10 / 3.070079e-4
  Impulse per-body max drift P/H: 1.274733e-9 / 2.745631e-4
  CPU cores:         256 available, 8 Rayon worker thread(s)
  Started:           2026-06-24 03:21:10
  Finished:          2026-06-24 03:28:56
  Output file:       /work/e643/e643/shared/multi_ellip/studies/departing_sphericity_sweep/runs/spheroid_oblate/heterogeneous_aspherical/spheroid_oblate_heterogeneous_aspherical_eps1_rho1_E0p5_sep8_run07_impulse_noproj/multiple_body_complete.dat
================================================
