
================ Simulation setup ================
  Run label:         /work/e643/e643/shared/multi_ellip/studies/departing_sphericity_sweep/runs/spheroid_prolate/heterogeneous_aspherical/spheroid_prolate_heterogeneous_aspherical_eps0p1_rho1_E0p5_sep8_run07_impulse_noproj/
  Started:           2026-06-24 03:03:05
  Input file:        /work/e643/e643/shared/multi_ellip/studies/departing_sphericity_sweep/runs/spheroid_prolate/heterogeneous_aspherical/spheroid_prolate_heterogeneous_aspherical_eps0p1_rho1_E0p5_sep8_run07_impulse_noproj/input.txt
  Output file:       /work/e643/e643/shared/multi_ellip/studies/departing_sphericity_sweep/runs/spheroid_prolate/heterogeneous_aspherical/spheroid_prolate_heterogeneous_aspherical_eps0p1_rho1_E0p5_sep8_run07_impulse_noproj/multiple_body_complete.dat
  Bodies:            2
  Fluid density:     1
  Mesh:              ndiv 2 -> 256 triangles / 516 nodes
  Simulated time:    0 -> 100  (dt = 0.05, ~2000 steps)
  Output cadence:    every 1 step(s)
  Output rows:       ~2001
  Progress cadence:  every 100 step(s)
  CPU cores:         256 available, 8 Rayon worker thread(s)
  Strong coupling:   disabled
  Impulse scheme:    enabled
  Hamiltonian step:  disabled
  Hamiltonian midpt: disabled
  Variational step:  disabled
  Energy projection: disabled
  Projection particular metric: Euclidean
  Fluid KE gradient: disabled  (eps = 0.001, scale = 1, linear = 1, angular = 1)
  Fluid KE discrete gradient: disabled
  Impulse pair metric correction: disabled  (mode = pair discrete-gradient, cutoff = all pairs, inner/outer = 0/0, eps = 0.001, linear scale = 1, angular scale = 0)
  Impulse metric correction: disabled  (internal load constraint = disabled)
  Impulse variational defect probe: disabled
  Impulse quadratic pressure: disabled  (scale = 1)
  Added-mass stab:   disabled
  Exact BEM geometry: disabled
  Exact singular BEM: disabled
  Legacy singular SLP diagnostic: disabled
  Phi-dot blend:     0 (off)

  Solver guidance:
    - Strong coupling: use for stiff close-coupled runs; slower but more implicit.
    - Impulse scheme: use when impulse/momentum conservation or KE drift is the focus. Recommended.
    - Added-mass stab: use for higher mesh counts (ndiv > 3) to preserve stability - deprecated.
================================================
Solver starting - good luck!

Initial state:
  Body  1
    density:          1.000000
    shape axes ratio: (1.000000, 0.751315, 0.751315)
    initial KE ratio: 0.500000
    position:         (-4.000000, 0.000000, 0.000000)
    velocity:         (0.172488, -0.827883, 5.607268)
    angular velocity: (-3.967165, -4.339379, 2.215809)
    orientation:      (w=-0.971207, i=0.082480, j=-0.197733, k=0.104186)
  Body  2
    density:          1.000000
    shape axes ratio: (1.000000, 0.125000, 0.125000)
    initial KE ratio: 0.500000
    position:         (4.000000, 0.000000, 0.000000)
    velocity:         (0.415861, -1.995995, 13.518913)
    angular velocity: (3.325986, -2.795149, -4.539094)
    orientation:      (w=0.188314, i=0.524680, j=-0.715341, k=0.421351)

Preparing first step: implicit scheme, no bootstrap passes required.
First step may take longer than later steps.

First step completed in 0.375 s.

Step   100/2000    5.0% | t 5.000 | ETA 6m 0s | step 0.19s | KE 1120.5789 | drift +0.12% | fluid 298.5617 | solid 822.0172
  Impulse FP iterations last/mean/max 13/13.05/14
Step   200/2000   10.0% | t 10.000 | ETA 5m 39s | step 0.19s | KE 1121.3575 | drift +0.19% | fluid 246.7800 | solid 874.5775
  Impulse FP iterations last/mean/max 13/13.00/14
Step   300/2000   15.0% | t 15.000 | ETA 5m 21s | step 0.19s | KE 1120.7493 | drift +0.13% | fluid 274.0592 | solid 846.6902
  Impulse FP iterations last/mean/max 13/13.00/14
Step   400/2000   20.0% | t 20.000 | ETA 5m 1s | step 0.18s | KE 1119.4677 | drift +0.02% | fluid 363.7171 | solid 755.7506
  Impulse FP iterations last/mean/max 13/12.99/14
Step   500/2000   25.0% | t 25.000 | ETA 4m 42s | step 0.17s | KE 1117.3091 | drift -0.17% | fluid 475.4425 | solid 641.8666
  Impulse FP iterations last/mean/max 12/12.98/14
Step   600/2000   30.0% | t 30.000 | ETA 4m 24s | step 0.18s | KE 1117.7668 | drift -0.13% | fluid 513.8060 | solid 603.9608
  Impulse FP iterations last/mean/max 13/12.99/14
Step   700/2000   35.0% | t 35.000 | ETA 4m 5s | step 0.21s | KE 1122.7941 | drift +0.32% | fluid 440.0159 | solid 682.7782
  Impulse FP iterations last/mean/max 14/12.99/14
Step   800/2000   40.0% | t 40.000 | ETA 3m 46s | step 0.20s | KE 1128.9396 | drift +0.87% | fluid 326.3385 | solid 802.6010
  Impulse FP iterations last/mean/max 14/12.99/14
Step   900/2000   45.0% | t 45.000 | ETA 3m 27s | step 0.18s | KE 1132.0966 | drift +1.15% | fluid 262.4014 | solid 869.6951
  Impulse FP iterations last/mean/max 12/12.98/14
Step  1000/2000   50.0% | t 50.000 | ETA 3m 8s | step 0.19s | KE 1131.1577 | drift +1.06% | fluid 277.8353 | solid 853.3224
  Impulse FP iterations last/mean/max 13/12.99/14
Step  1100/2000   55.0% | t 55.000 | ETA 2m 49s | step 0.19s | KE 1127.1289 | drift +0.70% | fluid 358.6660 | solid 768.4628
  Impulse FP iterations last/mean/max 13/12.99/14
Step  1200/2000   60.0% | t 60.000 | ETA 2m 30s | step 0.18s | KE 1120.9767 | drift +0.16% | fluid 469.1095 | solid 651.8672
  Impulse FP iterations last/mean/max 12/12.98/14
Step  1300/2000   65.0% | t 65.000 | ETA 2m 11s | step 0.19s | KE 1117.0136 | drift -0.20% | fluid 515.3077 | solid 601.7059
  Impulse FP iterations last/mean/max 13/12.98/14
Step  1400/2000   70.0% | t 70.000 | ETA 1m 53s | step 0.19s | KE 1117.7032 | drift -0.14% | fluid 447.0870 | solid 670.6162
  Impulse FP iterations last/mean/max 13/12.98/14
Step  1500/2000   75.0% | t 75.000 | ETA 1m 34s | step 0.19s | KE 1120.1347 | drift +0.08% | fluid 329.1180 | solid 791.0168
  Impulse FP iterations last/mean/max 13/12.98/14
Step  1600/2000   80.0% | t 80.000 | ETA 1m 15s | step 0.17s | KE 1121.2672 | drift +0.18% | fluid 254.7815 | solid 866.4857
  Impulse FP iterations last/mean/max 13/12.98/14
Step  1700/2000   85.0% | t 85.000 | ETA 56s | step 0.16s | KE 1120.9535 | drift +0.15% | fluid 257.8827 | solid 863.0709
  Impulse FP iterations last/mean/max 13/12.98/14
Step  1800/2000   90.0% | t 90.000 | ETA 37s | step 0.15s | KE 1120.0792 | drift +0.07% | fluid 328.3654 | solid 791.7137
  Impulse FP iterations last/mean/max 13/12.98/14
Step  1900/2000   95.0% | t 95.000 | ETA 18s | step 0.17s | KE 1117.9511 | drift -0.12% | fluid 442.8324 | solid 675.1187
  Impulse FP iterations last/mean/max 13/12.98/14
Solver finished successfully - good job!
Results saved successfully.

================== Run summary ==================
  Bodies:            2
  Triangles / nodes: 256 / 516
  Timesteps:         2000  (dt = 0.05)
  Simulated time:    0 -> 100
  First-step setup:  0.375 s
  Mean time/step:    0.1835 s  (excl. first step)
  Total wall time:   6m 7s
  Impulse FP iters last/mean/max: 13 / 12.983 / 14
  Approx impulse solves/step:     12.984
  Impulse start cache hits/direct: 1999 / 1
  Impulse global drift P/H:       4.874931e-9 / 4.710089e-3
  Impulse per-body max drift P/H: 1.965027e-8 / 3.202124e-3
  CPU cores:         256 available, 8 Rayon worker thread(s)
  Started:           2026-06-24 03:03:05
  Finished:          2026-06-24 03:09:12
  Output file:       /work/e643/e643/shared/multi_ellip/studies/departing_sphericity_sweep/runs/spheroid_prolate/heterogeneous_aspherical/spheroid_prolate_heterogeneous_aspherical_eps0p1_rho1_E0p5_sep8_run07_impulse_noproj/multiple_body_complete.dat
================================================
