
================ Simulation setup ================
  Run label:         /work/e643/e643/shared/multi_ellip/studies/departing_sphericity_sweep/runs/spheroid_oblate/heterogeneous_aspherical/spheroid_oblate_heterogeneous_aspherical_eps0p0003_rho1_E0p5_sep8_run08_impulse_noproj/
  Started:           2026-06-24 03:03:51
  Input file:        /work/e643/e643/shared/multi_ellip/studies/departing_sphericity_sweep/runs/spheroid_oblate/heterogeneous_aspherical/spheroid_oblate_heterogeneous_aspherical_eps0p0003_rho1_E0p5_sep8_run08_impulse_noproj/input.txt
  Output file:       /work/e643/e643/shared/multi_ellip/studies/departing_sphericity_sweep/runs/spheroid_oblate/heterogeneous_aspherical/spheroid_oblate_heterogeneous_aspherical_eps0p0003_rho1_E0p5_sep8_run08_impulse_noproj/multiple_body_complete.dat
  Bodies:            2
  Fluid density:     1
  Mesh:              ndiv 2 -> 256 triangles / 516 nodes
  Simulated time:    0 -> 100  (dt = 0.05, ~2000 steps)
  Output cadence:    every 1 step(s)
  Output rows:       ~2001
  Progress cadence:  every 100 step(s)
  CPU cores:         256 available, 8 Rayon worker thread(s)
  Strong coupling:   disabled
  Impulse scheme:    enabled
  Hamiltonian step:  disabled
  Hamiltonian midpt: disabled
  Variational step:  disabled
  Energy projection: disabled
  Projection particular metric: Euclidean
  Fluid KE gradient: disabled  (eps = 0.001, scale = 1, linear = 1, angular = 1)
  Fluid KE discrete gradient: disabled
  Impulse pair metric correction: disabled  (mode = pair discrete-gradient, cutoff = all pairs, inner/outer = 0/0, eps = 0.001, linear scale = 1, angular scale = 0)
  Impulse metric correction: disabled  (internal load constraint = disabled)
  Impulse variational defect probe: disabled
  Impulse quadratic pressure: disabled  (scale = 1)
  Added-mass stab:   disabled
  Exact BEM geometry: disabled
  Exact singular BEM: disabled
  Legacy singular SLP diagnostic: disabled
  Phi-dot blend:     0 (off)

  Solver guidance:
    - Strong coupling: use for stiff close-coupled runs; slower but more implicit.
    - Impulse scheme: use when impulse/momentum conservation or KE drift is the focus. Recommended.
    - Added-mass stab: use for higher mesh counts (ndiv > 3) to preserve stability - deprecated.
================================================
Solver starting - good luck!

Initial state:
  Body  1
    density:          1.000000
    shape axes ratio: (1.000000, 1.000000, 0.999101)
    initial KE ratio: 0.500000
    position:         (-4.000000, 0.000000, 0.000000)
    velocity:         (-3.066242, 3.657641, -2.966127)
    angular velocity: (-3.694582, 4.374793, -2.586438)
    orientation:      (w=-0.846429, i=0.076617, j=-0.135532, k=0.509234)
  Body  2
    density:          1.000000
    shape axes ratio: (1.000000, 1.000000, 0.125000)
    initial KE ratio: 0.500000
    position:         (4.000000, 0.000000, 0.000000)
    velocity:         (-4.504594, 5.373415, -4.357516)
    angular velocity: (0.133501, -6.076233, 1.593733)
    orientation:      (w=0.314899, i=0.199216, j=0.425574, k=0.824645)

Preparing first step: implicit scheme, no bootstrap passes required.
First step may take longer than later steps.

First step completed in 0.276 s.

Step   100/2000    5.0% | t 5.000 | ETA 6m 20s | step 0.19s | KE 604.0322 | drift +0.20% | fluid 221.2896 | solid 382.7426
  Impulse FP iterations last/mean/max 13/14.03/18
Step   200/2000   10.0% | t 10.000 | ETA 5m 49s | step 0.18s | KE 605.3969 | drift +0.43% | fluid 163.2862 | solid 442.1107
  Impulse FP iterations last/mean/max 13/13.52/18
Step   300/2000   15.0% | t 15.000 | ETA 5m 26s | step 0.17s | KE 605.7730 | drift +0.49% | fluid 143.0374 | solid 462.7356
  Impulse FP iterations last/mean/max 12/13.35/18
Step   400/2000   20.0% | t 20.000 | ETA 5m 6s | step 0.19s | KE 605.4958 | drift +0.45% | fluid 158.3471 | solid 447.1488
  Impulse FP iterations last/mean/max 13/13.31/18
Step   500/2000   25.0% | t 25.000 | ETA 4m 48s | step 0.22s | KE 604.3119 | drift +0.25% | fluid 211.6460 | solid 392.6659
  Impulse FP iterations last/mean/max 16/13.35/18
Step   600/2000   30.0% | t 30.000 | ETA 4m 29s | step 0.21s | KE 602.2625 | drift -0.09% | fluid 278.4801 | solid 323.7824
  Impulse FP iterations last/mean/max 14/13.35/18
Step   700/2000   35.0% | t 35.000 | ETA 4m 11s | step 0.28s | KE 602.2794 | drift -0.09% | fluid 278.0089 | solid 324.2706
  Impulse FP iterations last/mean/max 21/13.41/30
Step   800/2000   40.0% | t 40.000 | ETA 3m 52s | step 0.20s | KE 604.3304 | drift +0.25% | fluid 210.9426 | solid 393.3878
  Impulse FP iterations last/mean/max 14/13.44/30
Step   900/2000   45.0% | t 45.000 | ETA 3m 32s | step 0.20s | KE 605.5032 | drift +0.45% | fluid 158.0070 | solid 447.4963
  Impulse FP iterations last/mean/max 13/13.44/30
Step  1000/2000   50.0% | t 50.000 | ETA 3m 13s | step 0.18s | KE 605.7741 | drift +0.49% | fluid 143.0598 | solid 462.7142
  Impulse FP iterations last/mean/max 12/13.42/30
Step  1100/2000   55.0% | t 55.000 | ETA 2m 54s | step 0.19s | KE 605.3943 | drift +0.43% | fluid 163.6775 | solid 441.7169
  Impulse FP iterations last/mean/max 14/13.42/30
Step  1200/2000   60.0% | t 60.000 | ETA 2m 34s | step 0.22s | KE 604.0382 | drift +0.21% | fluid 222.0008 | solid 382.0374
  Impulse FP iterations last/mean/max 16/13.42/30
Step  1300/2000   65.0% | t 65.000 | ETA 2m 15s | step 0.19s | KE 602.0495 | drift -0.12% | fluid 284.3693 | solid 317.6802
  Impulse FP iterations last/mean/max 13/13.40/30
Step  1400/2000   70.0% | t 70.000 | ETA 1m 55s | step 0.17s | KE 602.5465 | drift -0.04% | fluid 270.4055 | solid 332.1410
  Impulse FP iterations last/mean/max 12/13.37/30
Step  1500/2000   75.0% | t 75.000 | ETA 1m 36s | step 0.21s | KE 604.5771 | drift +0.29% | fluid 201.0745 | solid 403.5026
  Impulse FP iterations last/mean/max 15/13.35/30
Step  1600/2000   80.0% | t 80.000 | ETA 1m 17s | step 0.19s | KE 605.5864 | drift +0.46% | fluid 153.5590 | solid 452.0273
  Impulse FP iterations last/mean/max 13/13.34/30
Step  1700/2000   85.0% | t 85.000 | ETA 57s | step 0.17s | KE 605.7612 | drift +0.49% | fluid 143.8057 | solid 461.9555
  Impulse FP iterations last/mean/max 12/13.33/30
Step  1800/2000   90.0% | t 90.000 | ETA 38s | step 0.18s | KE 605.2715 | drift +0.41% | fluid 169.8542 | solid 435.4172
  Impulse FP iterations last/mean/max 14/13.31/30
Step  1900/2000   95.0% | t 95.000 | ETA 19s | step 0.18s | KE 603.7413 | drift +0.16% | fluid 232.6049 | solid 371.1364
  Impulse FP iterations last/mean/max 14/13.30/30
Solver finished successfully - good job!
Results saved successfully.

================== Run summary ==================
  Bodies:            2
  Triangles / nodes: 256 / 516
  Timesteps:         2000  (dt = 0.05)
  Simulated time:    0 -> 100
  First-step setup:  0.276 s
  Mean time/step:    0.1905 s  (excl. first step)
  Total wall time:   6m 21s
  Impulse FP iters last/mean/max: 13 / 13.288 / 30
  Approx impulse solves/step:     13.289
  Impulse start cache hits/direct: 1999 / 1
  Impulse global drift P/H:       2.701856e-9 / 4.455482e-3
  Impulse per-body max drift P/H: 3.552867e-9 / 3.027664e-3
  CPU cores:         256 available, 8 Rayon worker thread(s)
  Started:           2026-06-24 03:03:51
  Finished:          2026-06-24 03:10:12
  Output file:       /work/e643/e643/shared/multi_ellip/studies/departing_sphericity_sweep/runs/spheroid_oblate/heterogeneous_aspherical/spheroid_oblate_heterogeneous_aspherical_eps0p0003_rho1_E0p5_sep8_run08_impulse_noproj/multiple_body_complete.dat
================================================
