
================ Simulation setup ================
  Run label:         /work/e643/e643/shared/multi_ellip/studies/departing_sphericity_sweep/runs/spheroid_oblate/heterogeneous_aspherical/spheroid_oblate_heterogeneous_aspherical_eps0p01_rho1_E0p5_sep8_run08_impulse_noproj/
  Started:           2026-06-24 03:12:16
  Input file:        /work/e643/e643/shared/multi_ellip/studies/departing_sphericity_sweep/runs/spheroid_oblate/heterogeneous_aspherical/spheroid_oblate_heterogeneous_aspherical_eps0p01_rho1_E0p5_sep8_run08_impulse_noproj/input.txt
  Output file:       /work/e643/e643/shared/multi_ellip/studies/departing_sphericity_sweep/runs/spheroid_oblate/heterogeneous_aspherical/spheroid_oblate_heterogeneous_aspherical_eps0p01_rho1_E0p5_sep8_run08_impulse_noproj/multiple_body_complete.dat
  Bodies:            2
  Fluid density:     1
  Mesh:              ndiv 2 -> 256 triangles / 516 nodes
  Simulated time:    0 -> 100  (dt = 0.05, ~2000 steps)
  Output cadence:    every 1 step(s)
  Output rows:       ~2001
  Progress cadence:  every 100 step(s)
  CPU cores:         256 available, 8 Rayon worker thread(s)
  Strong coupling:   disabled
  Impulse scheme:    enabled
  Hamiltonian step:  disabled
  Hamiltonian midpt: disabled
  Variational step:  disabled
  Energy projection: disabled
  Projection particular metric: Euclidean
  Fluid KE gradient: disabled  (eps = 0.001, scale = 1, linear = 1, angular = 1)
  Fluid KE discrete gradient: disabled
  Impulse pair metric correction: disabled  (mode = pair discrete-gradient, cutoff = all pairs, inner/outer = 0/0, eps = 0.001, linear scale = 1, angular scale = 0)
  Impulse metric correction: disabled  (internal load constraint = disabled)
  Impulse variational defect probe: disabled
  Impulse quadratic pressure: disabled  (scale = 1)
  Added-mass stab:   disabled
  Exact BEM geometry: disabled
  Exact singular BEM: disabled
  Legacy singular SLP diagnostic: disabled
  Phi-dot blend:     0 (off)

  Solver guidance:
    - Strong coupling: use for stiff close-coupled runs; slower but more implicit.
    - Impulse scheme: use when impulse/momentum conservation or KE drift is the focus. Recommended.
    - Added-mass stab: use for higher mesh counts (ndiv > 3) to preserve stability - deprecated.
================================================
Solver starting - good luck!

Initial state:
  Body  1
    density:          1.000000
    shape axes ratio: (1.000000, 1.000000, 0.970590)
    initial KE ratio: 0.500000
    position:         (-4.000000, 0.000000, 0.000000)
    velocity:         (1.930481, 3.578951, -3.840548)
    angular velocity: (-1.880009, -5.990069, 0.251113)
    orientation:      (w=0.429016, i=-0.559307, j=-0.116109, k=-0.699742)
  Body  2
    density:          1.000000
    shape axes ratio: (1.000000, 1.000000, 0.125000)
    initial KE ratio: 0.500000
    position:         (4.000000, 0.000000, 0.000000)
    velocity:         (2.958310, 5.484461, -5.885338)
    angular velocity: (0.739666, 5.746007, -2.432020)
    orientation:      (w=0.116165, i=-0.446389, j=0.475753, k=-0.748934)

Preparing first step: implicit scheme, no bootstrap passes required.
First step may take longer than later steps.

First step completed in 0.255 s.

Step   100/2000    5.0% | t 5.000 | ETA 6m 15s | step 0.21s | KE 602.9146 | drift +1.76% | fluid 266.4319 | solid 336.4827
  Impulse FP iterations last/mean/max 14/13.95/19
Step   200/2000   10.0% | t 10.000 | ETA 6m 0s | step 0.21s | KE 603.3480 | drift +1.83% | fluid 183.3924 | solid 419.9555
  Impulse FP iterations last/mean/max 14/13.96/27
Step   300/2000   15.0% | t 15.000 | ETA 5m 41s | step 0.19s | KE 602.3113 | drift +1.66% | fluid 272.3761 | solid 329.9352
  Impulse FP iterations last/mean/max 13/14.06/30
Step   400/2000   20.0% | t 20.000 | ETA 5m 21s | step 0.19s | KE 602.7346 | drift +1.73% | fluid 248.6913 | solid 354.0433
  Impulse FP iterations last/mean/max 14/14.05/30
Step   500/2000   25.0% | t 25.000 | ETA 5m 2s | step 0.19s | KE 603.2914 | drift +1.83% | fluid 185.9789 | solid 417.3125
  Impulse FP iterations last/mean/max 13/14.12/30
Step   600/2000   30.0% | t 30.000 | ETA 4m 42s | step 0.21s | KE 601.9857 | drift +1.60% | fluid 286.8203 | solid 315.1653
  Impulse FP iterations last/mean/max 15/14.11/30
Step   700/2000   35.0% | t 35.000 | ETA 4m 22s | step 0.20s | KE 602.9786 | drift +1.77% | fluid 231.1484 | solid 371.8302
  Impulse FP iterations last/mean/max 14/14.13/30
Step   800/2000   40.0% | t 40.000 | ETA 4m 1s | step 0.20s | KE 603.2619 | drift +1.82% | fluid 192.4559 | solid 410.8060
  Impulse FP iterations last/mean/max 13/14.13/30
Step   900/2000   45.0% | t 45.000 | ETA 3m 41s | step 0.22s | KE 601.7551 | drift +1.57% | fluid 296.2853 | solid 305.4698
  Impulse FP iterations last/mean/max 16/14.15/30
Step  1000/2000   50.0% | t 50.000 | ETA 3m 22s | step 0.21s | KE 603.1172 | drift +1.80% | fluid 215.8289 | solid 387.2883
  Impulse FP iterations last/mean/max 14/14.16/30
Step  1100/2000   55.0% | t 55.000 | ETA 3m 0s | step 0.17s | KE 603.2337 | drift +1.82% | fluid 201.7466 | solid 401.4871
  Impulse FP iterations last/mean/max 13/14.16/30
Step  1200/2000   60.0% | t 60.000 | ETA 2m 38s | step 0.18s | KE 601.6435 | drift +1.55% | fluid 300.3123 | solid 301.3311
  Impulse FP iterations last/mean/max 15/14.15/30
Step  1300/2000   65.0% | t 65.000 | ETA 2m 17s | step 0.17s | KE 603.2333 | drift +1.82% | fluid 202.1820 | solid 401.0513
  Impulse FP iterations last/mean/max 13/14.13/30
Step  1400/2000   70.0% | t 70.000 | ETA 1m 57s | step 0.18s | KE 603.1324 | drift +1.80% | fluid 215.1534 | solid 387.9789
  Impulse FP iterations last/mean/max 13/14.12/30
Step  1500/2000   75.0% | t 75.000 | ETA 1m 38s | step 0.21s | KE 601.7524 | drift +1.57% | fluid 296.5840 | solid 305.1683
  Impulse FP iterations last/mean/max 16/14.12/30
Step  1600/2000   80.0% | t 80.000 | ETA 1m 18s | step 0.20s | KE 603.2751 | drift +1.82% | fluid 192.5478 | solid 410.7273
  Impulse FP iterations last/mean/max 13/14.13/30
Step  1700/2000   85.0% | t 85.000 | ETA 59s | step 0.20s | KE 602.9867 | drift +1.77% | fluid 230.6503 | solid 372.3364
  Impulse FP iterations last/mean/max 15/14.13/30
Step  1800/2000   90.0% | t 90.000 | ETA 39s | step 0.20s | KE 601.9861 | drift +1.60% | fluid 287.0958 | solid 314.8904
  Impulse FP iterations last/mean/max 15/14.12/30
Step  1900/2000   95.0% | t 95.000 | ETA 19s | step 0.18s | KE 603.2868 | drift +1.82% | fluid 186.3293 | solid 416.9575
  Impulse FP iterations last/mean/max 12/14.13/30
Solver finished successfully - good job!
Results saved successfully.

================== Run summary ==================
  Bodies:            2
  Triangles / nodes: 256 / 516
  Timesteps:         2000  (dt = 0.05)
  Simulated time:    0 -> 100
  First-step setup:  0.255 s
  Mean time/step:    0.1977 s  (excl. first step)
  Total wall time:   6m 35s
  Impulse FP iters last/mean/max: 14 / 14.127 / 30
  Approx impulse solves/step:     14.128
  Impulse start cache hits/direct: 1999 / 1
  Impulse global drift P/H:       7.061857e-9 / 1.997725e-3
  Impulse per-body max drift P/H: 9.119295e-9 / 1.467187e-3
  CPU cores:         256 available, 8 Rayon worker thread(s)
  Started:           2026-06-24 03:12:16
  Finished:          2026-06-24 03:18:52
  Output file:       /work/e643/e643/shared/multi_ellip/studies/departing_sphericity_sweep/runs/spheroid_oblate/heterogeneous_aspherical/spheroid_oblate_heterogeneous_aspherical_eps0p01_rho1_E0p5_sep8_run08_impulse_noproj/multiple_body_complete.dat
================================================
