
================ Simulation setup ================
  Run label:         /work/e643/e643/shared/multi_ellip/studies/departing_sphericity_sweep/runs/spheroid_oblate/heterogeneous_sphere/spheroid_oblate_heterogeneous_sphere_eps0p001_rho1_E0p5_sep8_run10_impulse_noproj/
  Started:           2026-06-24 02:46:37
  Input file:        /work/e643/e643/shared/multi_ellip/studies/departing_sphericity_sweep/runs/spheroid_oblate/heterogeneous_sphere/spheroid_oblate_heterogeneous_sphere_eps0p001_rho1_E0p5_sep8_run10_impulse_noproj/input.txt
  Output file:       /work/e643/e643/shared/multi_ellip/studies/departing_sphericity_sweep/runs/spheroid_oblate/heterogeneous_sphere/spheroid_oblate_heterogeneous_sphere_eps0p001_rho1_E0p5_sep8_run10_impulse_noproj/multiple_body_complete.dat
  Bodies:            2
  Fluid density:     1
  Mesh:              ndiv 2 -> 256 triangles / 516 nodes
  Simulated time:    0 -> 100  (dt = 0.05, ~2000 steps)
  Output cadence:    every 1 step(s)
  Output rows:       ~2001
  Progress cadence:  every 100 step(s)
  CPU cores:         256 available, 8 Rayon worker thread(s)
  Strong coupling:   disabled
  Impulse scheme:    enabled
  Hamiltonian step:  disabled
  Hamiltonian midpt: disabled
  Variational step:  disabled
  Energy projection: disabled
  Projection particular metric: Euclidean
  Fluid KE gradient: disabled  (eps = 0.001, scale = 1, linear = 1, angular = 1)
  Fluid KE discrete gradient: disabled
  Impulse pair metric correction: disabled  (mode = pair discrete-gradient, cutoff = all pairs, inner/outer = 0/0, eps = 0.001, linear scale = 1, angular scale = 0)
  Impulse metric correction: disabled  (internal load constraint = disabled)
  Impulse variational defect probe: disabled
  Impulse quadratic pressure: disabled  (scale = 1)
  Added-mass stab:   disabled
  Exact BEM geometry: disabled
  Exact singular BEM: disabled
  Legacy singular SLP diagnostic: disabled
  Phi-dot blend:     0 (off)

  Solver guidance:
    - Strong coupling: use for stiff close-coupled runs; slower but more implicit.
    - Impulse scheme: use when impulse/momentum conservation or KE drift is the focus. Recommended.
    - Added-mass stab: use for higher mesh counts (ndiv > 3) to preserve stability - deprecated.
================================================
Solver starting - good luck!

Initial state:
  Body  1
    density:          1.000000
    shape axes ratio: (1.000000, 1.000000, 0.997006)
    initial KE ratio: 0.500000
    position:         (-4.000000, 0.000000, 0.000000)
    velocity:         (-2.573975, 4.370398, 2.414381)
    angular velocity: (3.274672, 5.218815, -1.232440)
    orientation:      (w=0.020297, i=0.152889, j=0.259209, k=-0.953427)
  Body  2
    density:          1.000000
    shape axes ratio: (1.000000, 1.000000, 1.000000)
    initial KE ratio: 0.500000
    position:         (4.000000, 0.000000, 0.000000)
    velocity:         (-2.575108, 4.372321, 2.415443)
    angular velocity: (3.866512, -3.566173, 3.436701)
    orientation:      (w=-0.660794, i=-0.450177, j=-0.464781, k=-0.380356)

Preparing first step: implicit scheme, no bootstrap passes required.
First step may take longer than later steps.

First step completed in 0.219 s.

Step   100/2000    5.0% | t 5.000 | ETA 3m 11s | step 0.09s | KE 273.4218 | drift +0.98% | fluid 72.3882 | solid 201.0336
  Impulse FP iterations last/mean/max 7/7.68/8
Step   200/2000   10.0% | t 10.000 | ETA 3m 1s | step 0.11s | KE 278.3171 | drift +2.78% | fluid 72.4221 | solid 205.8950
  Impulse FP iterations last/mean/max 8/7.63/8
Step   300/2000   15.0% | t 15.000 | ETA 2m 51s | step 0.11s | KE 285.4673 | drift +5.42% | fluid 72.3840 | solid 213.0834
  Impulse FP iterations last/mean/max 8/7.59/8
Step   400/2000   20.0% | t 20.000 | ETA 2m 40s | step 0.10s | KE 294.8583 | drift +8.89% | fluid 72.3820 | solid 222.4763
  Impulse FP iterations last/mean/max 8/7.54/8
Step   500/2000   25.0% | t 25.000 | ETA 2m 30s | step 0.11s | KE 306.4729 | drift +13.18% | fluid 72.4117 | solid 234.0611
  Impulse FP iterations last/mean/max 8/7.53/8
Step   600/2000   30.0% | t 30.000 | ETA 2m 19s | step 0.11s | KE 320.2908 | drift +18.28% | fluid 72.3917 | solid 247.8991
  Impulse FP iterations last/mean/max 8/7.51/8
Step   700/2000   35.0% | t 35.000 | ETA 2m 9s | step 0.11s | KE 336.2773 | drift +24.19% | fluid 72.3866 | solid 263.8907
  Impulse FP iterations last/mean/max 8/7.51/8
Step   800/2000   40.0% | t 40.000 | ETA 1m 59s | step 0.09s | KE 354.4004 | drift +30.88% | fluid 72.3905 | solid 282.0099
  Impulse FP iterations last/mean/max 7/7.52/8
Step   900/2000   45.0% | t 45.000 | ETA 1m 50s | step 0.10s | KE 374.6326 | drift +38.35% | fluid 72.3860 | solid 302.2467
  Impulse FP iterations last/mean/max 8/7.53/8
Step  1000/2000   50.0% | t 50.000 | ETA 1m 39s | step 0.08s | KE 396.9403 | drift +46.59% | fluid 72.3849 | solid 324.5553
  Impulse FP iterations last/mean/max 7/7.55/8
Step  1100/2000   55.0% | t 55.000 | ETA 1m 29s | step 0.09s | KE 421.2982 | drift +55.59% | fluid 72.3866 | solid 348.9116
  Impulse FP iterations last/mean/max 7/7.57/8
Step  1200/2000   60.0% | t 60.000 | ETA 1m 19s | step 0.11s | KE 447.6821 | drift +65.33% | fluid 72.4002 | solid 375.2819
  Impulse FP iterations last/mean/max 8/7.59/8
Step  1300/2000   65.0% | t 65.000 | ETA 1m 10s | step 0.10s | KE 476.0709 | drift +75.81% | fluid 72.3997 | solid 403.6712
  Impulse FP iterations last/mean/max 8/7.61/8
Step  1400/2000   70.0% | t 70.000 | ETA 1m 0s | step 0.10s | KE 506.4430 | drift +87.03% | fluid 72.3903 | solid 434.0527
  Impulse FP iterations last/mean/max 8/7.63/8
Step  1500/2000   75.0% | t 75.000 | ETA 50s | step 0.10s | KE 538.7759 | drift +98.97% | fluid 72.3970 | solid 466.3788
  Impulse FP iterations last/mean/max 8/7.64/8
Step  1600/2000   80.0% | t 80.000 | ETA 40s | step 0.11s | KE 573.0504 | drift +111.63% | fluid 72.4257 | solid 500.6247
  Impulse FP iterations last/mean/max 8/7.66/8
Step  1700/2000   85.0% | t 85.000 | ETA 30s | step 0.10s | KE 609.2628 | drift +125.00% | fluid 72.4047 | solid 536.8581
  Impulse FP iterations last/mean/max 8/7.67/8
Step  1800/2000   90.0% | t 90.000 | ETA 20s | step 0.10s | KE 647.3739 | drift +139.08% | fluid 72.4075 | solid 574.9664
  Impulse FP iterations last/mean/max 8/7.68/8
Step  1900/2000   95.0% | t 95.000 | ETA 10s | step 0.09s | KE 687.3758 | drift +153.85% | fluid 72.4069 | solid 614.9689
  Impulse FP iterations last/mean/max 8/7.69/8
Solver finished successfully - good job!
Results saved successfully.

================== Run summary ==================
  Bodies:            2
  Triangles / nodes: 256 / 516
  Timesteps:         2000  (dt = 0.05)
  Simulated time:    0 -> 100
  First-step setup:  0.219 s
  Mean time/step:    0.1003 s  (excl. first step)
  Total wall time:   3m 20s
  Impulse FP iters last/mean/max: 8 / 7.702 / 8
  Approx impulse solves/step:     7.703
  Impulse start cache hits/direct: 1999 / 1
  Impulse global drift P/H:       7.327323e-9 / 5.203380e-2
  Impulse per-body max drift P/H: 1.107558e-8 / 3.275068e-3
  CPU cores:         256 available, 8 Rayon worker thread(s)
  Started:           2026-06-24 02:46:37
  Finished:          2026-06-24 02:49:58
  Output file:       /work/e643/e643/shared/multi_ellip/studies/departing_sphericity_sweep/runs/spheroid_oblate/heterogeneous_sphere/spheroid_oblate_heterogeneous_sphere_eps0p001_rho1_E0p5_sep8_run10_impulse_noproj/multiple_body_complete.dat
================================================
