
================ Simulation setup ================
  Run label:         /work/e643/e643/shared/multi_ellip/studies/departing_sphericity_sweep/runs/spheroid_prolate/heterogeneous_aspherical/spheroid_prolate_heterogeneous_aspherical_eps0p0003_rho1_E0p5_sep8_run07_impulse_noproj/
  Started:           2026-06-24 02:57:03
  Input file:        /work/e643/e643/shared/multi_ellip/studies/departing_sphericity_sweep/runs/spheroid_prolate/heterogeneous_aspherical/spheroid_prolate_heterogeneous_aspherical_eps0p0003_rho1_E0p5_sep8_run07_impulse_noproj/input.txt
  Output file:       /work/e643/e643/shared/multi_ellip/studies/departing_sphericity_sweep/runs/spheroid_prolate/heterogeneous_aspherical/spheroid_prolate_heterogeneous_aspherical_eps0p0003_rho1_E0p5_sep8_run07_impulse_noproj/multiple_body_complete.dat
  Bodies:            2
  Fluid density:     1
  Mesh:              ndiv 2 -> 256 triangles / 516 nodes
  Simulated time:    0 -> 100  (dt = 0.05, ~2000 steps)
  Output cadence:    every 1 step(s)
  Output rows:       ~2001
  Progress cadence:  every 100 step(s)
  CPU cores:         256 available, 8 Rayon worker thread(s)
  Strong coupling:   disabled
  Impulse scheme:    enabled
  Hamiltonian step:  disabled
  Hamiltonian midpt: disabled
  Variational step:  disabled
  Energy projection: disabled
  Projection particular metric: Euclidean
  Fluid KE gradient: disabled  (eps = 0.001, scale = 1, linear = 1, angular = 1)
  Fluid KE discrete gradient: disabled
  Impulse pair metric correction: disabled  (mode = pair discrete-gradient, cutoff = all pairs, inner/outer = 0/0, eps = 0.001, linear scale = 1, angular scale = 0)
  Impulse metric correction: disabled  (internal load constraint = disabled)
  Impulse variational defect probe: disabled
  Impulse quadratic pressure: disabled  (scale = 1)
  Added-mass stab:   disabled
  Exact BEM geometry: disabled
  Exact singular BEM: disabled
  Legacy singular SLP diagnostic: disabled
  Phi-dot blend:     0 (off)

  Solver guidance:
    - Strong coupling: use for stiff close-coupled runs; slower but more implicit.
    - Impulse scheme: use when impulse/momentum conservation or KE drift is the focus. Recommended.
    - Added-mass stab: use for higher mesh counts (ndiv > 3) to preserve stability - deprecated.
================================================
Solver starting - good luck!

Initial state:
  Body  1
    density:          1.000000
    shape axes ratio: (1.000000, 0.999101, 0.999101)
    initial KE ratio: 0.500000
    position:         (-4.000000, 0.000000, 0.000000)
    velocity:         (2.779744, 1.063384, 4.767904)
    angular velocity: (1.468762, 4.512039, 4.118575)
    orientation:      (w=0.410999, i=-0.842361, j=-0.312315, k=0.154813)
  Body  2
    density:          1.000000
    shape axes ratio: (1.000000, 0.125000, 0.125000)
    initial KE ratio: 0.500000
    position:         (4.000000, 0.000000, 0.000000)
    velocity:         (7.806451, 2.986337, 13.389871)
    angular velocity: (1.088336, -5.692414, -2.427007)
    orientation:      (w=-0.159585, i=-0.816823, j=-0.486418, k=-0.265951)

Preparing first step: implicit scheme, no bootstrap passes required.
First step may take longer than later steps.

First step completed in 0.272 s.

Step   100/2000    5.0% | t 5.000 | ETA 5m 39s | step 0.16s | KE 1169.7669 | drift -0.17% | fluid 524.4569 | solid 645.3101
  Impulse FP iterations last/mean/max 11/12.55/13
Step   200/2000   10.0% | t 10.000 | ETA 5m 24s | step 0.18s | KE 1169.6878 | drift -0.18% | fluid 552.5203 | solid 617.1675
  Impulse FP iterations last/mean/max 12/12.53/13
Step   300/2000   15.0% | t 15.000 | ETA 5m 7s | step 0.18s | KE 1170.3285 | drift -0.13% | fluid 533.7349 | solid 636.5936
  Impulse FP iterations last/mean/max 13/12.53/13
Step   400/2000   20.0% | t 20.000 | ETA 4m 49s | step 0.19s | KE 1170.2033 | drift -0.14% | fluid 476.1750 | solid 694.0283
  Impulse FP iterations last/mean/max 13/12.52/13
Step   500/2000   25.0% | t 25.000 | ETA 4m 31s | step 0.18s | KE 1172.7534 | drift +0.08% | fluid 410.0936 | solid 762.6598
  Impulse FP iterations last/mean/max 12/12.51/13
Step   600/2000   30.0% | t 30.000 | ETA 4m 13s | step 0.19s | KE 1170.8251 | drift -0.08% | fluid 352.7850 | solid 818.0401
  Impulse FP iterations last/mean/max 13/12.51/13
Step   700/2000   35.0% | t 35.000 | ETA 3m 55s | step 0.18s | KE 1173.7986 | drift +0.17% | fluid 328.0517 | solid 845.7468
  Impulse FP iterations last/mean/max 13/12.51/13
Step   800/2000   40.0% | t 40.000 | ETA 3m 36s | step 0.19s | KE 1170.8392 | drift -0.08% | fluid 332.0531 | solid 838.7861
  Impulse FP iterations last/mean/max 13/12.51/13
Step   900/2000   45.0% | t 45.000 | ETA 3m 18s | step 0.18s | KE 1173.2690 | drift +0.12% | fluid 373.1531 | solid 800.1159
  Impulse FP iterations last/mean/max 13/12.51/13
Step  1000/2000   50.0% | t 50.000 | ETA 3m 0s | step 0.16s | KE 1170.5189 | drift -0.11% | fluid 433.2612 | solid 737.2578
  Impulse FP iterations last/mean/max 12/12.50/13
Step  1100/2000   55.0% | t 55.000 | ETA 2m 41s | step 0.15s | KE 1171.0892 | drift -0.06% | fluid 501.8217 | solid 669.2674
  Impulse FP iterations last/mean/max 12/12.51/13
Step  1200/2000   60.0% | t 60.000 | ETA 2m 22s | step 0.13s | KE 1169.5883 | drift -0.19% | fluid 545.6037 | solid 623.9846
  Impulse FP iterations last/mean/max 10/12.50/14
Step  1300/2000   65.0% | t 65.000 | ETA 2m 4s | step 0.15s | KE 1169.5830 | drift -0.19% | fluid 547.0978 | solid 622.4851
  Impulse FP iterations last/mean/max 12/12.51/14
Step  1400/2000   70.0% | t 70.000 | ETA 1m 46s | step 0.19s | KE 1171.0093 | drift -0.07% | fluid 505.4464 | solid 665.5628
  Impulse FP iterations last/mean/max 13/12.51/14
Step  1500/2000   75.0% | t 75.000 | ETA 1m 29s | step 0.18s | KE 1170.4928 | drift -0.11% | fluid 437.4723 | solid 733.0205
  Impulse FP iterations last/mean/max 13/12.51/14
Step  1600/2000   80.0% | t 80.000 | ETA 1m 11s | step 0.19s | KE 1173.2271 | drift +0.12% | fluid 376.4131 | solid 796.8140
  Impulse FP iterations last/mean/max 13/12.51/14
Step  1700/2000   85.0% | t 85.000 | ETA 53s | step 0.18s | KE 1170.8389 | drift -0.08% | fluid 333.5458 | solid 837.2930
  Impulse FP iterations last/mean/max 13/12.51/14
Step  1800/2000   90.0% | t 90.000 | ETA 35s | step 0.18s | KE 1173.8039 | drift +0.17% | fluid 327.4747 | solid 846.3292
  Impulse FP iterations last/mean/max 12/12.51/14
Step  1900/2000   95.0% | t 95.000 | ETA 17s | step 0.16s | KE 1170.8275 | drift -0.08% | fluid 350.2342 | solid 820.5933
  Impulse FP iterations last/mean/max 13/12.51/14
Solver finished successfully - good job!
Results saved successfully.

================== Run summary ==================
  Bodies:            2
  Triangles / nodes: 256 / 516
  Timesteps:         2000  (dt = 0.05)
  Simulated time:    0 -> 100
  First-step setup:  0.272 s
  Mean time/step:    0.1759 s  (excl. first step)
  Total wall time:   5m 51s
  Impulse FP iters last/mean/max: 13 / 12.508 / 14
  Approx impulse solves/step:     12.508
  Impulse start cache hits/direct: 1999 / 1
  Impulse global drift P/H:       2.546379e-9 / 3.348470e-3
  Impulse per-body max drift P/H: 3.452688e-9 / 2.433503e-3
  CPU cores:         256 available, 8 Rayon worker thread(s)
  Started:           2026-06-24 02:57:03
  Finished:          2026-06-24 03:02:55
  Output file:       /work/e643/e643/shared/multi_ellip/studies/departing_sphericity_sweep/runs/spheroid_prolate/heterogeneous_aspherical/spheroid_prolate_heterogeneous_aspherical_eps0p0003_rho1_E0p5_sep8_run07_impulse_noproj/multiple_body_complete.dat
================================================
