
================ Simulation setup ================
  Run label:         /work/e643/e643/shared/multi_ellip/studies/departing_sphericity_sweep/runs/triaxial/heterogeneous_aspherical/triaxial_heterogeneous_aspherical_eps0p0001_rho1_E0p5_sep8_run02_impulse_noproj/
  Started:           2026-06-24 02:52:08
  Input file:        /work/e643/e643/shared/multi_ellip/studies/departing_sphericity_sweep/runs/triaxial/heterogeneous_aspherical/triaxial_heterogeneous_aspherical_eps0p0001_rho1_E0p5_sep8_run02_impulse_noproj/input.txt
  Output file:       /work/e643/e643/shared/multi_ellip/studies/departing_sphericity_sweep/runs/triaxial/heterogeneous_aspherical/triaxial_heterogeneous_aspherical_eps0p0001_rho1_E0p5_sep8_run02_impulse_noproj/multiple_body_complete.dat
  Bodies:            2
  Fluid density:     1
  Mesh:              ndiv 2 -> 256 triangles / 516 nodes
  Simulated time:    0 -> 100  (dt = 0.05, ~2000 steps)
  Output cadence:    every 1 step(s)
  Output rows:       ~2001
  Progress cadence:  every 100 step(s)
  CPU cores:         256 available, 8 Rayon worker thread(s)
  Strong coupling:   disabled
  Impulse scheme:    enabled
  Hamiltonian step:  disabled
  Hamiltonian midpt: disabled
  Variational step:  disabled
  Energy projection: disabled
  Projection particular metric: Euclidean
  Fluid KE gradient: disabled  (eps = 0.001, scale = 1, linear = 1, angular = 1)
  Fluid KE discrete gradient: disabled
  Impulse pair metric correction: disabled  (mode = pair discrete-gradient, cutoff = all pairs, inner/outer = 0/0, eps = 0.001, linear scale = 1, angular scale = 0)
  Impulse metric correction: disabled  (internal load constraint = disabled)
  Impulse variational defect probe: disabled
  Impulse quadratic pressure: disabled  (scale = 1)
  Added-mass stab:   disabled
  Exact BEM geometry: disabled
  Exact singular BEM: disabled
  Legacy singular SLP diagnostic: disabled
  Phi-dot blend:     0 (off)

  Solver guidance:
    - Strong coupling: use for stiff close-coupled runs; slower but more implicit.
    - Impulse scheme: use when impulse/momentum conservation or KE drift is the focus. Recommended.
    - Added-mass stab: use for higher mesh counts (ndiv > 3) to preserve stability - deprecated.
================================================
Solver starting - good luck!

Initial state:
  Body  1
    density:          1.000000
    shape axes ratio: (1.000000, 0.999900, 0.999800)
    initial KE ratio: 0.500000
    position:         (-4.000000, 0.000000, 0.000000)
    velocity:         (3.580994, -3.052808, 3.071947)
    angular velocity: (-6.063977, -0.010291, -1.645142)
    orientation:      (w=-0.754319, i=0.131780, j=0.375385, k=-0.522228)
  Body  2
    density:          1.000000
    shape axes ratio: (1.000000, 0.500000, 0.250000)
    initial KE ratio: 0.500000
    position:         (4.000000, 0.000000, 0.000000)
    velocity:         (5.160433, -4.399284, 4.426864)
    angular velocity: (1.158290, 6.154535, 0.508404)
    orientation:      (w=-0.252349, i=0.038045, j=-0.424922, k=0.868512)

Preparing first step: implicit scheme, no bootstrap passes required.
First step may take longer than later steps.

First step completed in 0.345 s.

Step   100/2000    5.0% | t 5.000 | ETA 5m 57s | step 0.17s | KE 547.6714 | drift -0.21% | fluid 255.5617 | solid 292.1098
  Impulse FP iterations last/mean/max 12/12.78/14
Step   200/2000   10.0% | t 10.000 | ETA 5m 27s | step 0.17s | KE 547.4692 | drift -0.24% | fluid 253.7059 | solid 293.7633
  Impulse FP iterations last/mean/max 12/12.34/14
Step   300/2000   15.0% | t 15.000 | ETA 5m 3s | step 0.19s | KE 547.4206 | drift -0.25% | fluid 251.7688 | solid 295.6517
  Impulse FP iterations last/mean/max 12/12.16/14
Step   400/2000   20.0% | t 20.000 | ETA 4m 43s | step 0.16s | KE 547.3936 | drift -0.26% | fluid 249.7746 | solid 297.6190
  Impulse FP iterations last/mean/max 12/12.06/14
Step   500/2000   25.0% | t 25.000 | ETA 4m 24s | step 0.18s | KE 547.3743 | drift -0.26% | fluid 247.7481 | solid 299.6262
  Impulse FP iterations last/mean/max 12/12.02/14
Step   600/2000   30.0% | t 30.000 | ETA 4m 6s | step 0.18s | KE 547.3605 | drift -0.26% | fluid 245.7143 | solid 301.6462
  Impulse FP iterations last/mean/max 12/11.99/14
Step   700/2000   35.0% | t 35.000 | ETA 3m 48s | step 0.18s | KE 547.3525 | drift -0.27% | fluid 243.7004 | solid 303.6521
  Impulse FP iterations last/mean/max 12/11.97/14
Step   800/2000   40.0% | t 40.000 | ETA 3m 30s | step 0.18s | KE 547.3506 | drift -0.27% | fluid 241.7351 | solid 305.6155
  Impulse FP iterations last/mean/max 13/11.96/14
Step   900/2000   45.0% | t 45.000 | ETA 3m 12s | step 0.18s | KE 547.3556 | drift -0.27% | fluid 239.8462 | solid 307.5095
  Impulse FP iterations last/mean/max 12/11.94/14
Step  1000/2000   50.0% | t 50.000 | ETA 2m 54s | step 0.18s | KE 547.3685 | drift -0.26% | fluid 238.0585 | solid 309.3100
  Impulse FP iterations last/mean/max 12/11.93/14
Step  1100/2000   55.0% | t 55.000 | ETA 2m 37s | step 0.17s | KE 547.3900 | drift -0.26% | fluid 236.3961 | solid 310.9939
  Impulse FP iterations last/mean/max 12/11.92/14
Step  1200/2000   60.0% | t 60.000 | ETA 2m 19s | step 0.17s | KE 547.4204 | drift -0.25% | fluid 234.8827 | solid 312.5377
  Impulse FP iterations last/mean/max 12/11.91/14
Step  1300/2000   65.0% | t 65.000 | ETA 2m 2s | step 0.17s | KE 547.4599 | drift -0.25% | fluid 233.5388 | solid 313.9211
  Impulse FP iterations last/mean/max 12/11.90/14
Step  1400/2000   70.0% | t 70.000 | ETA 1m 44s | step 0.18s | KE 547.5085 | drift -0.24% | fluid 232.3803 | solid 315.1282
  Impulse FP iterations last/mean/max 12/11.90/14
Step  1500/2000   75.0% | t 75.000 | ETA 1m 27s | step 0.16s | KE 547.5661 | drift -0.23% | fluid 231.4193 | solid 316.1468
  Impulse FP iterations last/mean/max 11/11.89/14
Step  1600/2000   80.0% | t 80.000 | ETA 1m 9s | step 0.16s | KE 547.6322 | drift -0.21% | fluid 230.6667 | solid 316.9655
  Impulse FP iterations last/mean/max 11/11.89/14
Step  1700/2000   85.0% | t 85.000 | ETA 52s | step 0.16s | KE 547.7058 | drift -0.20% | fluid 230.1307 | solid 317.5751
  Impulse FP iterations last/mean/max 11/11.88/14
Step  1800/2000   90.0% | t 90.000 | ETA 34s | step 0.16s | KE 547.7859 | drift -0.19% | fluid 229.8146 | solid 317.9713
  Impulse FP iterations last/mean/max 11/11.88/14
Step  1900/2000   95.0% | t 95.000 | ETA 17s | step 0.14s | KE 547.8717 | drift -0.17% | fluid 229.7172 | solid 318.1545
  Impulse FP iterations last/mean/max 11/11.88/14
Solver finished successfully - good job!
Results saved successfully.

================== Run summary ==================
  Bodies:            2
  Triangles / nodes: 256 / 516
  Timesteps:         2000  (dt = 0.05)
  Simulated time:    0 -> 100
  First-step setup:  0.345 s
  Mean time/step:    0.1715 s  (excl. first step)
  Total wall time:   5m 43s
  Impulse FP iters last/mean/max: 11 / 11.873 / 14
  Approx impulse solves/step:     11.874
  Impulse start cache hits/direct: 1999 / 1
  Impulse global drift P/H:       3.551605e-9 / 1.557246e-3
  Impulse per-body max drift P/H: 1.463093e-8 / 9.906574e-4
  CPU cores:         256 available, 8 Rayon worker thread(s)
  Started:           2026-06-24 02:52:08
  Finished:          2026-06-24 02:57:51
  Output file:       /work/e643/e643/shared/multi_ellip/studies/departing_sphericity_sweep/runs/triaxial/heterogeneous_aspherical/triaxial_heterogeneous_aspherical_eps0p0001_rho1_E0p5_sep8_run02_impulse_noproj/multiple_body_complete.dat
================================================
