
================ Simulation setup ================
  Run label:         /work/e643/e643/shared/multi_ellip/studies/departing_sphericity_sweep/runs/spheroid_prolate/heterogeneous_sphere/spheroid_prolate_heterogeneous_sphere_eps0p3_rho1_E0p5_sep8_run07_impulse_noproj/
  Started:           2026-06-24 02:45:44
  Input file:        /work/e643/e643/shared/multi_ellip/studies/departing_sphericity_sweep/runs/spheroid_prolate/heterogeneous_sphere/spheroid_prolate_heterogeneous_sphere_eps0p3_rho1_E0p5_sep8_run07_impulse_noproj/input.txt
  Output file:       /work/e643/e643/shared/multi_ellip/studies/departing_sphericity_sweep/runs/spheroid_prolate/heterogeneous_sphere/spheroid_prolate_heterogeneous_sphere_eps0p3_rho1_E0p5_sep8_run07_impulse_noproj/multiple_body_complete.dat
  Bodies:            2
  Fluid density:     1
  Mesh:              ndiv 2 -> 256 triangles / 516 nodes
  Simulated time:    0 -> 100  (dt = 0.05, ~2000 steps)
  Output cadence:    every 1 step(s)
  Output rows:       ~2001
  Progress cadence:  every 100 step(s)
  CPU cores:         256 available, 8 Rayon worker thread(s)
  Strong coupling:   disabled
  Impulse scheme:    enabled
  Hamiltonian step:  disabled
  Hamiltonian midpt: disabled
  Variational step:  disabled
  Energy projection: disabled
  Projection particular metric: Euclidean
  Fluid KE gradient: disabled  (eps = 0.001, scale = 1, linear = 1, angular = 1)
  Fluid KE discrete gradient: disabled
  Impulse pair metric correction: disabled  (mode = pair discrete-gradient, cutoff = all pairs, inner/outer = 0/0, eps = 0.001, linear scale = 1, angular scale = 0)
  Impulse metric correction: disabled  (internal load constraint = disabled)
  Impulse variational defect probe: disabled
  Impulse quadratic pressure: disabled  (scale = 1)
  Added-mass stab:   disabled
  Exact BEM geometry: disabled
  Exact singular BEM: disabled
  Legacy singular SLP diagnostic: disabled
  Phi-dot blend:     0 (off)

  Solver guidance:
    - Strong coupling: use for stiff close-coupled runs; slower but more implicit.
    - Impulse scheme: use when impulse/momentum conservation or KE drift is the focus. Recommended.
    - Added-mass stab: use for higher mesh counts (ndiv > 3) to preserve stability - deprecated.
================================================
Solver starting - good luck!

Initial state:
  Body  1
    density:          1.000000
    shape axes ratio: (1.000000, 0.455166, 0.455166)
    initial KE ratio: 0.500000
    position:         (-4.000000, 0.000000, 0.000000)
    velocity:         (3.005894, 3.364879, 5.394957)
    angular velocity: (2.345375, -1.000153, 5.742589)
    orientation:      (w=0.601244, i=-0.598563, j=0.289009, k=0.443510)
  Body  2
    density:          1.000000
    shape axes ratio: (1.000000, 1.000000, 1.000000)
    initial KE ratio: 0.500000
    position:         (4.000000, 0.000000, 0.000000)
    velocity:         (2.401910, 2.688763, 4.310930)
    angular velocity: (4.882190, 2.212873, 3.278083)
    orientation:      (w=0.832360, i=-0.139543, j=0.204580, k=-0.495835)

Preparing first step: implicit scheme, no bootstrap passes required.
First step may take longer than later steps.

First step completed in 0.357 s.

Step   100/2000    5.0% | t 5.000 | ETA 4m 53s | step 0.17s | KE 362.8496 | drift +0.12% | fluid 110.8789 | solid 251.9706
  Impulse FP iterations last/mean/max 11/10.60/11
Step   200/2000   10.0% | t 10.000 | ETA 4m 38s | step 0.17s | KE 358.5205 | drift -1.07% | fluid 110.1726 | solid 248.3479
  Impulse FP iterations last/mean/max 11/10.65/11
Step   300/2000   15.0% | t 15.000 | ETA 4m 20s | step 0.16s | KE 358.0643 | drift -1.20% | fluid 117.4801 | solid 240.5842
  Impulse FP iterations last/mean/max 11/10.59/11
Step   400/2000   20.0% | t 20.000 | ETA 4m 2s | step 0.13s | KE 358.1965 | drift -1.16% | fluid 123.2511 | solid 234.9455
  Impulse FP iterations last/mean/max 9/10.51/11
Step   500/2000   25.0% | t 25.000 | ETA 3m 45s | step 0.17s | KE 358.7628 | drift -1.01% | fluid 119.8944 | solid 238.8684
  Impulse FP iterations last/mean/max 11/10.45/11
Step   600/2000   30.0% | t 30.000 | ETA 3m 29s | step 0.16s | KE 359.0452 | drift -0.93% | fluid 116.6654 | solid 242.3798
  Impulse FP iterations last/mean/max 11/10.40/11
Step   700/2000   35.0% | t 35.000 | ETA 3m 14s | step 0.12s | KE 358.6348 | drift -1.04% | fluid 120.6471 | solid 237.9877
  Impulse FP iterations last/mean/max 9/10.37/11
Step   800/2000   40.0% | t 40.000 | ETA 2m 59s | step 0.14s | KE 358.0204 | drift -1.21% | fluid 123.0175 | solid 235.0029
  Impulse FP iterations last/mean/max 9/10.36/11
Step   900/2000   45.0% | t 45.000 | ETA 2m 43s | step 0.15s | KE 357.8276 | drift -1.27% | fluid 116.2883 | solid 241.5393
  Impulse FP iterations last/mean/max 11/10.35/12
Step  1000/2000   50.0% | t 50.000 | ETA 2m 28s | step 0.15s | KE 357.8216 | drift -1.27% | fluid 109.7594 | solid 248.0622
  Impulse FP iterations last/mean/max 11/10.34/12
Step  1100/2000   55.0% | t 55.000 | ETA 2m 13s | step 0.16s | KE 357.8156 | drift -1.27% | fluid 112.1216 | solid 245.6940
  Impulse FP iterations last/mean/max 11/10.32/12
Step  1200/2000   60.0% | t 60.000 | ETA 1m 58s | step 0.13s | KE 357.8587 | drift -1.26% | fluid 120.3918 | solid 237.4670
  Impulse FP iterations last/mean/max 9/10.31/12
Step  1300/2000   65.0% | t 65.000 | ETA 1m 43s | step 0.13s | KE 358.2666 | drift -1.14% | fluid 122.9267 | solid 235.3399
  Impulse FP iterations last/mean/max 9/10.30/12
Step  1400/2000   70.0% | t 70.000 | ETA 1m 28s | step 0.16s | KE 358.8756 | drift -0.98% | fluid 118.0523 | solid 240.8233
  Impulse FP iterations last/mean/max 11/10.30/12
Step  1500/2000   75.0% | t 75.000 | ETA 1m 13s | step 0.15s | KE 358.9337 | drift -0.96% | fluid 117.4110 | solid 241.5227
  Impulse FP iterations last/mean/max 11/10.30/12
Step  1600/2000   80.0% | t 80.000 | ETA 58s | step 0.10s | KE 358.3674 | drift -1.12% | fluid 122.3908 | solid 235.9767
  Impulse FP iterations last/mean/max 9/10.29/12
Step  1700/2000   85.0% | t 85.000 | ETA 43s | step 0.09s | KE 357.8841 | drift -1.25% | fluid 121.4674 | solid 236.4168
  Impulse FP iterations last/mean/max 9/10.29/12
Step  1800/2000   90.0% | t 90.000 | ETA 28s | step 0.11s | KE 357.8067 | drift -1.27% | fluid 113.2900 | solid 244.5168
  Impulse FP iterations last/mean/max 11/10.29/12
Step  1900/2000   95.0% | t 95.000 | ETA 13s | step 0.10s | KE 357.8091 | drift -1.27% | fluid 109.4719 | solid 248.3372
  Impulse FP iterations last/mean/max 11/10.28/12
Solver finished successfully - good job!
Results saved successfully.

================== Run summary ==================
  Bodies:            2
  Triangles / nodes: 256 / 516
  Timesteps:         2000  (dt = 0.05)
  Simulated time:    0 -> 100
  First-step setup:  0.357 s
  Mean time/step:    0.1366 s  (excl. first step)
  Total wall time:   4m 33s
  Impulse FP iters last/mean/max: 11 / 10.279 / 12
  Approx impulse solves/step:     10.280
  Impulse start cache hits/direct: 1999 / 1
  Impulse global drift P/H:       4.007444e-9 / 6.340497e-3
  Impulse per-body max drift P/H: 7.153105e-9 / 1.752996e-3
  CPU cores:         256 available, 8 Rayon worker thread(s)
  Started:           2026-06-24 02:45:44
  Finished:          2026-06-24 02:50:18
  Output file:       /work/e643/e643/shared/multi_ellip/studies/departing_sphericity_sweep/runs/spheroid_prolate/heterogeneous_sphere/spheroid_prolate_heterogeneous_sphere_eps0p3_rho1_E0p5_sep8_run07_impulse_noproj/multiple_body_complete.dat
================================================
