
================ Simulation setup ================
  Run label:         /work/e643/e643/shared/multi_ellip/studies/departing_sphericity_sweep/runs/spheroid_oblate/heterogeneous_sphere/spheroid_oblate_heterogeneous_sphere_eps0p003_rho1_E0p5_sep8_run01_impulse_noproj/
  Started:           2026-06-24 02:46:37
  Input file:        /work/e643/e643/shared/multi_ellip/studies/departing_sphericity_sweep/runs/spheroid_oblate/heterogeneous_sphere/spheroid_oblate_heterogeneous_sphere_eps0p003_rho1_E0p5_sep8_run01_impulse_noproj/input.txt
  Output file:       /work/e643/e643/shared/multi_ellip/studies/departing_sphericity_sweep/runs/spheroid_oblate/heterogeneous_sphere/spheroid_oblate_heterogeneous_sphere_eps0p003_rho1_E0p5_sep8_run01_impulse_noproj/multiple_body_complete.dat
  Bodies:            2
  Fluid density:     1
  Mesh:              ndiv 2 -> 256 triangles / 516 nodes
  Simulated time:    0 -> 100  (dt = 0.05, ~2000 steps)
  Output cadence:    every 1 step(s)
  Output rows:       ~2001
  Progress cadence:  every 100 step(s)
  CPU cores:         256 available, 8 Rayon worker thread(s)
  Strong coupling:   disabled
  Impulse scheme:    enabled
  Hamiltonian step:  disabled
  Hamiltonian midpt: disabled
  Variational step:  disabled
  Energy projection: disabled
  Projection particular metric: Euclidean
  Fluid KE gradient: disabled  (eps = 0.001, scale = 1, linear = 1, angular = 1)
  Fluid KE discrete gradient: disabled
  Impulse pair metric correction: disabled  (mode = pair discrete-gradient, cutoff = all pairs, inner/outer = 0/0, eps = 0.001, linear scale = 1, angular scale = 0)
  Impulse metric correction: disabled  (internal load constraint = disabled)
  Impulse variational defect probe: disabled
  Impulse quadratic pressure: disabled  (scale = 1)
  Added-mass stab:   disabled
  Exact BEM geometry: disabled
  Exact singular BEM: disabled
  Legacy singular SLP diagnostic: disabled
  Phi-dot blend:     0 (off)

  Solver guidance:
    - Strong coupling: use for stiff close-coupled runs; slower but more implicit.
    - Impulse scheme: use when impulse/momentum conservation or KE drift is the focus. Recommended.
    - Added-mass stab: use for higher mesh counts (ndiv > 3) to preserve stability - deprecated.
================================================
Solver starting - good luck!

Initial state:
  Body  1
    density:          1.000000
    shape axes ratio: (1.000000, 1.000000, 0.991054)
    initial KE ratio: 0.500000
    position:         (-4.000000, 0.000000, 0.000000)
    velocity:         (1.511587, -3.717777, -3.950730)
    angular velocity: (-0.396371, -2.803978, -5.608833)
    orientation:      (w=-0.084190, i=0.437434, j=0.235132, k=-0.863873)
  Body  2
    density:          1.000000
    shape axes ratio: (1.000000, 1.000000, 1.000000)
    initial KE ratio: 0.500000
    position:         (4.000000, 0.000000, 0.000000)
    velocity:         (1.508431, -3.710015, -3.942482)
    angular velocity: (-4.959455, -3.323552, 1.958630)
    orientation:      (w=-0.779895, i=-0.578243, j=-0.235726, k=-0.042805)

Preparing first step: implicit scheme, no bootstrap passes required.
First step may take longer than later steps.

First step completed in 0.219 s.

Step   100/2000    5.0% | t 5.000 | ETA 3m 11s | step 0.09s | KE 273.1893 | drift +0.72% | fluid 72.5830 | solid 200.6064
  Impulse FP iterations last/mean/max 7/7.60/8
Step   200/2000   10.0% | t 10.000 | ETA 3m 1s | step 0.09s | KE 275.7372 | drift +1.66% | fluid 72.5769 | solid 203.1602
  Impulse FP iterations last/mean/max 7/7.62/8
Step   300/2000   15.0% | t 15.000 | ETA 2m 52s | step 0.11s | KE 278.9093 | drift +2.83% | fluid 72.5828 | solid 206.3265
  Impulse FP iterations last/mean/max 8/7.63/8
Step   400/2000   20.0% | t 20.000 | ETA 2m 42s | step 0.10s | KE 282.7327 | drift +4.24% | fluid 72.6141 | solid 210.1186
  Impulse FP iterations last/mean/max 8/7.65/8
Step   500/2000   25.0% | t 25.000 | ETA 2m 33s | step 0.10s | KE 287.2213 | drift +5.89% | fluid 72.5846 | solid 214.6367
  Impulse FP iterations last/mean/max 8/7.68/8
Step   600/2000   30.0% | t 30.000 | ETA 2m 23s | step 0.10s | KE 292.3789 | drift +7.80% | fluid 72.5979 | solid 219.7810
  Impulse FP iterations last/mean/max 8/7.72/8
Step   700/2000   35.0% | t 35.000 | ETA 2m 13s | step 0.10s | KE 298.1912 | drift +9.94% | fluid 72.6018 | solid 225.5894
  Impulse FP iterations last/mean/max 8/7.74/8
Step   800/2000   40.0% | t 40.000 | ETA 2m 4s | step 0.11s | KE 304.6208 | drift +12.31% | fluid 72.5902 | solid 232.0306
  Impulse FP iterations last/mean/max 8/7.77/8
Step   900/2000   45.0% | t 45.000 | ETA 1m 53s | step 0.09s | KE 311.6166 | drift +14.89% | fluid 72.6191 | solid 238.9975
  Impulse FP iterations last/mean/max 8/7.78/8
Step  1000/2000   50.0% | t 50.000 | ETA 1m 41s | step 0.10s | KE 319.1034 | drift +17.65% | fluid 72.5979 | solid 246.5055
  Impulse FP iterations last/mean/max 8/7.78/8
Step  1100/2000   55.0% | t 55.000 | ETA 1m 31s | step 0.09s | KE 327.0005 | drift +20.56% | fluid 72.5927 | solid 254.4078
  Impulse FP iterations last/mean/max 7/7.76/8
Step  1200/2000   60.0% | t 60.000 | ETA 1m 21s | step 0.09s | KE 335.2169 | drift +23.59% | fluid 72.6149 | solid 262.6020
  Impulse FP iterations last/mean/max 7/7.75/8
Step  1300/2000   65.0% | t 65.000 | ETA 1m 11s | step 0.10s | KE 343.6584 | drift +26.70% | fluid 72.6546 | solid 271.0038
  Impulse FP iterations last/mean/max 8/7.73/8
Step  1400/2000   70.0% | t 70.000 | ETA 1m 0s | step 0.11s | KE 352.2451 | drift +29.87% | fluid 72.6682 | solid 279.5769
  Impulse FP iterations last/mean/max 8/7.71/8
Step  1500/2000   75.0% | t 75.000 | ETA 50s | step 0.10s | KE 360.8954 | drift +33.06% | fluid 72.6718 | solid 288.2237
  Impulse FP iterations last/mean/max 8/7.69/8
Step  1600/2000   80.0% | t 80.000 | ETA 40s | step 0.11s | KE 369.5386 | drift +36.24% | fluid 72.6415 | solid 296.8971
  Impulse FP iterations last/mean/max 8/7.68/8
Step  1700/2000   85.0% | t 85.000 | ETA 30s | step 0.09s | KE 378.1037 | drift +39.40% | fluid 72.6017 | solid 305.5021
  Impulse FP iterations last/mean/max 7/7.66/8
Step  1800/2000   90.0% | t 90.000 | ETA 20s | step 0.08s | KE 386.5264 | drift +42.51% | fluid 72.6109 | solid 313.9155
  Impulse FP iterations last/mean/max 7/7.64/8
Step  1900/2000   95.0% | t 95.000 | ETA 10s | step 0.11s | KE 394.7657 | drift +45.54% | fluid 72.6576 | solid 322.1081
  Impulse FP iterations last/mean/max 8/7.63/8
Solver finished successfully - good job!
Results saved successfully.

================== Run summary ==================
  Bodies:            2
  Triangles / nodes: 256 / 516
  Timesteps:         2000  (dt = 0.05)
  Simulated time:    0 -> 100
  First-step setup:  0.219 s
  Mean time/step:    0.0998 s  (excl. first step)
  Total wall time:   3m 19s
  Impulse FP iters last/mean/max: 7 / 7.619 / 8
  Approx impulse solves/step:     7.619
  Impulse start cache hits/direct: 1999 / 1
  Impulse global drift P/H:       9.133674e-9 / 1.386048e-2
  Impulse per-body max drift P/H: 2.378115e-8 / 1.603629e-3
  CPU cores:         256 available, 8 Rayon worker thread(s)
  Started:           2026-06-24 02:46:37
  Finished:          2026-06-24 02:49:57
  Output file:       /work/e643/e643/shared/multi_ellip/studies/departing_sphericity_sweep/runs/spheroid_oblate/heterogeneous_sphere/spheroid_oblate_heterogeneous_sphere_eps0p003_rho1_E0p5_sep8_run01_impulse_noproj/multiple_body_complete.dat
================================================
