
================ Simulation setup ================
  Run label:         /work/e643/e643/shared/multi_ellip/studies/departing_sphericity_sweep/runs/spheroid_oblate/heterogeneous_sphere/spheroid_oblate_heterogeneous_sphere_eps0p0003_rho1_E0p5_sep8_run01_impulse_noproj/
  Started:           2026-06-24 02:38:58
  Input file:        /work/e643/e643/shared/multi_ellip/studies/departing_sphericity_sweep/runs/spheroid_oblate/heterogeneous_sphere/spheroid_oblate_heterogeneous_sphere_eps0p0003_rho1_E0p5_sep8_run01_impulse_noproj/input.txt
  Output file:       /work/e643/e643/shared/multi_ellip/studies/departing_sphericity_sweep/runs/spheroid_oblate/heterogeneous_sphere/spheroid_oblate_heterogeneous_sphere_eps0p0003_rho1_E0p5_sep8_run01_impulse_noproj/multiple_body_complete.dat
  Bodies:            2
  Fluid density:     1
  Mesh:              ndiv 2 -> 256 triangles / 516 nodes
  Simulated time:    0 -> 100  (dt = 0.05, ~2000 steps)
  Output cadence:    every 1 step(s)
  Output rows:       ~2001
  Progress cadence:  every 100 step(s)
  CPU cores:         256 available, 8 Rayon worker thread(s)
  Strong coupling:   disabled
  Impulse scheme:    enabled
  Hamiltonian step:  disabled
  Hamiltonian midpt: disabled
  Variational step:  disabled
  Energy projection: disabled
  Projection particular metric: Euclidean
  Fluid KE gradient: disabled  (eps = 0.001, scale = 1, linear = 1, angular = 1)
  Fluid KE discrete gradient: disabled
  Impulse pair metric correction: disabled  (mode = pair discrete-gradient, cutoff = all pairs, inner/outer = 0/0, eps = 0.001, linear scale = 1, angular scale = 0)
  Impulse metric correction: disabled  (internal load constraint = disabled)
  Impulse variational defect probe: disabled
  Impulse quadratic pressure: disabled  (scale = 1)
  Added-mass stab:   disabled
  Exact BEM geometry: disabled
  Exact singular BEM: disabled
  Legacy singular SLP diagnostic: disabled
  Phi-dot blend:     0 (off)

  Solver guidance:
    - Strong coupling: use for stiff close-coupled runs; slower but more implicit.
    - Impulse scheme: use when impulse/momentum conservation or KE drift is the focus. Recommended.
    - Added-mass stab: use for higher mesh counts (ndiv > 3) to preserve stability - deprecated.
================================================
Solver starting - good luck!

Initial state:
  Body  1
    density:          1.000000
    shape axes ratio: (1.000000, 1.000000, 0.999101)
    initial KE ratio: 0.500000
    position:         (-4.000000, 0.000000, 0.000000)
    velocity:         (4.323916, 1.867031, 3.065955)
    angular velocity: (4.809167, 2.007693, 3.509914)
    orientation:      (w=0.518308, i=-0.099152, j=-0.099884, k=-0.843533)
  Body  2
    density:          1.000000
    shape axes ratio: (1.000000, 1.000000, 1.000000)
    initial KE ratio: 0.500000
    position:         (4.000000, 0.000000, 0.000000)
    velocity:         (4.323957, 1.867049, 3.065984)
    angular velocity: (-5.452662, 0.561085, 3.071169)
    orientation:      (w=-0.591854, i=0.443347, j=-0.200845, k=0.642506)

Preparing first step: implicit scheme, no bootstrap passes required.
First step may take longer than later steps.

First step completed in 0.280 s.

Step   100/2000    5.0% | t 5.000 | ETA 2m 53s | step 0.09s | KE 270.2257 | drift -0.16% | fluid 72.2289 | solid 197.9968
  Impulse FP iterations last/mean/max 7/7.00/7
Step   200/2000   10.0% | t 10.000 | ETA 2m 45s | step 0.10s | KE 272.8783 | drift +0.82% | fluid 72.2325 | solid 200.6458
  Impulse FP iterations last/mean/max 7/7.00/7
Step   300/2000   15.0% | t 15.000 | ETA 2m 36s | step 0.09s | KE 278.6144 | drift +2.94% | fluid 72.2264 | solid 206.3879
  Impulse FP iterations last/mean/max 7/6.97/7
Step   400/2000   20.0% | t 20.000 | ETA 2m 26s | step 0.09s | KE 287.4176 | drift +6.19% | fluid 72.2347 | solid 215.1829
  Impulse FP iterations last/mean/max 7/6.92/7
Step   500/2000   25.0% | t 25.000 | ETA 2m 16s | step 0.09s | KE 299.2782 | drift +10.57% | fluid 72.2364 | solid 227.0418
  Impulse FP iterations last/mean/max 7/6.90/7
Step   600/2000   30.0% | t 30.000 | ETA 2m 7s | step 0.10s | KE 314.1843 | drift +16.08% | fluid 72.2218 | solid 241.9625
  Impulse FP iterations last/mean/max 7/6.88/7
Step   700/2000   35.0% | t 35.000 | ETA 1m 58s | step 0.09s | KE 332.1228 | drift +22.70% | fluid 72.2219 | solid 259.9009
  Impulse FP iterations last/mean/max 7/6.87/7
Step   800/2000   40.0% | t 40.000 | ETA 1m 49s | step 0.09s | KE 353.0824 | drift +30.45% | fluid 72.2360 | solid 280.8464
  Impulse FP iterations last/mean/max 7/6.87/8
Step   900/2000   45.0% | t 45.000 | ETA 1m 39s | step 0.09s | KE 377.0554 | drift +39.30% | fluid 72.2392 | solid 304.8162
  Impulse FP iterations last/mean/max 7/6.87/8
Step  1000/2000   50.0% | t 50.000 | ETA 1m 31s | step 0.10s | KE 404.0351 | drift +49.27% | fluid 72.2239 | solid 331.8112
  Impulse FP iterations last/mean/max 7/6.89/8
Step  1100/2000   55.0% | t 55.000 | ETA 1m 22s | step 0.10s | KE 434.0028 | drift +60.34% | fluid 72.2375 | solid 361.7653
  Impulse FP iterations last/mean/max 7/6.92/8
Step  1200/2000   60.0% | t 60.000 | ETA 1m 13s | step 0.09s | KE 466.9574 | drift +72.52% | fluid 72.2381 | solid 394.7192
  Impulse FP iterations last/mean/max 7/6.95/8
Step  1300/2000   65.0% | t 65.000 | ETA 1m 4s | step 0.10s | KE 502.8924 | drift +85.80% | fluid 72.2235 | solid 430.6689
  Impulse FP iterations last/mean/max 7/6.97/8
Step  1400/2000   70.0% | t 70.000 | ETA 55s | step 0.11s | KE 541.7845 | drift +100.16% | fluid 72.2393 | solid 469.5452
  Impulse FP iterations last/mean/max 8/7.00/8
Step  1500/2000   75.0% | t 75.000 | ETA 46s | step 0.09s | KE 583.6393 | drift +115.63% | fluid 72.2394 | solid 511.3999
  Impulse FP iterations last/mean/max 8/7.02/8
Step  1600/2000   80.0% | t 80.000 | ETA 36s | step 0.08s | KE 628.4506 | drift +132.18% | fluid 72.2241 | solid 556.2265
  Impulse FP iterations last/mean/max 7/7.04/8
Step  1700/2000   85.0% | t 85.000 | ETA 27s | step 0.08s | KE 676.1888 | drift +149.82% | fluid 72.2376 | solid 603.9512
  Impulse FP iterations last/mean/max 8/7.06/8
Step  1800/2000   90.0% | t 90.000 | ETA 18s | step 0.06s | KE 726.8689 | drift +168.54% | fluid 72.2327 | solid 654.6362
  Impulse FP iterations last/mean/max 7/7.07/8
Step  1900/2000   95.0% | t 95.000 | ETA 8s | step 0.07s | KE 780.4649 | drift +188.35% | fluid 72.2367 | solid 708.2282
  Impulse FP iterations last/mean/max 8/7.09/8
Solver finished successfully - good job!
Results saved successfully.

================== Run summary ==================
  Bodies:            2
  Triangles / nodes: 256 / 516
  Timesteps:         2000  (dt = 0.05)
  Simulated time:    0 -> 100
  First-step setup:  0.280 s
  Mean time/step:    0.0875 s  (excl. first step)
  Total wall time:   2m 55s
  Impulse FP iters last/mean/max: 7 / 7.107 / 8
  Approx impulse solves/step:     7.107
  Impulse start cache hits/direct: 1999 / 1
  Impulse global drift P/H:       1.185527e-8 / 8.510323e-2
  Impulse per-body max drift P/H: 2.297940e-8 / 7.699788e-3
  CPU cores:         256 available, 8 Rayon worker thread(s)
  Started:           2026-06-24 02:38:58
  Finished:          2026-06-24 02:41:54
  Output file:       /work/e643/e643/shared/multi_ellip/studies/departing_sphericity_sweep/runs/spheroid_oblate/heterogeneous_sphere/spheroid_oblate_heterogeneous_sphere_eps0p0003_rho1_E0p5_sep8_run01_impulse_noproj/multiple_body_complete.dat
================================================
