
================ Simulation setup ================
  Run label:         /work/e643/e643/shared/multi_ellip/studies/departing_sphericity_sweep/runs/spheroid_prolate/heterogeneous_sphere/spheroid_prolate_heterogeneous_sphere_eps0p0001_rho1_E0p5_sep8_run08_impulse_noproj/
  Started:           2026-06-24 02:36:40
  Input file:        /work/e643/e643/shared/multi_ellip/studies/departing_sphericity_sweep/runs/spheroid_prolate/heterogeneous_sphere/spheroid_prolate_heterogeneous_sphere_eps0p0001_rho1_E0p5_sep8_run08_impulse_noproj/input.txt
  Output file:       /work/e643/e643/shared/multi_ellip/studies/departing_sphericity_sweep/runs/spheroid_prolate/heterogeneous_sphere/spheroid_prolate_heterogeneous_sphere_eps0p0001_rho1_E0p5_sep8_run08_impulse_noproj/multiple_body_complete.dat
  Bodies:            2
  Fluid density:     1
  Mesh:              ndiv 2 -> 256 triangles / 516 nodes
  Simulated time:    0 -> 100  (dt = 0.05, ~2000 steps)
  Output cadence:    every 1 step(s)
  Output rows:       ~2001
  Progress cadence:  every 100 step(s)
  CPU cores:         256 available, 8 Rayon worker thread(s)
  Strong coupling:   disabled
  Impulse scheme:    enabled
  Hamiltonian step:  disabled
  Hamiltonian midpt: disabled
  Variational step:  disabled
  Energy projection: disabled
  Projection particular metric: Euclidean
  Fluid KE gradient: disabled  (eps = 0.001, scale = 1, linear = 1, angular = 1)
  Fluid KE discrete gradient: disabled
  Impulse pair metric correction: disabled  (mode = pair discrete-gradient, cutoff = all pairs, inner/outer = 0/0, eps = 0.001, linear scale = 1, angular scale = 0)
  Impulse metric correction: disabled  (internal load constraint = disabled)
  Impulse variational defect probe: disabled
  Impulse quadratic pressure: disabled  (scale = 1)
  Added-mass stab:   disabled
  Exact BEM geometry: disabled
  Exact singular BEM: disabled
  Legacy singular SLP diagnostic: disabled
  Phi-dot blend:     0 (off)

  Solver guidance:
    - Strong coupling: use for stiff close-coupled runs; slower but more implicit.
    - Impulse scheme: use when impulse/momentum conservation or KE drift is the focus. Recommended.
    - Added-mass stab: use for higher mesh counts (ndiv > 3) to preserve stability - deprecated.
================================================
Solver starting - good luck!

Initial state:
  Body  1
    density:          1.000000
    shape axes ratio: (1.000000, 0.999700, 0.999700)
    initial KE ratio: 0.500000
    position:         (-4.000000, 0.000000, 0.000000)
    velocity:         (-0.625542, 5.153304, -2.153101)
    angular velocity: (3.028915, -5.439459, -0.846390)
    orientation:      (w=0.442068, i=-0.135355, j=0.849192, k=-0.255204)
  Body  2
    density:          1.000000
    shape axes ratio: (1.000000, 1.000000, 1.000000)
    initial KE ratio: 0.500000
    position:         (4.000000, 0.000000, 0.000000)
    velocity:         (-0.625532, 5.153226, -2.153068)
    angular velocity: (2.301944, 5.332542, 2.396553)
    orientation:      (w=-0.045183, i=0.032731, j=0.983279, k=-0.173347)

Preparing first step: implicit scheme, no bootstrap passes required.
First step may take longer than later steps.

First step completed in 0.264 s.

Step   100/2000    5.0% | t 5.000 | ETA 2m 39s | step 0.09s | KE 271.6403 | drift +0.22% | fluid 72.6117 | solid 199.0286
  Impulse FP iterations last/mean/max 6/6.00/6
Step   200/2000   10.0% | t 10.000 | ETA 2m 30s | step 0.09s | KE 272.3770 | drift +0.49% | fluid 72.6100 | solid 199.7671
  Impulse FP iterations last/mean/max 6/6.00/6
Step   300/2000   15.0% | t 15.000 | ETA 2m 22s | step 0.08s | KE 273.2675 | drift +0.82% | fluid 72.6097 | solid 200.6578
  Impulse FP iterations last/mean/max 6/6.00/6
Step   400/2000   20.0% | t 20.000 | ETA 2m 14s | step 0.08s | KE 274.3125 | drift +1.20% | fluid 72.6120 | solid 201.7005
  Impulse FP iterations last/mean/max 6/6.00/6
Step   500/2000   25.0% | t 25.000 | ETA 2m 4s | step 0.07s | KE 275.5128 | drift +1.64% | fluid 72.6120 | solid 202.9008
  Impulse FP iterations last/mean/max 6/6.00/6
Step   600/2000   30.0% | t 30.000 | ETA 1m 54s | step 0.08s | KE 276.8690 | drift +2.14% | fluid 72.6096 | solid 204.2594
  Impulse FP iterations last/mean/max 6/5.99/6
Step   700/2000   35.0% | t 35.000 | ETA 1m 46s | step 0.07s | KE 278.3813 | drift +2.70% | fluid 72.6116 | solid 205.7697
  Impulse FP iterations last/mean/max 5/5.99/6
Step   800/2000   40.0% | t 40.000 | ETA 1m 38s | step 0.08s | KE 280.0508 | drift +3.32% | fluid 72.6100 | solid 207.4408
  Impulse FP iterations last/mean/max 6/5.98/6
Step   900/2000   45.0% | t 45.000 | ETA 1m 30s | step 0.07s | KE 281.8776 | drift +3.99% | fluid 72.6118 | solid 209.2658
  Impulse FP iterations last/mean/max 5/5.97/6
Step  1000/2000   50.0% | t 50.000 | ETA 1m 22s | step 0.08s | KE 283.8627 | drift +4.72% | fluid 72.6099 | solid 211.2528
  Impulse FP iterations last/mean/max 6/5.97/6
Step  1100/2000   55.0% | t 55.000 | ETA 1m 13s | step 0.09s | KE 286.0061 | drift +5.52% | fluid 72.6119 | solid 213.3943
  Impulse FP iterations last/mean/max 6/5.96/6
Step  1200/2000   60.0% | t 60.000 | ETA 1m 5s | step 0.09s | KE 288.3090 | drift +6.36% | fluid 72.6113 | solid 215.6977
  Impulse FP iterations last/mean/max 6/5.96/6
Step  1300/2000   65.0% | t 65.000 | ETA 57s | step 0.09s | KE 290.7718 | drift +7.27% | fluid 72.6117 | solid 218.1601
  Impulse FP iterations last/mean/max 6/5.95/6
Step  1400/2000   70.0% | t 70.000 | ETA 49s | step 0.09s | KE 293.3951 | drift +8.24% | fluid 72.6120 | solid 220.7831
  Impulse FP iterations last/mean/max 6/5.95/6
Step  1500/2000   75.0% | t 75.000 | ETA 41s | step 0.09s | KE 296.1795 | drift +9.27% | fluid 72.6101 | solid 223.5694
  Impulse FP iterations last/mean/max 6/5.95/6
Step  1600/2000   80.0% | t 80.000 | ETA 33s | step 0.09s | KE 299.1255 | drift +10.36% | fluid 72.6121 | solid 226.5134
  Impulse FP iterations last/mean/max 6/5.94/6
Step  1700/2000   85.0% | t 85.000 | ETA 24s | step 0.08s | KE 302.2343 | drift +11.50% | fluid 72.6121 | solid 229.6222
  Impulse FP iterations last/mean/max 6/5.94/6
Step  1800/2000   90.0% | t 90.000 | ETA 16s | step 0.08s | KE 305.5064 | drift +12.71% | fluid 72.6109 | solid 232.8955
  Impulse FP iterations last/mean/max 6/5.94/6
Step  1900/2000   95.0% | t 95.000 | ETA 8s | step 0.07s | KE 308.9424 | drift +13.98% | fluid 72.6119 | solid 236.3305
  Impulse FP iterations last/mean/max 6/5.94/6
Solver finished successfully - good job!
Results saved successfully.

================== Run summary ==================
  Bodies:            2
  Triangles / nodes: 256 / 516
  Timesteps:         2000  (dt = 0.05)
  Simulated time:    0 -> 100
  First-step setup:  0.264 s
  Mean time/step:    0.0814 s  (excl. first step)
  Total wall time:   2m 42s
  Impulse FP iters last/mean/max: 6 / 5.939 / 6
  Approx impulse solves/step:     5.939
  Impulse start cache hits/direct: 1999 / 1
  Impulse global drift P/H:       5.214027e-9 / 1.474986e-2
  Impulse per-body max drift P/H: 1.286547e-8 / 5.593568e-4
  CPU cores:         256 available, 8 Rayon worker thread(s)
  Started:           2026-06-24 02:36:40
  Finished:          2026-06-24 02:39:23
  Output file:       /work/e643/e643/shared/multi_ellip/studies/departing_sphericity_sweep/runs/spheroid_prolate/heterogeneous_sphere/spheroid_prolate_heterogeneous_sphere_eps0p0001_rho1_E0p5_sep8_run08_impulse_noproj/multiple_body_complete.dat
================================================
