
================ Simulation setup ================
  Run label:         /work/e643/e643/shared/multi_ellip/studies/departing_sphericity_sweep/runs/spheroid_oblate/heterogeneous_sphere/spheroid_oblate_heterogeneous_sphere_eps0_rho1_E0p5_sep8_run08_impulse_noproj/
  Started:           2026-06-24 02:38:57
  Input file:        /work/e643/e643/shared/multi_ellip/studies/departing_sphericity_sweep/runs/spheroid_oblate/heterogeneous_sphere/spheroid_oblate_heterogeneous_sphere_eps0_rho1_E0p5_sep8_run08_impulse_noproj/input.txt
  Output file:       /work/e643/e643/shared/multi_ellip/studies/departing_sphericity_sweep/runs/spheroid_oblate/heterogeneous_sphere/spheroid_oblate_heterogeneous_sphere_eps0_rho1_E0p5_sep8_run08_impulse_noproj/multiple_body_complete.dat
  Bodies:            2
  Fluid density:     1
  Mesh:              ndiv 2 -> 256 triangles / 516 nodes
  Simulated time:    0 -> 100  (dt = 0.05, ~2000 steps)
  Output cadence:    every 1 step(s)
  Output rows:       ~2001
  Progress cadence:  every 100 step(s)
  CPU cores:         256 available, 8 Rayon worker thread(s)
  Strong coupling:   disabled
  Impulse scheme:    enabled
  Hamiltonian step:  disabled
  Hamiltonian midpt: disabled
  Variational step:  disabled
  Energy projection: disabled
  Projection particular metric: Euclidean
  Fluid KE gradient: disabled  (eps = 0.001, scale = 1, linear = 1, angular = 1)
  Fluid KE discrete gradient: disabled
  Impulse pair metric correction: disabled  (mode = pair discrete-gradient, cutoff = all pairs, inner/outer = 0/0, eps = 0.001, linear scale = 1, angular scale = 0)
  Impulse metric correction: disabled  (internal load constraint = disabled)
  Impulse variational defect probe: disabled
  Impulse quadratic pressure: disabled  (scale = 1)
  Added-mass stab:   disabled
  Exact BEM geometry: disabled
  Exact singular BEM: disabled
  Legacy singular SLP diagnostic: disabled
  Phi-dot blend:     0 (off)

  Solver guidance:
    - Strong coupling: use for stiff close-coupled runs; slower but more implicit.
    - Impulse scheme: use when impulse/momentum conservation or KE drift is the focus. Recommended.
    - Added-mass stab: use for higher mesh counts (ndiv > 3) to preserve stability - deprecated.
================================================
Solver starting - good luck!

Initial state:
  Body  1
    density:          1.000000
    shape axes ratio: (1.000000, 1.000000, 1.000000)
    initial KE ratio: 0.500000
    position:         (-4.000000, 0.000000, 0.000000)
    velocity:         (3.332133, -1.953062, -4.082300)
    angular velocity: (5.420766, 3.165215, 0.274104)
    orientation:      (w=0.604908, i=0.046195, j=-0.586270, k=0.536880)
  Body  2
    density:          1.000000
    shape axes ratio: (1.000000, 1.000000, 1.000000)
    initial KE ratio: 0.500000
    position:         (4.000000, 0.000000, 0.000000)
    velocity:         (3.332133, -1.953062, -4.082300)
    angular velocity: (-0.933613, -3.893694, -4.842100)
    orientation:      (w=0.212969, i=-0.079910, j=0.185576, k=0.955939)

Preparing first step: implicit scheme, no bootstrap passes required.
First step may take longer than later steps.

First step completed in 0.214 s.

Step   100/2000    5.0% | t 5.000 | ETA 2m 26s | step 0.08s | KE 270.2159 | drift -0.22% | fluid 72.3808 | solid 197.8351
  Impulse FP iterations last/mean/max 6/6.00/6
Step   200/2000   10.0% | t 10.000 | ETA 2m 20s | step 0.08s | KE 272.5429 | drift +0.64% | fluid 72.3807 | solid 200.1622
  Impulse FP iterations last/mean/max 6/6.00/6
Step   300/2000   15.0% | t 15.000 | ETA 2m 13s | step 0.08s | KE 277.8020 | drift +2.58% | fluid 72.3808 | solid 205.4213
  Impulse FP iterations last/mean/max 6/6.00/6
Step   400/2000   20.0% | t 20.000 | ETA 2m 6s | step 0.07s | KE 285.9933 | drift +5.60% | fluid 72.3807 | solid 213.6126
  Impulse FP iterations last/mean/max 6/6.00/6
Step   500/2000   25.0% | t 25.000 | ETA 1m 58s | step 0.08s | KE 297.1165 | drift +9.71% | fluid 72.3808 | solid 224.7357
  Impulse FP iterations last/mean/max 6/6.00/6
Step   600/2000   30.0% | t 30.000 | ETA 1m 50s | step 0.08s | KE 311.1716 | drift +14.90% | fluid 72.3808 | solid 238.7909
  Impulse FP iterations last/mean/max 6/6.00/6
Step   700/2000   35.0% | t 35.000 | ETA 1m 42s | step 0.08s | KE 328.1587 | drift +21.17% | fluid 72.3808 | solid 255.7779
  Impulse FP iterations last/mean/max 6/6.00/6
Step   800/2000   40.0% | t 40.000 | ETA 1m 34s | step 0.08s | KE 348.0772 | drift +28.53% | fluid 72.3808 | solid 275.6964
  Impulse FP iterations last/mean/max 6/6.00/6
Step   900/2000   45.0% | t 45.000 | ETA 1m 26s | step 0.08s | KE 370.9275 | drift +36.96% | fluid 72.3808 | solid 298.5466
  Impulse FP iterations last/mean/max 6/5.99/6
Step  1000/2000   50.0% | t 50.000 | ETA 1m 18s | step 0.08s | KE 396.7092 | drift +46.48% | fluid 72.3808 | solid 324.3283
  Impulse FP iterations last/mean/max 6/5.98/6
Step  1100/2000   55.0% | t 55.000 | ETA 1m 10s | step 0.08s | KE 425.4221 | drift +57.09% | fluid 72.3808 | solid 353.0412
  Impulse FP iterations last/mean/max 6/5.96/6
Step  1200/2000   60.0% | t 60.000 | ETA 1m 2s | step 0.08s | KE 457.0662 | drift +68.77% | fluid 72.3809 | solid 384.6853
  Impulse FP iterations last/mean/max 6/5.94/6
Step  1300/2000   65.0% | t 65.000 | ETA 54s | step 0.07s | KE 491.6413 | drift +81.54% | fluid 72.3809 | solid 419.2604
  Impulse FP iterations last/mean/max 6/5.91/6
Step  1400/2000   70.0% | t 70.000 | ETA 46s | step 0.07s | KE 529.1473 | drift +95.39% | fluid 72.3809 | solid 456.7664
  Impulse FP iterations last/mean/max 6/5.89/6
Step  1500/2000   75.0% | t 75.000 | ETA 38s | step 0.08s | KE 569.5836 | drift +110.32% | fluid 72.3809 | solid 497.2027
  Impulse FP iterations last/mean/max 6/5.87/6
Step  1600/2000   80.0% | t 80.000 | ETA 30s | step 0.09s | KE 612.9506 | drift +126.33% | fluid 72.3810 | solid 540.5697
  Impulse FP iterations last/mean/max 6/5.85/6
Step  1700/2000   85.0% | t 85.000 | ETA 23s | step 0.07s | KE 659.2478 | drift +143.43% | fluid 72.3810 | solid 586.8668
  Impulse FP iterations last/mean/max 6/5.83/6
Step  1800/2000   90.0% | t 90.000 | ETA 15s | step 0.09s | KE 708.4747 | drift +161.60% | fluid 72.3810 | solid 636.0937
  Impulse FP iterations last/mean/max 6/5.82/6
Step  1900/2000   95.0% | t 95.000 | ETA 7s | step 0.05s | KE 760.6314 | drift +180.86% | fluid 72.3811 | solid 688.2503
  Impulse FP iterations last/mean/max 5/5.80/6
Solver finished successfully - good job!
Results saved successfully.

================== Run summary ==================
  Bodies:            2
  Triangles / nodes: 256 / 516
  Timesteps:         2000  (dt = 0.05)
  Simulated time:    0 -> 100
  First-step setup:  0.214 s
  Mean time/step:    0.0752 s  (excl. first step)
  Total wall time:   2m 30s
  Impulse FP iters last/mean/max: 5 / 5.791 / 6
  Approx impulse solves/step:     5.792
  Impulse start cache hits/direct: 1999 / 1
  Impulse global drift P/H:       2.183159e-9 / 8.559705e-2
  Impulse per-body max drift P/H: 2.599926e-9 / 6.587386e-3
  CPU cores:         256 available, 8 Rayon worker thread(s)
  Started:           2026-06-24 02:38:57
  Finished:          2026-06-24 02:41:28
  Output file:       /work/e643/e643/shared/multi_ellip/studies/departing_sphericity_sweep/runs/spheroid_oblate/heterogeneous_sphere/spheroid_oblate_heterogeneous_sphere_eps0_rho1_E0p5_sep8_run08_impulse_noproj/multiple_body_complete.dat
================================================
