
================ Simulation setup ================
  Run label:         /work/e643/e643/shared/multi_ellip/studies/departing_sphericity_sweep/runs/spheroid_prolate/heterogeneous_aspherical/spheroid_prolate_heterogeneous_aspherical_eps0p001_rho1_E0p5_sep8_run01_impulse_noproj/
  Started:           2026-06-24 02:57:03
  Input file:        /work/e643/e643/shared/multi_ellip/studies/departing_sphericity_sweep/runs/spheroid_prolate/heterogeneous_aspherical/spheroid_prolate_heterogeneous_aspherical_eps0p001_rho1_E0p5_sep8_run01_impulse_noproj/input.txt
  Output file:       /work/e643/e643/shared/multi_ellip/studies/departing_sphericity_sweep/runs/spheroid_prolate/heterogeneous_aspherical/spheroid_prolate_heterogeneous_aspherical_eps0p001_rho1_E0p5_sep8_run01_impulse_noproj/multiple_body_complete.dat
  Bodies:            2
  Fluid density:     1
  Mesh:              ndiv 2 -> 256 triangles / 516 nodes
  Simulated time:    0 -> 100  (dt = 0.05, ~2000 steps)
  Output cadence:    every 1 step(s)
  Output rows:       ~2001
  Progress cadence:  every 100 step(s)
  CPU cores:         256 available, 8 Rayon worker thread(s)
  Strong coupling:   disabled
  Impulse scheme:    enabled
  Hamiltonian step:  disabled
  Hamiltonian midpt: disabled
  Variational step:  disabled
  Energy projection: disabled
  Projection particular metric: Euclidean
  Fluid KE gradient: disabled  (eps = 0.001, scale = 1, linear = 1, angular = 1)
  Fluid KE discrete gradient: disabled
  Impulse pair metric correction: disabled  (mode = pair discrete-gradient, cutoff = all pairs, inner/outer = 0/0, eps = 0.001, linear scale = 1, angular scale = 0)
  Impulse metric correction: disabled  (internal load constraint = disabled)
  Impulse variational defect probe: disabled
  Impulse quadratic pressure: disabled  (scale = 1)
  Added-mass stab:   disabled
  Exact BEM geometry: disabled
  Exact singular BEM: disabled
  Legacy singular SLP diagnostic: disabled
  Phi-dot blend:     0 (off)

  Solver guidance:
    - Strong coupling: use for stiff close-coupled runs; slower but more implicit.
    - Impulse scheme: use when impulse/momentum conservation or KE drift is the focus. Recommended.
    - Added-mass stab: use for higher mesh counts (ndiv > 3) to preserve stability - deprecated.
================================================
Solver starting - good luck!

Initial state:
  Body  1
    density:          1.000000
    shape axes ratio: (1.000000, 0.997006, 0.997006)
    initial KE ratio: 0.500000
    position:         (-4.000000, 0.000000, 0.000000)
    velocity:         (-5.180699, -0.752240, -2.030976)
    angular velocity: (5.917712, 1.714532, -1.232674)
    orientation:      (w=0.048074, i=0.674667, j=0.173575, k=0.715810)
  Body  2
    density:          1.000000
    shape axes ratio: (1.000000, 0.125000, 0.125000)
    initial KE ratio: 0.500000
    position:         (4.000000, 0.000000, 0.000000)
    velocity:         (-7.056075, -1.024546, -2.766174)
    angular velocity: (-5.607819, -1.632317, -2.316532)
    orientation:      (w=-0.657911, i=-0.025105, j=-0.655232, k=0.370397)

Preparing first step: implicit scheme, no bootstrap passes required.
First step may take longer than later steps.

First step completed in 0.266 s.

Step   100/2000    5.0% | t 5.000 | ETA 5m 14s | step 0.17s | KE 693.4670 | drift -2.45% | fluid 305.6033 | solid 387.8637
  Impulse FP iterations last/mean/max 12/11.65/13
Step   200/2000   10.0% | t 10.000 | ETA 4m 59s | step 0.18s | KE 695.0156 | drift -2.23% | fluid 309.3258 | solid 385.6899
  Impulse FP iterations last/mean/max 12/11.54/13
Step   300/2000   15.0% | t 15.000 | ETA 4m 42s | step 0.16s | KE 695.4256 | drift -2.18% | fluid 312.1999 | solid 383.2257
  Impulse FP iterations last/mean/max 11/11.52/13
Step   400/2000   20.0% | t 20.000 | ETA 4m 26s | step 0.16s | KE 695.8558 | drift -2.12% | fluid 313.1543 | solid 382.7015
  Impulse FP iterations last/mean/max 11/11.51/13
Step   500/2000   25.0% | t 25.000 | ETA 4m 9s | step 0.15s | KE 696.3373 | drift -2.05% | fluid 311.8799 | solid 384.4573
  Impulse FP iterations last/mean/max 11/11.51/13
Step   600/2000   30.0% | t 30.000 | ETA 3m 52s | step 0.16s | KE 696.8258 | drift -1.98% | fluid 308.9561 | solid 387.8697
  Impulse FP iterations last/mean/max 11/11.50/13
Step   700/2000   35.0% | t 35.000 | ETA 3m 36s | step 0.17s | KE 697.2503 | drift -1.92% | fluid 305.5014 | solid 391.7489
  Impulse FP iterations last/mean/max 12/11.51/13
Step   800/2000   40.0% | t 40.000 | ETA 3m 19s | step 0.17s | KE 697.5377 | drift -1.88% | fluid 302.7971 | solid 394.7406
  Impulse FP iterations last/mean/max 12/11.51/13
Step   900/2000   45.0% | t 45.000 | ETA 3m 2s | step 0.17s | KE 697.6341 | drift -1.87% | fluid 301.8448 | solid 395.7893
  Impulse FP iterations last/mean/max 12/11.51/13
Step  1000/2000   50.0% | t 50.000 | ETA 2m 46s | step 0.18s | KE 697.5225 | drift -1.88% | fluid 302.9520 | solid 394.5705
  Impulse FP iterations last/mean/max 12/11.51/13
Step  1100/2000   55.0% | t 55.000 | ETA 2m 29s | step 0.18s | KE 697.2232 | drift -1.92% | fluid 305.7655 | solid 391.4577
  Impulse FP iterations last/mean/max 12/11.50/13
Step  1200/2000   60.0% | t 60.000 | ETA 2m 12s | step 0.15s | KE 696.7940 | drift -1.98% | fluid 309.2144 | solid 387.5795
  Impulse FP iterations last/mean/max 11/11.50/13
Step  1300/2000   65.0% | t 65.000 | ETA 1m 56s | step 0.16s | KE 696.3093 | drift -2.05% | fluid 312.0592 | solid 384.2501
  Impulse FP iterations last/mean/max 11/11.50/13
Step  1400/2000   70.0% | t 70.000 | ETA 1m 39s | step 0.15s | KE 695.8458 | drift -2.12% | fluid 313.1528 | solid 382.6930
  Impulse FP iterations last/mean/max 11/11.50/13
Step  1500/2000   75.0% | t 75.000 | ETA 1m 23s | step 0.16s | KE 695.4579 | drift -2.17% | fluid 312.0359 | solid 383.4220
  Impulse FP iterations last/mean/max 11/11.50/13
Step  1600/2000   80.0% | t 80.000 | ETA 1m 6s | step 0.15s | KE 695.1715 | drift -2.21% | fluid 309.0100 | solid 386.1615
  Impulse FP iterations last/mean/max 11/11.50/13
Step  1700/2000   85.0% | t 85.000 | ETA 49s | step 0.16s | KE 694.9844 | drift -2.24% | fluid 305.0842 | solid 389.9002
  Impulse FP iterations last/mean/max 11/11.50/13
Step  1800/2000   90.0% | t 90.000 | ETA 33s | step 0.17s | KE 694.8786 | drift -2.25% | fluid 301.6053 | solid 393.2732
  Impulse FP iterations last/mean/max 12/11.50/13
Step  1900/2000   95.0% | t 95.000 | ETA 16s | step 0.17s | KE 694.8353 | drift -2.26% | fluid 299.7106 | solid 395.1247
  Impulse FP iterations last/mean/max 12/11.50/13
Solver finished successfully - good job!
Results saved successfully.

================== Run summary ==================
  Bodies:            2
  Triangles / nodes: 256 / 516
  Timesteps:         2000  (dt = 0.05)
  Simulated time:    0 -> 100
  First-step setup:  0.266 s
  Mean time/step:    0.1654 s  (excl. first step)
  Total wall time:   5m 30s
  Impulse FP iters last/mean/max: 11 / 11.501 / 13
  Approx impulse solves/step:     11.502
  Impulse start cache hits/direct: 1999 / 1
  Impulse global drift P/H:       4.464532e-9 / 1.697985e-2
  Impulse per-body max drift P/H: 5.092177e-9 / 1.584236e-2
  CPU cores:         256 available, 8 Rayon worker thread(s)
  Started:           2026-06-24 02:57:03
  Finished:          2026-06-24 03:02:35
  Output file:       /work/e643/e643/shared/multi_ellip/studies/departing_sphericity_sweep/runs/spheroid_prolate/heterogeneous_aspherical/spheroid_prolate_heterogeneous_aspherical_eps0p001_rho1_E0p5_sep8_run01_impulse_noproj/multiple_body_complete.dat
================================================
