
================ Simulation setup ================
  Run label:         /work/e643/e643/shared/multi_ellip/studies/departing_sphericity_sweep/runs/spheroid_prolate/heterogeneous_aspherical/spheroid_prolate_heterogeneous_aspherical_eps0p1_rho1_E0p5_sep8_run06_impulse_noproj/
  Started:           2026-06-24 03:03:05
  Input file:        /work/e643/e643/shared/multi_ellip/studies/departing_sphericity_sweep/runs/spheroid_prolate/heterogeneous_aspherical/spheroid_prolate_heterogeneous_aspherical_eps0p1_rho1_E0p5_sep8_run06_impulse_noproj/input.txt
  Output file:       /work/e643/e643/shared/multi_ellip/studies/departing_sphericity_sweep/runs/spheroid_prolate/heterogeneous_aspherical/spheroid_prolate_heterogeneous_aspherical_eps0p1_rho1_E0p5_sep8_run06_impulse_noproj/multiple_body_complete.dat
  Bodies:            2
  Fluid density:     1
  Mesh:              ndiv 2 -> 256 triangles / 516 nodes
  Simulated time:    0 -> 100  (dt = 0.05, ~2000 steps)
  Output cadence:    every 1 step(s)
  Output rows:       ~2001
  Progress cadence:  every 100 step(s)
  CPU cores:         256 available, 8 Rayon worker thread(s)
  Strong coupling:   disabled
  Impulse scheme:    enabled
  Hamiltonian step:  disabled
  Hamiltonian midpt: disabled
  Variational step:  disabled
  Energy projection: disabled
  Projection particular metric: Euclidean
  Fluid KE gradient: disabled  (eps = 0.001, scale = 1, linear = 1, angular = 1)
  Fluid KE discrete gradient: disabled
  Impulse pair metric correction: disabled  (mode = pair discrete-gradient, cutoff = all pairs, inner/outer = 0/0, eps = 0.001, linear scale = 1, angular scale = 0)
  Impulse metric correction: disabled  (internal load constraint = disabled)
  Impulse variational defect probe: disabled
  Impulse quadratic pressure: disabled  (scale = 1)
  Added-mass stab:   disabled
  Exact BEM geometry: disabled
  Exact singular BEM: disabled
  Legacy singular SLP diagnostic: disabled
  Phi-dot blend:     0 (off)

  Solver guidance:
    - Strong coupling: use for stiff close-coupled runs; slower but more implicit.
    - Impulse scheme: use when impulse/momentum conservation or KE drift is the focus. Recommended.
    - Added-mass stab: use for higher mesh counts (ndiv > 3) to preserve stability - deprecated.
================================================
Solver starting - good luck!

Initial state:
  Body  1
    density:          1.000000
    shape axes ratio: (1.000000, 0.751315, 0.751315)
    initial KE ratio: 0.500000
    position:         (-4.000000, 0.000000, 0.000000)
    velocity:         (-0.801533, -4.800632, 3.313132)
    angular velocity: (2.429499, 4.309857, -3.873123)
    orientation:      (w=0.714575, i=-0.369038, j=-0.579503, k=0.131794)
  Body  2
    density:          1.000000
    shape axes ratio: (1.000000, 0.125000, 0.125000)
    initial KE ratio: 0.500000
    position:         (4.000000, 0.000000, 0.000000)
    velocity:         (-1.247324, -7.470613, 5.155807)
    angular velocity: (5.235130, -3.214789, 1.317938)
    orientation:      (w=0.794648, i=0.227219, j=-0.533460, k=0.179795)

Preparing first step: implicit scheme, no bootstrap passes required.
First step may take longer than later steps.

First step completed in 0.358 s.

Step   100/2000    5.0% | t 5.000 | ETA 5m 55s | step 0.18s | KE 883.4606 | drift -0.19% | fluid 400.5734 | solid 482.8872
  Impulse FP iterations last/mean/max 13/12.83/14
Step   200/2000   10.0% | t 10.000 | ETA 5m 37s | step 0.19s | KE 885.6466 | drift +0.06% | fluid 346.8343 | solid 538.8124
  Impulse FP iterations last/mean/max 13/12.82/14
Step   300/2000   15.0% | t 15.000 | ETA 5m 17s | step 0.20s | KE 888.1526 | drift +0.35% | fluid 266.9780 | solid 621.1746
  Impulse FP iterations last/mean/max 14/12.82/14
Step   400/2000   20.0% | t 20.000 | ETA 4m 58s | step 0.18s | KE 889.7772 | drift +0.53% | fluid 204.7901 | solid 684.9872
  Impulse FP iterations last/mean/max 13/12.81/14
Step   500/2000   25.0% | t 25.000 | ETA 4m 39s | step 0.16s | KE 890.4310 | drift +0.60% | fluid 177.5023 | solid 712.9287
  Impulse FP iterations last/mean/max 12/12.82/14
Step   600/2000   30.0% | t 30.000 | ETA 4m 21s | step 0.20s | KE 890.2015 | drift +0.58% | fluid 188.0326 | solid 702.1690
  Impulse FP iterations last/mean/max 13/12.82/14
Step   700/2000   35.0% | t 35.000 | ETA 4m 2s | step 0.20s | KE 888.9733 | drift +0.44% | fluid 236.4516 | solid 652.5218
  Impulse FP iterations last/mean/max 13/12.82/14
Step   800/2000   40.0% | t 40.000 | ETA 3m 43s | step 0.20s | KE 886.7142 | drift +0.18% | fluid 313.3745 | solid 573.3398
  Impulse FP iterations last/mean/max 14/12.82/14
Step   900/2000   45.0% | t 45.000 | ETA 3m 24s | step 0.17s | KE 884.1909 | drift -0.10% | fluid 384.6408 | solid 499.5501
  Impulse FP iterations last/mean/max 12/12.81/14
Step  1000/2000   50.0% | t 50.000 | ETA 3m 6s | step 0.19s | KE 883.0942 | drift -0.23% | fluid 401.1844 | solid 481.9098
  Impulse FP iterations last/mean/max 13/12.82/14
Step  1100/2000   55.0% | t 55.000 | ETA 2m 47s | step 0.19s | KE 883.9249 | drift -0.13% | fluid 349.5488 | solid 534.3762
  Impulse FP iterations last/mean/max 13/12.82/14
Step  1200/2000   60.0% | t 60.000 | ETA 2m 29s | step 0.18s | KE 885.2405 | drift +0.02% | fluid 268.9714 | solid 616.2691
  Impulse FP iterations last/mean/max 13/12.81/14
Step  1300/2000   65.0% | t 65.000 | ETA 2m 10s | step 0.16s | KE 886.0618 | drift +0.11% | fluid 203.3658 | solid 682.6960
  Impulse FP iterations last/mean/max 12/12.81/14
Step  1400/2000   70.0% | t 70.000 | ETA 1m 51s | step 0.17s | KE 886.3992 | drift +0.15% | fluid 171.2760 | solid 715.1232
  Impulse FP iterations last/mean/max 12/12.81/14
Step  1500/2000   75.0% | t 75.000 | ETA 1m 33s | step 0.21s | KE 886.3649 | drift +0.14% | fluid 176.0609 | solid 710.3040
  Impulse FP iterations last/mean/max 14/12.81/14
Step  1600/2000   80.0% | t 80.000 | ETA 1m 14s | step 0.19s | KE 885.9078 | drift +0.09% | fluid 217.8331 | solid 668.0747
  Impulse FP iterations last/mean/max 13/12.81/14
Step  1700/2000   85.0% | t 85.000 | ETA 55s | step 0.18s | KE 884.8959 | drift -0.02% | fluid 290.7284 | solid 594.1675
  Impulse FP iterations last/mean/max 13/12.81/14
Step  1800/2000   90.0% | t 90.000 | ETA 37s | step 0.18s | KE 883.5638 | drift -0.17% | fluid 368.6457 | solid 514.9182
  Impulse FP iterations last/mean/max 12/12.81/14
Step  1900/2000   95.0% | t 95.000 | ETA 18s | step 0.15s | KE 883.1936 | drift -0.22% | fluid 403.8489 | solid 479.3447
  Impulse FP iterations last/mean/max 12/12.81/14
Solver finished successfully - good job!
Results saved successfully.

================== Run summary ==================
  Bodies:            2
  Triangles / nodes: 256 / 516
  Timesteps:         2000  (dt = 0.05)
  Simulated time:    0 -> 100
  First-step setup:  0.358 s
  Mean time/step:    0.1852 s  (excl. first step)
  Total wall time:   6m 10s
  Impulse FP iters last/mean/max: 14 / 12.811 / 14
  Approx impulse solves/step:     12.812
  Impulse start cache hits/direct: 1999 / 1
  Impulse global drift P/H:       2.004160e-9 / 3.851744e-3
  Impulse per-body max drift P/H: 1.053032e-8 / 2.273394e-3
  CPU cores:         256 available, 8 Rayon worker thread(s)
  Started:           2026-06-24 03:03:05
  Finished:          2026-06-24 03:09:15
  Output file:       /work/e643/e643/shared/multi_ellip/studies/departing_sphericity_sweep/runs/spheroid_prolate/heterogeneous_aspherical/spheroid_prolate_heterogeneous_aspherical_eps0p1_rho1_E0p5_sep8_run06_impulse_noproj/multiple_body_complete.dat
================================================
