
================ Simulation setup ================
  Run label:         /work/e643/e643/shared/multi_ellip/studies/departing_sphericity_sweep/runs/spheroid_oblate/heterogeneous_sphere/spheroid_oblate_heterogeneous_sphere_eps1_rho1_E0p5_sep8_run09_impulse_noproj/
  Started:           2026-06-24 02:55:32
  Input file:        /work/e643/e643/shared/multi_ellip/studies/departing_sphericity_sweep/runs/spheroid_oblate/heterogeneous_sphere/spheroid_oblate_heterogeneous_sphere_eps1_rho1_E0p5_sep8_run09_impulse_noproj/input.txt
  Output file:       /work/e643/e643/shared/multi_ellip/studies/departing_sphericity_sweep/runs/spheroid_oblate/heterogeneous_sphere/spheroid_oblate_heterogeneous_sphere_eps1_rho1_E0p5_sep8_run09_impulse_noproj/multiple_body_complete.dat
  Bodies:            2
  Fluid density:     1
  Mesh:              ndiv 2 -> 256 triangles / 516 nodes
  Simulated time:    0 -> 100  (dt = 0.05, ~2000 steps)
  Output cadence:    every 1 step(s)
  Output rows:       ~2001
  Progress cadence:  every 100 step(s)
  CPU cores:         256 available, 8 Rayon worker thread(s)
  Strong coupling:   disabled
  Impulse scheme:    enabled
  Hamiltonian step:  disabled
  Hamiltonian midpt: disabled
  Variational step:  disabled
  Energy projection: disabled
  Projection particular metric: Euclidean
  Fluid KE gradient: disabled  (eps = 0.001, scale = 1, linear = 1, angular = 1)
  Fluid KE discrete gradient: disabled
  Impulse pair metric correction: disabled  (mode = pair discrete-gradient, cutoff = all pairs, inner/outer = 0/0, eps = 0.001, linear scale = 1, angular scale = 0)
  Impulse metric correction: disabled  (internal load constraint = disabled)
  Impulse variational defect probe: disabled
  Impulse quadratic pressure: disabled  (scale = 1)
  Added-mass stab:   disabled
  Exact BEM geometry: disabled
  Exact singular BEM: disabled
  Legacy singular SLP diagnostic: disabled
  Phi-dot blend:     0 (off)

  Solver guidance:
    - Strong coupling: use for stiff close-coupled runs; slower but more implicit.
    - Impulse scheme: use when impulse/momentum conservation or KE drift is the focus. Recommended.
    - Added-mass stab: use for higher mesh counts (ndiv > 3) to preserve stability - deprecated.
================================================
Solver starting - good luck!

Initial state:
  Body  1
    density:          1.000000
    shape axes ratio: (1.000000, 1.000000, 0.125000)
    initial KE ratio: 0.500000
    position:         (-4.000000, 0.000000, 0.000000)
    velocity:         (7.755488, -7.008632, -0.434820)
    angular velocity: (-2.457440, -2.161995, 5.363318)
    orientation:      (w=-0.555817, i=0.036026, j=0.824741, k=-0.097834)
  Body  2
    density:          1.000000
    shape axes ratio: (1.000000, 1.000000, 1.000000)
    initial KE ratio: 0.500000
    position:         (4.000000, 0.000000, 0.000000)
    velocity:         (4.165921, -3.764742, -0.233567)
    angular velocity: (-3.999242, 2.598742, 4.090357)
    orientation:      (w=0.355167, i=-0.927477, j=0.013972, k=-0.115963)

Preparing first step: implicit scheme, no bootstrap passes required.
First step may take longer than later steps.

First step completed in 0.351 s.

Step   100/2000    5.0% | t 5.000 | ETA 7m 5s | step 0.21s | KE 1094.3875 | drift +0.11% | fluid 555.7145 | solid 538.6730
  Impulse FP iterations last/mean/max 16/17.32/30
Step   200/2000   10.0% | t 10.000 | ETA 6m 50s | step 0.21s | KE 1091.9127 | drift -0.12% | fluid 704.3607 | solid 387.5520
  Impulse FP iterations last/mean/max 15/16.93/30
Step   300/2000   15.0% | t 15.000 | ETA 6m 35s | step 0.23s | KE 1094.6945 | drift +0.13% | fluid 548.5718 | solid 546.1227
  Impulse FP iterations last/mean/max 15/16.93/30
Step   400/2000   20.0% | t 20.000 | ETA 6m 15s | step 0.20s | KE 1091.7090 | drift -0.14% | fluid 711.6829 | solid 380.0261
  Impulse FP iterations last/mean/max 15/16.89/30
Step   500/2000   25.0% | t 25.000 | ETA 5m 54s | step 0.26s | KE 1094.7207 | drift +0.14% | fluid 541.5959 | solid 553.1248
  Impulse FP iterations last/mean/max 17/16.93/30
Step   600/2000   30.0% | t 30.000 | ETA 5m 33s | step 0.27s | KE 1091.4557 | drift -0.16% | fluid 718.8367 | solid 372.6190
  Impulse FP iterations last/mean/max 20/17.01/30
Step   700/2000   35.0% | t 35.000 | ETA 5m 10s | step 0.22s | KE 1094.7238 | drift +0.14% | fluid 534.8119 | solid 559.9119
  Impulse FP iterations last/mean/max 15/17.05/30
Step   800/2000   40.0% | t 40.000 | ETA 4m 47s | step 0.23s | KE 1091.1921 | drift -0.19% | fluid 725.8052 | solid 365.3869
  Impulse FP iterations last/mean/max 16/17.07/30
Step   900/2000   45.0% | t 45.000 | ETA 4m 24s | step 0.22s | KE 1094.7158 | drift +0.14% | fluid 528.2337 | solid 566.4821
  Impulse FP iterations last/mean/max 15/17.08/30
Step  1000/2000   50.0% | t 50.000 | ETA 4m 0s | step 0.22s | KE 1090.9241 | drift -0.21% | fluid 732.5725 | solid 358.3516
  Impulse FP iterations last/mean/max 16/17.08/30
Step  1100/2000   55.0% | t 55.000 | ETA 3m 37s | step 0.24s | KE 1094.6993 | drift +0.14% | fluid 521.8744 | solid 572.8250
  Impulse FP iterations last/mean/max 18/17.13/30
Step  1200/2000   60.0% | t 60.000 | ETA 3m 13s | step 0.22s | KE 1090.6542 | drift -0.23% | fluid 739.1234 | solid 351.5308
  Impulse FP iterations last/mean/max 16/17.17/30
Step  1300/2000   65.0% | t 65.000 | ETA 2m 49s | step 0.21s | KE 1094.6760 | drift +0.13% | fluid 515.7464 | solid 578.9296
  Impulse FP iterations last/mean/max 15/17.14/30
Step  1400/2000   70.0% | t 70.000 | ETA 2m 25s | step 0.23s | KE 1090.3844 | drift -0.26% | fluid 745.4430 | solid 344.9414
  Impulse FP iterations last/mean/max 16/17.15/30
Step  1500/2000   75.0% | t 75.000 | ETA 2m 0s | step 0.21s | KE 1094.6470 | drift +0.13% | fluid 509.8619 | solid 584.7851
  Impulse FP iterations last/mean/max 16/17.14/30
Step  1600/2000   80.0% | t 80.000 | ETA 1m 36s | step 0.20s | KE 1090.1164 | drift -0.28% | fluid 751.5168 | solid 338.5995
  Impulse FP iterations last/mean/max 16/17.13/30
Step  1700/2000   85.0% | t 85.000 | ETA 1m 11s | step 0.20s | KE 1094.6132 | drift +0.13% | fluid 504.2323 | solid 590.3809
  Impulse FP iterations last/mean/max 18/17.15/30
Step  1800/2000   90.0% | t 90.000 | ETA 47s | step 0.17s | KE 1089.8519 | drift -0.31% | fluid 757.3311 | solid 332.5208
  Impulse FP iterations last/mean/max 16/17.15/30
Step  1900/2000   95.0% | t 95.000 | ETA 23s | step 0.21s | KE 1094.5757 | drift +0.12% | fluid 498.8686 | solid 595.7071
  Impulse FP iterations last/mean/max 21/17.14/30
Solver finished successfully - good job!
Results saved successfully.

================== Run summary ==================
  Bodies:            2
  Triangles / nodes: 256 / 516
  Timesteps:         2000  (dt = 0.05)
  Simulated time:    0 -> 100
  First-step setup:  0.351 s
  Mean time/step:    0.2298 s  (excl. first step)
  Total wall time:   7m 39s
  Impulse FP iters last/mean/max: 16 / 17.169 / 30
  Approx impulse solves/step:     17.169
  Impulse start cache hits/direct: 1999 / 1
  Impulse global drift P/H:       3.126753e-9 / 3.317181e-4
  Impulse per-body max drift P/H: 3.719587e-9 / 6.020860e-4
  CPU cores:         256 available, 8 Rayon worker thread(s)
  Started:           2026-06-24 02:55:32
  Finished:          2026-06-24 03:03:12
  Output file:       /work/e643/e643/shared/multi_ellip/studies/departing_sphericity_sweep/runs/spheroid_oblate/heterogeneous_sphere/spheroid_oblate_heterogeneous_sphere_eps1_rho1_E0p5_sep8_run09_impulse_noproj/multiple_body_complete.dat
================================================
