
================ Simulation setup ================
  Run label:         /work/e643/e643/shared/multi_ellip/studies/departing_sphericity_sweep/runs/spheroid_prolate/heterogeneous_aspherical/spheroid_prolate_heterogeneous_aspherical_eps0p1_rho1_E0p5_sep8_run04_impulse_noproj/
  Started:           2026-06-24 03:03:05
  Input file:        /work/e643/e643/shared/multi_ellip/studies/departing_sphericity_sweep/runs/spheroid_prolate/heterogeneous_aspherical/spheroid_prolate_heterogeneous_aspherical_eps0p1_rho1_E0p5_sep8_run04_impulse_noproj/input.txt
  Output file:       /work/e643/e643/shared/multi_ellip/studies/departing_sphericity_sweep/runs/spheroid_prolate/heterogeneous_aspherical/spheroid_prolate_heterogeneous_aspherical_eps0p1_rho1_E0p5_sep8_run04_impulse_noproj/multiple_body_complete.dat
  Bodies:            2
  Fluid density:     1
  Mesh:              ndiv 2 -> 256 triangles / 516 nodes
  Simulated time:    0 -> 100  (dt = 0.05, ~2000 steps)
  Output cadence:    every 1 step(s)
  Output rows:       ~2001
  Progress cadence:  every 100 step(s)
  CPU cores:         256 available, 8 Rayon worker thread(s)
  Strong coupling:   disabled
  Impulse scheme:    enabled
  Hamiltonian step:  disabled
  Hamiltonian midpt: disabled
  Variational step:  disabled
  Energy projection: disabled
  Projection particular metric: Euclidean
  Fluid KE gradient: disabled  (eps = 0.001, scale = 1, linear = 1, angular = 1)
  Fluid KE discrete gradient: disabled
  Impulse pair metric correction: disabled  (mode = pair discrete-gradient, cutoff = all pairs, inner/outer = 0/0, eps = 0.001, linear scale = 1, angular scale = 0)
  Impulse metric correction: disabled  (internal load constraint = disabled)
  Impulse variational defect probe: disabled
  Impulse quadratic pressure: disabled  (scale = 1)
  Added-mass stab:   disabled
  Exact BEM geometry: disabled
  Exact singular BEM: disabled
  Legacy singular SLP diagnostic: disabled
  Phi-dot blend:     0 (off)

  Solver guidance:
    - Strong coupling: use for stiff close-coupled runs; slower but more implicit.
    - Impulse scheme: use when impulse/momentum conservation or KE drift is the focus. Recommended.
    - Added-mass stab: use for higher mesh counts (ndiv > 3) to preserve stability - deprecated.
================================================
Solver starting - good luck!

Initial state:
  Body  1
    density:          1.000000
    shape axes ratio: (1.000000, 0.751315, 0.751315)
    initial KE ratio: 0.500000
    position:         (-4.000000, 0.000000, 0.000000)
    velocity:         (-3.401097, -4.701471, -1.567699)
    angular velocity: (-0.405250, -5.815171, 2.344777)
    orientation:      (w=-0.182837, i=-0.051037, j=0.095107, k=0.977200)
  Body  2
    density:          1.000000
    shape axes ratio: (1.000000, 0.125000, 0.125000)
    initial KE ratio: 0.500000
    position:         (4.000000, 0.000000, 0.000000)
    velocity:         (-8.799358, -12.163699, -4.055969)
    angular velocity: (1.531394, -6.063216, 0.608817)
    orientation:      (w=0.307171, i=0.574083, j=0.745731, k=0.141283)

Preparing first step: implicit scheme, no bootstrap passes required.
First step may take longer than later steps.

First step completed in 0.345 s.

Step   100/2000    5.0% | t 5.000 | ETA 5m 59s | step 0.18s | KE 1056.1634 | drift +1.24% | fluid 395.9273 | solid 660.2361
  Impulse FP iterations last/mean/max 13/12.90/14
Step   200/2000   10.0% | t 10.000 | ETA 5m 39s | step 0.20s | KE 1053.3976 | drift +0.97% | fluid 456.7038 | solid 596.6939
  Impulse FP iterations last/mean/max 14/12.91/14
Step   300/2000   15.0% | t 15.000 | ETA 5m 20s | step 0.17s | KE 1053.0060 | drift +0.94% | fluid 485.0421 | solid 567.9639
  Impulse FP iterations last/mean/max 12/12.93/14
Step   400/2000   20.0% | t 20.000 | ETA 5m 1s | step 0.18s | KE 1055.2813 | drift +1.16% | fluid 423.6819 | solid 631.5994
  Impulse FP iterations last/mean/max 13/12.96/14
Step   500/2000   25.0% | t 25.000 | ETA 4m 42s | step 0.18s | KE 1054.5156 | drift +1.08% | fluid 385.9286 | solid 668.5870
  Impulse FP iterations last/mean/max 13/12.95/14
Step   600/2000   30.0% | t 30.000 | ETA 4m 23s | step 0.18s | KE 1055.0658 | drift +1.13% | fluid 430.7707 | solid 624.2951
  Impulse FP iterations last/mean/max 12/12.93/14
Step   700/2000   35.0% | t 35.000 | ETA 4m 4s | step 0.18s | KE 1052.9912 | drift +0.94% | fluid 487.2444 | solid 565.7468
  Impulse FP iterations last/mean/max 13/12.95/14
Step   800/2000   40.0% | t 40.000 | ETA 3m 45s | step 0.19s | KE 1053.4744 | drift +0.98% | fluid 450.4532 | solid 603.0212
  Impulse FP iterations last/mean/max 13/12.97/14
Step   900/2000   45.0% | t 45.000 | ETA 3m 27s | step 0.20s | KE 1056.1306 | drift +1.24% | fluid 392.6314 | solid 663.4991
  Impulse FP iterations last/mean/max 13/12.97/14
Step  1000/2000   50.0% | t 50.000 | ETA 3m 7s | step 0.18s | KE 1054.2187 | drift +1.05% | fluid 404.5570 | solid 649.6617
  Impulse FP iterations last/mean/max 13/12.97/14
Step  1100/2000   55.0% | t 55.000 | ETA 2m 49s | step 0.18s | KE 1053.6771 | drift +1.00% | fluid 474.2563 | solid 579.4208
  Impulse FP iterations last/mean/max 13/12.97/14
Step  1200/2000   60.0% | t 60.000 | ETA 2m 30s | step 0.18s | KE 1053.6549 | drift +1.00% | fluid 474.9295 | solid 578.7254
  Impulse FP iterations last/mean/max 13/12.97/14
Step  1300/2000   65.0% | t 65.000 | ETA 2m 11s | step 0.20s | KE 1054.0967 | drift +1.04% | fluid 409.0209 | solid 645.0757
  Impulse FP iterations last/mean/max 13/12.98/14
Step  1400/2000   70.0% | t 70.000 | ETA 1m 52s | step 0.20s | KE 1056.2067 | drift +1.24% | fluid 389.8514 | solid 666.3553
  Impulse FP iterations last/mean/max 13/12.97/14
Step  1500/2000   75.0% | t 75.000 | ETA 1m 33s | step 0.19s | KE 1053.4305 | drift +0.98% | fluid 449.1302 | solid 604.3003
  Impulse FP iterations last/mean/max 14/12.96/14
Step  1600/2000   80.0% | t 80.000 | ETA 1m 14s | step 0.18s | KE 1053.0220 | drift +0.94% | fluid 486.6079 | solid 566.4141
  Impulse FP iterations last/mean/max 13/12.96/14
Step  1700/2000   85.0% | t 85.000 | ETA 56s | step 0.17s | KE 1054.8554 | drift +1.11% | fluid 436.1711 | solid 618.6843
  Impulse FP iterations last/mean/max 13/12.97/14
Step  1800/2000   90.0% | t 90.000 | ETA 37s | step 0.14s | KE 1054.5080 | drift +1.08% | fluid 385.1492 | solid 669.3588
  Impulse FP iterations last/mean/max 12/12.97/14
Step  1900/2000   95.0% | t 95.000 | ETA 18s | step 0.15s | KE 1055.2426 | drift +1.15% | fluid 422.7621 | solid 632.4805
  Impulse FP iterations last/mean/max 14/12.97/14
Solver finished successfully - good job!
Results saved successfully.

================== Run summary ==================
  Bodies:            2
  Triangles / nodes: 256 / 516
  Timesteps:         2000  (dt = 0.05)
  Simulated time:    0 -> 100
  First-step setup:  0.345 s
  Mean time/step:    0.1829 s  (excl. first step)
  Total wall time:   6m 5s
  Impulse FP iters last/mean/max: 13 / 12.968 / 15
  Approx impulse solves/step:     12.969
  Impulse start cache hits/direct: 1999 / 1
  Impulse global drift P/H:       8.108526e-9 / 1.756668e-2
  Impulse per-body max drift P/H: 1.005362e-8 / 1.013242e-2
  CPU cores:         256 available, 8 Rayon worker thread(s)
  Started:           2026-06-24 03:03:05
  Finished:          2026-06-24 03:09:11
  Output file:       /work/e643/e643/shared/multi_ellip/studies/departing_sphericity_sweep/runs/spheroid_prolate/heterogeneous_aspherical/spheroid_prolate_heterogeneous_aspherical_eps0p1_rho1_E0p5_sep8_run04_impulse_noproj/multiple_body_complete.dat
================================================
